Fri May  3 04:23:31 2024: Running xcd server. This server was built by gradle.
Fri May  3 04:23:31 2024: Server was asked to start on port: '36047'
Fri May  3 04:23:31 2024: Server is using token UUID: '2dd9b552-b7a0-4a5c-a3ac-c3f0aae13836'
Fri May  3 04:23:31 2024: SESSION_MGR: creating session with session uuid: '6d04a3e9-ade5-4ab9-8d63-1f78fcd2ec76' and name 'default'
Fri May  3 04:23:31 2024: Attempting to start server on port '36047'
Fri May  3 04:23:31 2024: XCD main fifo: created main fifo '/tmp/xcdmain2dd9b552-b7a0-4a5c-a3ac-c3f0aae13836', fd read = 13
Fri May  3 04:23:31 2024: Running Dispatch Server
Fri May  3 04:23:31 2024: Version 2.2.0
Fri May  3 04:23:33 2024: Dispatch Server: Accepted socket connection from client
Fri May  3 04:23:33 2024: Starting Socket connection
Fri May  3 04:23:33 2024: EXCHANGE_TOKEN received, server token: 2dd9b552-b7a0-4a5c-a3ac-c3f0aae13836, passed token: 2dd9b552-b7a0-4a5c-a3ac-c3f0aae13836
Fri May  3 04:23:33 2024: DISPATCH_HANDLER: Adding handler from function makeHandler in library libxv_system_diagram
Fri May  3 04:23:33 2024: SESSION_MGR: creating session with session uuid: 'ad0bdf97-e1d2-4883-8102-01cc0f0d299a' and name 'v++_compile_vadd'
Fri May  3 04:23:33 2024: KERNEL_SVC: creating session with uuid: 'ad0bdf97-e1d2-4883-8102-01cc0f0d299a' and name 'v++_compile_vadd'
Fri May  3 04:23:33 2024: GUIDANCE_SMGR: creating guidance session with uuid: 'ad0bdf97-e1d2-4883-8102-01cc0f0d299a' and name 'v++_compile_vadd'
Fri May  3 04:23:33 2024: SYSTEM_DIAGRAM: creating session with uuid: 'ad0bdf97-e1d2-4883-8102-01cc0f0d299a' and name 'v++_compile_vadd'
Fri May  3 04:23:46 2024: SESSION_MGR: closing session for UUID 'ad0bdf97-e1d2-4883-8102-01cc0f0d299a' with name 'v++_compile_vadd'
Fri May  3 04:23:46 2024: KERNEL_SVC: closing session for UUID 'ad0bdf97-e1d2-4883-8102-01cc0f0d299a' with name 'v++_compile_vadd'
Fri May  3 04:23:46 2024: GUIDANCE_SMGR: closing session for UUID 'ad0bdf97-e1d2-4883-8102-01cc0f0d299a' with name 'v++_compile_vadd'
Fri May  3 04:23:46 2024: SYSTEM_DIAGRAM: closing session for UUID 'ad0bdf97-e1d2-4883-8102-01cc0f0d299a' with name 'v++_compile_vadd'
Fri May  3 04:23:46 2024: STOP_SERVER received, server token: 2dd9b552-b7a0-4a5c-a3ac-c3f0aae13836, passed token: 2dd9b552-b7a0-4a5c-a3ac-c3f0aae13836
Fri May  3 04:23:46 2024: Socket received request to stop server.
Fri May  3 04:23:46 2024: Dispatch Server: do_await_stop
Fri May  3 04:23:46 2024: Dispatch Server: stopping mainFifo_
Fri May  3 04:23:46 2024: XCD main fifo: Stopping
Fri May  3 04:23:46 2024: XCD main fifo: do_read error code: Operation canceled
Fri May  3 04:23:46 2024: XCD main fifo: bytes_transferred: 0
Fri May  3 04:23:46 2024: SERVER: destructor for server bound to port 36047
Fri May  3 04:23:46 2024: XCD main fifo: Good unlink of /tmp/xcdmain2dd9b552-b7a0-4a5c-a3ac-c3f0aae13836
Fri May  3 04:23:46 2024: Server exiting with status 0.
Fri May  3 04:23:46 2024: Closing log file.
Fri May  3 04:25:46 2024: Running xcd server. This server was built by gradle.
Fri May  3 04:25:46 2024: Server was asked to start on port: '33959'
Fri May  3 04:25:46 2024: Server is using token UUID: '03e18a87-a1f2-4d0e-bcd3-776666e70b4a'
Fri May  3 04:25:46 2024: SESSION_MGR: creating session with session uuid: '6d04a3e9-ade5-4ab9-8d63-1f78fcd2ec76' and name 'default'
Fri May  3 04:25:46 2024: Attempting to start server on port '33959'
Fri May  3 04:25:46 2024: XCD main fifo: created main fifo '/tmp/xcdmain03e18a87-a1f2-4d0e-bcd3-776666e70b4a', fd read = 13
Fri May  3 04:25:46 2024: Running Dispatch Server
Fri May  3 04:25:46 2024: Version 2.2.0
Fri May  3 04:25:48 2024: Dispatch Server: Accepted socket connection from client
Fri May  3 04:25:48 2024: Starting Socket connection
Fri May  3 04:25:48 2024: EXCHANGE_TOKEN received, server token: 03e18a87-a1f2-4d0e-bcd3-776666e70b4a, passed token: 03e18a87-a1f2-4d0e-bcd3-776666e70b4a
Fri May  3 04:25:48 2024: DISPATCH_HANDLER: Adding handler from function makeHandler in library libxv_system_diagram
Fri May  3 04:25:48 2024: SESSION_MGR: creating session with session uuid: '593df2b3-8f67-473b-9f65-61c91796fd16' and name 'v++_compile_vadd'
Fri May  3 04:25:48 2024: KERNEL_SVC: creating session with uuid: '593df2b3-8f67-473b-9f65-61c91796fd16' and name 'v++_compile_vadd'
Fri May  3 04:25:48 2024: GUIDANCE_SMGR: creating guidance session with uuid: '593df2b3-8f67-473b-9f65-61c91796fd16' and name 'v++_compile_vadd'
Fri May  3 04:25:48 2024: SYSTEM_DIAGRAM: creating session with uuid: '593df2b3-8f67-473b-9f65-61c91796fd16' and name 'v++_compile_vadd'
Fri May  3 04:26:01 2024: SESSION_MGR: closing session for UUID '593df2b3-8f67-473b-9f65-61c91796fd16' with name 'v++_compile_vadd'
Fri May  3 04:26:01 2024: KERNEL_SVC: closing session for UUID '593df2b3-8f67-473b-9f65-61c91796fd16' with name 'v++_compile_vadd'
Fri May  3 04:26:01 2024: GUIDANCE_SMGR: closing session for UUID '593df2b3-8f67-473b-9f65-61c91796fd16' with name 'v++_compile_vadd'
Fri May  3 04:26:01 2024: SYSTEM_DIAGRAM: closing session for UUID '593df2b3-8f67-473b-9f65-61c91796fd16' with name 'v++_compile_vadd'
Fri May  3 04:26:01 2024: STOP_SERVER received, server token: 03e18a87-a1f2-4d0e-bcd3-776666e70b4a, passed token: 03e18a87-a1f2-4d0e-bcd3-776666e70b4a
Fri May  3 04:26:01 2024: Socket received request to stop server.
Fri May  3 04:26:01 2024: Dispatch Server: do_await_stop
Fri May  3 04:26:01 2024: Dispatch Server: stopping mainFifo_
Fri May  3 04:26:01 2024: XCD main fifo: Stopping
Fri May  3 04:26:01 2024: XCD main fifo: do_read error code: Operation canceled
Fri May  3 04:26:01 2024: XCD main fifo: bytes_transferred: 0
Fri May  3 04:26:01 2024: SERVER: destructor for server bound to port 33959
Fri May  3 04:26:01 2024: XCD main fifo: Good unlink of /tmp/xcdmain03e18a87-a1f2-4d0e-bcd3-776666e70b4a
Fri May  3 04:26:01 2024: Server exiting with status 0.
Fri May  3 04:26:01 2024: Closing log file.
