21:45:34 **** Build of configuration Emulation-SW for project communication_latency_model_kernels ****
make -j12 all 
/tools/Xilinx/Vitis/2022.2/bin/v++ --target sw_emu --compile -I"../src" --config bar_Kernel-compile.cfg -o"build/bar_Kernel.xo" "../src/krnl.cpp"
/tools/Xilinx/Vitis/2022.2/bin/v++ --target sw_emu --compile -I"../src" --config foo_Kernel-compile.cfg -o"build/foo_Kernel.xo" "../src/krnl.cpp"
Option Map File Used: '/tools/Xilinx/Vitis/2022.2/data/vitis/vpp/optMap.xml'

****** v++ v2022.2 (64-bit)
  **** SW Build 3671529 on 2022-10-13-17:52:11
    ** Copyright 1986-2022 Xilinx, Inc. All Rights Reserved.

INFO: [v++ 60-1306] Additional information associated with this v++ compile can be found at:
	Reports: /home/tls/Desktop/Experiments/AlveoSystems/communication_latency_model_kernels/Emulation-SW/build/reports/bar_Kernel
	Log files: /home/tls/Desktop/Experiments/AlveoSystems/communication_latency_model_kernels/Emulation-SW/build/logs/bar_Kernel
WARNING: [v++ 60-1603] The supplied option 'hls.max_memory_ports' is deprecated. The supplied option is replaced by an alternative feature controlled by option ''hls.pre_tcl''. Create a TCL file with a vitis_hls TCL command 'config_interface -m_axi_auto_max_ports=1'. Specify the TCL file using '--hls.pre_tcl'.
Option Map File Used: '/tools/Xilinx/Vitis/2022.2/data/vitis/vpp/optMap.xml'

****** v++ v2022.2 (64-bit)
  **** SW Build 3671529 on 2022-10-13-17:52:11
    ** Copyright 1986-2022 Xilinx, Inc. All Rights Reserved.

INFO: [v++ 60-1306] Additional information associated with this v++ compile can be found at:
	Reports: /home/tls/Desktop/Experiments/AlveoSystems/communication_latency_model_kernels/Emulation-SW/build/reports/foo_Kernel
	Log files: /home/tls/Desktop/Experiments/AlveoSystems/communication_latency_model_kernels/Emulation-SW/build/logs/foo_Kernel
Running Dispatch Server on port: 33549
Running Dispatch Server on port: 35743
INFO: [v++ 60-1548] Creating build summary session with primary output /home/tls/Desktop/Experiments/AlveoSystems/communication_latency_model_kernels/Emulation-SW/build/bar_Kernel.xo.compile_summary, at Wed Dec  7 21:45:46 2022
INFO: [v++ 60-1315] Creating rulecheck session with output '/home/tls/Desktop/Experiments/AlveoSystems/communication_latency_model_kernels/Emulation-SW/build/reports/bar_Kernel/bar_Kernel_guidance.html', at Wed Dec  7 21:45:46 2022
INFO: [v++ 60-895]   Target platform: /opt/xilinx/platforms/xilinx_u250_gen3x16_xdma_4_1_202210_1/xilinx_u250_gen3x16_xdma_4_1_202210_1.xpfm
INFO: [v++ 60-1578]   This platform contains Xilinx Shell Archive '/opt/xilinx/platforms/xilinx_u250_gen3x16_xdma_4_1_202210_1/hw/hw.xsa'
INFO: [v++ 60-1548] Creating build summary session with primary output /home/tls/Desktop/Experiments/AlveoSystems/communication_latency_model_kernels/Emulation-SW/build/foo_Kernel.xo.compile_summary, at Wed Dec  7 21:45:46 2022
INFO: [v++ 60-1315] Creating rulecheck session with output '/home/tls/Desktop/Experiments/AlveoSystems/communication_latency_model_kernels/Emulation-SW/build/reports/foo_Kernel/foo_Kernel_guidance.html', at Wed Dec  7 21:45:46 2022
INFO: [v++ 74-78] Compiler Version string: 2022.2
INFO: [v++ 60-895]   Target platform: /opt/xilinx/platforms/xilinx_u250_gen3x16_xdma_4_1_202210_1/xilinx_u250_gen3x16_xdma_4_1_202210_1.xpfm
INFO: [v++ 60-1578]   This platform contains Xilinx Shell Archive '/opt/xilinx/platforms/xilinx_u250_gen3x16_xdma_4_1_202210_1/hw/hw.xsa'
INFO: [v++ 74-78] Compiler Version string: 2022.2
INFO: [v++ 60-585] Compiling for software emulation target
INFO: [v++ 60-423]   Target device: xilinx_u250_gen3x16_xdma_4_1_202210_1
INFO: [v++ 60-242] Creating kernel: 'bar_Kernel'
INFO: [v++ 60-585] Compiling for software emulation target
INFO: [v++ 60-423]   Target device: xilinx_u250_gen3x16_xdma_4_1_202210_1
INFO: [v++ 60-242] Creating kernel: 'foo_Kernel'
WARNING: [v++ 60-2440] The option 'hls.max_memory_ports' is being deprecated. Please Create a TCL file with vitis_hls TCL command 'config_interface -m_axi_auto_max_ports=1'. Specify the TCL file using '--hls.pre_tcl' option
INFO: [v++ 60-594] Finished kernel compilation
INFO: [v++ 60-586] Created build/bar_Kernel.xo
INFO: [v++ 60-2343] Use the vitis_analyzer tool to visualize and navigate the relevant reports. Run the following command. 
    vitis_analyzer /home/tls/Desktop/Experiments/AlveoSystems/communication_latency_model_kernels/Emulation-SW/build/bar_Kernel.xo.compile_summary 
INFO: [v++ 60-791] Total elapsed time: 0h 0m 23s
INFO: [v++ 60-1653] Closing dispatch client.
INFO: [v++ 60-594] Finished kernel compilation
INFO: [v++ 60-586] Created build/foo_Kernel.xo
INFO: [v++ 60-2343] Use the vitis_analyzer tool to visualize and navigate the relevant reports. Run the following command. 
    vitis_analyzer /home/tls/Desktop/Experiments/AlveoSystems/communication_latency_model_kernels/Emulation-SW/build/foo_Kernel.xo.compile_summary 
INFO: [v++ 60-791] Total elapsed time: 0h 0m 23s
INFO: [v++ 60-1653] Closing dispatch client.

21:46:00 Build Finished (took 25s.670ms)

