00:24:59 **** Incremental Build of configuration Emulation-HW for project comm_latency_model_system ****
make all 
/tools/Xilinx/Vitis/2022.2/bin/v++ --package --config package.cfg ../../comm_latency_model_system_hw_link/Emulation-HW/binary_container_1.xclbin -o binary_container_1.xclbin
Option Map File Used: '/tools/Xilinx/Vitis/2022.2/data/vitis/vpp/optMap.xml'

****** v++ v2022.2 (64-bit)
  **** SW Build 3671529 on 2022-10-13-17:52:11
    ** Copyright 1986-2022 Xilinx, Inc. All Rights Reserved.

INFO: [v++ 60-1306] Additional information associated with this v++ package can be found at:
	Reports: /home/tls/Desktop/Experiments/AlveoSystems/comm_latency_model_system/Emulation-HW/package.build/reports/package
	Log files: /home/tls/Desktop/Experiments/AlveoSystems/comm_latency_model_system/Emulation-HW/package.build/logs/package
Running Dispatch Server on port: 40873
INFO: [v++ 60-1548] Creating build summary session with primary output /home/tls/Desktop/Experiments/AlveoSystems/comm_latency_model_system/Emulation-HW/binary_container_1.xclbin.package_summary, at Thu Dec  8 00:25:11 2022
INFO: [v++ 60-1315] Creating rulecheck session with output '/home/tls/Desktop/Experiments/AlveoSystems/comm_latency_model_system/Emulation-HW/package.build/reports/package/v++_package_binary_container_1_guidance.html', at Thu Dec  8 00:25:11 2022
INFO: [v++ 60-895]   Target platform: /opt/xilinx/platforms/xilinx_u250_gen3x16_xdma_4_1_202210_1/xilinx_u250_gen3x16_xdma_4_1_202210_1.xpfm
INFO: [v++ 60-1578]   This platform contains Xilinx Shell Archive '/opt/xilinx/platforms/xilinx_u250_gen3x16_xdma_4_1_202210_1/hw/hw.xsa'
INFO: [v++ 74-78] Compiler Version string: 2022.2
INFO: [v++ 60-2256] Packaging for hardware emulation
INFO: [v++ 60-2460] Successfully copied a temporary xclbin to the output xclbin: /home/tls/Desktop/Experiments/AlveoSystems/comm_latency_model_system/Emulation-HW/binary_container_1.xclbin
INFO: [v++ 60-2343] Use the vitis_analyzer tool to visualize and navigate the relevant reports. Run the following command. 
    vitis_analyzer /home/tls/Desktop/Experiments/AlveoSystems/comm_latency_model_system/Emulation-HW/binary_container_1.xclbin.package_summary 
INFO: [v++ 60-791] Total elapsed time: 0h 0m 13s
INFO: [v++ 60-1653] Closing dispatch client.
cp -f binary_container_1.xclbin ../../comm_latency_model/Emulation-HW

00:25:14 Build Finished (took 14s.730ms)

