15:25:42 **** Incremental Build of configuration Emulation-SW for project alveo_edge_detect_v0ce_partitioned ****
make -j12 all 
g++ -std=c++1y -DVITIS_PLATFORM=xilinx_u250_gen3x16_xdma_4_1_202210_1 -D__USE_XOPEN2K8 -I/opt/xilinx/xrt/include/ -I/tools/Xilinx/Vitis_HLS/2022.2/include/ -O0 -g -Wall -c -fmessage-length=0 -o "src/edge_detect.o" "../src/edge_detect.cpp"
../src/edge_detect.cpp:64: warning: ignoring #pragma HLS unroll [-Wunknown-pragmas]
   64 |       #pragma HLS unroll
      | 
../src/edge_detect.cpp:72: warning: ignoring #pragma HLS pipeline [-Wunknown-pragmas]
   72 |          #pragma HLS pipeline
      | 
../src/edge_detect.cpp:75: warning: ignoring #pragma HLS unroll [-Wunknown-pragmas]
   75 |             #pragma HLS unroll
      | 
g++ -o "alveo_edge_detect_v0ce_partitioned" src/OCLH_main.o src/OCL_Helpers.o src/edge_detect.o src/util.o -lxilinxopencl -lpthread -lrt -lstdc++ -L/opt/xilinx/xrt/lib/ -Wl,-rpath-link,/opt/xilinx/xrt/lib
15:25:45 **** Incremental Build of configuration Emulation-SW for project alveo_edge_detect_v0ce_partitioned_kernels ****
make -j12 all 
make: Nothing to be done for 'all'.
15:25:46 **** Incremental Build of configuration Emulation-SW for project alveo_edge_detect_v0ce_partitioned_system_hw_link ****
make all 
make: Nothing to be done for 'all'.
15:25:46 **** Incremental Build of configuration Emulation-SW for project alveo_edge_detect_v0ce_partitioned_system ****
make all 
/tools/Xilinx/Vitis/2022.2/bin/v++ --package --config package.cfg ../../alveo_edge_detect_v0ce_partitioned_system_hw_link/Emulation-SW/binary_container_1.xclbin -o binary_container_1.xclbin
Option Map File Used: '/tools/Xilinx/Vitis/2022.2/data/vitis/vpp/optMap.xml'

****** v++ v2022.2 (64-bit)
  **** SW Build 3671529 on 2022-10-13-17:52:11
    ** Copyright 1986-2022 Xilinx, Inc. All Rights Reserved.

INFO: [v++ 60-1306] Additional information associated with this v++ package can be found at:
	Reports: /home/tls/Desktop/Experiments/AlveoSystems/alveo_edge_detect_v0ce_partitioned_system/Emulation-SW/package.build/reports/package
	Log files: /home/tls/Desktop/Experiments/AlveoSystems/alveo_edge_detect_v0ce_partitioned_system/Emulation-SW/package.build/logs/package
Running Dispatch Server on port: 40623
INFO: [v++ 60-1548] Creating build summary session with primary output /home/tls/Desktop/Experiments/AlveoSystems/alveo_edge_detect_v0ce_partitioned_system/Emulation-SW/binary_container_1.xclbin.package_summary, at Mon Dec 12 15:25:57 2022
INFO: [v++ 60-1315] Creating rulecheck session with output '/home/tls/Desktop/Experiments/AlveoSystems/alveo_edge_detect_v0ce_partitioned_system/Emulation-SW/package.build/reports/package/v++_package_binary_container_1_guidance.html', at Mon Dec 12 15:25:57 2022
INFO: [v++ 60-895]   Target platform: /opt/xilinx/platforms/xilinx_u250_gen3x16_xdma_4_1_202210_1/xilinx_u250_gen3x16_xdma_4_1_202210_1.xpfm
INFO: [v++ 60-1578]   This platform contains Xilinx Shell Archive '/opt/xilinx/platforms/xilinx_u250_gen3x16_xdma_4_1_202210_1/hw/hw.xsa'
INFO: [v++ 74-78] Compiler Version string: 2022.2
INFO: [v++ 60-2256] Packaging for software emulation
INFO: [v++ 60-2460] Successfully copied a temporary xclbin to the output xclbin: /home/tls/Desktop/Experiments/AlveoSystems/alveo_edge_detect_v0ce_partitioned_system/Emulation-SW/binary_container_1.xclbin
INFO: [v++ 60-2343] Use the vitis_analyzer tool to visualize and navigate the relevant reports. Run the following command. 
    vitis_analyzer /home/tls/Desktop/Experiments/AlveoSystems/alveo_edge_detect_v0ce_partitioned_system/Emulation-SW/binary_container_1.xclbin.package_summary 
INFO: [v++ 60-791] Total elapsed time: 0h 0m 12s
INFO: [v++ 60-1653] Closing dispatch client.
cp -f binary_container_1.xclbin ../../alveo_edge_detect_v0ce_partitioned/Emulation-SW
