21:54:09 **** Build of configuration Emulation-SW for project vadd_system_hw_link ****
make all 
/tools/Xilinx/Vitis/2022.2/bin/v++ --target sw_emu --link --config binary_container_1-link.cfg -o"binary_container_1.xclbin" ../../vadd_kernels/Emulation-SW/build/krnl_vadd.xo
Option Map File Used: '/tools/Xilinx/Vitis/2022.2/data/vitis/vpp/optMap.xml'

****** v++ v2022.2 (64-bit)
  **** SW Build 3671529 on 2022-10-13-17:52:11
    ** Copyright 1986-2022 Xilinx, Inc. All Rights Reserved.

INFO: [v++ 60-1306] Additional information associated with this v++ link can be found at:
	Reports: /home/tls/Desktop/Experiments/AlveoSystems/vadd_system_hw_link/Emulation-SW/binary_container_1.build/reports/link
	Log files: /home/tls/Desktop/Experiments/AlveoSystems/vadd_system_hw_link/Emulation-SW/binary_container_1.build/logs/link
Running Dispatch Server on port: 38085
INFO: [v++ 60-1548] Creating build summary session with primary output /home/tls/Desktop/Experiments/AlveoSystems/vadd_system_hw_link/Emulation-SW/binary_container_1.xclbin.link_summary, at Wed Dec  7 21:54:21 2022
INFO: [v++ 60-1315] Creating rulecheck session with output '/home/tls/Desktop/Experiments/AlveoSystems/vadd_system_hw_link/Emulation-SW/binary_container_1.build/reports/link/link_guidance.html', at Wed Dec  7 21:54:21 2022
INFO: [v++ 60-895]   Target platform: /opt/xilinx/platforms/xilinx_u250_gen3x16_xdma_4_1_202210_1/xilinx_u250_gen3x16_xdma_4_1_202210_1.xpfm
INFO: [v++ 60-1578]   This platform contains Xilinx Shell Archive '/opt/xilinx/platforms/xilinx_u250_gen3x16_xdma_4_1_202210_1/hw/hw.xsa'
INFO: [v++ 74-78] Compiler Version string: 2022.2
INFO: [v++ 60-629] Linking for software emulation target
INFO: [v++ 60-423]   Target device: xilinx_u250_gen3x16_xdma_4_1_202210_1
INFO: [v++ 60-645] kernel flags are '-g -I /home/tls/Desktop/Experiments/AlveoSystems/vadd_kernels/src -g'
Check POST-VPL, containing 1 checks, has run: 0 errors
INFO: [v++ 60-586] Created binary_container_1.xclbin
INFO: [v++ 60-1307] Run completed. Additional information can be found in:
	Guidance: /home/tls/Desktop/Experiments/AlveoSystems/vadd_system_hw_link/Emulation-SW/binary_container_1.build/reports/link/link_guidance.html
	Steps Log File: /home/tls/Desktop/Experiments/AlveoSystems/vadd_system_hw_link/Emulation-SW/binary_container_1.build/logs/link/link.steps.log

INFO: [v++ 60-2343] Use the vitis_analyzer tool to visualize and navigate the relevant reports. Run the following command. 
    vitis_analyzer /home/tls/Desktop/Experiments/AlveoSystems/vadd_system_hw_link/Emulation-SW/binary_container_1.xclbin.link_summary 
INFO: [v++ 60-791] Total elapsed time: 0h 0m 14s
INFO: [v++ 60-1653] Closing dispatch client.

21:54:25 Build Finished (took 15s.979ms)

