Mon Jun  3 20:15:07 2024: Running xcd server. This server was built by gradle.
Mon Jun  3 20:15:07 2024: Server was asked to start on port: '35855'
Mon Jun  3 20:15:07 2024: Server is using token UUID: '37391371-1df5-431e-a0f4-5f282a768de1'
Mon Jun  3 20:15:07 2024: SESSION_MGR: creating session with session uuid: '6d04a3e9-ade5-4ab9-8d63-1f78fcd2ec76' and name 'default'
Mon Jun  3 20:15:07 2024: Attempting to start server on port '35855'
Mon Jun  3 20:15:07 2024: XCD main fifo: created main fifo '/tmp/xcdmain37391371-1df5-431e-a0f4-5f282a768de1', fd read = 13
Mon Jun  3 20:15:07 2024: Running Dispatch Server
Mon Jun  3 20:15:07 2024: Version 2.2.0
Mon Jun  3 20:15:09 2024: Dispatch Server: Accepted socket connection from client
Mon Jun  3 20:15:09 2024: Starting Socket connection
Mon Jun  3 20:15:09 2024: EXCHANGE_TOKEN received, server token: 37391371-1df5-431e-a0f4-5f282a768de1, passed token: 37391371-1df5-431e-a0f4-5f282a768de1
Mon Jun  3 20:15:09 2024: DISPATCH_HANDLER: Adding handler from function makeHandler in library libxv_system_diagram
Mon Jun  3 20:15:09 2024: SESSION_MGR: creating session with session uuid: '0e14ac5c-93b2-4e9f-824f-03c7c75e7b3f' and name 'v++_compile_krnl_vadd'
Mon Jun  3 20:15:09 2024: KERNEL_SVC: creating session with uuid: '0e14ac5c-93b2-4e9f-824f-03c7c75e7b3f' and name 'v++_compile_krnl_vadd'
Mon Jun  3 20:15:09 2024: GUIDANCE_SMGR: creating guidance session with uuid: '0e14ac5c-93b2-4e9f-824f-03c7c75e7b3f' and name 'v++_compile_krnl_vadd'
Mon Jun  3 20:15:09 2024: SYSTEM_DIAGRAM: creating session with uuid: '0e14ac5c-93b2-4e9f-824f-03c7c75e7b3f' and name 'v++_compile_krnl_vadd'
Mon Jun  3 20:15:22 2024: SESSION_MGR: closing session for UUID '0e14ac5c-93b2-4e9f-824f-03c7c75e7b3f' with name 'v++_compile_krnl_vadd'
Mon Jun  3 20:15:22 2024: KERNEL_SVC: closing session for UUID '0e14ac5c-93b2-4e9f-824f-03c7c75e7b3f' with name 'v++_compile_krnl_vadd'
Mon Jun  3 20:15:22 2024: GUIDANCE_SMGR: closing session for UUID '0e14ac5c-93b2-4e9f-824f-03c7c75e7b3f' with name 'v++_compile_krnl_vadd'
Mon Jun  3 20:15:22 2024: SYSTEM_DIAGRAM: closing session for UUID '0e14ac5c-93b2-4e9f-824f-03c7c75e7b3f' with name 'v++_compile_krnl_vadd'
Mon Jun  3 20:15:22 2024: STOP_SERVER received, server token: 37391371-1df5-431e-a0f4-5f282a768de1, passed token: 37391371-1df5-431e-a0f4-5f282a768de1
Mon Jun  3 20:15:22 2024: Socket received request to stop server.
Mon Jun  3 20:15:22 2024: Dispatch Server: do_await_stop
Mon Jun  3 20:15:22 2024: Dispatch Server: stopping mainFifo_
Mon Jun  3 20:15:22 2024: XCD main fifo: Stopping
Mon Jun  3 20:15:22 2024: XCD main fifo: do_read error code: Operation canceled
Mon Jun  3 20:15:22 2024: XCD main fifo: bytes_transferred: 0
Mon Jun  3 20:15:22 2024: SERVER: destructor for server bound to port 35855
Mon Jun  3 20:15:22 2024: XCD main fifo: Good unlink of /tmp/xcdmain37391371-1df5-431e-a0f4-5f282a768de1
Mon Jun  3 20:15:22 2024: Server exiting with status 0.
Mon Jun  3 20:15:22 2024: Closing log file.
