

================================================================
== Vitis HLS Report for 'rgbToGrayscale'
================================================================
* Date:           Thu Nov 17 00:27:29 2022

* Version:        2022.1 (Build 3526262 on Mon Apr 18 15:48:16 MDT 2022)
* Project:        edge_detect_vitishls
* Solution:       solution1 (Vitis Kernel Flow Target)
* Product family: versal
* Target device:  xcvc1902-vsva2197-2MP-e-S


================================================================
== Performance Estimates
================================================================
+ Timing: 
    * Summary: 
    +--------+---------+----------+------------+
    |  Clock |  Target | Estimated| Uncertainty|
    +--------+---------+----------+------------+
    |ap_clk  |  5.00 ns|  3.650 ns|     1.35 ns|
    +--------+---------+----------+------------+

+ Latency: 
    * Summary: 
    +---------+---------+----------+----------+--------+--------+---------+
    |  Latency (cycles) |  Latency (absolute) |     Interval    | Pipeline|
    |   min   |   max   |    min   |    max   |   min  |   max  |   Type  |
    +---------+---------+----------+----------+--------+--------+---------+
    |   786595|   786595|  3.933 ms|  3.933 ms|  786596|  786596|       no|
    +---------+---------+----------+----------+--------+--------+---------+

    + Detail: 
        * Instance: 
        +---------------------------------------------------------------------+-----------------------------------------------------------+---------+---------+----------+----------+--------+--------+---------+
        |                                                                     |                                                           |  Latency (cycles) |  Latency (absolute) |     Interval    | Pipeline|
        |                               Instance                              |                           Module                          |   min   |   max   |    min   |    max   |   min  |   max  |   Type  |
        +---------------------------------------------------------------------+-----------------------------------------------------------+---------+---------+----------+----------+--------+--------+---------+
        |grp_rgbToGrayscale_Pipeline_VITIS_LOOP_165_1_VITIS_LOOP_167_2_fu_82  |rgbToGrayscale_Pipeline_VITIS_LOOP_165_1_VITIS_LOOP_167_2  |   786524|   786524|  3.933 ms|  3.933 ms|  786524|  786524|       no|
        +---------------------------------------------------------------------+-----------------------------------------------------------+---------+---------+----------+----------+--------+--------+---------+

        * Loop: 
        N/A



================================================================
== Utilization Estimates
================================================================
* Summary: 
+-----------------+---------+------+---------+--------+-----+
|       Name      | BRAM_18K|  DSP |    FF   |   LUT  | URAM|
+-----------------+---------+------+---------+--------+-----+
|DSP              |        -|     -|        -|       -|    -|
|Expression       |        -|     -|        0|       2|    -|
|FIFO             |        -|     -|        -|       -|    -|
|Instance         |        0|     6|     8708|   19562|    0|
|Memory           |        -|     -|        -|       -|    -|
|Multiplexer      |        -|     -|        -|     198|    -|
|Register         |        -|     -|      141|       -|    -|
+-----------------+---------+------+---------+--------+-----+
|Total            |        0|     6|     8849|   19762|    0|
+-----------------+---------+------+---------+--------+-----+
|Available        |     1934|  1968|  1799680|  899840|  463|
+-----------------+---------+------+---------+--------+-----+
|Utilization (%)  |        0|    ~0|       ~0|       2|    0|
+-----------------+---------+------+---------+--------+-----+

+ Detail: 
    * Instance: 
    +---------------------------------------------------------------------+-----------------------------------------------------------+---------+----+------+-------+-----+
    |                               Instance                              |                           Module                          | BRAM_18K| DSP|  FF  |  LUT  | URAM|
    +---------------------------------------------------------------------+-----------------------------------------------------------+---------+----+------+-------+-----+
    |control_s_axi_U                                                      |control_s_axi                                              |        0|   0|   176|    296|    0|
    |gmem_m_axi_U                                                         |gmem_m_axi                                                 |        0|   0|  4565|   8069|    0|
    |grp_rgbToGrayscale_Pipeline_VITIS_LOOP_165_1_VITIS_LOOP_167_2_fu_82  |rgbToGrayscale_Pipeline_VITIS_LOOP_165_1_VITIS_LOOP_167_2  |        0|   6|  3967|  11197|    0|
    +---------------------------------------------------------------------+-----------------------------------------------------------+---------+----+------+-------+-----+
    |Total                                                                |                                                           |        0|   6|  8708|  19562|    0|
    +---------------------------------------------------------------------+-----------------------------------------------------------+---------+----+------+-------+-----+

    * DSP: 
    N/A

    * Memory: 
    N/A

    * FIFO: 
    N/A

    * Expression: 
    +-----------------+----------+----+---+----+------------+------------+
    |  Variable Name  | Operation| DSP| FF| LUT| Bitwidth P0| Bitwidth P1|
    +-----------------+----------+----+---+----+------------+------------+
    |ap_block_state1  |        or|   0|  0|   2|           1|           1|
    +-----------------+----------+----+---+----+------------+------------+
    |Total            |          |   0|  0|   2|           1|           1|
    +-----------------+----------+----+---+----+------------+------------+

    * Multiplexer: 
    +---------------+----+-----------+-----+-----------+
    |      Name     | LUT| Input Size| Bits| Total Bits|
    +---------------+----+-----------+-----+-----------+
    |ap_NS_fsm      |  86|         73|    1|         73|
    |ap_done        |   2|          2|    1|          2|
    |gmem_ARVALID   |   2|          2|    1|          2|
    |gmem_AWADDR    |  64|          3|   64|        192|
    |gmem_AWLEN     |  32|          3|   32|         96|
    |gmem_AWVALID   |   2|          3|    1|          3|
    |gmem_BREADY    |   2|          3|    1|          3|
    |gmem_RREADY    |   2|          2|    1|          2|
    |gmem_WVALID    |   2|          2|    1|          2|
    |gmem_blk_n_AW  |   2|          2|    1|          2|
    |gmem_blk_n_B   |   2|          2|    1|          2|
    +---------------+----+-----------+-----+-----------+
    |Total          | 198|         97|  105|        379|
    +---------------+----+-----------+-----+-----------+

    * Register: 
    +----------------------------------------------------------------------------------+----+----+-----+-----------+
    |                                       Name                                       | FF | LUT| Bits| Const Bits|
    +----------------------------------------------------------------------------------+----+----+-----+-----------+
    |ap_CS_fsm                                                                         |  72|   0|   72|          0|
    |ap_done_reg                                                                       |   1|   0|    1|          0|
    |ap_rst_n_inv                                                                      |   1|   0|    1|          0|
    |ap_rst_reg_1                                                                      |   1|   0|    1|          0|
    |ap_rst_reg_2                                                                      |   1|   0|    1|          0|
    |grp_rgbToGrayscale_Pipeline_VITIS_LOOP_165_1_VITIS_LOOP_167_2_fu_82_ap_start_reg  |   1|   0|    1|          0|
    |trunc_ln169_reg_135                                                               |   6|   0|    6|          0|
    |trunc_ln_reg_119                                                                  |  58|   0|   58|          0|
    +----------------------------------------------------------------------------------+----+----+-----+-----------+
    |Total                                                                             | 141|   0|  141|          0|
    +----------------------------------------------------------------------------------+----+----+-----+-----------+



================================================================
== Interface
================================================================
* Summary: 
+-----------------------+-----+-----+---------------+----------------+--------------+
|       RTL Ports       | Dir | Bits|    Protocol   |  Source Object |    C Type    |
+-----------------------+-----+-----+---------------+----------------+--------------+
|s_axi_control_AWVALID  |   in|    1|          s_axi|         control|        scalar|
|s_axi_control_AWREADY  |  out|    1|          s_axi|         control|        scalar|
|s_axi_control_AWADDR   |   in|    6|          s_axi|         control|        scalar|
|s_axi_control_WVALID   |   in|    1|          s_axi|         control|        scalar|
|s_axi_control_WREADY   |  out|    1|          s_axi|         control|        scalar|
|s_axi_control_WDATA    |   in|   32|          s_axi|         control|        scalar|
|s_axi_control_WSTRB    |   in|    4|          s_axi|         control|        scalar|
|s_axi_control_ARVALID  |   in|    1|          s_axi|         control|        scalar|
|s_axi_control_ARREADY  |  out|    1|          s_axi|         control|        scalar|
|s_axi_control_ARADDR   |   in|    6|          s_axi|         control|        scalar|
|s_axi_control_RVALID   |  out|    1|          s_axi|         control|        scalar|
|s_axi_control_RREADY   |   in|    1|          s_axi|         control|        scalar|
|s_axi_control_RDATA    |  out|   32|          s_axi|         control|        scalar|
|s_axi_control_RRESP    |  out|    2|          s_axi|         control|        scalar|
|s_axi_control_BVALID   |  out|    1|          s_axi|         control|        scalar|
|s_axi_control_BREADY   |   in|    1|          s_axi|         control|        scalar|
|s_axi_control_BRESP    |  out|    2|          s_axi|         control|        scalar|
|ap_clk                 |   in|    1|  ap_ctrl_chain|  rgbToGrayscale|  return value|
|ap_rst_n               |   in|    1|  ap_ctrl_chain|  rgbToGrayscale|  return value|
|interrupt              |  out|    1|  ap_ctrl_chain|  rgbToGrayscale|  return value|
|m_axi_gmem_AWVALID     |  out|    1|          m_axi|            gmem|       pointer|
|m_axi_gmem_AWREADY     |   in|    1|          m_axi|            gmem|       pointer|
|m_axi_gmem_AWADDR      |  out|   64|          m_axi|            gmem|       pointer|
|m_axi_gmem_AWID        |  out|    1|          m_axi|            gmem|       pointer|
|m_axi_gmem_AWLEN       |  out|    8|          m_axi|            gmem|       pointer|
|m_axi_gmem_AWSIZE      |  out|    3|          m_axi|            gmem|       pointer|
|m_axi_gmem_AWBURST     |  out|    2|          m_axi|            gmem|       pointer|
|m_axi_gmem_AWLOCK      |  out|    2|          m_axi|            gmem|       pointer|
|m_axi_gmem_AWCACHE     |  out|    4|          m_axi|            gmem|       pointer|
|m_axi_gmem_AWPROT      |  out|    3|          m_axi|            gmem|       pointer|
|m_axi_gmem_AWQOS       |  out|    4|          m_axi|            gmem|       pointer|
|m_axi_gmem_AWREGION    |  out|    4|          m_axi|            gmem|       pointer|
|m_axi_gmem_AWUSER      |  out|    1|          m_axi|            gmem|       pointer|
|m_axi_gmem_WVALID      |  out|    1|          m_axi|            gmem|       pointer|
|m_axi_gmem_WREADY      |   in|    1|          m_axi|            gmem|       pointer|
|m_axi_gmem_WDATA       |  out|  512|          m_axi|            gmem|       pointer|
|m_axi_gmem_WSTRB       |  out|   64|          m_axi|            gmem|       pointer|
|m_axi_gmem_WLAST       |  out|    1|          m_axi|            gmem|       pointer|
|m_axi_gmem_WID         |  out|    1|          m_axi|            gmem|       pointer|
|m_axi_gmem_WUSER       |  out|    1|          m_axi|            gmem|       pointer|
|m_axi_gmem_ARVALID     |  out|    1|          m_axi|            gmem|       pointer|
|m_axi_gmem_ARREADY     |   in|    1|          m_axi|            gmem|       pointer|
|m_axi_gmem_ARADDR      |  out|   64|          m_axi|            gmem|       pointer|
|m_axi_gmem_ARID        |  out|    1|          m_axi|            gmem|       pointer|
|m_axi_gmem_ARLEN       |  out|    8|          m_axi|            gmem|       pointer|
|m_axi_gmem_ARSIZE      |  out|    3|          m_axi|            gmem|       pointer|
|m_axi_gmem_ARBURST     |  out|    2|          m_axi|            gmem|       pointer|
|m_axi_gmem_ARLOCK      |  out|    2|          m_axi|            gmem|       pointer|
|m_axi_gmem_ARCACHE     |  out|    4|          m_axi|            gmem|       pointer|
|m_axi_gmem_ARPROT      |  out|    3|          m_axi|            gmem|       pointer|
|m_axi_gmem_ARQOS       |  out|    4|          m_axi|            gmem|       pointer|
|m_axi_gmem_ARREGION    |  out|    4|          m_axi|            gmem|       pointer|
|m_axi_gmem_ARUSER      |  out|    1|          m_axi|            gmem|       pointer|
|m_axi_gmem_RVALID      |   in|    1|          m_axi|            gmem|       pointer|
|m_axi_gmem_RREADY      |  out|    1|          m_axi|            gmem|       pointer|
|m_axi_gmem_RDATA       |   in|  512|          m_axi|            gmem|       pointer|
|m_axi_gmem_RLAST       |   in|    1|          m_axi|            gmem|       pointer|
|m_axi_gmem_RID         |   in|    1|          m_axi|            gmem|       pointer|
|m_axi_gmem_RUSER       |   in|    1|          m_axi|            gmem|       pointer|
|m_axi_gmem_RRESP       |   in|    2|          m_axi|            gmem|       pointer|
|m_axi_gmem_BVALID      |   in|    1|          m_axi|            gmem|       pointer|
|m_axi_gmem_BREADY      |  out|    1|          m_axi|            gmem|       pointer|
|m_axi_gmem_BRESP       |   in|    2|          m_axi|            gmem|       pointer|
|m_axi_gmem_BID         |   in|    1|          m_axi|            gmem|       pointer|
|m_axi_gmem_BUSER       |   in|    1|          m_axi|            gmem|       pointer|
+-----------------------+-----+-----+---------------+----------------+--------------+

============================================================
+ Verbose Summary: Synthesis Manager
============================================================
InlineROM: 1
ExposeGlobal: 0
============================================================
+ Verbose Summary: CDFG Model
============================================================
IsTopModel: 1
ResetActiveHigh: 1
IsCombinational: 2
IsDatapathOnly: 2
HasWiredReturn: 1
HasMFsm: 0
HasVarLatency: 1
IsPipeline: 0
IsRtlPipelined: 0
IsInstanceOverlapped: 0
IsDontTouch: 0
HasImplIP: 0
IsGatedGlobalClock: 0


============================================================
+ Verbose Summary: Schedule
============================================================
* Number of FSM states : 72
* Pipeline : 0
* Dataflow Pipeline: 0

* FSM state transitions: 
1 --> 2 
2 --> 3 
3 --> 4 
4 --> 5 
5 --> 6 
6 --> 7 
7 --> 8 
8 --> 9 
9 --> 10 
10 --> 11 
11 --> 12 
12 --> 13 
13 --> 14 
14 --> 15 
15 --> 16 
16 --> 17 
17 --> 18 
18 --> 19 
19 --> 20 
20 --> 21 
21 --> 22 
22 --> 23 
23 --> 24 
24 --> 25 
25 --> 26 
26 --> 27 
27 --> 28 
28 --> 29 
29 --> 30 
30 --> 31 
31 --> 32 
32 --> 33 
33 --> 34 
34 --> 35 
35 --> 36 
36 --> 37 
37 --> 38 
38 --> 39 
39 --> 40 
40 --> 41 
41 --> 42 
42 --> 43 
43 --> 44 
44 --> 45 
45 --> 46 
46 --> 47 
47 --> 48 
48 --> 49 
49 --> 50 
50 --> 51 
51 --> 52 
52 --> 53 
53 --> 54 
54 --> 55 
55 --> 56 
56 --> 57 
57 --> 58 
58 --> 59 
59 --> 60 
60 --> 61 
61 --> 62 
62 --> 63 
63 --> 64 
64 --> 65 
65 --> 66 
66 --> 67 
67 --> 68 
68 --> 69 
69 --> 70 
70 --> 71 
71 --> 72 
72 --> 

* FSM state operations: 

State 1 <SV = 0> <Delay = 1.00>
ST_1 : Operation 73 [1/1] (1.00ns)   --->   "%output_image_read = read i64 @_ssdm_op_Read.ap_none.i64, i64 %output_image" [edge_detect_tasks_V0.c:161]   --->   Operation 73 'read' 'output_image_read' <Predicate = true> <Delay = 1.00> <CoreInst = "s_axilite">   --->   Core 126 's_axilite' <Latency = 0> <II = 1> <Delay = 1.00> <Adapter> <Opcode : 'read' 'write'>
ST_1 : Operation 74 [1/1] (0.00ns)   --->   "%trunc_ln = partselect i58 @_ssdm_op_PartSelect.i58.i64.i32.i32, i64 %output_image_read, i32 6, i32 63" [edge_detect_tasks_V0.c:165]   --->   Operation 74 'partselect' 'trunc_ln' <Predicate = true> <Delay = 0.00>

State 2 <SV = 1> <Delay = 3.65>
ST_2 : Operation 75 [1/1] (0.00ns)   --->   "%sext_ln165 = sext i58 %trunc_ln" [edge_detect_tasks_V0.c:165]   --->   Operation 75 'sext' 'sext_ln165' <Predicate = true> <Delay = 0.00>
ST_2 : Operation 76 [1/1] (0.00ns)   --->   "%gmem_addr = getelementptr i512 %gmem, i64 %sext_ln165" [edge_detect_tasks_V0.c:165]   --->   Operation 76 'getelementptr' 'gmem_addr' <Predicate = true> <Delay = 0.00>
ST_2 : Operation 77 [1/1] (3.65ns)   --->   "%empty = writereq i1 @_ssdm_op_WriteReq.m_axi.p1i512, i64 %gmem_addr, i32 16384" [edge_detect_tasks_V0.c:165]   --->   Operation 77 'writereq' 'empty' <Predicate = true> <Delay = 3.65> <CoreInst = "m_axi">   --->   Core 125 'm_axi' <Latency = 0> <II = 1> <Delay = 1.00> <Adapter> <Opcode : 'read' 'write' 'readreq' 'writereq' 'writeresp'>

State 3 <SV = 2> <Delay = 1.00>
ST_3 : Operation 78 [1/1] (1.00ns)   --->   "%input_image_read = read i64 @_ssdm_op_Read.ap_none.i64, i64 %input_image" [edge_detect_tasks_V0.c:161]   --->   Operation 78 'read' 'input_image_read' <Predicate = true> <Delay = 1.00> <CoreInst = "s_axilite">   --->   Core 126 's_axilite' <Latency = 0> <II = 1> <Delay = 1.00> <Adapter> <Opcode : 'read' 'write'>
ST_3 : Operation 79 [1/1] (0.00ns)   --->   "%trunc_ln169 = trunc i64 %input_image_read" [edge_detect_tasks_V0.c:169]   --->   Operation 79 'trunc' 'trunc_ln169' <Predicate = true> <Delay = 0.00>
ST_3 : Operation 80 [2/2] (0.00ns)   --->   "%call_ln165 = call void @rgbToGrayscale_Pipeline_VITIS_LOOP_165_1_VITIS_LOOP_167_2, i512 %gmem, i58 %trunc_ln, i64 %input_image_read, i6 %trunc_ln169, i52 %mask_table" [edge_detect_tasks_V0.c:165]   --->   Operation 80 'call' 'call_ln165' <Predicate = true> <Delay = 0.00> <CoreType = "Generic">   --->   Core 0 '' <Latency = 0> <II = 1> <Delay = 1.00> <Generic> <Opcode : >

State 4 <SV = 3> <Delay = 0.00>
ST_4 : Operation 81 [1/2] (0.00ns)   --->   "%call_ln165 = call void @rgbToGrayscale_Pipeline_VITIS_LOOP_165_1_VITIS_LOOP_167_2, i512 %gmem, i58 %trunc_ln, i64 %input_image_read, i6 %trunc_ln169, i52 %mask_table" [edge_detect_tasks_V0.c:165]   --->   Operation 81 'call' 'call_ln165' <Predicate = true> <Delay = 0.00> <CoreType = "Generic">   --->   Core 0 '' <Latency = 0> <II = 1> <Delay = 1.00> <Generic> <Opcode : >

State 5 <SV = 4> <Delay = 3.65>
ST_5 : Operation 82 [68/68] (3.65ns)   --->   "%empty_22 = writeresp i1 @_ssdm_op_WriteResp.m_axi.p1i512, i64 %gmem_addr" [edge_detect_tasks_V0.c:177]   --->   Operation 82 'writeresp' 'empty_22' <Predicate = true> <Delay = 3.65> <CoreInst = "m_axi">   --->   Core 125 'm_axi' <Latency = 0> <II = 1> <Delay = 1.00> <Adapter> <Opcode : 'read' 'write' 'readreq' 'writereq' 'writeresp'>

State 6 <SV = 5> <Delay = 3.65>
ST_6 : Operation 83 [67/68] (3.65ns)   --->   "%empty_22 = writeresp i1 @_ssdm_op_WriteResp.m_axi.p1i512, i64 %gmem_addr" [edge_detect_tasks_V0.c:177]   --->   Operation 83 'writeresp' 'empty_22' <Predicate = true> <Delay = 3.65> <CoreInst = "m_axi">   --->   Core 125 'm_axi' <Latency = 0> <II = 1> <Delay = 1.00> <Adapter> <Opcode : 'read' 'write' 'readreq' 'writereq' 'writeresp'>

State 7 <SV = 6> <Delay = 3.65>
ST_7 : Operation 84 [66/68] (3.65ns)   --->   "%empty_22 = writeresp i1 @_ssdm_op_WriteResp.m_axi.p1i512, i64 %gmem_addr" [edge_detect_tasks_V0.c:177]   --->   Operation 84 'writeresp' 'empty_22' <Predicate = true> <Delay = 3.65> <CoreInst = "m_axi">   --->   Core 125 'm_axi' <Latency = 0> <II = 1> <Delay = 1.00> <Adapter> <Opcode : 'read' 'write' 'readreq' 'writereq' 'writeresp'>

State 8 <SV = 7> <Delay = 3.65>
ST_8 : Operation 85 [65/68] (3.65ns)   --->   "%empty_22 = writeresp i1 @_ssdm_op_WriteResp.m_axi.p1i512, i64 %gmem_addr" [edge_detect_tasks_V0.c:177]   --->   Operation 85 'writeresp' 'empty_22' <Predicate = true> <Delay = 3.65> <CoreInst = "m_axi">   --->   Core 125 'm_axi' <Latency = 0> <II = 1> <Delay = 1.00> <Adapter> <Opcode : 'read' 'write' 'readreq' 'writereq' 'writeresp'>

State 9 <SV = 8> <Delay = 3.65>
ST_9 : Operation 86 [64/68] (3.65ns)   --->   "%empty_22 = writeresp i1 @_ssdm_op_WriteResp.m_axi.p1i512, i64 %gmem_addr" [edge_detect_tasks_V0.c:177]   --->   Operation 86 'writeresp' 'empty_22' <Predicate = true> <Delay = 3.65> <CoreInst = "m_axi">   --->   Core 125 'm_axi' <Latency = 0> <II = 1> <Delay = 1.00> <Adapter> <Opcode : 'read' 'write' 'readreq' 'writereq' 'writeresp'>

State 10 <SV = 9> <Delay = 3.65>
ST_10 : Operation 87 [63/68] (3.65ns)   --->   "%empty_22 = writeresp i1 @_ssdm_op_WriteResp.m_axi.p1i512, i64 %gmem_addr" [edge_detect_tasks_V0.c:177]   --->   Operation 87 'writeresp' 'empty_22' <Predicate = true> <Delay = 3.65> <CoreInst = "m_axi">   --->   Core 125 'm_axi' <Latency = 0> <II = 1> <Delay = 1.00> <Adapter> <Opcode : 'read' 'write' 'readreq' 'writereq' 'writeresp'>

State 11 <SV = 10> <Delay = 3.65>
ST_11 : Operation 88 [62/68] (3.65ns)   --->   "%empty_22 = writeresp i1 @_ssdm_op_WriteResp.m_axi.p1i512, i64 %gmem_addr" [edge_detect_tasks_V0.c:177]   --->   Operation 88 'writeresp' 'empty_22' <Predicate = true> <Delay = 3.65> <CoreInst = "m_axi">   --->   Core 125 'm_axi' <Latency = 0> <II = 1> <Delay = 1.00> <Adapter> <Opcode : 'read' 'write' 'readreq' 'writereq' 'writeresp'>

State 12 <SV = 11> <Delay = 3.65>
ST_12 : Operation 89 [61/68] (3.65ns)   --->   "%empty_22 = writeresp i1 @_ssdm_op_WriteResp.m_axi.p1i512, i64 %gmem_addr" [edge_detect_tasks_V0.c:177]   --->   Operation 89 'writeresp' 'empty_22' <Predicate = true> <Delay = 3.65> <CoreInst = "m_axi">   --->   Core 125 'm_axi' <Latency = 0> <II = 1> <Delay = 1.00> <Adapter> <Opcode : 'read' 'write' 'readreq' 'writereq' 'writeresp'>

State 13 <SV = 12> <Delay = 3.65>
ST_13 : Operation 90 [60/68] (3.65ns)   --->   "%empty_22 = writeresp i1 @_ssdm_op_WriteResp.m_axi.p1i512, i64 %gmem_addr" [edge_detect_tasks_V0.c:177]   --->   Operation 90 'writeresp' 'empty_22' <Predicate = true> <Delay = 3.65> <CoreInst = "m_axi">   --->   Core 125 'm_axi' <Latency = 0> <II = 1> <Delay = 1.00> <Adapter> <Opcode : 'read' 'write' 'readreq' 'writereq' 'writeresp'>

State 14 <SV = 13> <Delay = 3.65>
ST_14 : Operation 91 [59/68] (3.65ns)   --->   "%empty_22 = writeresp i1 @_ssdm_op_WriteResp.m_axi.p1i512, i64 %gmem_addr" [edge_detect_tasks_V0.c:177]   --->   Operation 91 'writeresp' 'empty_22' <Predicate = true> <Delay = 3.65> <CoreInst = "m_axi">   --->   Core 125 'm_axi' <Latency = 0> <II = 1> <Delay = 1.00> <Adapter> <Opcode : 'read' 'write' 'readreq' 'writereq' 'writeresp'>

State 15 <SV = 14> <Delay = 3.65>
ST_15 : Operation 92 [58/68] (3.65ns)   --->   "%empty_22 = writeresp i1 @_ssdm_op_WriteResp.m_axi.p1i512, i64 %gmem_addr" [edge_detect_tasks_V0.c:177]   --->   Operation 92 'writeresp' 'empty_22' <Predicate = true> <Delay = 3.65> <CoreInst = "m_axi">   --->   Core 125 'm_axi' <Latency = 0> <II = 1> <Delay = 1.00> <Adapter> <Opcode : 'read' 'write' 'readreq' 'writereq' 'writeresp'>

State 16 <SV = 15> <Delay = 3.65>
ST_16 : Operation 93 [57/68] (3.65ns)   --->   "%empty_22 = writeresp i1 @_ssdm_op_WriteResp.m_axi.p1i512, i64 %gmem_addr" [edge_detect_tasks_V0.c:177]   --->   Operation 93 'writeresp' 'empty_22' <Predicate = true> <Delay = 3.65> <CoreInst = "m_axi">   --->   Core 125 'm_axi' <Latency = 0> <II = 1> <Delay = 1.00> <Adapter> <Opcode : 'read' 'write' 'readreq' 'writereq' 'writeresp'>

State 17 <SV = 16> <Delay = 3.65>
ST_17 : Operation 94 [56/68] (3.65ns)   --->   "%empty_22 = writeresp i1 @_ssdm_op_WriteResp.m_axi.p1i512, i64 %gmem_addr" [edge_detect_tasks_V0.c:177]   --->   Operation 94 'writeresp' 'empty_22' <Predicate = true> <Delay = 3.65> <CoreInst = "m_axi">   --->   Core 125 'm_axi' <Latency = 0> <II = 1> <Delay = 1.00> <Adapter> <Opcode : 'read' 'write' 'readreq' 'writereq' 'writeresp'>

State 18 <SV = 17> <Delay = 3.65>
ST_18 : Operation 95 [55/68] (3.65ns)   --->   "%empty_22 = writeresp i1 @_ssdm_op_WriteResp.m_axi.p1i512, i64 %gmem_addr" [edge_detect_tasks_V0.c:177]   --->   Operation 95 'writeresp' 'empty_22' <Predicate = true> <Delay = 3.65> <CoreInst = "m_axi">   --->   Core 125 'm_axi' <Latency = 0> <II = 1> <Delay = 1.00> <Adapter> <Opcode : 'read' 'write' 'readreq' 'writereq' 'writeresp'>

State 19 <SV = 18> <Delay = 3.65>
ST_19 : Operation 96 [54/68] (3.65ns)   --->   "%empty_22 = writeresp i1 @_ssdm_op_WriteResp.m_axi.p1i512, i64 %gmem_addr" [edge_detect_tasks_V0.c:177]   --->   Operation 96 'writeresp' 'empty_22' <Predicate = true> <Delay = 3.65> <CoreInst = "m_axi">   --->   Core 125 'm_axi' <Latency = 0> <II = 1> <Delay = 1.00> <Adapter> <Opcode : 'read' 'write' 'readreq' 'writereq' 'writeresp'>

State 20 <SV = 19> <Delay = 3.65>
ST_20 : Operation 97 [53/68] (3.65ns)   --->   "%empty_22 = writeresp i1 @_ssdm_op_WriteResp.m_axi.p1i512, i64 %gmem_addr" [edge_detect_tasks_V0.c:177]   --->   Operation 97 'writeresp' 'empty_22' <Predicate = true> <Delay = 3.65> <CoreInst = "m_axi">   --->   Core 125 'm_axi' <Latency = 0> <II = 1> <Delay = 1.00> <Adapter> <Opcode : 'read' 'write' 'readreq' 'writereq' 'writeresp'>

State 21 <SV = 20> <Delay = 3.65>
ST_21 : Operation 98 [52/68] (3.65ns)   --->   "%empty_22 = writeresp i1 @_ssdm_op_WriteResp.m_axi.p1i512, i64 %gmem_addr" [edge_detect_tasks_V0.c:177]   --->   Operation 98 'writeresp' 'empty_22' <Predicate = true> <Delay = 3.65> <CoreInst = "m_axi">   --->   Core 125 'm_axi' <Latency = 0> <II = 1> <Delay = 1.00> <Adapter> <Opcode : 'read' 'write' 'readreq' 'writereq' 'writeresp'>

State 22 <SV = 21> <Delay = 3.65>
ST_22 : Operation 99 [51/68] (3.65ns)   --->   "%empty_22 = writeresp i1 @_ssdm_op_WriteResp.m_axi.p1i512, i64 %gmem_addr" [edge_detect_tasks_V0.c:177]   --->   Operation 99 'writeresp' 'empty_22' <Predicate = true> <Delay = 3.65> <CoreInst = "m_axi">   --->   Core 125 'm_axi' <Latency = 0> <II = 1> <Delay = 1.00> <Adapter> <Opcode : 'read' 'write' 'readreq' 'writereq' 'writeresp'>

State 23 <SV = 22> <Delay = 3.65>
ST_23 : Operation 100 [50/68] (3.65ns)   --->   "%empty_22 = writeresp i1 @_ssdm_op_WriteResp.m_axi.p1i512, i64 %gmem_addr" [edge_detect_tasks_V0.c:177]   --->   Operation 100 'writeresp' 'empty_22' <Predicate = true> <Delay = 3.65> <CoreInst = "m_axi">   --->   Core 125 'm_axi' <Latency = 0> <II = 1> <Delay = 1.00> <Adapter> <Opcode : 'read' 'write' 'readreq' 'writereq' 'writeresp'>

State 24 <SV = 23> <Delay = 3.65>
ST_24 : Operation 101 [49/68] (3.65ns)   --->   "%empty_22 = writeresp i1 @_ssdm_op_WriteResp.m_axi.p1i512, i64 %gmem_addr" [edge_detect_tasks_V0.c:177]   --->   Operation 101 'writeresp' 'empty_22' <Predicate = true> <Delay = 3.65> <CoreInst = "m_axi">   --->   Core 125 'm_axi' <Latency = 0> <II = 1> <Delay = 1.00> <Adapter> <Opcode : 'read' 'write' 'readreq' 'writereq' 'writeresp'>

State 25 <SV = 24> <Delay = 3.65>
ST_25 : Operation 102 [48/68] (3.65ns)   --->   "%empty_22 = writeresp i1 @_ssdm_op_WriteResp.m_axi.p1i512, i64 %gmem_addr" [edge_detect_tasks_V0.c:177]   --->   Operation 102 'writeresp' 'empty_22' <Predicate = true> <Delay = 3.65> <CoreInst = "m_axi">   --->   Core 125 'm_axi' <Latency = 0> <II = 1> <Delay = 1.00> <Adapter> <Opcode : 'read' 'write' 'readreq' 'writereq' 'writeresp'>

State 26 <SV = 25> <Delay = 3.65>
ST_26 : Operation 103 [47/68] (3.65ns)   --->   "%empty_22 = writeresp i1 @_ssdm_op_WriteResp.m_axi.p1i512, i64 %gmem_addr" [edge_detect_tasks_V0.c:177]   --->   Operation 103 'writeresp' 'empty_22' <Predicate = true> <Delay = 3.65> <CoreInst = "m_axi">   --->   Core 125 'm_axi' <Latency = 0> <II = 1> <Delay = 1.00> <Adapter> <Opcode : 'read' 'write' 'readreq' 'writereq' 'writeresp'>

State 27 <SV = 26> <Delay = 3.65>
ST_27 : Operation 104 [46/68] (3.65ns)   --->   "%empty_22 = writeresp i1 @_ssdm_op_WriteResp.m_axi.p1i512, i64 %gmem_addr" [edge_detect_tasks_V0.c:177]   --->   Operation 104 'writeresp' 'empty_22' <Predicate = true> <Delay = 3.65> <CoreInst = "m_axi">   --->   Core 125 'm_axi' <Latency = 0> <II = 1> <Delay = 1.00> <Adapter> <Opcode : 'read' 'write' 'readreq' 'writereq' 'writeresp'>

State 28 <SV = 27> <Delay = 3.65>
ST_28 : Operation 105 [45/68] (3.65ns)   --->   "%empty_22 = writeresp i1 @_ssdm_op_WriteResp.m_axi.p1i512, i64 %gmem_addr" [edge_detect_tasks_V0.c:177]   --->   Operation 105 'writeresp' 'empty_22' <Predicate = true> <Delay = 3.65> <CoreInst = "m_axi">   --->   Core 125 'm_axi' <Latency = 0> <II = 1> <Delay = 1.00> <Adapter> <Opcode : 'read' 'write' 'readreq' 'writereq' 'writeresp'>

State 29 <SV = 28> <Delay = 3.65>
ST_29 : Operation 106 [44/68] (3.65ns)   --->   "%empty_22 = writeresp i1 @_ssdm_op_WriteResp.m_axi.p1i512, i64 %gmem_addr" [edge_detect_tasks_V0.c:177]   --->   Operation 106 'writeresp' 'empty_22' <Predicate = true> <Delay = 3.65> <CoreInst = "m_axi">   --->   Core 125 'm_axi' <Latency = 0> <II = 1> <Delay = 1.00> <Adapter> <Opcode : 'read' 'write' 'readreq' 'writereq' 'writeresp'>

State 30 <SV = 29> <Delay = 3.65>
ST_30 : Operation 107 [43/68] (3.65ns)   --->   "%empty_22 = writeresp i1 @_ssdm_op_WriteResp.m_axi.p1i512, i64 %gmem_addr" [edge_detect_tasks_V0.c:177]   --->   Operation 107 'writeresp' 'empty_22' <Predicate = true> <Delay = 3.65> <CoreInst = "m_axi">   --->   Core 125 'm_axi' <Latency = 0> <II = 1> <Delay = 1.00> <Adapter> <Opcode : 'read' 'write' 'readreq' 'writereq' 'writeresp'>

State 31 <SV = 30> <Delay = 3.65>
ST_31 : Operation 108 [42/68] (3.65ns)   --->   "%empty_22 = writeresp i1 @_ssdm_op_WriteResp.m_axi.p1i512, i64 %gmem_addr" [edge_detect_tasks_V0.c:177]   --->   Operation 108 'writeresp' 'empty_22' <Predicate = true> <Delay = 3.65> <CoreInst = "m_axi">   --->   Core 125 'm_axi' <Latency = 0> <II = 1> <Delay = 1.00> <Adapter> <Opcode : 'read' 'write' 'readreq' 'writereq' 'writeresp'>

State 32 <SV = 31> <Delay = 3.65>
ST_32 : Operation 109 [41/68] (3.65ns)   --->   "%empty_22 = writeresp i1 @_ssdm_op_WriteResp.m_axi.p1i512, i64 %gmem_addr" [edge_detect_tasks_V0.c:177]   --->   Operation 109 'writeresp' 'empty_22' <Predicate = true> <Delay = 3.65> <CoreInst = "m_axi">   --->   Core 125 'm_axi' <Latency = 0> <II = 1> <Delay = 1.00> <Adapter> <Opcode : 'read' 'write' 'readreq' 'writereq' 'writeresp'>

State 33 <SV = 32> <Delay = 3.65>
ST_33 : Operation 110 [40/68] (3.65ns)   --->   "%empty_22 = writeresp i1 @_ssdm_op_WriteResp.m_axi.p1i512, i64 %gmem_addr" [edge_detect_tasks_V0.c:177]   --->   Operation 110 'writeresp' 'empty_22' <Predicate = true> <Delay = 3.65> <CoreInst = "m_axi">   --->   Core 125 'm_axi' <Latency = 0> <II = 1> <Delay = 1.00> <Adapter> <Opcode : 'read' 'write' 'readreq' 'writereq' 'writeresp'>

State 34 <SV = 33> <Delay = 3.65>
ST_34 : Operation 111 [39/68] (3.65ns)   --->   "%empty_22 = writeresp i1 @_ssdm_op_WriteResp.m_axi.p1i512, i64 %gmem_addr" [edge_detect_tasks_V0.c:177]   --->   Operation 111 'writeresp' 'empty_22' <Predicate = true> <Delay = 3.65> <CoreInst = "m_axi">   --->   Core 125 'm_axi' <Latency = 0> <II = 1> <Delay = 1.00> <Adapter> <Opcode : 'read' 'write' 'readreq' 'writereq' 'writeresp'>

State 35 <SV = 34> <Delay = 3.65>
ST_35 : Operation 112 [38/68] (3.65ns)   --->   "%empty_22 = writeresp i1 @_ssdm_op_WriteResp.m_axi.p1i512, i64 %gmem_addr" [edge_detect_tasks_V0.c:177]   --->   Operation 112 'writeresp' 'empty_22' <Predicate = true> <Delay = 3.65> <CoreInst = "m_axi">   --->   Core 125 'm_axi' <Latency = 0> <II = 1> <Delay = 1.00> <Adapter> <Opcode : 'read' 'write' 'readreq' 'writereq' 'writeresp'>

State 36 <SV = 35> <Delay = 3.65>
ST_36 : Operation 113 [37/68] (3.65ns)   --->   "%empty_22 = writeresp i1 @_ssdm_op_WriteResp.m_axi.p1i512, i64 %gmem_addr" [edge_detect_tasks_V0.c:177]   --->   Operation 113 'writeresp' 'empty_22' <Predicate = true> <Delay = 3.65> <CoreInst = "m_axi">   --->   Core 125 'm_axi' <Latency = 0> <II = 1> <Delay = 1.00> <Adapter> <Opcode : 'read' 'write' 'readreq' 'writereq' 'writeresp'>

State 37 <SV = 36> <Delay = 3.65>
ST_37 : Operation 114 [36/68] (3.65ns)   --->   "%empty_22 = writeresp i1 @_ssdm_op_WriteResp.m_axi.p1i512, i64 %gmem_addr" [edge_detect_tasks_V0.c:177]   --->   Operation 114 'writeresp' 'empty_22' <Predicate = true> <Delay = 3.65> <CoreInst = "m_axi">   --->   Core 125 'm_axi' <Latency = 0> <II = 1> <Delay = 1.00> <Adapter> <Opcode : 'read' 'write' 'readreq' 'writereq' 'writeresp'>

State 38 <SV = 37> <Delay = 3.65>
ST_38 : Operation 115 [35/68] (3.65ns)   --->   "%empty_22 = writeresp i1 @_ssdm_op_WriteResp.m_axi.p1i512, i64 %gmem_addr" [edge_detect_tasks_V0.c:177]   --->   Operation 115 'writeresp' 'empty_22' <Predicate = true> <Delay = 3.65> <CoreInst = "m_axi">   --->   Core 125 'm_axi' <Latency = 0> <II = 1> <Delay = 1.00> <Adapter> <Opcode : 'read' 'write' 'readreq' 'writereq' 'writeresp'>

State 39 <SV = 38> <Delay = 3.65>
ST_39 : Operation 116 [34/68] (3.65ns)   --->   "%empty_22 = writeresp i1 @_ssdm_op_WriteResp.m_axi.p1i512, i64 %gmem_addr" [edge_detect_tasks_V0.c:177]   --->   Operation 116 'writeresp' 'empty_22' <Predicate = true> <Delay = 3.65> <CoreInst = "m_axi">   --->   Core 125 'm_axi' <Latency = 0> <II = 1> <Delay = 1.00> <Adapter> <Opcode : 'read' 'write' 'readreq' 'writereq' 'writeresp'>

State 40 <SV = 39> <Delay = 3.65>
ST_40 : Operation 117 [33/68] (3.65ns)   --->   "%empty_22 = writeresp i1 @_ssdm_op_WriteResp.m_axi.p1i512, i64 %gmem_addr" [edge_detect_tasks_V0.c:177]   --->   Operation 117 'writeresp' 'empty_22' <Predicate = true> <Delay = 3.65> <CoreInst = "m_axi">   --->   Core 125 'm_axi' <Latency = 0> <II = 1> <Delay = 1.00> <Adapter> <Opcode : 'read' 'write' 'readreq' 'writereq' 'writeresp'>

State 41 <SV = 40> <Delay = 3.65>
ST_41 : Operation 118 [32/68] (3.65ns)   --->   "%empty_22 = writeresp i1 @_ssdm_op_WriteResp.m_axi.p1i512, i64 %gmem_addr" [edge_detect_tasks_V0.c:177]   --->   Operation 118 'writeresp' 'empty_22' <Predicate = true> <Delay = 3.65> <CoreInst = "m_axi">   --->   Core 125 'm_axi' <Latency = 0> <II = 1> <Delay = 1.00> <Adapter> <Opcode : 'read' 'write' 'readreq' 'writereq' 'writeresp'>

State 42 <SV = 41> <Delay = 3.65>
ST_42 : Operation 119 [31/68] (3.65ns)   --->   "%empty_22 = writeresp i1 @_ssdm_op_WriteResp.m_axi.p1i512, i64 %gmem_addr" [edge_detect_tasks_V0.c:177]   --->   Operation 119 'writeresp' 'empty_22' <Predicate = true> <Delay = 3.65> <CoreInst = "m_axi">   --->   Core 125 'm_axi' <Latency = 0> <II = 1> <Delay = 1.00> <Adapter> <Opcode : 'read' 'write' 'readreq' 'writereq' 'writeresp'>

State 43 <SV = 42> <Delay = 3.65>
ST_43 : Operation 120 [30/68] (3.65ns)   --->   "%empty_22 = writeresp i1 @_ssdm_op_WriteResp.m_axi.p1i512, i64 %gmem_addr" [edge_detect_tasks_V0.c:177]   --->   Operation 120 'writeresp' 'empty_22' <Predicate = true> <Delay = 3.65> <CoreInst = "m_axi">   --->   Core 125 'm_axi' <Latency = 0> <II = 1> <Delay = 1.00> <Adapter> <Opcode : 'read' 'write' 'readreq' 'writereq' 'writeresp'>

State 44 <SV = 43> <Delay = 3.65>
ST_44 : Operation 121 [29/68] (3.65ns)   --->   "%empty_22 = writeresp i1 @_ssdm_op_WriteResp.m_axi.p1i512, i64 %gmem_addr" [edge_detect_tasks_V0.c:177]   --->   Operation 121 'writeresp' 'empty_22' <Predicate = true> <Delay = 3.65> <CoreInst = "m_axi">   --->   Core 125 'm_axi' <Latency = 0> <II = 1> <Delay = 1.00> <Adapter> <Opcode : 'read' 'write' 'readreq' 'writereq' 'writeresp'>

State 45 <SV = 44> <Delay = 3.65>
ST_45 : Operation 122 [28/68] (3.65ns)   --->   "%empty_22 = writeresp i1 @_ssdm_op_WriteResp.m_axi.p1i512, i64 %gmem_addr" [edge_detect_tasks_V0.c:177]   --->   Operation 122 'writeresp' 'empty_22' <Predicate = true> <Delay = 3.65> <CoreInst = "m_axi">   --->   Core 125 'm_axi' <Latency = 0> <II = 1> <Delay = 1.00> <Adapter> <Opcode : 'read' 'write' 'readreq' 'writereq' 'writeresp'>

State 46 <SV = 45> <Delay = 3.65>
ST_46 : Operation 123 [27/68] (3.65ns)   --->   "%empty_22 = writeresp i1 @_ssdm_op_WriteResp.m_axi.p1i512, i64 %gmem_addr" [edge_detect_tasks_V0.c:177]   --->   Operation 123 'writeresp' 'empty_22' <Predicate = true> <Delay = 3.65> <CoreInst = "m_axi">   --->   Core 125 'm_axi' <Latency = 0> <II = 1> <Delay = 1.00> <Adapter> <Opcode : 'read' 'write' 'readreq' 'writereq' 'writeresp'>

State 47 <SV = 46> <Delay = 3.65>
ST_47 : Operation 124 [26/68] (3.65ns)   --->   "%empty_22 = writeresp i1 @_ssdm_op_WriteResp.m_axi.p1i512, i64 %gmem_addr" [edge_detect_tasks_V0.c:177]   --->   Operation 124 'writeresp' 'empty_22' <Predicate = true> <Delay = 3.65> <CoreInst = "m_axi">   --->   Core 125 'm_axi' <Latency = 0> <II = 1> <Delay = 1.00> <Adapter> <Opcode : 'read' 'write' 'readreq' 'writereq' 'writeresp'>

State 48 <SV = 47> <Delay = 3.65>
ST_48 : Operation 125 [25/68] (3.65ns)   --->   "%empty_22 = writeresp i1 @_ssdm_op_WriteResp.m_axi.p1i512, i64 %gmem_addr" [edge_detect_tasks_V0.c:177]   --->   Operation 125 'writeresp' 'empty_22' <Predicate = true> <Delay = 3.65> <CoreInst = "m_axi">   --->   Core 125 'm_axi' <Latency = 0> <II = 1> <Delay = 1.00> <Adapter> <Opcode : 'read' 'write' 'readreq' 'writereq' 'writeresp'>

State 49 <SV = 48> <Delay = 3.65>
ST_49 : Operation 126 [24/68] (3.65ns)   --->   "%empty_22 = writeresp i1 @_ssdm_op_WriteResp.m_axi.p1i512, i64 %gmem_addr" [edge_detect_tasks_V0.c:177]   --->   Operation 126 'writeresp' 'empty_22' <Predicate = true> <Delay = 3.65> <CoreInst = "m_axi">   --->   Core 125 'm_axi' <Latency = 0> <II = 1> <Delay = 1.00> <Adapter> <Opcode : 'read' 'write' 'readreq' 'writereq' 'writeresp'>

State 50 <SV = 49> <Delay = 3.65>
ST_50 : Operation 127 [23/68] (3.65ns)   --->   "%empty_22 = writeresp i1 @_ssdm_op_WriteResp.m_axi.p1i512, i64 %gmem_addr" [edge_detect_tasks_V0.c:177]   --->   Operation 127 'writeresp' 'empty_22' <Predicate = true> <Delay = 3.65> <CoreInst = "m_axi">   --->   Core 125 'm_axi' <Latency = 0> <II = 1> <Delay = 1.00> <Adapter> <Opcode : 'read' 'write' 'readreq' 'writereq' 'writeresp'>

State 51 <SV = 50> <Delay = 3.65>
ST_51 : Operation 128 [22/68] (3.65ns)   --->   "%empty_22 = writeresp i1 @_ssdm_op_WriteResp.m_axi.p1i512, i64 %gmem_addr" [edge_detect_tasks_V0.c:177]   --->   Operation 128 'writeresp' 'empty_22' <Predicate = true> <Delay = 3.65> <CoreInst = "m_axi">   --->   Core 125 'm_axi' <Latency = 0> <II = 1> <Delay = 1.00> <Adapter> <Opcode : 'read' 'write' 'readreq' 'writereq' 'writeresp'>

State 52 <SV = 51> <Delay = 3.65>
ST_52 : Operation 129 [21/68] (3.65ns)   --->   "%empty_22 = writeresp i1 @_ssdm_op_WriteResp.m_axi.p1i512, i64 %gmem_addr" [edge_detect_tasks_V0.c:177]   --->   Operation 129 'writeresp' 'empty_22' <Predicate = true> <Delay = 3.65> <CoreInst = "m_axi">   --->   Core 125 'm_axi' <Latency = 0> <II = 1> <Delay = 1.00> <Adapter> <Opcode : 'read' 'write' 'readreq' 'writereq' 'writeresp'>

State 53 <SV = 52> <Delay = 3.65>
ST_53 : Operation 130 [20/68] (3.65ns)   --->   "%empty_22 = writeresp i1 @_ssdm_op_WriteResp.m_axi.p1i512, i64 %gmem_addr" [edge_detect_tasks_V0.c:177]   --->   Operation 130 'writeresp' 'empty_22' <Predicate = true> <Delay = 3.65> <CoreInst = "m_axi">   --->   Core 125 'm_axi' <Latency = 0> <II = 1> <Delay = 1.00> <Adapter> <Opcode : 'read' 'write' 'readreq' 'writereq' 'writeresp'>

State 54 <SV = 53> <Delay = 3.65>
ST_54 : Operation 131 [19/68] (3.65ns)   --->   "%empty_22 = writeresp i1 @_ssdm_op_WriteResp.m_axi.p1i512, i64 %gmem_addr" [edge_detect_tasks_V0.c:177]   --->   Operation 131 'writeresp' 'empty_22' <Predicate = true> <Delay = 3.65> <CoreInst = "m_axi">   --->   Core 125 'm_axi' <Latency = 0> <II = 1> <Delay = 1.00> <Adapter> <Opcode : 'read' 'write' 'readreq' 'writereq' 'writeresp'>

State 55 <SV = 54> <Delay = 3.65>
ST_55 : Operation 132 [18/68] (3.65ns)   --->   "%empty_22 = writeresp i1 @_ssdm_op_WriteResp.m_axi.p1i512, i64 %gmem_addr" [edge_detect_tasks_V0.c:177]   --->   Operation 132 'writeresp' 'empty_22' <Predicate = true> <Delay = 3.65> <CoreInst = "m_axi">   --->   Core 125 'm_axi' <Latency = 0> <II = 1> <Delay = 1.00> <Adapter> <Opcode : 'read' 'write' 'readreq' 'writereq' 'writeresp'>

State 56 <SV = 55> <Delay = 3.65>
ST_56 : Operation 133 [17/68] (3.65ns)   --->   "%empty_22 = writeresp i1 @_ssdm_op_WriteResp.m_axi.p1i512, i64 %gmem_addr" [edge_detect_tasks_V0.c:177]   --->   Operation 133 'writeresp' 'empty_22' <Predicate = true> <Delay = 3.65> <CoreInst = "m_axi">   --->   Core 125 'm_axi' <Latency = 0> <II = 1> <Delay = 1.00> <Adapter> <Opcode : 'read' 'write' 'readreq' 'writereq' 'writeresp'>

State 57 <SV = 56> <Delay = 3.65>
ST_57 : Operation 134 [16/68] (3.65ns)   --->   "%empty_22 = writeresp i1 @_ssdm_op_WriteResp.m_axi.p1i512, i64 %gmem_addr" [edge_detect_tasks_V0.c:177]   --->   Operation 134 'writeresp' 'empty_22' <Predicate = true> <Delay = 3.65> <CoreInst = "m_axi">   --->   Core 125 'm_axi' <Latency = 0> <II = 1> <Delay = 1.00> <Adapter> <Opcode : 'read' 'write' 'readreq' 'writereq' 'writeresp'>

State 58 <SV = 57> <Delay = 3.65>
ST_58 : Operation 135 [15/68] (3.65ns)   --->   "%empty_22 = writeresp i1 @_ssdm_op_WriteResp.m_axi.p1i512, i64 %gmem_addr" [edge_detect_tasks_V0.c:177]   --->   Operation 135 'writeresp' 'empty_22' <Predicate = true> <Delay = 3.65> <CoreInst = "m_axi">   --->   Core 125 'm_axi' <Latency = 0> <II = 1> <Delay = 1.00> <Adapter> <Opcode : 'read' 'write' 'readreq' 'writereq' 'writeresp'>

State 59 <SV = 58> <Delay = 3.65>
ST_59 : Operation 136 [14/68] (3.65ns)   --->   "%empty_22 = writeresp i1 @_ssdm_op_WriteResp.m_axi.p1i512, i64 %gmem_addr" [edge_detect_tasks_V0.c:177]   --->   Operation 136 'writeresp' 'empty_22' <Predicate = true> <Delay = 3.65> <CoreInst = "m_axi">   --->   Core 125 'm_axi' <Latency = 0> <II = 1> <Delay = 1.00> <Adapter> <Opcode : 'read' 'write' 'readreq' 'writereq' 'writeresp'>

State 60 <SV = 59> <Delay = 3.65>
ST_60 : Operation 137 [13/68] (3.65ns)   --->   "%empty_22 = writeresp i1 @_ssdm_op_WriteResp.m_axi.p1i512, i64 %gmem_addr" [edge_detect_tasks_V0.c:177]   --->   Operation 137 'writeresp' 'empty_22' <Predicate = true> <Delay = 3.65> <CoreInst = "m_axi">   --->   Core 125 'm_axi' <Latency = 0> <II = 1> <Delay = 1.00> <Adapter> <Opcode : 'read' 'write' 'readreq' 'writereq' 'writeresp'>

State 61 <SV = 60> <Delay = 3.65>
ST_61 : Operation 138 [12/68] (3.65ns)   --->   "%empty_22 = writeresp i1 @_ssdm_op_WriteResp.m_axi.p1i512, i64 %gmem_addr" [edge_detect_tasks_V0.c:177]   --->   Operation 138 'writeresp' 'empty_22' <Predicate = true> <Delay = 3.65> <CoreInst = "m_axi">   --->   Core 125 'm_axi' <Latency = 0> <II = 1> <Delay = 1.00> <Adapter> <Opcode : 'read' 'write' 'readreq' 'writereq' 'writeresp'>

State 62 <SV = 61> <Delay = 3.65>
ST_62 : Operation 139 [11/68] (3.65ns)   --->   "%empty_22 = writeresp i1 @_ssdm_op_WriteResp.m_axi.p1i512, i64 %gmem_addr" [edge_detect_tasks_V0.c:177]   --->   Operation 139 'writeresp' 'empty_22' <Predicate = true> <Delay = 3.65> <CoreInst = "m_axi">   --->   Core 125 'm_axi' <Latency = 0> <II = 1> <Delay = 1.00> <Adapter> <Opcode : 'read' 'write' 'readreq' 'writereq' 'writeresp'>

State 63 <SV = 62> <Delay = 3.65>
ST_63 : Operation 140 [10/68] (3.65ns)   --->   "%empty_22 = writeresp i1 @_ssdm_op_WriteResp.m_axi.p1i512, i64 %gmem_addr" [edge_detect_tasks_V0.c:177]   --->   Operation 140 'writeresp' 'empty_22' <Predicate = true> <Delay = 3.65> <CoreInst = "m_axi">   --->   Core 125 'm_axi' <Latency = 0> <II = 1> <Delay = 1.00> <Adapter> <Opcode : 'read' 'write' 'readreq' 'writereq' 'writeresp'>

State 64 <SV = 63> <Delay = 3.65>
ST_64 : Operation 141 [9/68] (3.65ns)   --->   "%empty_22 = writeresp i1 @_ssdm_op_WriteResp.m_axi.p1i512, i64 %gmem_addr" [edge_detect_tasks_V0.c:177]   --->   Operation 141 'writeresp' 'empty_22' <Predicate = true> <Delay = 3.65> <CoreInst = "m_axi">   --->   Core 125 'm_axi' <Latency = 0> <II = 1> <Delay = 1.00> <Adapter> <Opcode : 'read' 'write' 'readreq' 'writereq' 'writeresp'>

State 65 <SV = 64> <Delay = 3.65>
ST_65 : Operation 142 [8/68] (3.65ns)   --->   "%empty_22 = writeresp i1 @_ssdm_op_WriteResp.m_axi.p1i512, i64 %gmem_addr" [edge_detect_tasks_V0.c:177]   --->   Operation 142 'writeresp' 'empty_22' <Predicate = true> <Delay = 3.65> <CoreInst = "m_axi">   --->   Core 125 'm_axi' <Latency = 0> <II = 1> <Delay = 1.00> <Adapter> <Opcode : 'read' 'write' 'readreq' 'writereq' 'writeresp'>

State 66 <SV = 65> <Delay = 3.65>
ST_66 : Operation 143 [7/68] (3.65ns)   --->   "%empty_22 = writeresp i1 @_ssdm_op_WriteResp.m_axi.p1i512, i64 %gmem_addr" [edge_detect_tasks_V0.c:177]   --->   Operation 143 'writeresp' 'empty_22' <Predicate = true> <Delay = 3.65> <CoreInst = "m_axi">   --->   Core 125 'm_axi' <Latency = 0> <II = 1> <Delay = 1.00> <Adapter> <Opcode : 'read' 'write' 'readreq' 'writereq' 'writeresp'>

State 67 <SV = 66> <Delay = 3.65>
ST_67 : Operation 144 [6/68] (3.65ns)   --->   "%empty_22 = writeresp i1 @_ssdm_op_WriteResp.m_axi.p1i512, i64 %gmem_addr" [edge_detect_tasks_V0.c:177]   --->   Operation 144 'writeresp' 'empty_22' <Predicate = true> <Delay = 3.65> <CoreInst = "m_axi">   --->   Core 125 'm_axi' <Latency = 0> <II = 1> <Delay = 1.00> <Adapter> <Opcode : 'read' 'write' 'readreq' 'writereq' 'writeresp'>

State 68 <SV = 67> <Delay = 3.65>
ST_68 : Operation 145 [5/68] (3.65ns)   --->   "%empty_22 = writeresp i1 @_ssdm_op_WriteResp.m_axi.p1i512, i64 %gmem_addr" [edge_detect_tasks_V0.c:177]   --->   Operation 145 'writeresp' 'empty_22' <Predicate = true> <Delay = 3.65> <CoreInst = "m_axi">   --->   Core 125 'm_axi' <Latency = 0> <II = 1> <Delay = 1.00> <Adapter> <Opcode : 'read' 'write' 'readreq' 'writereq' 'writeresp'>

State 69 <SV = 68> <Delay = 3.65>
ST_69 : Operation 146 [4/68] (3.65ns)   --->   "%empty_22 = writeresp i1 @_ssdm_op_WriteResp.m_axi.p1i512, i64 %gmem_addr" [edge_detect_tasks_V0.c:177]   --->   Operation 146 'writeresp' 'empty_22' <Predicate = true> <Delay = 3.65> <CoreInst = "m_axi">   --->   Core 125 'm_axi' <Latency = 0> <II = 1> <Delay = 1.00> <Adapter> <Opcode : 'read' 'write' 'readreq' 'writereq' 'writeresp'>

State 70 <SV = 69> <Delay = 3.65>
ST_70 : Operation 147 [3/68] (3.65ns)   --->   "%empty_22 = writeresp i1 @_ssdm_op_WriteResp.m_axi.p1i512, i64 %gmem_addr" [edge_detect_tasks_V0.c:177]   --->   Operation 147 'writeresp' 'empty_22' <Predicate = true> <Delay = 3.65> <CoreInst = "m_axi">   --->   Core 125 'm_axi' <Latency = 0> <II = 1> <Delay = 1.00> <Adapter> <Opcode : 'read' 'write' 'readreq' 'writereq' 'writeresp'>

State 71 <SV = 70> <Delay = 3.65>
ST_71 : Operation 148 [2/68] (3.65ns)   --->   "%empty_22 = writeresp i1 @_ssdm_op_WriteResp.m_axi.p1i512, i64 %gmem_addr" [edge_detect_tasks_V0.c:177]   --->   Operation 148 'writeresp' 'empty_22' <Predicate = true> <Delay = 3.65> <CoreInst = "m_axi">   --->   Core 125 'm_axi' <Latency = 0> <II = 1> <Delay = 1.00> <Adapter> <Opcode : 'read' 'write' 'readreq' 'writereq' 'writeresp'>

State 72 <SV = 71> <Delay = 3.65>
ST_72 : Operation 149 [1/1] (0.00ns)   --->   "%spectopmodule_ln161 = spectopmodule void @_ssdm_op_SpecTopModule, void @empty_9" [edge_detect_tasks_V0.c:161]   --->   Operation 149 'spectopmodule' 'spectopmodule_ln161' <Predicate = true> <Delay = 0.00>
ST_72 : Operation 150 [1/1] (0.00ns)   --->   "%specinterface_ln161 = specinterface void @_ssdm_op_SpecInterface, i32 0, void @empty_10, i32 0, i32 0, void @empty_0, i32 0, i32 0, void @empty_0, void @empty_0, void @empty_0, i32 0, i32 0, i32 0, i32 0, void @empty_0, void @empty_0, i32 4294967295, i32 0" [edge_detect_tasks_V0.c:161]   --->   Operation 150 'specinterface' 'specinterface_ln161' <Predicate = true> <Delay = 0.00>
ST_72 : Operation 151 [1/1] (0.00ns)   --->   "%specinterface_ln0 = specinterface void @_ssdm_op_SpecInterface, i512 %gmem, void @empty, i32 0, i32 0, void @empty_0, i32 64, i32 0, void @empty_1, void @empty_2, void @empty_0, i32 16, i32 16, i32 16, i32 16, void @empty_0, void @empty_0, i32 4294967295, i32 0"   --->   Operation 151 'specinterface' 'specinterface_ln0' <Predicate = true> <Delay = 0.00>
ST_72 : Operation 152 [1/1] (0.00ns)   --->   "%specbitsmap_ln0 = specbitsmap void @_ssdm_op_SpecBitsMap, i512 %gmem"   --->   Operation 152 'specbitsmap' 'specbitsmap_ln0' <Predicate = true> <Delay = 0.00>
ST_72 : Operation 153 [1/1] (0.00ns)   --->   "%specinterface_ln0 = specinterface void @_ssdm_op_SpecInterface, i64 %input_image, void @empty_3, i32 0, i32 0, void @empty_0, i32 0, i32 0, void @empty_4, void @empty_5, void @empty_0, i32 0, i32 0, i32 0, i32 0, void @empty_0, void @empty_6, i32 4294967295, i32 0"   --->   Operation 153 'specinterface' 'specinterface_ln0' <Predicate = true> <Delay = 0.00>
ST_72 : Operation 154 [1/1] (0.00ns)   --->   "%specinterface_ln0 = specinterface void @_ssdm_op_SpecInterface, i64 %input_image, void @empty_7, i32 0, i32 0, void @empty_0, i32 0, i32 0, void @empty_0, void @empty_0, void @empty_0, i32 0, i32 0, i32 0, i32 0, void @empty_0, void @empty_6, i32 4294967295, i32 0"   --->   Operation 154 'specinterface' 'specinterface_ln0' <Predicate = true> <Delay = 0.00>
ST_72 : Operation 155 [1/1] (0.00ns)   --->   "%specinterface_ln0 = specinterface void @_ssdm_op_SpecInterface, i64 %output_image, void @empty_3, i32 0, i32 0, void @empty_0, i32 0, i32 0, void @empty_4, void @empty_8, void @empty_0, i32 0, i32 0, i32 0, i32 0, void @empty_0, void @empty_6, i32 4294967295, i32 0"   --->   Operation 155 'specinterface' 'specinterface_ln0' <Predicate = true> <Delay = 0.00>
ST_72 : Operation 156 [1/1] (0.00ns)   --->   "%specinterface_ln0 = specinterface void @_ssdm_op_SpecInterface, i64 %output_image, void @empty_7, i32 0, i32 0, void @empty_0, i32 0, i32 0, void @empty_0, void @empty_0, void @empty_0, i32 0, i32 0, i32 0, i32 0, void @empty_0, void @empty_6, i32 4294967295, i32 0"   --->   Operation 156 'specinterface' 'specinterface_ln0' <Predicate = true> <Delay = 0.00>
ST_72 : Operation 157 [1/1] (0.00ns)   --->   "%specinterface_ln0 = specinterface void @_ssdm_op_SpecInterface, i32 0, void @empty_3, i32 0, i32 0, void @empty_0, i32 0, i32 0, void @empty_4, void @empty_0, void @empty_0, i32 0, i32 0, i32 0, i32 0, void @empty_0, void @empty_0, i32 4294967295, i32 0"   --->   Operation 157 'specinterface' 'specinterface_ln0' <Predicate = true> <Delay = 0.00>
ST_72 : Operation 158 [1/68] (3.65ns)   --->   "%empty_22 = writeresp i1 @_ssdm_op_WriteResp.m_axi.p1i512, i64 %gmem_addr" [edge_detect_tasks_V0.c:177]   --->   Operation 158 'writeresp' 'empty_22' <Predicate = true> <Delay = 3.65> <CoreInst = "m_axi">   --->   Core 125 'm_axi' <Latency = 0> <II = 1> <Delay = 1.00> <Adapter> <Opcode : 'read' 'write' 'readreq' 'writereq' 'writeresp'>
ST_72 : Operation 159 [1/1] (0.00ns)   --->   "%ret_ln177 = ret" [edge_detect_tasks_V0.c:177]   --->   Operation 159 'ret' 'ret_ln177' <Predicate = true> <Delay = 0.00>


============================================================
+ Verbose Summary: Binding
============================================================
STG Binding: 
---------------- STG Properties BEGIN ----------------
- Is combinational: 0
- Is one-state seq: 0
- Is datapath-only: 0
- Is pipelined: 0
- Is top level: 1
Port [ Return ] is wired: 1; IO mode=ap_ctrl_chain:ce=0
Port [ gmem]:  wired=1; compound=1; hidden=0; nouse=0; global=0; static=0; extern=0; dir=2; type=4; pingpong=0; private_global=0; IO mode=m_axi:ce=0
Port [ input_image]:  wired=1; compound=0; hidden=0; nouse=0; global=0; static=0; extern=0; dir=0; type=0; pingpong=0; private_global=0; IO mode=ap_none:ce=0
Port [ output_image]:  wired=1; compound=0; hidden=0; nouse=0; global=0; static=0; extern=0; dir=0; type=0; pingpong=0; private_global=0; IO mode=ap_none:ce=0
Port [ mask_table]:  wired=0; compound=1; hidden=1; nouse=1; global=1; static=1; extern=0; dir=0; type=1; pingpong=0; private_global=0; MemPort=[1]; IO mode=ap_memory:ce=0
---------------- STG Properties END ------------------

---------------- Datapath Model BEGIN ----------------

<LifeTime>
<method=bitvector/>
output_image_read   (read         ) [ 0000000000000000000000000000000000000000000000000000000000000000000000000]
trunc_ln            (partselect   ) [ 0011100000000000000000000000000000000000000000000000000000000000000000000]
sext_ln165          (sext         ) [ 0000000000000000000000000000000000000000000000000000000000000000000000000]
gmem_addr           (getelementptr) [ 0001111111111111111111111111111111111111111111111111111111111111111111111]
empty               (writereq     ) [ 0000000000000000000000000000000000000000000000000000000000000000000000000]
input_image_read    (read         ) [ 0000100000000000000000000000000000000000000000000000000000000000000000000]
trunc_ln169         (trunc        ) [ 0000100000000000000000000000000000000000000000000000000000000000000000000]
call_ln165          (call         ) [ 0000000000000000000000000000000000000000000000000000000000000000000000000]
spectopmodule_ln161 (spectopmodule) [ 0000000000000000000000000000000000000000000000000000000000000000000000000]
specinterface_ln161 (specinterface) [ 0000000000000000000000000000000000000000000000000000000000000000000000000]
specinterface_ln0   (specinterface) [ 0000000000000000000000000000000000000000000000000000000000000000000000000]
specbitsmap_ln0     (specbitsmap  ) [ 0000000000000000000000000000000000000000000000000000000000000000000000000]
specinterface_ln0   (specinterface) [ 0000000000000000000000000000000000000000000000000000000000000000000000000]
specinterface_ln0   (specinterface) [ 0000000000000000000000000000000000000000000000000000000000000000000000000]
specinterface_ln0   (specinterface) [ 0000000000000000000000000000000000000000000000000000000000000000000000000]
specinterface_ln0   (specinterface) [ 0000000000000000000000000000000000000000000000000000000000000000000000000]
specinterface_ln0   (specinterface) [ 0000000000000000000000000000000000000000000000000000000000000000000000000]
empty_22            (writeresp    ) [ 0000000000000000000000000000000000000000000000000000000000000000000000000]
ret_ln177           (ret          ) [ 0000000000000000000000000000000000000000000000000000000000000000000000000]
</LifeTime>

<model>

<comp_list>
<comp id="0" class="1000" name="gmem">
<pin_list>
<pin id="1" dir="1" index="0" bw="1" slack="0"/>
</pin_list>
<bind>
<StgValue><ssdm name="gmem"/></StgValue>
</bind>
</comp>

<comp id="2" class="1000" name="input_image">
<pin_list>
<pin id="3" dir="1" index="0" bw="1" slack="0"/>
</pin_list>
<bind>
<StgValue><ssdm name="input_image"/></StgValue>
</bind>
</comp>

<comp id="4" class="1000" name="output_image">
<pin_list>
<pin id="5" dir="1" index="0" bw="1" slack="0"/>
</pin_list>
<bind>
<StgValue><ssdm name="output_image"/></StgValue>
</bind>
</comp>

<comp id="6" class="1000" name="mask_table">
<pin_list>
<pin id="7" dir="1" index="0" bw="1" slack="0"/>
</pin_list>
<bind>
<StgValue><ssdm name="mask_table"/><MemPortTyVec>1 </MemPortTyVec>
</StgValue>
</bind>
</comp>

<comp id="8" class="1001" name="const_8">
<pin_list>
<pin id="9" dir="1" index="0" bw="1" slack="0"/>
</pin_list>
<bind>
<StgValue><ssdm name="_ssdm_op_Read.ap_none.i64"/></StgValue>
</bind>
</comp>

<comp id="10" class="1001" name="const_10">
<pin_list>
<pin id="11" dir="1" index="0" bw="1" slack="0"/>
</pin_list>
<bind>
<StgValue><ssdm name="_ssdm_op_PartSelect.i58.i64.i32.i32"/></StgValue>
</bind>
</comp>

<comp id="12" class="1001" name="const_12">
<pin_list>
<pin id="13" dir="1" index="0" bw="1" slack="0"/>
</pin_list>
<bind>
<StgValue><ssdm name=""/></StgValue>
</bind>
</comp>

<comp id="14" class="1001" name="const_14">
<pin_list>
<pin id="15" dir="1" index="0" bw="1" slack="0"/>
</pin_list>
<bind>
<StgValue><ssdm name=""/></StgValue>
</bind>
</comp>

<comp id="16" class="1001" name="const_16">
<pin_list>
<pin id="17" dir="1" index="0" bw="1" slack="0"/>
</pin_list>
<bind>
<StgValue><ssdm name="_ssdm_op_WriteReq.m_axi.p1i512"/></StgValue>
</bind>
</comp>

<comp id="18" class="1001" name="const_18">
<pin_list>
<pin id="19" dir="1" index="0" bw="1" slack="0"/>
</pin_list>
<bind>
<StgValue><ssdm name=""/></StgValue>
</bind>
</comp>

<comp id="20" class="1001" name="const_20">
<pin_list>
<pin id="21" dir="1" index="0" bw="1" slack="0"/>
</pin_list>
<bind>
<StgValue><ssdm name="rgbToGrayscale_Pipeline_VITIS_LOOP_165_1_VITIS_LOOP_167_2"/></StgValue>
</bind>
</comp>

<comp id="22" class="1001" name="const_22">
<pin_list>
<pin id="23" dir="1" index="0" bw="1" slack="0"/>
</pin_list>
<bind>
<StgValue><ssdm name="_ssdm_op_WriteResp.m_axi.p1i512"/></StgValue>
</bind>
</comp>

<comp id="24" class="1001" name="const_24">
<pin_list>
<pin id="25" dir="1" index="0" bw="1" slack="2147483647"/>
</pin_list>
<bind>
<StgValue><ssdm name="_ssdm_op_SpecTopModule"/></StgValue>
</bind>
</comp>

<comp id="26" class="1001" name="const_26">
<pin_list>
<pin id="27" dir="1" index="0" bw="1" slack="2147483647"/>
</pin_list>
<bind>
<StgValue><ssdm name="empty_9"/></StgValue>
</bind>
</comp>

<comp id="28" class="1001" name="const_28">
<pin_list>
<pin id="29" dir="1" index="0" bw="1" slack="2147483647"/>
</pin_list>
<bind>
<StgValue><ssdm name="_ssdm_op_SpecInterface"/></StgValue>
</bind>
</comp>

<comp id="30" class="1001" name="const_30">
<pin_list>
<pin id="31" dir="1" index="0" bw="1" slack="2147483647"/>
</pin_list>
<bind>
<StgValue><ssdm name=""/></StgValue>
</bind>
</comp>

<comp id="32" class="1001" name="const_32">
<pin_list>
<pin id="33" dir="1" index="0" bw="1" slack="2147483647"/>
</pin_list>
<bind>
<StgValue><ssdm name="empty_10"/></StgValue>
</bind>
</comp>

<comp id="34" class="1001" name="const_34">
<pin_list>
<pin id="35" dir="1" index="0" bw="1" slack="2147483647"/>
</pin_list>
<bind>
<StgValue><ssdm name="empty_0"/></StgValue>
</bind>
</comp>

<comp id="36" class="1001" name="const_36">
<pin_list>
<pin id="37" dir="1" index="0" bw="1" slack="2147483647"/>
</pin_list>
<bind>
<StgValue><ssdm name=""/></StgValue>
</bind>
</comp>

<comp id="38" class="1001" name="const_38">
<pin_list>
<pin id="39" dir="1" index="0" bw="1" slack="2147483647"/>
</pin_list>
<bind>
<StgValue><ssdm name="empty"/></StgValue>
</bind>
</comp>

<comp id="40" class="1001" name="const_40">
<pin_list>
<pin id="41" dir="1" index="0" bw="1" slack="2147483647"/>
</pin_list>
<bind>
<StgValue><ssdm name=""/></StgValue>
</bind>
</comp>

<comp id="42" class="1001" name="const_42">
<pin_list>
<pin id="43" dir="1" index="0" bw="1" slack="2147483647"/>
</pin_list>
<bind>
<StgValue><ssdm name="empty_1"/></StgValue>
</bind>
</comp>

<comp id="44" class="1001" name="const_44">
<pin_list>
<pin id="45" dir="1" index="0" bw="1" slack="2147483647"/>
</pin_list>
<bind>
<StgValue><ssdm name="empty_2"/></StgValue>
</bind>
</comp>

<comp id="46" class="1001" name="const_46">
<pin_list>
<pin id="47" dir="1" index="0" bw="1" slack="2147483647"/>
</pin_list>
<bind>
<StgValue><ssdm name=""/></StgValue>
</bind>
</comp>

<comp id="48" class="1001" name="const_48">
<pin_list>
<pin id="49" dir="1" index="0" bw="1" slack="2147483647"/>
</pin_list>
<bind>
<StgValue><ssdm name="_ssdm_op_SpecBitsMap"/></StgValue>
</bind>
</comp>

<comp id="50" class="1001" name="const_50">
<pin_list>
<pin id="51" dir="1" index="0" bw="1" slack="2147483647"/>
</pin_list>
<bind>
<StgValue><ssdm name="empty_3"/></StgValue>
</bind>
</comp>

<comp id="52" class="1001" name="const_52">
<pin_list>
<pin id="53" dir="1" index="0" bw="1" slack="2147483647"/>
</pin_list>
<bind>
<StgValue><ssdm name="empty_4"/></StgValue>
</bind>
</comp>

<comp id="54" class="1001" name="const_54">
<pin_list>
<pin id="55" dir="1" index="0" bw="1" slack="2147483647"/>
</pin_list>
<bind>
<StgValue><ssdm name="empty_5"/></StgValue>
</bind>
</comp>

<comp id="56" class="1001" name="const_56">
<pin_list>
<pin id="57" dir="1" index="0" bw="1" slack="2147483647"/>
</pin_list>
<bind>
<StgValue><ssdm name="empty_6"/></StgValue>
</bind>
</comp>

<comp id="58" class="1001" name="const_58">
<pin_list>
<pin id="59" dir="1" index="0" bw="1" slack="2147483647"/>
</pin_list>
<bind>
<StgValue><ssdm name="empty_7"/></StgValue>
</bind>
</comp>

<comp id="60" class="1001" name="const_60">
<pin_list>
<pin id="61" dir="1" index="0" bw="1" slack="2147483647"/>
</pin_list>
<bind>
<StgValue><ssdm name="empty_8"/></StgValue>
</bind>
</comp>

<comp id="62" class="1004" name="output_image_read_read_fu_62">
<pin_list>
<pin id="63" dir="0" index="0" bw="64" slack="0"/>
<pin id="64" dir="0" index="1" bw="64" slack="0"/>
<pin id="65" dir="1" index="2" bw="64" slack="0"/>
</pin_list>
<bind>
<opcode="read(1150) " fcode="read"/>
<opset="output_image_read/1 "/>
</bind>
</comp>

<comp id="68" class="1004" name="grp_writeresp_fu_68">
<pin_list>
<pin id="69" dir="0" index="0" bw="1" slack="0"/>
<pin id="70" dir="0" index="1" bw="512" slack="0"/>
<pin id="71" dir="0" index="2" bw="16" slack="0"/>
<pin id="72" dir="1" index="3" bw="1" slack="2147483647"/>
</pin_list>
<bind>
<opcode="writereq(1155) writeresp(1158) " fcode="writeresp"/>
<opset="empty/2 empty_22/5 "/>
</bind>
</comp>

<comp id="75" class="1004" name="input_image_read_read_fu_75">
<pin_list>
<pin id="76" dir="0" index="0" bw="64" slack="0"/>
<pin id="77" dir="0" index="1" bw="64" slack="0"/>
<pin id="78" dir="1" index="2" bw="64" slack="0"/>
</pin_list>
<bind>
<opcode="read(1150) " fcode="read"/>
<opset="input_image_read/3 "/>
</bind>
</comp>

<comp id="82" class="1004" name="grp_rgbToGrayscale_Pipeline_VITIS_LOOP_165_1_VITIS_LOOP_167_2_fu_82">
<pin_list>
<pin id="83" dir="0" index="0" bw="0" slack="0"/>
<pin id="84" dir="0" index="1" bw="512" slack="0"/>
<pin id="85" dir="0" index="2" bw="58" slack="2"/>
<pin id="86" dir="0" index="3" bw="64" slack="0"/>
<pin id="87" dir="0" index="4" bw="6" slack="0"/>
<pin id="88" dir="0" index="5" bw="52" slack="0"/>
<pin id="89" dir="1" index="6" bw="0" slack="2147483647"/>
</pin_list>
<bind>
<opcode="call(48) " fcode="call"/>
<opset="call_ln165/3 "/>
</bind>
</comp>

<comp id="94" class="1004" name="trunc_ln_fu_94">
<pin_list>
<pin id="95" dir="0" index="0" bw="58" slack="0"/>
<pin id="96" dir="0" index="1" bw="64" slack="0"/>
<pin id="97" dir="0" index="2" bw="4" slack="0"/>
<pin id="98" dir="0" index="3" bw="7" slack="0"/>
<pin id="99" dir="1" index="4" bw="58" slack="1"/>
</pin_list>
<bind>
<opcode="partselect(1002) " fcode="partselect"/>
<opset="trunc_ln/1 "/>
</bind>
</comp>

<comp id="104" class="1004" name="sext_ln165_fu_104">
<pin_list>
<pin id="105" dir="0" index="0" bw="58" slack="1"/>
<pin id="106" dir="1" index="1" bw="64" slack="0"/>
</pin_list>
<bind>
<opcode="sext(35) " fcode="sext"/>
<opset="sext_ln165/2 "/>
</bind>
</comp>

<comp id="107" class="1004" name="gmem_addr_fu_107">
<pin_list>
<pin id="108" dir="0" index="0" bw="64" slack="0"/>
<pin id="109" dir="0" index="1" bw="64" slack="0"/>
<pin id="110" dir="1" index="2" bw="64" slack="0"/>
</pin_list>
<bind>
<opcode="getelementptr(29) " fcode="getelementptr"/>
<opset="gmem_addr/2 "/>
</bind>
</comp>

<comp id="114" class="1004" name="trunc_ln169_fu_114">
<pin_list>
<pin id="115" dir="0" index="0" bw="64" slack="0"/>
<pin id="116" dir="1" index="1" bw="6" slack="0"/>
</pin_list>
<bind>
<opcode="trunc(33) " fcode="trunc"/>
<opset="trunc_ln169/3 "/>
</bind>
</comp>

<comp id="119" class="1005" name="trunc_ln_reg_119">
<pin_list>
<pin id="120" dir="0" index="0" bw="58" slack="1"/>
<pin id="121" dir="1" index="1" bw="58" slack="1"/>
</pin_list>
<bind>
<opset="trunc_ln "/>
</bind>
</comp>

<comp id="125" class="1005" name="gmem_addr_reg_125">
<pin_list>
<pin id="126" dir="0" index="0" bw="512" slack="3"/>
<pin id="127" dir="1" index="1" bw="512" slack="3"/>
</pin_list>
<bind>
<opset="gmem_addr "/>
</bind>
</comp>

<comp id="130" class="1005" name="input_image_read_reg_130">
<pin_list>
<pin id="131" dir="0" index="0" bw="64" slack="1"/>
<pin id="132" dir="1" index="1" bw="64" slack="1"/>
</pin_list>
<bind>
<opset="input_image_read "/>
</bind>
</comp>

<comp id="135" class="1005" name="trunc_ln169_reg_135">
<pin_list>
<pin id="136" dir="0" index="0" bw="6" slack="1"/>
<pin id="137" dir="1" index="1" bw="6" slack="1"/>
</pin_list>
<bind>
<opset="trunc_ln169 "/>
</bind>
</comp>

</comp_list>

<net_list>
<net id="66"><net_src comp="8" pin="0"/><net_sink comp="62" pin=0"/></net>

<net id="67"><net_src comp="4" pin="0"/><net_sink comp="62" pin=1"/></net>

<net id="73"><net_src comp="16" pin="0"/><net_sink comp="68" pin=0"/></net>

<net id="74"><net_src comp="18" pin="0"/><net_sink comp="68" pin=2"/></net>

<net id="79"><net_src comp="8" pin="0"/><net_sink comp="75" pin=0"/></net>

<net id="80"><net_src comp="2" pin="0"/><net_sink comp="75" pin=1"/></net>

<net id="81"><net_src comp="22" pin="0"/><net_sink comp="68" pin=0"/></net>

<net id="90"><net_src comp="20" pin="0"/><net_sink comp="82" pin=0"/></net>

<net id="91"><net_src comp="0" pin="0"/><net_sink comp="82" pin=1"/></net>

<net id="92"><net_src comp="75" pin="2"/><net_sink comp="82" pin=3"/></net>

<net id="93"><net_src comp="6" pin="0"/><net_sink comp="82" pin=5"/></net>

<net id="100"><net_src comp="10" pin="0"/><net_sink comp="94" pin=0"/></net>

<net id="101"><net_src comp="62" pin="2"/><net_sink comp="94" pin=1"/></net>

<net id="102"><net_src comp="12" pin="0"/><net_sink comp="94" pin=2"/></net>

<net id="103"><net_src comp="14" pin="0"/><net_sink comp="94" pin=3"/></net>

<net id="111"><net_src comp="0" pin="0"/><net_sink comp="107" pin=0"/></net>

<net id="112"><net_src comp="104" pin="1"/><net_sink comp="107" pin=1"/></net>

<net id="113"><net_src comp="107" pin="2"/><net_sink comp="68" pin=1"/></net>

<net id="117"><net_src comp="75" pin="2"/><net_sink comp="114" pin=0"/></net>

<net id="118"><net_src comp="114" pin="1"/><net_sink comp="82" pin=4"/></net>

<net id="122"><net_src comp="94" pin="4"/><net_sink comp="119" pin=0"/></net>

<net id="123"><net_src comp="119" pin="1"/><net_sink comp="104" pin=0"/></net>

<net id="124"><net_src comp="119" pin="1"/><net_sink comp="82" pin=2"/></net>

<net id="128"><net_src comp="107" pin="2"/><net_sink comp="125" pin=0"/></net>

<net id="129"><net_src comp="125" pin="1"/><net_sink comp="68" pin=1"/></net>

<net id="133"><net_src comp="75" pin="2"/><net_sink comp="130" pin=0"/></net>

<net id="134"><net_src comp="130" pin="1"/><net_sink comp="82" pin=3"/></net>

<net id="138"><net_src comp="114" pin="1"/><net_sink comp="135" pin=0"/></net>

<net id="139"><net_src comp="135" pin="1"/><net_sink comp="82" pin=4"/></net>

</net_list>

</model> 
---------------- Datapath Model END ------------------

* FSMD analyzer results:
  - Output states:
	Port: gmem | {2 3 4 5 6 7 8 9 10 11 12 13 14 15 16 17 18 19 20 21 22 23 24 25 26 27 28 29 30 31 32 33 34 35 36 37 38 39 40 41 42 43 44 45 46 47 48 49 50 51 52 53 54 55 56 57 58 59 60 61 62 63 64 65 66 67 68 69 70 71 72 }
 - Input state : 
	Port: rgbToGrayscale : gmem | {3 4 }
	Port: rgbToGrayscale : input_image | {3 }
	Port: rgbToGrayscale : output_image | {1 }
	Port: rgbToGrayscale : mask_table | {3 4 }
  - Chain level:
	State 1
	State 2
		gmem_addr : 1
		empty : 2
	State 3
		call_ln165 : 1
	State 4
	State 5
	State 6
	State 7
	State 8
	State 9
	State 10
	State 11
	State 12
	State 13
	State 14
	State 15
	State 16
	State 17
	State 18
	State 19
	State 20
	State 21
	State 22
	State 23
	State 24
	State 25
	State 26
	State 27
	State 28
	State 29
	State 30
	State 31
	State 32
	State 33
	State 34
	State 35
	State 36
	State 37
	State 38
	State 39
	State 40
	State 41
	State 42
	State 43
	State 44
	State 45
	State 46
	State 47
	State 48
	State 49
	State 50
	State 51
	State 52
	State 53
	State 54
	State 55
	State 56
	State 57
	State 58
	State 59
	State 60
	State 61
	State 62
	State 63
	State 64
	State 65
	State 66
	State 67
	State 68
	State 69
	State 70
	State 71
	State 72


============================================================
+ Verbose Summary: Datapath Resource usage 
============================================================

* Functional unit list:
|----------|---------------------------------------------------------------------|---------|---------|---------|---------|
| Operation|                           Functional Unit                           |   DSP   |  Delay  |    FF   |   LUT   |
|----------|---------------------------------------------------------------------|---------|---------|---------|---------|
|   call   | grp_rgbToGrayscale_Pipeline_VITIS_LOOP_165_1_VITIS_LOOP_167_2_fu_82 |    6    |  5.073  |   6451  |  10441  |
|----------|---------------------------------------------------------------------|---------|---------|---------|---------|
|   read   |                     output_image_read_read_fu_62                    |    0    |    0    |    0    |    0    |
|          |                     input_image_read_read_fu_75                     |    0    |    0    |    0    |    0    |
|----------|---------------------------------------------------------------------|---------|---------|---------|---------|
| writeresp|                         grp_writeresp_fu_68                         |    0    |    0    |    0    |    0    |
|----------|---------------------------------------------------------------------|---------|---------|---------|---------|
|partselect|                            trunc_ln_fu_94                           |    0    |    0    |    0    |    0    |
|----------|---------------------------------------------------------------------|---------|---------|---------|---------|
|   sext   |                          sext_ln165_fu_104                          |    0    |    0    |    0    |    0    |
|----------|---------------------------------------------------------------------|---------|---------|---------|---------|
|   trunc  |                          trunc_ln169_fu_114                         |    0    |    0    |    0    |    0    |
|----------|---------------------------------------------------------------------|---------|---------|---------|---------|
|   Total  |                                                                     |    6    |  5.073  |   6451  |  10441  |
|----------|---------------------------------------------------------------------|---------|---------|---------|---------|

Memories:
+----------+--------+--------+--------+
|          |  BRAM  |   FF   |   LUT  |
+----------+--------+--------+--------+
|mask_table|    0   |   64   |   65   |
+----------+--------+--------+--------+
|   Total  |    0   |   64   |   65   |
+----------+--------+--------+--------+

* Register list:
+------------------------+--------+
|                        |   FF   |
+------------------------+--------+
|    gmem_addr_reg_125   |   512  |
|input_image_read_reg_130|   64   |
|   trunc_ln169_reg_135  |    6   |
|    trunc_ln_reg_119    |   58   |
+------------------------+--------+
|          Total         |   640  |
+------------------------+--------+

* Multiplexer (MUX) list: 
|---------------------------------------------------------------------|------|------|------|--------||---------||---------|
|                                 Comp                                |  Pin | Size |  BW  | S x BW ||  Delay  ||   LUT   |
|---------------------------------------------------------------------|------|------|------|--------||---------||---------|
|                         grp_writeresp_fu_68                         |  p0  |   2  |   1  |    2   |
|                         grp_writeresp_fu_68                         |  p1  |   2  |  512 |  1024  ||   121   |
| grp_rgbToGrayscale_Pipeline_VITIS_LOOP_165_1_VITIS_LOOP_167_2_fu_82 |  p3  |   2  |  64  |   128  ||    58   |
| grp_rgbToGrayscale_Pipeline_VITIS_LOOP_165_1_VITIS_LOOP_167_2_fu_82 |  p4  |   2  |   6  |   12   ||    5    |
|---------------------------------------------------------------------|------|------|------|--------||---------||---------|
|                                Total                                |      |      |      |  1166  ||  1.761  ||   184   |
|---------------------------------------------------------------------|------|------|------|--------||---------||---------|



* Summary:
+-----------+--------+--------+--------+--------+--------+
|           |  BRAM  |   DSP  |  Delay |   FF   |   LUT  |
+-----------+--------+--------+--------+--------+--------+
|  Function |    -   |    6   |    5   |  6451  |  10441 |
|   Memory  |    0   |    -   |    -   |   64   |   65   |
|Multiplexer|    -   |    -   |    1   |    -   |   184  |
|  Register |    -   |    -   |    -   |   640  |    -   |
+-----------+--------+--------+--------+--------+--------+
|   Total   |    0   |    6   |    6   |  7155  |  10690 |
+-----------+--------+--------+--------+--------+--------+
