==============================================================
Vitis HLS - High-Level Synthesis from C, C++ and OpenCL v2022.1 (64-bit)
Tool Version Limit: 2022.04
Copyright 1986-2022 Xilinx, Inc. All Rights Reserved.
==============================================================
INFO: [SYN 201-201] Setting up clock 'default' with a period of 5ns.
INFO: [HLS 200-1611] Setting target device to 'xcvc1902-vsva2197-2MP-e-S'
INFO: [HLS 200-1505] Using flow_target 'vitis'
INFO: [HLS 200-435] Setting 'open_solution -flow_target vitis' configuration: config_interface -m_axi_latency=64
INFO: [HLS 200-435] Setting 'open_solution -flow_target vitis' configuration: config_interface -m_axi_alignment_byte_size=64
INFO: [HLS 200-435] Setting 'open_solution -flow_target vitis' configuration: config_interface -m_axi_max_widen_bitwidth=512
INFO: [HLS 200-435] Setting 'open_solution -flow_target vitis' configuration: config_rtl -register_reset_num=3
INFO: [HLS 200-1510] Running: set_part xcvc1902-vsva2197-2MP-e-S 
INFO: [HLS 200-1510] Running: create_clock -period 5 -name default 
INFO: [SYN 201-201] Setting up clock 'default' with a period of 5ns.
INFO: [HLS 200-1510] Running: csynth_design 
INFO: [HLS 200-111] Finished File checks and directory preparation: CPU user time: 0 seconds. CPU system time: 0 seconds. Elapsed time: 0.016 seconds; current allocated memory: 1.442 GB.
INFO: [HLS 200-10] Analyzing design file 'edge_detect_tasks_baseline.c' ... 
INFO: [HLS 200-10] Analyzing design file 'edge_detect_tasks_V2_const.c' ... 
WARNING: [HLS 207-3964] return type of 'main' is not 'int' (edge_detect_tasks_V2_const.c:97:1)
INFO: [HLS 207-4284] change return type to 'int' (edge_detect_tasks_V2_const.c:97:1)
INFO: [HLS 200-10] Analyzing design file 'edge_detect_tasks_V2.c' ... 
WARNING: [HLS 207-3964] return type of 'main' is not 'int' (edge_detect_tasks_V2.c:100:1)
INFO: [HLS 207-4284] change return type to 'int' (edge_detect_tasks_V2.c:100:1)
INFO: [HLS 200-10] Analyzing design file 'edge_detect_tasks_V1_const.c' ... 
WARNING: [HLS 207-3964] return type of 'main' is not 'int' (edge_detect_tasks_V1_const.c:101:1)
INFO: [HLS 207-4284] change return type to 'int' (edge_detect_tasks_V1_const.c:101:1)
INFO: [HLS 200-10] Analyzing design file 'edge_detect_tasks_V1.c' ... 
WARNING: [HLS 207-3964] return type of 'main' is not 'int' (edge_detect_tasks_V1.c:98:1)
INFO: [HLS 207-4284] change return type to 'int' (edge_detect_tasks_V1.c:98:1)
INFO: [HLS 200-10] Analyzing design file 'edge_detect_tasks_V0_const.c' ... 
WARNING: [HLS 207-3964] return type of 'main' is not 'int' (edge_detect_tasks_V0_const.c:100:1)
INFO: [HLS 207-4284] change return type to 'int' (edge_detect_tasks_V0_const.c:100:1)
INFO: [HLS 200-10] Analyzing design file 'edge_detect_tasks_V0.c' ... 
INFO: [HLS 200-111] Finished Source Code Analysis and Preprocessing: CPU user time: 1 seconds. CPU system time: 0 seconds. Elapsed time: 6.428 seconds; current allocated memory: 1.442 GB.
INFO: [HLS 200-111] Finished Command csynth_design CPU user time: 1 seconds. CPU system time: 0 seconds. Elapsed time: 6.502 seconds; current allocated memory: 0.000 MB.
INFO: [HLS 200-112] Total CPU user time: 5 seconds. Total CPU system time: 1 seconds. Total elapsed time: 9.077 seconds; peak allocated memory: 1.442 GB.
==============================================================
Vitis HLS - High-Level Synthesis from C, C++ and OpenCL v2022.1 (64-bit)
Tool Version Limit: 2022.04
Copyright 1986-2022 Xilinx, Inc. All Rights Reserved.
==============================================================
INFO: [SYN 201-201] Setting up clock 'default' with a period of 5ns.
INFO: [HLS 200-1611] Setting target device to 'xcvc1902-vsva2197-2MP-e-S'
INFO: [HLS 200-1505] Using flow_target 'vitis'
INFO: [HLS 200-435] Setting 'open_solution -flow_target vitis' configuration: config_interface -m_axi_latency=64
INFO: [HLS 200-435] Setting 'open_solution -flow_target vitis' configuration: config_interface -m_axi_alignment_byte_size=64
INFO: [HLS 200-435] Setting 'open_solution -flow_target vitis' configuration: config_interface -m_axi_max_widen_bitwidth=512
INFO: [HLS 200-435] Setting 'open_solution -flow_target vitis' configuration: config_rtl -register_reset_num=3
INFO: [HLS 200-1510] Running: set_part xcvc1902-vsva2197-2MP-e-S 
INFO: [HLS 200-1510] Running: create_clock -period 5 -name default 
INFO: [SYN 201-201] Setting up clock 'default' with a period of 5ns.
INFO: [HLS 200-1510] Running: csynth_design 
INFO: [HLS 200-111] Finished File checks and directory preparation: CPU user time: 0 seconds. CPU system time: 0 seconds. Elapsed time: 0.016 seconds; current allocated memory: 1.442 GB.
INFO: [HLS 200-10] Analyzing design file 'edge_detect_tasks_V0.c' ... 
INFO: [HLS 200-111] Finished Source Code Analysis and Preprocessing: CPU user time: 0 seconds. CPU system time: 0 seconds. Elapsed time: 0.781 seconds; current allocated memory: 1.442 GB.
INFO: [HLS 200-777] Using interface defaults for 'Vitis' flow target.
INFO: [HLS 214-131] Inlining function 'ssdm_int<64, false>::ssdm_int(unsigned long)' into 'ap_int_base<64, false>::ap_int_base(unsigned long long)' (r:/ci/prod/2022.1/rdi_builds/continuous/2022_04_18_3526262/src/shared/hls/clib/include/header_files\ap_int_base.h:219:72)
INFO: [HLS 214-131] Inlining function 'ap_int_base<64, false>::ap_int_base(unsigned long long)' into 'ap_uint<64>::ap_uint(unsigned long long)' (r:/ci/prod/2022.1/rdi_builds/continuous/2022_04_18_3526262/src/shared/hls/clib/include/header_files\ap_int.h:292:63)
INFO: [HLS 214-131] Inlining function 'ap_bit_ref<64, false>::ap_bit_ref(ap_int_base<64, false>*, int)' into 'ap_int_base<64, false>::operator[](int)' (r:/ci/prod/2022.1/rdi_builds/continuous/2022_04_18_3526262/src/shared/hls/clib/include/header_files\ap_int_base.h:1129:30)
INFO: [HLS 214-131] Inlining function 'ap_bit_ref<1, false>::ap_bit_ref(ap_int_base<1, false>*, int)' into 'ap_int_base<1, false>::operator[](int)' (r:/ci/prod/2022.1/rdi_builds/continuous/2022_04_18_3526262/src/shared/hls/clib/include/header_files\ap_int_base.h:1129:30)
INFO: [HLS 214-131] Inlining function 'ap_bit_ref<64, false>::operator bool() const' into 'ap_bit_ref<1, false>& ap_bit_ref<1, false>::operator=<64, false>(ap_bit_ref<64, false> const&)' (r:/ci/prod/2022.1/rdi_builds/continuous/2022_04_18_3526262/src/shared/hls/clib/include/header_files\ap_int_ref.h:845:38)
INFO: [HLS 214-131] Inlining function 'ap_bit_ref<1, false>::operator=(unsigned long long)' into 'ap_bit_ref<1, false>& ap_bit_ref<1, false>::operator=<64, false>(ap_bit_ref<64, false> const&)' (r:/ci/prod/2022.1/rdi_builds/continuous/2022_04_18_3526262/src/shared/hls/clib/include/header_files\ap_int_ref.h:845:12)
INFO: [HLS 214-131] Inlining function 'ap_range_ref<64, false>::ap_range_ref(ap_int_base<64, false>*, int, int)' into 'ap_int_base<64, false>::range(int, int)' (r:/ci/prod/2022.1/rdi_builds/continuous/2022_04_18_3526262/src/shared/hls/clib/include/header_files\ap_int_base.h:1048:12)
INFO: [HLS 214-131] Inlining function 'ap_int_base<64, false>::range(int, int)' into 'ap_int_base<64, false>::operator()(int, int)' (r:/ci/prod/2022.1/rdi_builds/continuous/2022_04_18_3526262/src/shared/hls/clib/include/header_files\ap_int_base.h:1085:18)
INFO: [HLS 214-131] Inlining function 'ap_range_ref<11, false>::ap_range_ref(ap_int_base<11, false>*, int, int)' into 'ap_int_base<11, false>::range(int, int)' (r:/ci/prod/2022.1/rdi_builds/continuous/2022_04_18_3526262/src/shared/hls/clib/include/header_files\ap_int_base.h:1048:12)
INFO: [HLS 214-131] Inlining function 'ap_int_base<11, false>::range(int, int)' into 'ap_int_base<11, false>::operator()(int, int)' (r:/ci/prod/2022.1/rdi_builds/continuous/2022_04_18_3526262/src/shared/hls/clib/include/header_files\ap_int_base.h:1085:18)
INFO: [HLS 214-131] Inlining function 'ap_range_ref<64, false>::get() const' into 'ap_int_base<64, false>::ap_int_base<64, false>(ap_range_ref<64, false> const&)' (r:/ci/prod/2022.1/rdi_builds/continuous/2022_04_18_3526262/src/shared/hls/clib/include/header_files\ap_int_base.h:358:20)
INFO: [HLS 214-131] Inlining function '_ZN8ssdm_intILi11ELb0EEC2EDq11_j' into 'ap_int_base<11, false>::ap_int_base<64, false>(ap_int_base<64, false> const&)' (r:/ci/prod/2022.1/rdi_builds/continuous/2022_04_18_3526262/src/shared/hls/clib/include/header_files\ap_int_base.h:185:106)
INFO: [HLS 214-131] Inlining function 'ap_int_base<11, false>::ap_int_base<64, false>(ap_int_base<64, false> const&)' into 'ap_range_ref<11, false>& ap_range_ref<11, false>::operator=<64, false>(ap_int_base<64, false> const&)' (r:/ci/prod/2022.1/rdi_builds/continuous/2022_04_18_3526262/src/shared/hls/clib/include/header_files\ap_int_ref.h:367:31)
INFO: [HLS 214-131] Inlining function 'ap_int_base<64, false>::ap_int_base<64, false>(ap_range_ref<64, false> const&)' into 'ap_range_ref<11, false>& ap_range_ref<11, false>::operator=<64, false>(ap_range_ref<64, false> const&)' (r:/ci/prod/2022.1/rdi_builds/continuous/2022_04_18_3526262/src/shared/hls/clib/include/header_files\ap_int_ref.h:382:22)
INFO: [HLS 214-131] Inlining function 'ap_range_ref<11, false>& ap_range_ref<11, false>::operator=<64, false>(ap_int_base<64, false> const&)' into 'ap_range_ref<11, false>& ap_range_ref<11, false>::operator=<64, false>(ap_range_ref<64, false> const&)' (r:/ci/prod/2022.1/rdi_builds/continuous/2022_04_18_3526262/src/shared/hls/clib/include/header_files\ap_int_ref.h:382:12)
INFO: [HLS 214-131] Inlining function 'ap_range_ref<52, false>::ap_range_ref(ap_int_base<52, false>*, int, int)' into 'ap_int_base<52, false>::range(int, int)' (r:/ci/prod/2022.1/rdi_builds/continuous/2022_04_18_3526262/src/shared/hls/clib/include/header_files\ap_int_base.h:1048:12)
INFO: [HLS 214-131] Inlining function 'ap_int_base<52, false>::range(int, int)' into 'ap_int_base<52, false>::operator()(int, int)' (r:/ci/prod/2022.1/rdi_builds/continuous/2022_04_18_3526262/src/shared/hls/clib/include/header_files\ap_int_base.h:1085:18)
INFO: [HLS 214-131] Inlining function '_ZN8ssdm_intILi52ELb0EEC2EDq52_j' into 'ap_int_base<52, false>::ap_int_base<64, false>(ap_int_base<64, false> const&)' (r:/ci/prod/2022.1/rdi_builds/continuous/2022_04_18_3526262/src/shared/hls/clib/include/header_files\ap_int_base.h:185:106)
INFO: [HLS 214-131] Inlining function 'ap_int_base<52, false>::ap_int_base<64, false>(ap_int_base<64, false> const&)' into 'ap_range_ref<52, false>& ap_range_ref<52, false>::operator=<64, false>(ap_int_base<64, false> const&)' (r:/ci/prod/2022.1/rdi_builds/continuous/2022_04_18_3526262/src/shared/hls/clib/include/header_files\ap_int_ref.h:367:31)
INFO: [HLS 214-131] Inlining function 'ap_int_base<64, false>::ap_int_base<64, false>(ap_range_ref<64, false> const&)' into 'ap_range_ref<52, false>& ap_range_ref<52, false>::operator=<64, false>(ap_range_ref<64, false> const&)' (r:/ci/prod/2022.1/rdi_builds/continuous/2022_04_18_3526262/src/shared/hls/clib/include/header_files\ap_int_ref.h:382:22)
INFO: [HLS 214-131] Inlining function 'ap_range_ref<52, false>& ap_range_ref<52, false>::operator=<64, false>(ap_int_base<64, false> const&)' into 'ap_range_ref<52, false>& ap_range_ref<52, false>::operator=<64, false>(ap_range_ref<64, false> const&)' (r:/ci/prod/2022.1/rdi_builds/continuous/2022_04_18_3526262/src/shared/hls/clib/include/header_files\ap_int_ref.h:382:12)
INFO: [HLS 214-131] Inlining function 'ap_uint<64>::ap_uint(unsigned long long)' into 'fp_struct<double>::fp_struct(double)' (r:/ci/prod/2022.1/rdi_builds/continuous/2022_04_18_3526262/src/shared/hls/clib/src/hls\utils/x_hls_utils.h:488:28)
INFO: [HLS 214-131] Inlining function 'ap_range_ref<52, false>& ap_range_ref<52, false>::operator=<64, false>(ap_range_ref<64, false> const&)' into 'fp_struct<double>::fp_struct(double)' (r:/ci/prod/2022.1/rdi_builds/continuous/2022_04_18_3526262/src/shared/hls/clib/src/hls\utils/x_hls_utils.h:491:19)
INFO: [HLS 214-131] Inlining function 'ap_int_base<52, false>::operator()(int, int)' into 'fp_struct<double>::fp_struct(double)' (r:/ci/prod/2022.1/rdi_builds/continuous/2022_04_18_3526262/src/shared/hls/clib/src/hls\utils/x_hls_utils.h:491:9)
INFO: [HLS 214-131] Inlining function 'ap_int_base<64, false>::operator()(int, int)' into 'fp_struct<double>::fp_struct(double)' (r:/ci/prod/2022.1/rdi_builds/continuous/2022_04_18_3526262/src/shared/hls/clib/src/hls\utils/x_hls_utils.h:491:21)
INFO: [HLS 214-131] Inlining function 'ap_range_ref<11, false>& ap_range_ref<11, false>::operator=<64, false>(ap_range_ref<64, false> const&)' into 'fp_struct<double>::fp_struct(double)' (r:/ci/prod/2022.1/rdi_builds/continuous/2022_04_18_3526262/src/shared/hls/clib/src/hls\utils/x_hls_utils.h:490:19)
INFO: [HLS 214-131] Inlining function 'ap_int_base<11, false>::operator()(int, int)' into 'fp_struct<double>::fp_struct(double)' (r:/ci/prod/2022.1/rdi_builds/continuous/2022_04_18_3526262/src/shared/hls/clib/src/hls\utils/x_hls_utils.h:490:9)
INFO: [HLS 214-131] Inlining function 'ap_int_base<64, false>::operator()(int, int)' into 'fp_struct<double>::fp_struct(double)' (r:/ci/prod/2022.1/rdi_builds/continuous/2022_04_18_3526262/src/shared/hls/clib/src/hls\utils/x_hls_utils.h:490:21)
INFO: [HLS 214-131] Inlining function 'ap_bit_ref<1, false>& ap_bit_ref<1, false>::operator=<64, false>(ap_bit_ref<64, false> const&)' into 'fp_struct<double>::fp_struct(double)' (r:/ci/prod/2022.1/rdi_builds/continuous/2022_04_18_3526262/src/shared/hls/clib/src/hls\utils/x_hls_utils.h:489:17)
INFO: [HLS 214-131] Inlining function 'ap_int_base<1, false>::operator[](int)' into 'fp_struct<double>::fp_struct(double)' (r:/ci/prod/2022.1/rdi_builds/continuous/2022_04_18_3526262/src/shared/hls/clib/src/hls\utils/x_hls_utils.h:489:9)
INFO: [HLS 214-131] Inlining function 'ap_int_base<64, false>::operator[](int)' into 'fp_struct<double>::fp_struct(double)' (r:/ci/prod/2022.1/rdi_builds/continuous/2022_04_18_3526262/src/shared/hls/clib/src/hls\utils/x_hls_utils.h:489:19)
INFO: [HLS 214-131] Inlining function 'ssdm_int<32, true>::ssdm_int(int)' into 'ap_int_base<32, true>::ap_int_base(int)' (r:/ci/prod/2022.1/rdi_builds/continuous/2022_04_18_3526262/src/shared/hls/clib/include/header_files\ap_int_base.h:214:67)
INFO: [HLS 214-131] Inlining function 'ap_int_base<32, true>::ap_int_base(int)' into 'bool operator><11, false>(int, ap_int_base<11, false> const&)' (r:/ci/prod/2022.1/rdi_builds/continuous/2022_04_18_3526262/src/shared/hls/clib/include/header_files\ap_int_base.h:1788:144)
INFO: [HLS 214-131] Inlining function 'bool ap_int_base<32, true>::operator><11, false>(ap_int_base<11, false> const&) const' into 'bool operator><11, false>(int, ap_int_base<11, false> const&)' (r:/ci/prod/2022.1/rdi_builds/continuous/2022_04_18_3526262/src/shared/hls/clib/include/header_files\ap_int_base.h:1788:182)
INFO: [HLS 214-131] Inlining function 'ap_int_base<1, false>::to_int() const' into 'fp_struct<double>::__signbit() const' (r:/ci/prod/2022.1/rdi_builds/continuous/2022_04_18_3526262/src/shared/hls/clib/src/hls\utils/x_hls_utils.h:542:21)
INFO: [HLS 214-131] Inlining function 'ap_int_base<32, true>::ap_int_base(int)' into 'bool operator==<52, false>(ap_int_base<52, false> const&, int)' (r:/ci/prod/2022.1/rdi_builds/continuous/2022_04_18_3526262/src/shared/hls/clib/include/header_files\ap_int_base.h:1788:1853)
INFO: [HLS 214-131] Inlining function 'bool ap_int_base<52, false>::operator==<32, true>(ap_int_base<32, true> const&) const' into 'bool operator==<52, false>(ap_int_base<52, false> const&, int)' (r:/ci/prod/2022.1/rdi_builds/continuous/2022_04_18_3526262/src/shared/hls/clib/include/header_files\ap_int_base.h:1788:1850)
INFO: [HLS 214-131] Inlining function 'ap_int_base<32, true>::ap_int_base(int)' into 'bool operator==<11, false>(ap_int_base<11, false> const&, int)' (r:/ci/prod/2022.1/rdi_builds/continuous/2022_04_18_3526262/src/shared/hls/clib/include/header_files\ap_int_base.h:1788:1853)
INFO: [HLS 214-131] Inlining function 'bool ap_int_base<11, false>::operator==<32, true>(ap_int_base<32, true> const&) const' into 'bool operator==<11, false>(ap_int_base<11, false> const&, int)' (r:/ci/prod/2022.1/rdi_builds/continuous/2022_04_18_3526262/src/shared/hls/clib/include/header_files\ap_int_base.h:1788:1850)
INFO: [HLS 214-131] Inlining function 'ap_bit_ref<1, false>::ap_bit_ref(ap_int_base<1, false> const*, int)' into 'ap_int_base<1, false>::operator[](int) const' (r:/ci/prod/2022.1/rdi_builds/continuous/2022_04_18_3526262/src/shared/hls/clib/include/header_files\ap_int_base.h:1145:30)
INFO: [HLS 214-131] Inlining function 'ap_bit_ref<1, false>::to_bool() const' into 'ap_int_base<1, false>::operator[](int) const' (r:/ci/prod/2022.1/rdi_builds/continuous/2022_04_18_3526262/src/shared/hls/clib/include/header_files\ap_int_base.h:1146:15)
INFO: [HLS 214-131] Inlining function 'ap_range_ref<11, false>::ap_range_ref(ap_int_base<11, false>*, int, int)' into 'ap_int_base<11, false>::range(int, int) const' (r:/ci/prod/2022.1/rdi_builds/continuous/2022_04_18_3526262/src/shared/hls/clib/include/header_files\ap_int_base.h:1055:12)
INFO: [HLS 214-131] Inlining function 'ap_int_base<11, false>::range(int, int) const' into 'ap_int_base<11, false>::operator()(int, int) const' (r:/ci/prod/2022.1/rdi_builds/continuous/2022_04_18_3526262/src/shared/hls/clib/include/header_files\ap_int_base.h:1089:18)
INFO: [HLS 214-131] Inlining function 'ap_range_ref<11, false>::get() const' into 'ap_int_base<11, false>::ap_int_base<11, false>(ap_range_ref<11, false> const&)' (r:/ci/prod/2022.1/rdi_builds/continuous/2022_04_18_3526262/src/shared/hls/clib/include/header_files\ap_int_base.h:358:20)
INFO: [HLS 214-131] Inlining function 'ssdm_int<64, false>::ssdm_int(unsigned long)' into 'ap_int_base<64, false>::ap_int_base<11, false>(ap_int_base<11, false> const&)' (r:/ci/prod/2022.1/rdi_builds/continuous/2022_04_18_3526262/src/shared/hls/clib/include/header_files\ap_int_base.h:185:106)
INFO: [HLS 214-131] Inlining function 'ap_int_base<64, false>::ap_int_base<11, false>(ap_int_base<11, false> const&)' into 'ap_range_ref<64, false>& ap_range_ref<64, false>::operator=<11, false>(ap_int_base<11, false> const&)' (r:/ci/prod/2022.1/rdi_builds/continuous/2022_04_18_3526262/src/shared/hls/clib/include/header_files\ap_int_ref.h:367:31)
INFO: [HLS 214-131] Inlining function 'ap_int_base<11, false>::ap_int_base<11, false>(ap_range_ref<11, false> const&)' into 'ap_range_ref<64, false>& ap_range_ref<64, false>::operator=<11, false>(ap_range_ref<11, false> const&)' (r:/ci/prod/2022.1/rdi_builds/continuous/2022_04_18_3526262/src/shared/hls/clib/include/header_files\ap_int_ref.h:382:22)
INFO: [HLS 214-131] Inlining function 'ap_range_ref<64, false>& ap_range_ref<64, false>::operator=<11, false>(ap_int_base<11, false> const&)' into 'ap_range_ref<64, false>& ap_range_ref<64, false>::operator=<11, false>(ap_range_ref<11, false> const&)' (r:/ci/prod/2022.1/rdi_builds/continuous/2022_04_18_3526262/src/shared/hls/clib/include/header_files\ap_int_ref.h:382:12)
INFO: [HLS 214-131] Inlining function 'ap_range_ref<52, false>::ap_range_ref(ap_int_base<52, false>*, int, int)' into 'ap_int_base<52, false>::range(int, int) const' (r:/ci/prod/2022.1/rdi_builds/continuous/2022_04_18_3526262/src/shared/hls/clib/include/header_files\ap_int_base.h:1055:12)
INFO: [HLS 214-131] Inlining function 'ap_int_base<52, false>::range(int, int) const' into 'ap_int_base<52, false>::operator()(int, int) const' (r:/ci/prod/2022.1/rdi_builds/continuous/2022_04_18_3526262/src/shared/hls/clib/include/header_files\ap_int_base.h:1089:18)
INFO: [HLS 214-131] Inlining function 'ap_range_ref<52, false>::get() const' into 'ap_int_base<52, false>::ap_int_base<52, false>(ap_range_ref<52, false> const&)' (r:/ci/prod/2022.1/rdi_builds/continuous/2022_04_18_3526262/src/shared/hls/clib/include/header_files\ap_int_base.h:358:20)
INFO: [HLS 214-131] Inlining function 'ssdm_int<64, false>::ssdm_int(unsigned long)' into 'ap_int_base<64, false>::ap_int_base<52, false>(ap_int_base<52, false> const&)' (r:/ci/prod/2022.1/rdi_builds/continuous/2022_04_18_3526262/src/shared/hls/clib/include/header_files\ap_int_base.h:185:106)
INFO: [HLS 214-131] Inlining function 'ap_int_base<64, false>::ap_int_base<52, false>(ap_int_base<52, false> const&)' into 'ap_range_ref<64, false>& ap_range_ref<64, false>::operator=<52, false>(ap_int_base<52, false> const&)' (r:/ci/prod/2022.1/rdi_builds/continuous/2022_04_18_3526262/src/shared/hls/clib/include/header_files\ap_int_ref.h:367:31)
INFO: [HLS 214-131] Inlining function 'ap_int_base<52, false>::ap_int_base<52, false>(ap_range_ref<52, false> const&)' into 'ap_range_ref<64, false>& ap_range_ref<64, false>::operator=<52, false>(ap_range_ref<52, false> const&)' (r:/ci/prod/2022.1/rdi_builds/continuous/2022_04_18_3526262/src/shared/hls/clib/include/header_files\ap_int_ref.h:382:22)
INFO: [HLS 214-131] Inlining function 'ap_range_ref<64, false>& ap_range_ref<64, false>::operator=<52, false>(ap_int_base<52, false> const&)' into 'ap_range_ref<64, false>& ap_range_ref<64, false>::operator=<52, false>(ap_range_ref<52, false> const&)' (r:/ci/prod/2022.1/rdi_builds/continuous/2022_04_18_3526262/src/shared/hls/clib/include/header_files\ap_int_ref.h:382:12)
INFO: [HLS 214-131] Inlining function 'ap_int_base<1, false>::operator[](int) const' into 'fp_struct<double>::data() const' (r:/ci/prod/2022.1/rdi_builds/continuous/2022_04_18_3526262/src/shared/hls/clib/src/hls\utils/x_hls_utils.h:506:36)
INFO: [HLS 214-131] Inlining function 'ap_range_ref<64, false>& ap_range_ref<64, false>::operator=<52, false>(ap_range_ref<52, false> const&)' into 'fp_struct<double>::data() const' (r:/ci/prod/2022.1/rdi_builds/continuous/2022_04_18_3526262/src/shared/hls/clib/src/hls\utils/x_hls_utils.h:508:25)
INFO: [HLS 214-131] Inlining function 'ap_int_base<64, false>::operator()(int, int)' into 'fp_struct<double>::data() const' (r:/ci/prod/2022.1/rdi_builds/continuous/2022_04_18_3526262/src/shared/hls/clib/src/hls\utils/x_hls_utils.h:508:9)
INFO: [HLS 214-131] Inlining function 'ap_int_base<52, false>::operator()(int, int) const' into 'fp_struct<double>::data() const' (r:/ci/prod/2022.1/rdi_builds/continuous/2022_04_18_3526262/src/shared/hls/clib/src/hls\utils/x_hls_utils.h:508:27)
INFO: [HLS 214-131] Inlining function 'ap_range_ref<64, false>& ap_range_ref<64, false>::operator=<11, false>(ap_range_ref<11, false> const&)' into 'fp_struct<double>::data() const' (r:/ci/prod/2022.1/rdi_builds/continuous/2022_04_18_3526262/src/shared/hls/clib/src/hls\utils/x_hls_utils.h:507:41)
INFO: [HLS 214-131] Inlining function 'ap_int_base<64, false>::operator()(int, int)' into 'fp_struct<double>::data() const' (r:/ci/prod/2022.1/rdi_builds/continuous/2022_04_18_3526262/src/shared/hls/clib/src/hls\utils/x_hls_utils.h:507:9)
INFO: [HLS 214-131] Inlining function 'ap_int_base<11, false>::operator()(int, int) const' into 'fp_struct<double>::data() const' (r:/ci/prod/2022.1/rdi_builds/continuous/2022_04_18_3526262/src/shared/hls/clib/src/hls\utils/x_hls_utils.h:507:43)
INFO: [HLS 214-131] Inlining function 'ap_bit_ref<64, false>::operator=(bool)' into 'fp_struct<double>::data() const' (r:/ci/prod/2022.1/rdi_builds/continuous/2022_04_18_3526262/src/shared/hls/clib/src/hls\utils/x_hls_utils.h:506:34)
INFO: [HLS 214-131] Inlining function 'ap_int_base<64, false>::operator[](int)' into 'fp_struct<double>::data() const' (r:/ci/prod/2022.1/rdi_builds/continuous/2022_04_18_3526262/src/shared/hls/clib/src/hls\utils/x_hls_utils.h:506:9)
INFO: [HLS 214-131] Inlining function 'ap_int_base<64, false>::to_uint64() const' into 'fp_struct<double>::to_double() const' (r:/ci/prod/2022.1/rdi_builds/continuous/2022_04_18_3526262/src/shared/hls/clib/src/hls\utils/x_hls_utils.h:525:24)
INFO: [HLS 214-131] Inlining function 'ap_int_base<32, true>::ap_int_base(int)' into 'bool operator><11, false>(ap_int_base<11, false> const&, int)' (r:/ci/prod/2022.1/rdi_builds/continuous/2022_04_18_3526262/src/shared/hls/clib/include/header_files\ap_int_base.h:1788:337)
INFO: [HLS 214-131] Inlining function 'bool ap_int_base<11, false>::operator><32, true>(ap_int_base<32, true> const&) const' into 'bool operator><11, false>(ap_int_base<11, false> const&, int)' (r:/ci/prod/2022.1/rdi_builds/continuous/2022_04_18_3526262/src/shared/hls/clib/include/header_files\ap_int_base.h:1788:335)
INFO: [HLS 214-131] Inlining function 'ap_range_ref<11, false>::get() const' into 'ap_int_base<6, false>::ap_int_base<11, false>(ap_range_ref<11, false> const&)' (r:/ci/prod/2022.1/rdi_builds/continuous/2022_04_18_3526262/src/shared/hls/clib/include/header_files\ap_int_base.h:358:20)
INFO: [HLS 214-131] Inlining function 'ap_int_base<6, false>::ap_int_base<11, false>(ap_range_ref<11, false> const&)' into 'ap_uint<6>::ap_uint<11, false>(ap_range_ref<11, false> const&)' (r:/ci/prod/2022.1/rdi_builds/continuous/2022_04_18_3526262/src/shared/hls/clib/include/header_files\ap_int.h:220:92)
INFO: [HLS 214-131] Inlining function '_ZN8ssdm_intILi65ELb0EEC2EDq65_j' into 'ap_int_base<65, false>::ap_int_base<64, false>(ap_int_base<64, false> const&)' (r:/ci/prod/2022.1/rdi_builds/continuous/2022_04_18_3526262/src/shared/hls/clib/include/header_files\ap_int_base.h:185:106)
INFO: [HLS 214-131] Inlining function '_ZN8ssdm_intILi65ELb0EEC2EDq65_j' into 'ap_int_base<65, false>::ap_int_base(int)' (r:/ci/prod/2022.1/rdi_builds/continuous/2022_04_18_3526262/src/shared/hls/clib/include/header_files\ap_int_base.h:214:67)
INFO: [HLS 214-131] Inlining function 'ap_int_base<65, false>::ap_int_base<64, false>(ap_int_base<64, false> const&)' into 'ap_int_base<64, false>::RType<64, false>::plus operator+<64, false, 64, false>(ap_int_base<64, false> const&, ap_int_base<64, false> const&)' (r:/ci/prod/2022.1/rdi_builds/continuous/2022_04_18_3526262/src/shared/hls/clib/include/header_files\ap_int_base.h:1495:339)
INFO: [HLS 214-131] Inlining function 'ap_uint<65>::ap_uint<65, false>(ap_int_base<65, false> const&)' into 'ap_int_base<64, false>::RType<64, false>::plus operator+<64, false, 64, false>(ap_int_base<64, false> const&, ap_int_base<64, false> const&)' (r:/ci/prod/2022.1/rdi_builds/continuous/2022_04_18_3526262/src/shared/hls/clib/include/header_files\ap_int_base.h:1495:554)
INFO: [HLS 214-131] Inlining function 'ap_int_base<65, false>::ap_int_base(int)' into 'ap_int_base<64, false>::RType<64, false>::plus operator+<64, false, 64, false>(ap_int_base<64, false> const&, ap_int_base<64, false> const&)' (r:/ci/prod/2022.1/rdi_builds/continuous/2022_04_18_3526262/src/shared/hls/clib/include/header_files\ap_int_base.h:1495:516)
INFO: [HLS 214-131] Inlining function 'ap_int_base<65, false>::ap_int_base<64, false>(ap_int_base<64, false> const&)' into 'ap_int_base<64, false>::RType<64, false>::plus operator+<64, false, 64, false>(ap_int_base<64, false> const&, ap_int_base<64, false> const&)' (r:/ci/prod/2022.1/rdi_builds/continuous/2022_04_18_3526262/src/shared/hls/clib/include/header_files\ap_int_base.h:1495:427)
INFO: [HLS 214-131] Inlining function 'ap_int_base<64, false>::ap_int_base(unsigned long long)' into 'ap_int_base<64, false>::RType<($_0)64, false>::plus operator+<64, false>(ap_int_base<64, false> const&, unsigned long long)' (r:/ci/prod/2022.1/rdi_builds/continuous/2022_04_18_3526262/src/shared/hls/clib/include/header_files\ap_int_base.h:1638:1068)
INFO: [HLS 214-131] Inlining function 'ap_int_base<64, false>::RType<64, false>::plus operator+<64, false, 64, false>(ap_int_base<64, false> const&, ap_int_base<64, false> const&)' into 'ap_int_base<64, false>::RType<($_0)64, false>::plus operator+<64, false>(ap_int_base<64, false> const&, unsigned long long)' (r:/ci/prod/2022.1/rdi_builds/continuous/2022_04_18_3526262/src/shared/hls/clib/include/header_files\ap_int_base.h:1638:1066)
INFO: [HLS 214-131] Inlining function 'ssdm_int<64, false>::ssdm_int(unsigned long)' into 'ap_int_base<64, false>::ap_int_base<65, false>(ap_int_base<65, false> const&)' (r:/ci/prod/2022.1/rdi_builds/continuous/2022_04_18_3526262/src/shared/hls/clib/include/header_files\ap_int_base.h:185:106)
INFO: [HLS 214-131] Inlining function 'ap_int_base<64, false>::ap_int_base<65, false>(ap_int_base<65, false> const&)' into 'ap_uint<64>::ap_uint<65>(ap_uint<65> const&)' (r:/ci/prod/2022.1/rdi_builds/continuous/2022_04_18_3526262/src/shared/hls/clib/include/header_files\ap_int.h:186:90)
INFO: [HLS 214-131] Inlining function 'ap_int_base<64, false>::operator[](int)' into 'fp_struct<double>::fp_struct(ap_uint<64>)' (r:/ci/prod/2022.1/rdi_builds/continuous/2022_04_18_3526262/src/shared/hls/clib/src/hls\utils/x_hls_utils.h:494:19)
INFO: [HLS 214-131] Inlining function 'ap_range_ref<52, false>& ap_range_ref<52, false>::operator=<64, false>(ap_range_ref<64, false> const&)' into 'fp_struct<double>::fp_struct(ap_uint<64>)' (r:/ci/prod/2022.1/rdi_builds/continuous/2022_04_18_3526262/src/shared/hls/clib/src/hls\utils/x_hls_utils.h:496:19)
INFO: [HLS 214-131] Inlining function 'ap_int_base<52, false>::operator()(int, int)' into 'fp_struct<double>::fp_struct(ap_uint<64>)' (r:/ci/prod/2022.1/rdi_builds/continuous/2022_04_18_3526262/src/shared/hls/clib/src/hls\utils/x_hls_utils.h:496:9)
INFO: [HLS 214-131] Inlining function 'ap_int_base<64, false>::operator()(int, int)' into 'fp_struct<double>::fp_struct(ap_uint<64>)' (r:/ci/prod/2022.1/rdi_builds/continuous/2022_04_18_3526262/src/shared/hls/clib/src/hls\utils/x_hls_utils.h:496:21)
INFO: [HLS 214-131] Inlining function 'ap_range_ref<11, false>& ap_range_ref<11, false>::operator=<64, false>(ap_range_ref<64, false> const&)' into 'fp_struct<double>::fp_struct(ap_uint<64>)' (r:/ci/prod/2022.1/rdi_builds/continuous/2022_04_18_3526262/src/shared/hls/clib/src/hls\utils/x_hls_utils.h:495:19)
INFO: [HLS 214-131] Inlining function 'ap_int_base<11, false>::operator()(int, int)' into 'fp_struct<double>::fp_struct(ap_uint<64>)' (r:/ci/prod/2022.1/rdi_builds/continuous/2022_04_18_3526262/src/shared/hls/clib/src/hls\utils/x_hls_utils.h:495:9)
INFO: [HLS 214-131] Inlining function 'ap_int_base<64, false>::operator()(int, int)' into 'fp_struct<double>::fp_struct(ap_uint<64>)' (r:/ci/prod/2022.1/rdi_builds/continuous/2022_04_18_3526262/src/shared/hls/clib/src/hls\utils/x_hls_utils.h:495:21)
INFO: [HLS 214-131] Inlining function 'ap_bit_ref<1, false>& ap_bit_ref<1, false>::operator=<64, false>(ap_bit_ref<64, false> const&)' into 'fp_struct<double>::fp_struct(ap_uint<64>)' (r:/ci/prod/2022.1/rdi_builds/continuous/2022_04_18_3526262/src/shared/hls/clib/src/hls\utils/x_hls_utils.h:494:17)
INFO: [HLS 214-131] Inlining function 'ap_int_base<1, false>::operator[](int)' into 'fp_struct<double>::fp_struct(ap_uint<64>)' (r:/ci/prod/2022.1/rdi_builds/continuous/2022_04_18_3526262/src/shared/hls/clib/src/hls\utils/x_hls_utils.h:494:9)
INFO: [HLS 214-131] Inlining function 'ssdm_int<64, false>::ssdm_int(unsigned long)' into 'ap_int_base<64, false>::ap_int_base(int)' (r:/ci/prod/2022.1/rdi_builds/continuous/2022_04_18_3526262/src/shared/hls/clib/include/header_files\ap_int_base.h:214:67)
INFO: [HLS 214-131] Inlining function 'ap_int_base<64, false>::ap_int_base<52, false>(ap_int_base<52, false> const&)' into 'ap_int_base<52, false>::RType<64, false>::logic operator&<52, false, 64, false>(ap_int_base<52, false> const&, ap_int_base<64, false> const&)' (r:/ci/prod/2022.1/rdi_builds/continuous/2022_04_18_3526262/src/shared/hls/clib/include/header_files\ap_int_base.h:1497:341)
INFO: [HLS 214-131] Inlining function 'ap_uint<64>::ap_uint<64, false>(ap_int_base<64, false> const&)' into 'ap_int_base<52, false>::RType<64, false>::logic operator&<52, false, 64, false>(ap_int_base<52, false> const&, ap_int_base<64, false> const&)' (r:/ci/prod/2022.1/rdi_builds/continuous/2022_04_18_3526262/src/shared/hls/clib/include/header_files\ap_int_base.h:1497:558)
INFO: [HLS 214-131] Inlining function 'ap_int_base<64, false>::ap_int_base(int)' into 'ap_int_base<52, false>::RType<64, false>::logic operator&<52, false, 64, false>(ap_int_base<52, false> const&, ap_int_base<64, false> const&)' (r:/ci/prod/2022.1/rdi_builds/continuous/2022_04_18_3526262/src/shared/hls/clib/include/header_files\ap_int_base.h:1497:520)
INFO: [HLS 214-131] Inlining function 'ap_int_base<64, false>::ap_int_base(unsigned long long)' into 'ap_int_base<52, false>::RType<($_0)64, false>::logic operator&<52, false>(ap_int_base<52, false> const&, unsigned long long)' (r:/ci/prod/2022.1/rdi_builds/continuous/2022_04_18_3526262/src/shared/hls/clib/include/header_files\ap_int_base.h:1638:3296)
INFO: [HLS 214-131] Inlining function 'ap_int_base<52, false>::RType<64, false>::logic operator&<52, false, 64, false>(ap_int_base<52, false> const&, ap_int_base<64, false> const&)' into 'ap_int_base<52, false>::RType<($_0)64, false>::logic operator&<52, false>(ap_int_base<52, false> const&, unsigned long long)' (r:/ci/prod/2022.1/rdi_builds/continuous/2022_04_18_3526262/src/shared/hls/clib/include/header_files\ap_int_base.h:1638:3294)
INFO: [HLS 214-131] Inlining function 'ap_int_base<52, false>::ap_int_base<64, false>(ap_int_base<64, false> const&)' into 'ap_uint<52>::ap_uint<64>(ap_uint<64> const&)' (r:/ci/prod/2022.1/rdi_builds/continuous/2022_04_18_3526262/src/shared/hls/clib/include/header_files\ap_int.h:186:90)
INFO: [HLS 214-131] Inlining function 'bool operator><11, false>(int, ap_int_base<11, false> const&)' into 'double generic_floor<double>(double)' (r:/ci/prod/2022.1/rdi_builds/continuous/2022_04_18_3526262/src/shared/hls/clib/hlsmath/include/FloatingPoint\hls_floor.h:18:29)
INFO: [HLS 214-131] Inlining function 'bool operator==<52, false>(ap_int_base<52, false> const&, int)' into 'double generic_floor<double>(double)' (r:/ci/prod/2022.1/rdi_builds/continuous/2022_04_18_3526262/src/shared/hls/clib/hlsmath/include/FloatingPoint\hls_floor.h:19:32)
INFO: [HLS 214-131] Inlining function 'ap_uint<52>::ap_uint<64>(ap_uint<64> const&)' into 'double generic_floor<double>(double)' (r:/ci/prod/2022.1/rdi_builds/continuous/2022_04_18_3526262/src/shared/hls/clib/hlsmath/include/FloatingPoint\hls_floor.h:39:11)
INFO: [HLS 214-131] Inlining function 'ap_int_base<52, false>::RType<($_0)64, false>::logic operator&<52, false>(ap_int_base<52, false> const&, unsigned long long)' into 'double generic_floor<double>(double)' (r:/ci/prod/2022.1/rdi_builds/continuous/2022_04_18_3526262/src/shared/hls/clib/hlsmath/include/FloatingPoint\hls_floor.h:39:18)
INFO: [HLS 214-131] Inlining function 'bool operator==<11, false>(ap_int_base<11, false> const&, int)' into 'double generic_floor<double>(double)' (r:/ci/prod/2022.1/rdi_builds/continuous/2022_04_18_3526262/src/shared/hls/clib/hlsmath/include/FloatingPoint\hls_floor.h:19:47)
INFO: [HLS 214-131] Inlining function 'ap_uint<64>::ap_uint<65>(ap_uint<65> const&)' into 'double generic_floor<double>(double)' (r:/ci/prod/2022.1/rdi_builds/continuous/2022_04_18_3526262/src/shared/hls/clib/hlsmath/include/FloatingPoint\hls_floor.h:36:9)
INFO: [HLS 214-131] Inlining function 'ap_int_base<64, false>::RType<($_0)64, false>::plus operator+<64, false>(ap_int_base<64, false> const&, unsigned long long)' into 'double generic_floor<double>(double)' (r:/ci/prod/2022.1/rdi_builds/continuous/2022_04_18_3526262/src/shared/hls/clib/hlsmath/include/FloatingPoint\hls_floor.h:36:52)
INFO: [HLS 214-131] Inlining function 'bool operator><11, false>(ap_int_base<11, false> const&, int)' into 'double generic_floor<double>(double)' (r:/ci/prod/2022.1/rdi_builds/continuous/2022_04_18_3526262/src/shared/hls/clib/hlsmath/include/FloatingPoint\hls_floor.h:24:21)
INFO: [HLS 214-131] Inlining function 'ap_int_base<11, false>::operator()(int, int)' into 'double generic_floor<double>(double)' (r:/ci/prod/2022.1/rdi_builds/continuous/2022_04_18_3526262/src/shared/hls/clib/hlsmath/include/FloatingPoint\hls_floor.h:31:66)
INFO: [HLS 214-131] Inlining function 'ap_int_base<6, false>::operator unsigned long long() const' into 'double generic_floor<double>(double)' (r:/ci/prod/2022.1/rdi_builds/continuous/2022_04_18_3526262/src/shared/hls/clib/hlsmath/include/FloatingPoint\hls_floor.h:32:20)
INFO: [HLS 214-131] Inlining function 'ap_uint<6>::ap_uint<11, false>(ap_range_ref<11, false> const&)' into 'double generic_floor<double>(double)' (r:/ci/prod/2022.1/rdi_builds/continuous/2022_04_18_3526262/src/shared/hls/clib/hlsmath/include/FloatingPoint\hls_floor.h:31:66)
INFO: [HLS 214-131] Inlining function 'ap_fixed_base<32, 32, true, (ap_q_mode)5, (ap_o_mode)3, 0>::operator!() const' into 'ap_fixed_base<53, 1, false, (ap_q_mode)5, (ap_o_mode)3, 0>& ap_fixed_base<53, 1, false, (ap_q_mode)5, (ap_o_mode)3, 0>::operator=<32, 32, true, (ap_q_mode)5, (ap_o_mode)3, 0>(ap_fixed_base<32, 32, true, (ap_q_mode)5, (ap_o_mode)3, 0> const&)' (r:/ci/prod/2022.1/rdi_builds/continuous/2022_04_18_3526262/src/shared/hls/clib/include/header_files\ap_fixed_base.h:808:9)
INFO: [HLS 214-131] Inlining function 'ap_fixed_base<53, 1, false, (ap_q_mode)5, (ap_o_mode)3, 0>& ap_fixed_base<53, 1, false, (ap_q_mode)5, (ap_o_mode)3, 0>::operator=<32, 32, true, (ap_q_mode)5, (ap_o_mode)3, 0>(ap_fixed_base<32, 32, true, (ap_q_mode)5, (ap_o_mode)3, 0> const&)' into 'ap_fixed_base<53, 1, false, (ap_q_mode)5, (ap_o_mode)3, 0>::ap_fixed_base(int)' (r:/ci/prod/2022.1/rdi_builds/continuous/2022_04_18_3526262/src/shared/hls/clib/include/header_files\ap_fixed_base.h:530:146)
INFO: [HLS 214-131] Inlining function 'ap_fixed_base<53, 1, false, (ap_q_mode)5, (ap_o_mode)3, 0>::ap_fixed_base(int)' into 'ap_ufixed<53, 1, (ap_q_mode)5, (ap_o_mode)3, 0>::ap_ufixed(int)' (r:/ci/prod/2022.1/rdi_builds/continuous/2022_04_18_3526262/src/shared/hls/clib/include/header_files\ap_fixed.h:300:80)
INFO: [HLS 214-131] Inlining function 'af_range_ref<53, 1, false, (ap_q_mode)5, (ap_o_mode)3, 0>::af_range_ref(ap_fixed_base<53, 1, false, (ap_q_mode)5, (ap_o_mode)3, 0>*, int, int)' into 'ap_fixed_base<53, 1, false, (ap_q_mode)5, (ap_o_mode)3, 0>::range(int, int)' (r:/ci/prod/2022.1/rdi_builds/continuous/2022_04_18_3526262/src/shared/hls/clib/include/header_files\ap_fixed_base.h:1746:12)
INFO: [HLS 214-131] Inlining function 'ap_fixed_base<53, 1, false, (ap_q_mode)5, (ap_o_mode)3, 0>::range(int, int)' into 'ap_fixed_base<53, 1, false, (ap_q_mode)5, (ap_o_mode)3, 0>::operator()(int, int)' (r:/ci/prod/2022.1/rdi_builds/continuous/2022_04_18_3526262/src/shared/hls/clib/include/header_files\ap_fixed_base.h:1785:18)
INFO: [HLS 214-131] Inlining function 'ap_int_base<52, false>::ap_int_base<52, false>(ap_range_ref<52, false> const&)' into 'af_range_ref<53, 1, false, (ap_q_mode)5, (ap_o_mode)3, 0>& af_range_ref<53, 1, false, (ap_q_mode)5, (ap_o_mode)3, 0>::operator=<52, false>(ap_range_ref<52, false> const&)' (r:/ci/prod/2022.1/rdi_builds/continuous/2022_04_18_3526262/src/shared/hls/clib/include/header_files\ap_fixed_ref.h:301:38)
INFO: [HLS 214-131] Inlining function 'af_range_ref<53, 1, false, (ap_q_mode)5, (ap_o_mode)3, 0>& af_range_ref<53, 1, false, (ap_q_mode)5, (ap_o_mode)3, 0>::operator=<52, false>(ap_int_base<52, false> const&)' into 'af_range_ref<53, 1, false, (ap_q_mode)5, (ap_o_mode)3, 0>& af_range_ref<53, 1, false, (ap_q_mode)5, (ap_o_mode)3, 0>::operator=<52, false>(ap_range_ref<52, false> const&)' (r:/ci/prod/2022.1/rdi_builds/continuous/2022_04_18_3526262/src/shared/hls/clib/include/header_files\ap_fixed_ref.h:302:12)
INFO: [HLS 214-131] Inlining function 'af_bit_ref<53, 1, false, (ap_q_mode)5, (ap_o_mode)3, 0>::af_bit_ref(ap_fixed_base<53, 1, false, (ap_q_mode)5, (ap_o_mode)3, 0>*, int)' into 'ap_fixed_base<53, 1, false, (ap_q_mode)5, (ap_o_mode)3, 0>::operator[](unsigned int)' (r:/ci/prod/2022.1/rdi_builds/continuous/2022_04_18_3526262/src/shared/hls/clib/include/header_files\ap_fixed_base.h:1671:12)
INFO: [HLS 214-131] Inlining function 'ap_ufixed<53, 1, (ap_q_mode)5, (ap_o_mode)3, 0>::ap_ufixed(int)' into 'fp_struct<double>::mantissa() const' (r:/ci/prod/2022.1/rdi_builds/continuous/2022_04_18_3526262/src/shared/hls/clib/src/hls\utils/x_hls_utils.h:533:37)
INFO: [HLS 214-131] Inlining function 'af_bit_ref<53, 1, false, (ap_q_mode)5, (ap_o_mode)3, 0>::operator=(bool)' into 'fp_struct<double>::mantissa() const' (r:/ci/prod/2022.1/rdi_builds/continuous/2022_04_18_3526262/src/shared/hls/clib/src/hls\utils/x_hls_utils.h:535:21)
INFO: [HLS 214-131] Inlining function 'ap_fixed_base<53, 1, false, (ap_q_mode)5, (ap_o_mode)3, 0>::operator[](unsigned int)' into 'fp_struct<double>::mantissa() const' (r:/ci/prod/2022.1/rdi_builds/continuous/2022_04_18_3526262/src/shared/hls/clib/src/hls\utils/x_hls_utils.h:535:9)
INFO: [HLS 214-131] Inlining function 'ap_fixed_base<53, 1, false, (ap_q_mode)5, (ap_o_mode)3, 0>::wl() const' into 'fp_struct<double>::mantissa() const' (r:/ci/prod/2022.1/rdi_builds/continuous/2022_04_18_3526262/src/shared/hls/clib/src/hls\utils/x_hls_utils.h:535:13)
INFO: [HLS 214-131] Inlining function 'af_range_ref<53, 1, false, (ap_q_mode)5, (ap_o_mode)3, 0>& af_range_ref<53, 1, false, (ap_q_mode)5, (ap_o_mode)3, 0>::operator=<52, false>(ap_range_ref<52, false> const&)' into 'fp_struct<double>::mantissa() const' (r:/ci/prod/2022.1/rdi_builds/continuous/2022_04_18_3526262/src/shared/hls/clib/src/hls\utils/x_hls_utils.h:534:23)
INFO: [HLS 214-131] Inlining function 'ap_fixed_base<53, 1, false, (ap_q_mode)5, (ap_o_mode)3, 0>::operator()(int, int)' into 'fp_struct<double>::mantissa() const' (r:/ci/prod/2022.1/rdi_builds/continuous/2022_04_18_3526262/src/shared/hls/clib/src/hls\utils/x_hls_utils.h:534:9)
INFO: [HLS 214-131] Inlining function 'ap_fixed_base<53, 1, false, (ap_q_mode)5, (ap_o_mode)3, 0>::wl() const' into 'fp_struct<double>::mantissa() const' (r:/ci/prod/2022.1/rdi_builds/continuous/2022_04_18_3526262/src/shared/hls/clib/src/hls\utils/x_hls_utils.h:534:13)
INFO: [HLS 214-131] Inlining function 'ap_int_base<52, false>::operator()(int, int) const' into 'fp_struct<double>::mantissa() const' (r:/ci/prod/2022.1/rdi_builds/continuous/2022_04_18_3526262/src/shared/hls/clib/src/hls\utils/x_hls_utils.h:534:25)
INFO: [HLS 214-131] Inlining function 'ap_fixed_base<53, 1, false, (ap_q_mode)5, (ap_o_mode)3, 0>::operator!() const' into 'ap_fixed_base<137, 84, false, (ap_q_mode)5, (ap_o_mode)3, 0>& ap_fixed_base<137, 84, false, (ap_q_mode)5, (ap_o_mode)3, 0>::operator=<53, 1, false, (ap_q_mode)5, (ap_o_mode)3, 0>(ap_fixed_base<53, 1, false, (ap_q_mode)5, (ap_o_mode)3, 0> const&)' (r:/ci/prod/2022.1/rdi_builds/continuous/2022_04_18_3526262/src/shared/hls/clib/include/header_files\ap_fixed_base.h:808:9)
INFO: [HLS 214-131] Inlining function '_ZN8ssdm_intILi137ELb0EEC2EDq137_j' into 'ap_fixed_base<137, 84, false, (ap_q_mode)5, (ap_o_mode)3, 0>::ap_fixed_base<53, 1, false, (ap_q_mode)5, (ap_o_mode)3, 0>(ap_fixed_base<53, 1, false, (ap_q_mode)5, (ap_o_mode)3, 0> const&)' (r:/ci/prod/2022.1/rdi_builds/continuous/2022_04_18_3526262/src/shared/hls/clib/include/header_files\ap_fixed_base.h:401:80)
INFO: [HLS 214-131] Inlining function 'ap_fixed_base<137, 84, false, (ap_q_mode)5, (ap_o_mode)3, 0>& ap_fixed_base<137, 84, false, (ap_q_mode)5, (ap_o_mode)3, 0>::operator=<53, 1, false, (ap_q_mode)5, (ap_o_mode)3, 0>(ap_fixed_base<53, 1, false, (ap_q_mode)5, (ap_o_mode)3, 0> const&)' into 'ap_fixed_base<137, 84, false, (ap_q_mode)5, (ap_o_mode)3, 0>::ap_fixed_base<53, 1, false, (ap_q_mode)5, (ap_o_mode)3, 0>(ap_fixed_base<53, 1, false, (ap_q_mode)5, (ap_o_mode)3, 0> const&)' (r:/ci/prod/2022.1/rdi_builds/continuous/2022_04_18_3526262/src/shared/hls/clib/include/header_files\ap_fixed_base.h:403:5)
INFO: [HLS 214-131] Inlining function 'ap_fixed_base<137, 84, false, (ap_q_mode)5, (ap_o_mode)3, 0>::ap_fixed_base<53, 1, false, (ap_q_mode)5, (ap_o_mode)3, 0>(ap_fixed_base<53, 1, false, (ap_q_mode)5, (ap_o_mode)3, 0> const&)' into 'ap_ufixed<137, 84, (ap_q_mode)5, (ap_o_mode)3, 0>::ap_ufixed<53, 1, false, (ap_q_mode)5, (ap_o_mode)3, 0>(ap_fixed_base<53, 1, false, (ap_q_mode)5, (ap_o_mode)3, 0> const&)' (r:/ci/prod/2022.1/rdi_builds/continuous/2022_04_18_3526262/src/shared/hls/clib/include/header_files\ap_fixed.h:201:9)
INFO: [HLS 214-131] Inlining function '_ZN8ssdm_intILi33ELb1EEC2EDq33_i' into 'ap_int_base<33, true>::ap_int_base<11, false>(ap_int_base<11, false> const&)' (r:/ci/prod/2022.1/rdi_builds/continuous/2022_04_18_3526262/src/shared/hls/clib/include/header_files\ap_int_base.h:185:106)
INFO: [HLS 214-131] Inlining function '_ZN8ssdm_intILi33ELb1EEC2EDq33_i' into 'ap_int_base<33, true>::ap_int_base<32, true>(ap_int_base<32, true> const&)' (r:/ci/prod/2022.1/rdi_builds/continuous/2022_04_18_3526262/src/shared/hls/clib/include/header_files\ap_int_base.h:185:106)
INFO: [HLS 214-131] Inlining function '_ZN8ssdm_intILi33ELb1EEC2EDq33_i' into 'ap_int_base<33, true>::ap_int_base(int)' (r:/ci/prod/2022.1/rdi_builds/continuous/2022_04_18_3526262/src/shared/hls/clib/include/header_files\ap_int_base.h:214:67)
INFO: [HLS 214-131] Inlining function 'ap_int_base<33, true>::ap_int_base<11, false>(ap_int_base<11, false> const&)' into 'ap_int_base<11, false>::RType<32, true>::minus operator-<11, false, 32, true>(ap_int_base<11, false> const&, ap_int_base<32, true> const&)' (r:/ci/prod/2022.1/rdi_builds/continuous/2022_04_18_3526262/src/shared/hls/clib/include/header_files\ap_int_base.h:1496:341)
INFO: [HLS 214-131] Inlining function 'ap_int<33>::ap_int<33, true>(ap_int_base<33, true> const&)' into 'ap_int_base<11, false>::RType<32, true>::minus operator-<11, false, 32, true>(ap_int_base<11, false> const&, ap_int_base<32, true> const&)' (r:/ci/prod/2022.1/rdi_builds/continuous/2022_04_18_3526262/src/shared/hls/clib/include/header_files\ap_int_base.h:1496:558)
INFO: [HLS 214-131] Inlining function 'ap_int_base<33, true>::ap_int_base(int)' into 'ap_int_base<11, false>::RType<32, true>::minus operator-<11, false, 32, true>(ap_int_base<11, false> const&, ap_int_base<32, true> const&)' (r:/ci/prod/2022.1/rdi_builds/continuous/2022_04_18_3526262/src/shared/hls/clib/include/header_files\ap_int_base.h:1496:520)
INFO: [HLS 214-131] Inlining function 'ap_int_base<33, true>::ap_int_base<32, true>(ap_int_base<32, true> const&)' into 'ap_int_base<11, false>::RType<32, true>::minus operator-<11, false, 32, true>(ap_int_base<11, false> const&, ap_int_base<32, true> const&)' (r:/ci/prod/2022.1/rdi_builds/continuous/2022_04_18_3526262/src/shared/hls/clib/include/header_files\ap_int_base.h:1496:430)
INFO: [HLS 214-131] Inlining function 'ap_int_base<32, true>::ap_int_base(int)' into 'ap_int_base<11, false>::RType<($_0)32, true>::minus operator-<11, false>(ap_int_base<11, false> const&, int)' (r:/ci/prod/2022.1/rdi_builds/continuous/2022_04_18_3526262/src/shared/hls/clib/include/header_files\ap_int_base.h:1633:1531)
INFO: [HLS 214-131] Inlining function 'ap_int_base<11, false>::RType<32, true>::minus operator-<11, false, 32, true>(ap_int_base<11, false> const&, ap_int_base<32, true> const&)' into 'ap_int_base<11, false>::RType<($_0)32, true>::minus operator-<11, false>(ap_int_base<11, false> const&, int)' (r:/ci/prod/2022.1/rdi_builds/continuous/2022_04_18_3526262/src/shared/hls/clib/include/header_files\ap_int_base.h:1633:1529)
INFO: [HLS 214-131] Inlining function 'ap_int_base<11, false>::RType<($_0)32, true>::minus operator-<11, false>(ap_int_base<11, false> const&, int)' into 'fp_struct<double>::expv() const' (r:/ci/prod/2022.1/rdi_builds/continuous/2022_04_18_3526262/src/shared/hls/clib/src/hls\utils/x_hls_utils.h:515:19)
INFO: [HLS 214-131] Inlining function 'ap_int_base<33, true>::operator long long() const' into 'fp_struct<double>::expv() const' (r:/ci/prod/2022.1/rdi_builds/continuous/2022_04_18_3526262/src/shared/hls/clib/src/hls\utils/x_hls_utils.h:515:16)
INFO: [HLS 214-131] Inlining function 'ap_fixed_base<32, 32, true, (ap_q_mode)5, (ap_o_mode)3, 0>::operator!() const' into 'ap_fixed_base<137, 84, false, (ap_q_mode)5, (ap_o_mode)3, 0>& ap_fixed_base<137, 84, false, (ap_q_mode)5, (ap_o_mode)3, 0>::operator=<32, 32, true, (ap_q_mode)5, (ap_o_mode)3, 0>(ap_fixed_base<32, 32, true, (ap_q_mode)5, (ap_o_mode)3, 0> const&)' (r:/ci/prod/2022.1/rdi_builds/continuous/2022_04_18_3526262/src/shared/hls/clib/include/header_files\ap_fixed_base.h:808:9)
INFO: [HLS 214-131] Inlining function 'ap_fixed_base<137, 84, false, (ap_q_mode)5, (ap_o_mode)3, 0>& ap_fixed_base<137, 84, false, (ap_q_mode)5, (ap_o_mode)3, 0>::operator=<32, 32, true, (ap_q_mode)5, (ap_o_mode)3, 0>(ap_fixed_base<32, 32, true, (ap_q_mode)5, (ap_o_mode)3, 0> const&)' into 'ap_fixed_base<137, 84, false, (ap_q_mode)5, (ap_o_mode)3, 0>::ap_fixed_base(int)' (r:/ci/prod/2022.1/rdi_builds/continuous/2022_04_18_3526262/src/shared/hls/clib/include/header_files\ap_fixed_base.h:530:146)
INFO: [HLS 214-131] Inlining function 'ap_fixed_base<137, 84, false, (ap_q_mode)5, (ap_o_mode)3, 0>::ap_fixed_base(int)' into 'ap_fixed_base<137, 84, false, (ap_q_mode)5, (ap_o_mode)3, 0>::operator>>(unsigned int) const' (r:/ci/prod/2022.1/rdi_builds/continuous/2022_04_18_3526262/src/shared/hls/clib/include/header_files\ap_fixed_base.h:1487:19)
INFO: [HLS 214-131] Inlining function 'ap_fixed_base<137, 84, false, (ap_q_mode)5, (ap_o_mode)3, 0>::ap_fixed_base(int)' into 'ap_fixed_base<137, 84, false, (ap_q_mode)5, (ap_o_mode)3, 0>::operator<<(unsigned int) const' (r:/ci/prod/2022.1/rdi_builds/continuous/2022_04_18_3526262/src/shared/hls/clib/include/header_files\ap_fixed_base.h:1453:19)
INFO: [HLS 214-131] Inlining function 'ap_fixed_base<137, 84, false, (ap_q_mode)5, (ap_o_mode)3, 0>::ap_fixed_base(int)' into 'ap_fixed_base<137, 84, false, (ap_q_mode)5, (ap_o_mode)3, 0>::operator<<(int) const' (r:/ci/prod/2022.1/rdi_builds/continuous/2022_04_18_3526262/src/shared/hls/clib/include/header_files\ap_fixed_base.h:1510:19)
INFO: [HLS 214-131] Inlining function 'ap_fixed_base<137, 84, false, (ap_q_mode)5, (ap_o_mode)3, 0>::operator<<(unsigned int) const' into 'ap_fixed_base<137, 84, false, (ap_q_mode)5, (ap_o_mode)3, 0>::operator<<(int) const' (r:/ci/prod/2022.1/rdi_builds/continuous/2022_04_18_3526262/src/shared/hls/clib/include/header_files\ap_fixed_base.h:1516:14)
INFO: [HLS 214-131] Inlining function 'ap_fixed_base<137, 84, false, (ap_q_mode)5, (ap_o_mode)3, 0>::operator>>(unsigned int) const' into 'ap_fixed_base<137, 84, false, (ap_q_mode)5, (ap_o_mode)3, 0>::operator<<(int) const' (r:/ci/prod/2022.1/rdi_builds/continuous/2022_04_18_3526262/src/shared/hls/clib/include/header_files\ap_fixed_base.h:1514:14)
INFO: [HLS 214-131] Inlining function '_ZN8ssdm_intILi137ELb0EEC2EDq137_j' into 'ap_int_base<137, false>::ap_int_base(int)' (r:/ci/prod/2022.1/rdi_builds/continuous/2022_04_18_3526262/src/shared/hls/clib/include/header_files\ap_int_base.h:214:67)
INFO: [HLS 214-131] Inlining function 'ap_int_base<137, false>::ap_int_base(int)' into 'ap_int_base<137, false>::RType<137, false>::arg1 operator>><137, false>(ap_int_base<137, false> const&, int)' (r:/ci/prod/2022.1/rdi_builds/continuous/2022_04_18_3526262/src/shared/hls/clib/include/header_files\ap_int_base.h:1669:558)
INFO: [HLS 214-131] Inlining function 'ap_uint<137>::ap_uint<137, false>(ap_int_base<137, false> const&)' into 'ap_int_base<137, false>::RType<137, false>::arg1 operator>><137, false>(ap_int_base<137, false> const&, int)' (r:/ci/prod/2022.1/rdi_builds/continuous/2022_04_18_3526262/src/shared/hls/clib/include/header_files\ap_int_base.h:1669:656)
INFO: [HLS 214-131] Inlining function '_ZN8ssdm_intILi1ELb0EEC2EDq1_j' into 'ap_int_base<1, false>::ap_int_base(int)' (r:/ci/prod/2022.1/rdi_builds/continuous/2022_04_18_3526262/src/shared/hls/clib/include/header_files\ap_int_base.h:214:67)
INFO: [HLS 214-131] Inlining function 'ap_int_base<1, false>::ap_int_base(int)' into 'ap_fixed_base<1, 32, false, (ap_q_mode)5, (ap_o_mode)0, 0>::overflow_adjust(bool, bool, bool, bool)' (r:/ci/prod/2022.1/rdi_builds/continuous/2022_04_18_3526262/src/shared/hls/clib/include/header_files\ap_fixed_base.h:357:23)
INFO: [HLS 214-131] Inlining function 'ap_fixed_base<137, 84, false, (ap_q_mode)5, (ap_o_mode)3, 0>::operator!() const' into 'ap_fixed_base<1, 32, false, (ap_q_mode)5, (ap_o_mode)0, 0>& ap_fixed_base<1, 32, false, (ap_q_mode)5, (ap_o_mode)0, 0>::operator=<137, 84, false, (ap_q_mode)5, (ap_o_mode)3, 0>(ap_fixed_base<137, 84, false, (ap_q_mode)5, (ap_o_mode)3, 0> const&)' (r:/ci/prod/2022.1/rdi_builds/continuous/2022_04_18_3526262/src/shared/hls/clib/include/header_files\ap_fixed_base.h:808:9)
INFO: [HLS 214-131] Inlining function 'ap_fixed_base<1, 32, false, (ap_q_mode)5, (ap_o_mode)0, 0>::overflow_adjust(bool, bool, bool, bool)' into 'ap_fixed_base<1, 32, false, (ap_q_mode)5, (ap_o_mode)0, 0>& ap_fixed_base<1, 32, false, (ap_q_mode)5, (ap_o_mode)0, 0>::operator=<137, 84, false, (ap_q_mode)5, (ap_o_mode)3, 0>(ap_fixed_base<137, 84, false, (ap_q_mode)5, (ap_o_mode)3, 0> const&)' (r:/ci/prod/2022.1/rdi_builds/continuous/2022_04_18_3526262/src/shared/hls/clib/include/header_files\ap_fixed_base.h:903:7)
INFO: [HLS 214-131] Inlining function 'bool ap_int_base<137, false>::operator==<137, false>(ap_int_base<137, false> const&) const' into 'ap_fixed_base<1, 32, false, (ap_q_mode)5, (ap_o_mode)0, 0>& ap_fixed_base<1, 32, false, (ap_q_mode)5, (ap_o_mode)0, 0>::operator=<137, 84, false, (ap_q_mode)5, (ap_o_mode)3, 0>(ap_fixed_base<137, 84, false, (ap_q_mode)5, (ap_o_mode)3, 0> const&)' (r:/ci/prod/2022.1/rdi_builds/continuous/2022_04_18_3526262/src/shared/hls/clib/include/header_files\ap_fixed_base.h:877:36)
INFO: [HLS 214-131] Inlining function 'ap_int_base<137, false>::RType<137, false>::arg1 operator>><137, false>(ap_int_base<137, false> const&, int)' into 'ap_fixed_base<1, 32, false, (ap_q_mode)5, (ap_o_mode)0, 0>& ap_fixed_base<1, 32, false, (ap_q_mode)5, (ap_o_mode)0, 0>::operator=<137, 84, false, (ap_q_mode)5, (ap_o_mode)3, 0>(ap_fixed_base<137, 84, false, (ap_q_mode)5, (ap_o_mode)3, 0> const&)' (r:/ci/prod/2022.1/rdi_builds/continuous/2022_04_18_3526262/src/shared/hls/clib/include/header_files\ap_fixed_base.h:877:49)
INFO: [HLS 214-131] Inlining function 'ap_int_base<137, false>::ap_int_base(int)' into 'ap_fixed_base<1, 32, false, (ap_q_mode)5, (ap_o_mode)0, 0>& ap_fixed_base<1, 32, false, (ap_q_mode)5, (ap_o_mode)0, 0>::operator=<137, 84, false, (ap_q_mode)5, (ap_o_mode)3, 0>(ap_fixed_base<137, 84, false, (ap_q_mode)5, (ap_o_mode)3, 0> const&)' (r:/ci/prod/2022.1/rdi_builds/continuous/2022_04_18_3526262/src/shared/hls/clib/include/header_files\ap_fixed_base.h:875:38)
INFO: [HLS 214-131] Inlining function 'bool ap_int_base<137, false>::operator==<137, false>(ap_int_base<137, false> const&) const' into 'ap_fixed_base<1, 32, false, (ap_q_mode)5, (ap_o_mode)0, 0>& ap_fixed_base<1, 32, false, (ap_q_mode)5, (ap_o_mode)0, 0>::operator=<137, 84, false, (ap_q_mode)5, (ap_o_mode)3, 0>(ap_fixed_base<137, 84, false, (ap_q_mode)5, (ap_o_mode)3, 0> const&)' (r:/ci/prod/2022.1/rdi_builds/continuous/2022_04_18_3526262/src/shared/hls/clib/include/header_files\ap_fixed_base.h:869:36)
INFO: [HLS 214-131] Inlining function 'ap_int_base<137, false>::RType<137, false>::arg1 operator>><137, false>(ap_int_base<137, false> const&, int)' into 'ap_fixed_base<1, 32, false, (ap_q_mode)5, (ap_o_mode)0, 0>& ap_fixed_base<1, 32, false, (ap_q_mode)5, (ap_o_mode)0, 0>::operator=<137, 84, false, (ap_q_mode)5, (ap_o_mode)3, 0>(ap_fixed_base<137, 84, false, (ap_q_mode)5, (ap_o_mode)3, 0> const&)' (r:/ci/prod/2022.1/rdi_builds/continuous/2022_04_18_3526262/src/shared/hls/clib/include/header_files\ap_fixed_base.h:869:49)
INFO: [HLS 214-131] Inlining function 'ap_int_base<137, false>::ap_int_base(int)' into 'ap_fixed_base<1, 32, false, (ap_q_mode)5, (ap_o_mode)0, 0>& ap_fixed_base<1, 32, false, (ap_q_mode)5, (ap_o_mode)0, 0>::operator=<137, 84, false, (ap_q_mode)5, (ap_o_mode)3, 0>(ap_fixed_base<137, 84, false, (ap_q_mode)5, (ap_o_mode)3, 0> const&)' (r:/ci/prod/2022.1/rdi_builds/continuous/2022_04_18_3526262/src/shared/hls/clib/include/header_files\ap_fixed_base.h:867:38)
INFO: [HLS 214-131] Inlining function 'ap_int_base<137, false>::ap_int_base(int)' into 'ap_fixed_base<1, 32, false, (ap_q_mode)5, (ap_o_mode)0, 0>& ap_fixed_base<1, 32, false, (ap_q_mode)5, (ap_o_mode)0, 0>::operator=<137, 84, false, (ap_q_mode)5, (ap_o_mode)3, 0>(ap_fixed_base<137, 84, false, (ap_q_mode)5, (ap_o_mode)3, 0> const&)' (r:/ci/prod/2022.1/rdi_builds/continuous/2022_04_18_3526262/src/shared/hls/clib/include/header_files\ap_fixed_base.h:864:36)
INFO: [HLS 214-131] Inlining function '_ZN8ssdm_intILi1ELb0EEC2EDq1_j' into 'ap_fixed_base<1, 32, false, (ap_q_mode)5, (ap_o_mode)0, 0>::ap_fixed_base<137, 84, false, (ap_q_mode)5, (ap_o_mode)3, 0>(ap_fixed_base<137, 84, false, (ap_q_mode)5, (ap_o_mode)3, 0> const&)' (r:/ci/prod/2022.1/rdi_builds/continuous/2022_04_18_3526262/src/shared/hls/clib/include/header_files\ap_fixed_base.h:401:80)
INFO: [HLS 214-131] Inlining function 'ap_fixed_base<1, 32, false, (ap_q_mode)5, (ap_o_mode)0, 0>& ap_fixed_base<1, 32, false, (ap_q_mode)5, (ap_o_mode)0, 0>::operator=<137, 84, false, (ap_q_mode)5, (ap_o_mode)3, 0>(ap_fixed_base<137, 84, false, (ap_q_mode)5, (ap_o_mode)3, 0> const&)' into 'ap_fixed_base<1, 32, false, (ap_q_mode)5, (ap_o_mode)0, 0>::ap_fixed_base<137, 84, false, (ap_q_mode)5, (ap_o_mode)3, 0>(ap_fixed_base<137, 84, false, (ap_q_mode)5, (ap_o_mode)3, 0> const&)' (r:/ci/prod/2022.1/rdi_builds/continuous/2022_04_18_3526262/src/shared/hls/clib/include/header_files\ap_fixed_base.h:403:5)
INFO: [HLS 214-131] Inlining function 'ap_fixed_base<1, 32, false, (ap_q_mode)5, (ap_o_mode)0, 0>::ap_fixed_base<137, 84, false, (ap_q_mode)5, (ap_o_mode)3, 0>(ap_fixed_base<137, 84, false, (ap_q_mode)5, (ap_o_mode)3, 0> const&)' into 'ap_ufixed<1, 32, (ap_q_mode)5, (ap_o_mode)0, 0>::ap_ufixed<137, 84, false, (ap_q_mode)5, (ap_o_mode)3, 0>(ap_fixed_base<137, 84, false, (ap_q_mode)5, (ap_o_mode)3, 0> const&)' (r:/ci/prod/2022.1/rdi_builds/continuous/2022_04_18_3526262/src/shared/hls/clib/include/header_files\ap_fixed.h:201:9)
INFO: [HLS 214-131] Inlining function 'ap_fixed_base<137, 84, false, (ap_q_mode)5, (ap_o_mode)3, 0>::operator!() const' into 'ap_fixed_base<32, 32, false, (ap_q_mode)6, (ap_o_mode)3, 0>& ap_fixed_base<32, 32, false, (ap_q_mode)6, (ap_o_mode)3, 0>::operator=<137, 84, false, (ap_q_mode)5, (ap_o_mode)3, 0>(ap_fixed_base<137, 84, false, (ap_q_mode)5, (ap_o_mode)3, 0> const&)' (r:/ci/prod/2022.1/rdi_builds/continuous/2022_04_18_3526262/src/shared/hls/clib/include/header_files\ap_fixed_base.h:808:9)
INFO: [HLS 214-131] Inlining function 'ssdm_int<32, false>::ssdm_int(unsigned int)' into 'ap_fixed_base<32, 32, false, (ap_q_mode)6, (ap_o_mode)3, 0>::ap_fixed_base<137, 84, false, (ap_q_mode)5, (ap_o_mode)3, 0>(ap_fixed_base<137, 84, false, (ap_q_mode)5, (ap_o_mode)3, 0> const&)' (r:/ci/prod/2022.1/rdi_builds/continuous/2022_04_18_3526262/src/shared/hls/clib/include/header_files\ap_fixed_base.h:401:80)
INFO: [HLS 214-131] Inlining function 'ap_fixed_base<32, 32, false, (ap_q_mode)6, (ap_o_mode)3, 0>& ap_fixed_base<32, 32, false, (ap_q_mode)6, (ap_o_mode)3, 0>::operator=<137, 84, false, (ap_q_mode)5, (ap_o_mode)3, 0>(ap_fixed_base<137, 84, false, (ap_q_mode)5, (ap_o_mode)3, 0> const&)' into 'ap_fixed_base<32, 32, false, (ap_q_mode)6, (ap_o_mode)3, 0>::ap_fixed_base<137, 84, false, (ap_q_mode)5, (ap_o_mode)3, 0>(ap_fixed_base<137, 84, false, (ap_q_mode)5, (ap_o_mode)3, 0> const&)' (r:/ci/prod/2022.1/rdi_builds/continuous/2022_04_18_3526262/src/shared/hls/clib/include/header_files\ap_fixed_base.h:403:5)
INFO: [HLS 214-131] Inlining function 'ap_fixed_base<32, 32, false, (ap_q_mode)6, (ap_o_mode)3, 0>::ap_fixed_base<137, 84, false, (ap_q_mode)5, (ap_o_mode)3, 0>(ap_fixed_base<137, 84, false, (ap_q_mode)5, (ap_o_mode)3, 0> const&)' into 'ap_ufixed<32, 32, (ap_q_mode)6, (ap_o_mode)3, 0>::ap_ufixed<137, 84, false, (ap_q_mode)5, (ap_o_mode)3, 0>(ap_fixed_base<137, 84, false, (ap_q_mode)5, (ap_o_mode)3, 0> const&)' (r:/ci/prod/2022.1/rdi_builds/continuous/2022_04_18_3526262/src/shared/hls/clib/include/header_files\ap_fixed.h:201:9)
INFO: [HLS 214-131] Inlining function 'ap_fixed_base<1, 32, false, (ap_q_mode)5, (ap_o_mode)0, 0>::operator!() const' into 'ap_fixed_base<33, 33, false, (ap_q_mode)5, (ap_o_mode)0, 0>& ap_fixed_base<33, 33, false, (ap_q_mode)5, (ap_o_mode)0, 0>::operator=<1, 32, false, (ap_q_mode)5, (ap_o_mode)0, 0>(ap_fixed_base<1, 32, false, (ap_q_mode)5, (ap_o_mode)0, 0> const&)' (r:/ci/prod/2022.1/rdi_builds/continuous/2022_04_18_3526262/src/shared/hls/clib/include/header_files\ap_fixed_base.h:808:9)
INFO: [HLS 214-131] Inlining function '_ZN8ssdm_intILi33ELb0EEC2EDq33_j' into 'ap_fixed_base<33, 33, false, (ap_q_mode)5, (ap_o_mode)0, 0>::ap_fixed_base<1, 32, false, (ap_q_mode)5, (ap_o_mode)0, 0>(ap_fixed_base<1, 32, false, (ap_q_mode)5, (ap_o_mode)0, 0> const&)' (r:/ci/prod/2022.1/rdi_builds/continuous/2022_04_18_3526262/src/shared/hls/clib/include/header_files\ap_fixed_base.h:401:80)
INFO: [HLS 214-131] Inlining function 'ap_fixed_base<33, 33, false, (ap_q_mode)5, (ap_o_mode)0, 0>& ap_fixed_base<33, 33, false, (ap_q_mode)5, (ap_o_mode)0, 0>::operator=<1, 32, false, (ap_q_mode)5, (ap_o_mode)0, 0>(ap_fixed_base<1, 32, false, (ap_q_mode)5, (ap_o_mode)0, 0> const&)' into 'ap_fixed_base<33, 33, false, (ap_q_mode)5, (ap_o_mode)0, 0>::ap_fixed_base<1, 32, false, (ap_q_mode)5, (ap_o_mode)0, 0>(ap_fixed_base<1, 32, false, (ap_q_mode)5, (ap_o_mode)0, 0> const&)' (r:/ci/prod/2022.1/rdi_builds/continuous/2022_04_18_3526262/src/shared/hls/clib/include/header_files\ap_fixed_base.h:403:5)
INFO: [HLS 214-131] Inlining function 'ap_fixed_base<33, 33, false, (ap_q_mode)5, (ap_o_mode)0, 0>::ap_fixed_base<1, 32, false, (ap_q_mode)5, (ap_o_mode)0, 0>(ap_fixed_base<1, 32, false, (ap_q_mode)5, (ap_o_mode)0, 0> const&)' into 'bool ap_fixed_base<1, 32, false, (ap_q_mode)5, (ap_o_mode)0, 0>::operator!=<32, 32, true, (ap_q_mode)5, (ap_o_mode)3, 0>(ap_fixed_base<32, 32, true, (ap_q_mode)5, (ap_o_mode)3, 0> const&) const' (r:/ci/prod/2022.1/rdi_builds/continuous/2022_04_18_3526262/src/shared/hls/clib/include/header_files\ap_fixed_base.h:1654:505)
INFO: [HLS 214-131] Inlining function 'ap_fixed_base<32, 32, true, (ap_q_mode)5, (ap_o_mode)3, 0>::ap_fixed_base(int)' into 'bool operator!=<1, 32, false, (ap_q_mode)5, (ap_o_mode)0, 0>(ap_fixed_base<1, 32, false, (ap_q_mode)5, (ap_o_mode)0, 0> const&, int)' (r:/ci/prod/2022.1/rdi_builds/continuous/2022_04_18_3526262/src/shared/hls/clib/include/header_files\ap_fixed_base.h:2376:13043)
INFO: [HLS 214-131] Inlining function 'bool ap_fixed_base<1, 32, false, (ap_q_mode)5, (ap_o_mode)0, 0>::operator!=<32, 32, true, (ap_q_mode)5, (ap_o_mode)3, 0>(ap_fixed_base<32, 32, true, (ap_q_mode)5, (ap_o_mode)3, 0> const&) const' into 'bool operator!=<1, 32, false, (ap_q_mode)5, (ap_o_mode)0, 0>(ap_fixed_base<1, 32, false, (ap_q_mode)5, (ap_o_mode)0, 0> const&, int)' (r:/ci/prod/2022.1/rdi_builds/continuous/2022_04_18_3526262/src/shared/hls/clib/include/header_files\ap_fixed_base.h:2376:13031)
INFO: [HLS 214-131] Inlining function 'ap_int_base<32, true>::ap_int_base(int)' into 'ap_int<32>::ap_int(int)' (r:/ci/prod/2022.1/rdi_builds/continuous/2022_04_18_3526262/src/shared/hls/clib/include/header_files\ap_int.h:133:57)
INFO: [HLS 214-131] Inlining function 'ap_bit_ref<32, true>::ap_bit_ref(ap_int_base<32, true>*, int)' into 'ap_int_base<32, true>::operator[](int)' (r:/ci/prod/2022.1/rdi_builds/continuous/2022_04_18_3526262/src/shared/hls/clib/include/header_files\ap_int_base.h:1129:30)
INFO: [HLS 214-131] Inlining function 'ap_fixed_base<1, 32, false, (ap_q_mode)5, (ap_o_mode)0, 0>::operator!() const' into 'ap_fixed_base<32, 32, false, (ap_q_mode)5, (ap_o_mode)0, 0>& ap_fixed_base<32, 32, false, (ap_q_mode)5, (ap_o_mode)0, 0>::operator=<1, 32, false, (ap_q_mode)5, (ap_o_mode)0, 0>(ap_fixed_base<1, 32, false, (ap_q_mode)5, (ap_o_mode)0, 0> const&)' (r:/ci/prod/2022.1/rdi_builds/continuous/2022_04_18_3526262/src/shared/hls/clib/include/header_files\ap_fixed_base.h:808:9)
INFO: [HLS 214-131] Inlining function 'ssdm_int<32, false>::ssdm_int(unsigned int)' into 'ap_fixed_base<32, 32, false, (ap_q_mode)5, (ap_o_mode)0, 0>::ap_fixed_base<1, 32, false, (ap_q_mode)5, (ap_o_mode)0, 0>(ap_fixed_base<1, 32, false, (ap_q_mode)5, (ap_o_mode)0, 0> const&)' (r:/ci/prod/2022.1/rdi_builds/continuous/2022_04_18_3526262/src/shared/hls/clib/include/header_files\ap_fixed_base.h:401:80)
INFO: [HLS 214-131] Inlining function 'ap_fixed_base<32, 32, false, (ap_q_mode)5, (ap_o_mode)0, 0>& ap_fixed_base<32, 32, false, (ap_q_mode)5, (ap_o_mode)0, 0>::operator=<1, 32, false, (ap_q_mode)5, (ap_o_mode)0, 0>(ap_fixed_base<1, 32, false, (ap_q_mode)5, (ap_o_mode)0, 0> const&)' into 'ap_fixed_base<32, 32, false, (ap_q_mode)5, (ap_o_mode)0, 0>::ap_fixed_base<1, 32, false, (ap_q_mode)5, (ap_o_mode)0, 0>(ap_fixed_base<1, 32, false, (ap_q_mode)5, (ap_o_mode)0, 0> const&)' (r:/ci/prod/2022.1/rdi_builds/continuous/2022_04_18_3526262/src/shared/hls/clib/include/header_files\ap_fixed_base.h:403:5)
INFO: [HLS 214-131] Inlining function 'ap_fixed_base<32, 32, false, (ap_q_mode)5, (ap_o_mode)0, 0>::ap_fixed_base<1, 32, false, (ap_q_mode)5, (ap_o_mode)0, 0>(ap_fixed_base<1, 32, false, (ap_q_mode)5, (ap_o_mode)0, 0> const&)' into 'bool ap_fixed_base<32, 32, true, (ap_q_mode)5, (ap_o_mode)3, 0>::operator==<1, 32, false, (ap_q_mode)5, (ap_o_mode)0, 0>(ap_fixed_base<1, 32, false, (ap_q_mode)5, (ap_o_mode)0, 0> const&) const' (r:/ci/prod/2022.1/rdi_builds/continuous/2022_04_18_3526262/src/shared/hls/clib/include/header_files\ap_fixed_base.h:1653:370)
INFO: [HLS 214-131] Inlining function 'ap_fixed_base<32, 32, true, (ap_q_mode)5, (ap_o_mode)3, 0>::ap_fixed_base(int)' into 'bool operator==<1, 32, false, (ap_q_mode)5, (ap_o_mode)0, 0>(int, ap_fixed_base<1, 32, false, (ap_q_mode)5, (ap_o_mode)0, 0> const&)' (r:/ci/prod/2022.1/rdi_builds/continuous/2022_04_18_3526262/src/shared/hls/clib/include/header_files\ap_fixed_base.h:2376:12718)
INFO: [HLS 214-131] Inlining function 'bool ap_fixed_base<32, 32, true, (ap_q_mode)5, (ap_o_mode)3, 0>::operator==<1, 32, false, (ap_q_mode)5, (ap_o_mode)0, 0>(ap_fixed_base<1, 32, false, (ap_q_mode)5, (ap_o_mode)0, 0> const&) const' into 'bool operator==<1, 32, false, (ap_q_mode)5, (ap_o_mode)0, 0>(int, ap_fixed_base<1, 32, false, (ap_q_mode)5, (ap_o_mode)0, 0> const&)' (r:/ci/prod/2022.1/rdi_builds/continuous/2022_04_18_3526262/src/shared/hls/clib/include/header_files\ap_fixed_base.h:2376:12778)
INFO: [HLS 214-131] Inlining function 'ap_int_base<32, true>::ap_int_base(int)' into 'bool operator!=<52, false>(int, ap_int_base<52, false> const&)' (r:/ci/prod/2022.1/rdi_builds/continuous/2022_04_18_3526262/src/shared/hls/clib/include/header_files\ap_int_base.h:1788:2037)
INFO: [HLS 214-131] Inlining function 'bool ap_int_base<32, true>::operator!=<52, false>(ap_int_base<52, false> const&) const' into 'bool operator!=<52, false>(int, ap_int_base<52, false> const&)' (r:/ci/prod/2022.1/rdi_builds/continuous/2022_04_18_3526262/src/shared/hls/clib/include/header_files\ap_int_base.h:1788:2075)
INFO: [HLS 214-131] Inlining function 'ap_fixed_base<32, 32, false, (ap_q_mode)6, (ap_o_mode)3, 0>::operator!() const' into 'ap_fixed_base<32, 32, true, (ap_q_mode)5, (ap_o_mode)3, 0>& ap_fixed_base<32, 32, true, (ap_q_mode)5, (ap_o_mode)3, 0>::operator=<32, 32, false, (ap_q_mode)6, (ap_o_mode)3, 0>(ap_fixed_base<32, 32, false, (ap_q_mode)6, (ap_o_mode)3, 0> const&)' (r:/ci/prod/2022.1/rdi_builds/continuous/2022_04_18_3526262/src/shared/hls/clib/include/header_files\ap_fixed_base.h:808:9)
INFO: [HLS 214-131] Inlining function 'ssdm_int<32, true>::ssdm_int(int)' into 'ap_fixed_base<32, 32, true, (ap_q_mode)5, (ap_o_mode)3, 0>::ap_fixed_base<32, 32, false, (ap_q_mode)6, (ap_o_mode)3, 0>(ap_fixed_base<32, 32, false, (ap_q_mode)6, (ap_o_mode)3, 0> const&)' (r:/ci/prod/2022.1/rdi_builds/continuous/2022_04_18_3526262/src/shared/hls/clib/include/header_files\ap_fixed_base.h:401:80)
INFO: [HLS 214-131] Inlining function 'ap_fixed_base<32, 32, true, (ap_q_mode)5, (ap_o_mode)3, 0>& ap_fixed_base<32, 32, true, (ap_q_mode)5, (ap_o_mode)3, 0>::operator=<32, 32, false, (ap_q_mode)6, (ap_o_mode)3, 0>(ap_fixed_base<32, 32, false, (ap_q_mode)6, (ap_o_mode)3, 0> const&)' into 'ap_fixed_base<32, 32, true, (ap_q_mode)5, (ap_o_mode)3, 0>::ap_fixed_base<32, 32, false, (ap_q_mode)6, (ap_o_mode)3, 0>(ap_fixed_base<32, 32, false, (ap_q_mode)6, (ap_o_mode)3, 0> const&)' (r:/ci/prod/2022.1/rdi_builds/continuous/2022_04_18_3526262/src/shared/hls/clib/include/header_files\ap_fixed_base.h:403:5)
INFO: [HLS 214-131] Inlining function 'ap_fixed_base<32, 32, true, (ap_q_mode)5, (ap_o_mode)3, 0>::ap_fixed_base<32, 32, false, (ap_q_mode)6, (ap_o_mode)3, 0>(ap_fixed_base<32, 32, false, (ap_q_mode)6, (ap_o_mode)3, 0> const&)' into 'ap_fixed<32, 32, (ap_q_mode)5, (ap_o_mode)3, 0>::ap_fixed<32, 32, false, (ap_q_mode)6, (ap_o_mode)3, 0>(ap_fixed_base<32, 32, false, (ap_q_mode)6, (ap_o_mode)3, 0> const&)' (r:/ci/prod/2022.1/rdi_builds/continuous/2022_04_18_3526262/src/shared/hls/clib/include/header_files\ap_fixed.h:29:9)
INFO: [HLS 214-131] Inlining function 'ap_fixed_base<32, 32, false, (ap_q_mode)6, (ap_o_mode)3, 0>::operator!() const' into 'ap_fixed_base<33, 33, true, (ap_q_mode)5, (ap_o_mode)3, 0>& ap_fixed_base<33, 33, true, (ap_q_mode)5, (ap_o_mode)3, 0>::operator=<32, 32, false, (ap_q_mode)6, (ap_o_mode)3, 0>(ap_fixed_base<32, 32, false, (ap_q_mode)6, (ap_o_mode)3, 0> const&)' (r:/ci/prod/2022.1/rdi_builds/continuous/2022_04_18_3526262/src/shared/hls/clib/include/header_files\ap_fixed_base.h:808:9)
INFO: [HLS 214-131] Inlining function '_ZN8ssdm_intILi33ELb1EEC2EDq33_i' into 'ap_fixed_base<33, 33, true, (ap_q_mode)5, (ap_o_mode)3, 0>::ap_fixed_base<32, 32, false, (ap_q_mode)6, (ap_o_mode)3, 0>(ap_fixed_base<32, 32, false, (ap_q_mode)6, (ap_o_mode)3, 0> const&)' (r:/ci/prod/2022.1/rdi_builds/continuous/2022_04_18_3526262/src/shared/hls/clib/include/header_files\ap_fixed_base.h:401:80)
INFO: [HLS 214-131] Inlining function 'ap_fixed_base<33, 33, true, (ap_q_mode)5, (ap_o_mode)3, 0>& ap_fixed_base<33, 33, true, (ap_q_mode)5, (ap_o_mode)3, 0>::operator=<32, 32, false, (ap_q_mode)6, (ap_o_mode)3, 0>(ap_fixed_base<32, 32, false, (ap_q_mode)6, (ap_o_mode)3, 0> const&)' into 'ap_fixed_base<33, 33, true, (ap_q_mode)5, (ap_o_mode)3, 0>::ap_fixed_base<32, 32, false, (ap_q_mode)6, (ap_o_mode)3, 0>(ap_fixed_base<32, 32, false, (ap_q_mode)6, (ap_o_mode)3, 0> const&)' (r:/ci/prod/2022.1/rdi_builds/continuous/2022_04_18_3526262/src/shared/hls/clib/include/header_files\ap_fixed_base.h:403:5)
INFO: [HLS 214-131] Inlining function 'ap_fixed_base<33, 33, true, (ap_q_mode)5, (ap_o_mode)3, 0>::ap_fixed_base<32, 32, false, (ap_q_mode)6, (ap_o_mode)3, 0>(ap_fixed_base<32, 32, false, (ap_q_mode)6, (ap_o_mode)3, 0> const&)' into 'ap_fixed_base<32, 32, false, (ap_q_mode)6, (ap_o_mode)3, 0>::operator-() const' (r:/ci/prod/2022.1/rdi_builds/continuous/2022_04_18_3526262/src/shared/hls/clib/include/header_files\ap_fixed_base.h:1407:47)
INFO: [HLS 214-131] Inlining function 'ap_fixed<33, 33, (ap_q_mode)5, (ap_o_mode)3, 0>::ap_fixed<33, 33, true, (ap_q_mode)5, (ap_o_mode)3, 0>(ap_fixed_base<33, 33, true, (ap_q_mode)5, (ap_o_mode)3, 0> const&)' into 'ap_fixed_base<32, 32, false, (ap_q_mode)6, (ap_o_mode)3, 0>::operator-() const' (r:/ci/prod/2022.1/rdi_builds/continuous/2022_04_18_3526262/src/shared/hls/clib/include/header_files\ap_fixed_base.h:1409:12)
INFO: [HLS 214-131] Inlining function 'ap_fixed_base<33, 33, true, (ap_q_mode)5, (ap_o_mode)3, 0>::operator!() const' into 'ap_fixed_base<32, 32, true, (ap_q_mode)5, (ap_o_mode)3, 0>& ap_fixed_base<32, 32, true, (ap_q_mode)5, (ap_o_mode)3, 0>::operator=<33, 33, true, (ap_q_mode)5, (ap_o_mode)3, 0>(ap_fixed_base<33, 33, true, (ap_q_mode)5, (ap_o_mode)3, 0> const&)' (r:/ci/prod/2022.1/rdi_builds/continuous/2022_04_18_3526262/src/shared/hls/clib/include/header_files\ap_fixed_base.h:808:9)
INFO: [HLS 214-131] Inlining function 'ssdm_int<32, true>::ssdm_int(int)' into 'ap_fixed_base<32, 32, true, (ap_q_mode)5, (ap_o_mode)3, 0>::ap_fixed_base<33, 33, true, (ap_q_mode)5, (ap_o_mode)3, 0>(ap_fixed_base<33, 33, true, (ap_q_mode)5, (ap_o_mode)3, 0> const&)' (r:/ci/prod/2022.1/rdi_builds/continuous/2022_04_18_3526262/src/shared/hls/clib/include/header_files\ap_fixed_base.h:401:80)
INFO: [HLS 214-131] Inlining function 'ap_fixed_base<32, 32, true, (ap_q_mode)5, (ap_o_mode)3, 0>& ap_fixed_base<32, 32, true, (ap_q_mode)5, (ap_o_mode)3, 0>::operator=<33, 33, true, (ap_q_mode)5, (ap_o_mode)3, 0>(ap_fixed_base<33, 33, true, (ap_q_mode)5, (ap_o_mode)3, 0> const&)' into 'ap_fixed_base<32, 32, true, (ap_q_mode)5, (ap_o_mode)3, 0>::ap_fixed_base<33, 33, true, (ap_q_mode)5, (ap_o_mode)3, 0>(ap_fixed_base<33, 33, true, (ap_q_mode)5, (ap_o_mode)3, 0> const&)' (r:/ci/prod/2022.1/rdi_builds/continuous/2022_04_18_3526262/src/shared/hls/clib/include/header_files\ap_fixed_base.h:403:5)
INFO: [HLS 214-131] Inlining function 'ap_fixed_base<32, 32, true, (ap_q_mode)5, (ap_o_mode)3, 0>::ap_fixed_base<33, 33, true, (ap_q_mode)5, (ap_o_mode)3, 0>(ap_fixed_base<33, 33, true, (ap_q_mode)5, (ap_o_mode)3, 0> const&)' into 'ap_fixed<32, 32, (ap_q_mode)5, (ap_o_mode)3, 0>::ap_fixed<33, 33, true, (ap_q_mode)5, (ap_o_mode)3, 0>(ap_fixed_base<33, 33, true, (ap_q_mode)5, (ap_o_mode)3, 0> const&)' (r:/ci/prod/2022.1/rdi_builds/continuous/2022_04_18_3526262/src/shared/hls/clib/include/header_files\ap_fixed.h:29:9)
INFO: [HLS 214-131] Inlining function 'ap_int_base<32, true>::ap_int_base(int)' into 'ap_fixed_base<32, 32, true, (ap_q_mode)5, (ap_o_mode)3, 0>::to_ap_int_base(bool) const' (r:/ci/prod/2022.1/rdi_builds/continuous/2022_04_18_3526262/src/shared/hls/clib/include/header_files\ap_fixed_base.h:983:57)
INFO: [HLS 214-131] Inlining function 'ap_fixed_base<32, 32, true, (ap_q_mode)5, (ap_o_mode)3, 0>::to_ap_int_base(bool) const' into 'ap_fixed_base<32, 32, true, (ap_q_mode)5, (ap_o_mode)3, 0>::to_int() const' (r:/ci/prod/2022.1/rdi_builds/continuous/2022_04_18_3526262/src/shared/hls/clib/include/header_files\ap_fixed_base.h:1022:89)
INFO: [HLS 214-131] Inlining function 'ap_int_base<32, true>::to_int() const' into 'ap_fixed_base<32, 32, true, (ap_q_mode)5, (ap_o_mode)3, 0>::to_int() const' (r:/ci/prod/2022.1/rdi_builds/continuous/2022_04_18_3526262/src/shared/hls/clib/include/header_files\ap_fixed_base.h:1022:106)
INFO: [HLS 214-131] Inlining function 'ap_fixed_base<32, 32, true, (ap_q_mode)5, (ap_o_mode)3, 0>::to_int() const' into 'ap_fixed_base<32, 32, true, (ap_q_mode)5, (ap_o_mode)3, 0>::operator int() const' (r:/ci/prod/2022.1/rdi_builds/continuous/2022_04_18_3526262/src/shared/hls/clib/include/header_files\ap_fixed_base.h:1197:91)
INFO: [HLS 214-131] Inlining function 'ap_ufixed<137, 84, (ap_q_mode)5, (ap_o_mode)3, 0>::ap_ufixed<53, 1, false, (ap_q_mode)5, (ap_o_mode)3, 0>(ap_fixed_base<53, 1, false, (ap_q_mode)5, (ap_o_mode)3, 0> const&)' into 'int generic_cast_IEEE754<int, (ap_q_mode)6, double>(double, bool, hls::enable_if<std::numeric_limits<int>::is_signed, bool>::type)' (r:/ci/prod/2022.1/rdi_builds/continuous/2022_04_18_3526262/src/shared/hls/clib/hlsmath/include/FloatingPoint\hls_case_IEEE754.h:15:54)
INFO: [HLS 214-131] Inlining function 'ap_fixed_base<32, 32, true, (ap_q_mode)5, (ap_o_mode)3, 0>::operator int() const' into 'int generic_cast_IEEE754<int, (ap_q_mode)6, double>(double, bool, hls::enable_if<std::numeric_limits<int>::is_signed, bool>::type)' (r:/ci/prod/2022.1/rdi_builds/continuous/2022_04_18_3526262/src/shared/hls/clib/hlsmath/include/FloatingPoint\hls_case_IEEE754.h:61:9)
INFO: [HLS 214-131] Inlining function 'ap_fixed<32, 32, (ap_q_mode)5, (ap_o_mode)3, 0>::ap_fixed<33, 33, true, (ap_q_mode)5, (ap_o_mode)3, 0>(ap_fixed_base<33, 33, true, (ap_q_mode)5, (ap_o_mode)3, 0> const&)' into 'int generic_cast_IEEE754<int, (ap_q_mode)6, double>(double, bool, hls::enable_if<std::numeric_limits<int>::is_signed, bool>::type)' (r:/ci/prod/2022.1/rdi_builds/continuous/2022_04_18_3526262/src/shared/hls/clib/hlsmath/include/FloatingPoint\hls_case_IEEE754.h:59:30)
INFO: [HLS 214-131] Inlining function 'ap_fixed_base<32, 32, false, (ap_q_mode)6, (ap_o_mode)3, 0>::operator-() const' into 'int generic_cast_IEEE754<int, (ap_q_mode)6, double>(double, bool, hls::enable_if<std::numeric_limits<int>::is_signed, bool>::type)' (r:/ci/prod/2022.1/rdi_builds/continuous/2022_04_18_3526262/src/shared/hls/clib/hlsmath/include/FloatingPoint\hls_case_IEEE754.h:59:30)
INFO: [HLS 214-131] Inlining function 'ap_fixed_base<137, 84, false, (ap_q_mode)5, (ap_o_mode)3, 0>::operator<<(int) const' into 'int generic_cast_IEEE754<int, (ap_q_mode)6, double>(double, bool, hls::enable_if<std::numeric_limits<int>::is_signed, bool>::type)' (r:/ci/prod/2022.1/rdi_builds/continuous/2022_04_18_3526262/src/shared/hls/clib/hlsmath/include/FloatingPoint\hls_case_IEEE754.h:18:73)
INFO: [HLS 214-131] Inlining function 'ap_fixed<32, 32, (ap_q_mode)5, (ap_o_mode)3, 0>::ap_fixed<32, 32, false, (ap_q_mode)6, (ap_o_mode)3, 0>(ap_fixed_base<32, 32, false, (ap_q_mode)6, (ap_o_mode)3, 0> const&)' into 'int generic_cast_IEEE754<int, (ap_q_mode)6, double>(double, bool, hls::enable_if<std::numeric_limits<int>::is_signed, bool>::type)' (r:/ci/prod/2022.1/rdi_builds/continuous/2022_04_18_3526262/src/shared/hls/clib/hlsmath/include/FloatingPoint\hls_case_IEEE754.h:58:49)
INFO: [HLS 214-131] Inlining function 'ap_int_base<32, true>::operator long long() const' into 'int generic_cast_IEEE754<int, (ap_q_mode)6, double>(double, bool, hls::enable_if<std::numeric_limits<int>::is_signed, bool>::type)' (r:/ci/prod/2022.1/rdi_builds/continuous/2022_04_18_3526262/src/shared/hls/clib/hlsmath/include/FloatingPoint\hls_case_IEEE754.h:47:17)
INFO: [HLS 214-131] Inlining function 'ap_ufixed<137, 84, (ap_q_mode)5, (ap_o_mode)3, 0>::ap_ufixed<137, 84, false, (ap_q_mode)5, (ap_o_mode)3, 0>(ap_fixed_base<137, 84, false, (ap_q_mode)5, (ap_o_mode)3, 0> const&)' into 'int generic_cast_IEEE754<int, (ap_q_mode)6, double>(double, bool, hls::enable_if<std::numeric_limits<int>::is_signed, bool>::type)' (r:/ci/prod/2022.1/rdi_builds/continuous/2022_04_18_3526262/src/shared/hls/clib/hlsmath/include/FloatingPoint\hls_case_IEEE754.h:18:64)
INFO: [HLS 214-131] Inlining function 'ap_int_base<32, true>::operator long long() const' into 'int generic_cast_IEEE754<int, (ap_q_mode)6, double>(double, bool, hls::enable_if<std::numeric_limits<int>::is_signed, bool>::type)' (r:/ci/prod/2022.1/rdi_builds/continuous/2022_04_18_3526262/src/shared/hls/clib/hlsmath/include/FloatingPoint\hls_case_IEEE754.h:44:17)
INFO: [HLS 214-131] Inlining function 'bool operator==<11, false>(ap_int_base<11, false> const&, int)' into 'int generic_cast_IEEE754<int, (ap_q_mode)6, double>(double, bool, hls::enable_if<std::numeric_limits<int>::is_signed, bool>::type)' (r:/ci/prod/2022.1/rdi_builds/continuous/2022_04_18_3526262/src/shared/hls/clib/hlsmath/include/FloatingPoint\hls_case_IEEE754.h:42:54)
INFO: [HLS 214-131] Inlining function 'bool operator!=<52, false>(int, ap_int_base<52, false> const&)' into 'int generic_cast_IEEE754<int, (ap_q_mode)6, double>(double, bool, hls::enable_if<std::numeric_limits<int>::is_signed, bool>::type)' (r:/ci/prod/2022.1/rdi_builds/continuous/2022_04_18_3526262/src/shared/hls/clib/hlsmath/include/FloatingPoint\hls_case_IEEE754.h:42:34)
INFO: [HLS 214-131] Inlining function 'bool operator==<1, 32, false, (ap_q_mode)5, (ap_o_mode)0, 0>(int, ap_fixed_base<1, 32, false, (ap_q_mode)5, (ap_o_mode)0, 0> const&)' into 'int generic_cast_IEEE754<int, (ap_q_mode)6, double>(double, bool, hls::enable_if<std::numeric_limits<int>::is_signed, bool>::type)' (r:/ci/prod/2022.1/rdi_builds/continuous/2022_04_18_3526262/src/shared/hls/clib/hlsmath/include/FloatingPoint\hls_case_IEEE754.h:42:12)
INFO: [HLS 214-131] Inlining function 'ap_bit_ref<32, true>::operator=(int)' into 'int generic_cast_IEEE754<int, (ap_q_mode)6, double>(double, bool, hls::enable_if<std::numeric_limits<int>::is_signed, bool>::type)' (r:/ci/prod/2022.1/rdi_builds/continuous/2022_04_18_3526262/src/shared/hls/clib/hlsmath/include/FloatingPoint\hls_case_IEEE754.h:38:24)
INFO: [HLS 214-131] Inlining function 'ap_int_base<32, true>::operator[](int)' into 'int generic_cast_IEEE754<int, (ap_q_mode)6, double>(double, bool, hls::enable_if<std::numeric_limits<int>::is_signed, bool>::type)' (r:/ci/prod/2022.1/rdi_builds/continuous/2022_04_18_3526262/src/shared/hls/clib/hlsmath/include/FloatingPoint\hls_case_IEEE754.h:38:2)
INFO: [HLS 214-131] Inlining function 'ap_int<32>::ap_int(int)' into 'int generic_cast_IEEE754<int, (ap_q_mode)6, double>(double, bool, hls::enable_if<std::numeric_limits<int>::is_signed, bool>::type)' (r:/ci/prod/2022.1/rdi_builds/continuous/2022_04_18_3526262/src/shared/hls/clib/hlsmath/include/FloatingPoint\hls_case_IEEE754.h:37:31)
INFO: [HLS 214-131] Inlining function 'ap_bit_ref<32, true>::operator=(int)' into 'int generic_cast_IEEE754<int, (ap_q_mode)6, double>(double, bool, hls::enable_if<std::numeric_limits<int>::is_signed, bool>::type)' (r:/ci/prod/2022.1/rdi_builds/continuous/2022_04_18_3526262/src/shared/hls/clib/hlsmath/include/FloatingPoint\hls_case_IEEE754.h:36:24)
INFO: [HLS 214-131] Inlining function 'ap_int_base<32, true>::operator[](int)' into 'int generic_cast_IEEE754<int, (ap_q_mode)6, double>(double, bool, hls::enable_if<std::numeric_limits<int>::is_signed, bool>::type)' (r:/ci/prod/2022.1/rdi_builds/continuous/2022_04_18_3526262/src/shared/hls/clib/hlsmath/include/FloatingPoint\hls_case_IEEE754.h:36:2)
INFO: [HLS 214-131] Inlining function 'ap_int<32>::ap_int(int)' into 'int generic_cast_IEEE754<int, (ap_q_mode)6, double>(double, bool, hls::enable_if<std::numeric_limits<int>::is_signed, bool>::type)' (r:/ci/prod/2022.1/rdi_builds/continuous/2022_04_18_3526262/src/shared/hls/clib/hlsmath/include/FloatingPoint\hls_case_IEEE754.h:35:31)
INFO: [HLS 214-131] Inlining function 'bool operator!=<1, 32, false, (ap_q_mode)5, (ap_o_mode)0, 0>(ap_fixed_base<1, 32, false, (ap_q_mode)5, (ap_o_mode)0, 0> const&, int)' into 'int generic_cast_IEEE754<int, (ap_q_mode)6, double>(double, bool, hls::enable_if<std::numeric_limits<int>::is_signed, bool>::type)' (r:/ci/prod/2022.1/rdi_builds/continuous/2022_04_18_3526262/src/shared/hls/clib/hlsmath/include/FloatingPoint\hls_case_IEEE754.h:32:96)
INFO: [HLS 214-131] Inlining function 'ap_ufixed<1, 32, (ap_q_mode)5, (ap_o_mode)0, 0>::ap_ufixed<137, 84, false, (ap_q_mode)5, (ap_o_mode)3, 0>(ap_fixed_base<137, 84, false, (ap_q_mode)5, (ap_o_mode)3, 0> const&)' into 'int generic_cast_IEEE754<int, (ap_q_mode)6, double>(double, bool, hls::enable_if<std::numeric_limits<int>::is_signed, bool>::type)' (r:/ci/prod/2022.1/rdi_builds/continuous/2022_04_18_3526262/src/shared/hls/clib/hlsmath/include/FloatingPoint\hls_case_IEEE754.h:20:63)
INFO: [HLS 214-131] Inlining function 'ap_ufixed<32, 32, (ap_q_mode)6, (ap_o_mode)3, 0>::ap_ufixed<137, 84, false, (ap_q_mode)5, (ap_o_mode)3, 0>(ap_fixed_base<137, 84, false, (ap_q_mode)5, (ap_o_mode)3, 0> const&)' into 'int generic_cast_IEEE754<int, (ap_q_mode)6, double>(double, bool, hls::enable_if<std::numeric_limits<int>::is_signed, bool>::type)' (r:/ci/prod/2022.1/rdi_builds/continuous/2022_04_18_3526262/src/shared/hls/clib/hlsmath/include/FloatingPoint\hls_case_IEEE754.h:21:58)
INFO: [HLS 214-178] Inlining function 'fp_struct<double>::data() const (.3.48.58.67.78.87.98.107.118.127.138)' into 'fp_struct<double>::to_double() const (.45.55.64.75.84.95.104.115.124.135)' (r:/ci/prod/2022.1/rdi_builds/continuous/2022_04_18_3526262/src/shared/hls/clib/src/hls\utils/x_hls_utils.h:523:0)
INFO: [HLS 214-178] Inlining function 'fp_struct<double>::to_double() const (.45.55.64.75.84.95.104.115.124.135)' into 'fp_struct<double>::to_ieee() const' (r:/ci/prod/2022.1/rdi_builds/continuous/2022_04_18_3526262/src/shared/hls/clib/src/hls\utils/x_hls_utils.h:538:0)
INFO: [HLS 214-178] Inlining function 'fp_struct<double>::fp_struct(double)' into 'double generic_copysign<double>(double, double)' (r:/ci/prod/2022.1/rdi_builds/continuous/2022_04_18_3526262/src/shared/hls/clib/hlsmath/include/FloatingPoint/hls_copysign.h:10:0)
INFO: [HLS 214-178] Inlining function 'fp_struct<double>::to_ieee() const' into 'double generic_copysign<double>(double, double)' (r:/ci/prod/2022.1/rdi_builds/continuous/2022_04_18_3526262/src/shared/hls/clib/hlsmath/include/FloatingPoint/hls_copysign.h:10:0)
INFO: [HLS 214-178] Inlining function 'fp_struct<double>::fp_struct(double)' into 'double generic_floor<double>(double)' (r:/ci/prod/2022.1/rdi_builds/continuous/2022_04_18_3526262/src/shared/hls/clib/hlsmath/include/FloatingPoint\hls_floor.h:14:0)
INFO: [HLS 214-178] Inlining function 'fp_struct<double>::__signbit() const' into 'double generic_floor<double>(double)' (r:/ci/prod/2022.1/rdi_builds/continuous/2022_04_18_3526262/src/shared/hls/clib/hlsmath/include/FloatingPoint\hls_floor.h:14:0)
INFO: [HLS 214-178] Inlining function 'double generic_copysign<double>(double, double)' into 'double generic_floor<double>(double)' (r:/ci/prod/2022.1/rdi_builds/continuous/2022_04_18_3526262/src/shared/hls/clib/hlsmath/include/FloatingPoint\hls_floor.h:14:0)
INFO: [HLS 214-178] Inlining function 'fp_struct<double>::data() const (.3.48.58.67.78.87.98.107.118.127.138)' into 'double generic_floor<double>(double)' (r:/ci/prod/2022.1/rdi_builds/continuous/2022_04_18_3526262/src/shared/hls/clib/hlsmath/include/FloatingPoint\hls_floor.h:14:0)
INFO: [HLS 214-178] Inlining function 'fp_struct<double>::fp_struct(ap_uint<64>)' into 'double generic_floor<double>(double)' (r:/ci/prod/2022.1/rdi_builds/continuous/2022_04_18_3526262/src/shared/hls/clib/hlsmath/include/FloatingPoint\hls_floor.h:14:0)
INFO: [HLS 214-178] Inlining function 'fp_struct<double>::to_ieee() const' into 'double generic_floor<double>(double)' (r:/ci/prod/2022.1/rdi_builds/continuous/2022_04_18_3526262/src/shared/hls/clib/hlsmath/include/FloatingPoint\hls_floor.h:14:0)
INFO: [HLS 214-178] Inlining function 'fp_struct<double>::fp_struct(double)' into 'int generic_cast_IEEE754<int, (ap_q_mode)6, double>(double, bool, hls::enable_if<std::numeric_limits<int>::is_signed, bool>::type)' (r:/ci/prod/2022.1/rdi_builds/continuous/2022_04_18_3526262/src/shared/hls/clib/hlsmath/include/FloatingPoint\hls_case_IEEE754.h:12:0)
INFO: [HLS 214-178] Inlining function 'fp_struct<double>::mantissa() const' into 'int generic_cast_IEEE754<int, (ap_q_mode)6, double>(double, bool, hls::enable_if<std::numeric_limits<int>::is_signed, bool>::type)' (r:/ci/prod/2022.1/rdi_builds/continuous/2022_04_18_3526262/src/shared/hls/clib/hlsmath/include/FloatingPoint\hls_case_IEEE754.h:12:0)
INFO: [HLS 214-178] Inlining function 'fp_struct<double>::expv() const' into 'int generic_cast_IEEE754<int, (ap_q_mode)6, double>(double, bool, hls::enable_if<std::numeric_limits<int>::is_signed, bool>::type)' (r:/ci/prod/2022.1/rdi_builds/continuous/2022_04_18_3526262/src/shared/hls/clib/hlsmath/include/FloatingPoint\hls_case_IEEE754.h:12:0)
INFO: [HLS 214-178] Inlining function 'fp_struct<double>::__signbit() const' into 'int generic_cast_IEEE754<int, (ap_q_mode)6, double>(double, bool, hls::enable_if<std::numeric_limits<int>::is_signed, bool>::type)' (r:/ci/prod/2022.1/rdi_builds/continuous/2022_04_18_3526262/src/shared/hls/clib/hlsmath/include/FloatingPoint\hls_case_IEEE754.h:12:0)
INFO: [HLS 214-178] Inlining function 'int generic_cast_IEEE754<int, (ap_q_mode)6, double>(double, bool, hls::enable_if<std::numeric_limits<int>::is_signed, bool>::type)' into 'int generic_cast_IEEE754<int, double>(double, bool)' (r:/ci/prod/2022.1/rdi_builds/continuous/2022_04_18_3526262/src/shared/hls/clib/hlsmath/include/FloatingPoint\hls_case_IEEE754.h:116:0)
INFO: [HLS 214-178] Inlining function 'int generic_cast_IEEE754<int, double>(double, bool)' into '__hls_fptosi_double_i32' (r:/ci/prod/2022.1/rdi_builds/continuous/2022_04_18_3526262/src/shared/hls/clib/hlsmath/src/lib_floatconversion.cpp:55:0)
INFO: [HLS 214-178] Inlining function 'floor' into 'rgbToGrayscale' (edge_detect_tasks_V0.c:162:0)
INFO: [HLS 214-178] Inlining function '__hls_fptosi_double_i32' into 'rgbToGrayscale' (edge_detect_tasks_V0.c:162:0)
INFO: [HLS 214-115] Multiple burst writes of length 16384 and bit width 512 has been inferred on bundle 'gmem'. These burst requests might be further partitioned into multiple requests during RTL generation, based on max_read_burst_length or max_write_burst_length settings. (edge_detect_tasks_V0.c:165:23)
INFO: [HLS 200-111] Finished Compiling Optimization and Transform: CPU user time: 2 seconds. CPU system time: 0 seconds. Elapsed time: 9.786 seconds; current allocated memory: 1.442 GB.
INFO: [HLS 200-111] Finished Checking Pragmas: CPU user time: 0 seconds. CPU system time: 0 seconds. Elapsed time: 0.002 seconds; current allocated memory: 1.442 GB.
INFO: [HLS 200-10] Starting code transformations ...
INFO: [HLS 200-111] Finished Standard Transforms: CPU user time: 0 seconds. CPU system time: 0 seconds. Elapsed time: 0.456 seconds; current allocated memory: 1.442 GB.
INFO: [HLS 200-10] Checking synthesizability ...
INFO: [HLS 200-111] Finished Checking Synthesizability: CPU user time: 1 seconds. CPU system time: 0 seconds. Elapsed time: 0.861 seconds; current allocated memory: 1.442 GB.
INFO: [XFORM 203-510] Pipelining loop 'VITIS_LOOP_167_2' (edge_detect_tasks_V0.c:163) in function 'rgbToGrayscale' automatically.
INFO: [XFORM 203-401] Performing if-conversion on hyperblock from (r:/ci/prod/2022.1/rdi_builds/continuous/2022_04_18_3526262/src/shared/hls/clib/hlsmath/include/FloatingPoint\hls_floor.h:13:19) to (r:/ci/prod/2022.1/rdi_builds/continuous/2022_04_18_3526262/src/shared/hls/clib/hlsmath/include/FloatingPoint\hls_floor.h:42:1) in function 'generic_floor<double>'... converting 9 basic blocks.
INFO: [XFORM 203-602] Inlining function 'generic_floor<double>' into 'rgbToGrayscale' (r:/ci/prod/2022.1/rdi_builds/continuous/2022_04_18_3526262/src/shared/hls/clib/hlsmath/src/c/floordouble.cpp:7) automatically.
INFO: [HLS 200-111] Finished Loop, function and other optimizations: CPU user time: 1 seconds. CPU system time: 0 seconds. Elapsed time: 1.03 seconds; current allocated memory: 1.442 GB.
INFO: [XFORM 203-541] Flattening a loop nest 'VITIS_LOOP_165_1' (edge_detect_tasks_V0.c:163:9) in function 'rgbToGrayscale'.
INFO: [HLS 200-111] Finished Architecture Synthesis: CPU user time: 0 seconds. CPU system time: 0 seconds. Elapsed time: 0.48 seconds; current allocated memory: 1.442 GB.
INFO: [HLS 200-10] Starting hardware synthesis ...
INFO: [HLS 200-10] Synthesizing 'rgbToGrayscale' ...
INFO: [HLS 200-10] ----------------------------------------------------------------
INFO: [HLS 200-42] -- Implementing module 'rgbToGrayscale_Pipeline_VITIS_LOOP_165_1_VITIS_LOOP_167_2' 
INFO: [HLS 200-10] ----------------------------------------------------------------
INFO: [SCHED 204-11] Starting scheduling ...
INFO: [SCHED 204-61] Pipelining loop 'VITIS_LOOP_165_1_VITIS_LOOP_167_2'.
WARNING: [HLS 200-885] The II Violation in module 'rgbToGrayscale_Pipeline_VITIS_LOOP_165_1_VITIS_LOOP_167_2' (loop 'VITIS_LOOP_165_1_VITIS_LOOP_167_2'): Unable to schedule bus request operation ('gmem_load_1_req', edge_detect_tasks_V0.c:169) on port 'gmem' (edge_detect_tasks_V0.c:169) due to limited memory ports (II = 1). Please consider using a memory core with more ports or partitioning the array.
WARNING: [HLS 200-885] The II Violation in module 'rgbToGrayscale_Pipeline_VITIS_LOOP_165_1_VITIS_LOOP_167_2' (loop 'VITIS_LOOP_165_1_VITIS_LOOP_167_2'): Unable to schedule bus request operation ('gmem_load_2_req', edge_detect_tasks_V0.c:169) on port 'gmem' (edge_detect_tasks_V0.c:169) due to limited memory ports (II = 2). Please consider using a memory core with more ports or partitioning the array.
INFO: [HLS 200-1470] Pipelining result : Target II = NA, Final II = 3, Depth = 92, loop 'VITIS_LOOP_165_1_VITIS_LOOP_167_2'
INFO: [SCHED 204-11] Finished scheduling.
INFO: [HLS 200-111] Finished Scheduling: CPU user time: 1 seconds. CPU system time: 0 seconds. Elapsed time: 1.059 seconds; current allocated memory: 1.442 GB.
INFO: [BIND 205-100] Starting micro-architecture generation ...
INFO: [BIND 205-101] Performing variable lifetime analysis.
INFO: [BIND 205-101] Exploring resource sharing.
INFO: [BIND 205-101] Binding ...
INFO: [BIND 205-100] Finished micro-architecture generation.
INFO: [HLS 200-111] Finished Binding: CPU user time: 1 seconds. CPU system time: 0 seconds. Elapsed time: 0.759 seconds; current allocated memory: 1.442 GB.
INFO: [HLS 200-10] ----------------------------------------------------------------
INFO: [HLS 200-42] -- Implementing module 'rgbToGrayscale' 
INFO: [HLS 200-10] ----------------------------------------------------------------
INFO: [SCHED 204-11] Starting scheduling ...
INFO: [SCHED 204-11] Finished scheduling.
INFO: [HLS 200-111] Finished Scheduling: CPU user time: 1 seconds. CPU system time: 0 seconds. Elapsed time: 0.629 seconds; current allocated memory: 1.442 GB.
INFO: [BIND 205-100] Starting micro-architecture generation ...
INFO: [BIND 205-101] Performing variable lifetime analysis.
INFO: [BIND 205-101] Exploring resource sharing.
INFO: [BIND 205-101] Binding ...
INFO: [BIND 205-100] Finished micro-architecture generation.
INFO: [HLS 200-111] Finished Binding: CPU user time: 0 seconds. CPU system time: 1 seconds. Elapsed time: 0.514 seconds; current allocated memory: 1.442 GB.
INFO: [HLS 200-10] ----------------------------------------------------------------
INFO: [HLS 200-10] -- Generating RTL for module 'rgbToGrayscale_Pipeline_VITIS_LOOP_165_1_VITIS_LOOP_167_2' 
INFO: [HLS 200-10] ----------------------------------------------------------------
INFO: [SYN 201-210] Renamed object name 'rgbToGrayscale_Pipeline_VITIS_LOOP_165_1_VITIS_LOOP_167_2_mask_table_ROM_AUTO_1R' to 'rgbToGrayscale_Pipeline_VITIS_LOOP_165_1_VITIS_LOOP_167_2_mask_table_ROM_AUTObkb' due to the length limit 80
INFO: [HLS 200-1030] Apply Unified Pipeline Control on module 'rgbToGrayscale_Pipeline_VITIS_LOOP_165_1_VITIS_LOOP_167_2' pipeline 'VITIS_LOOP_165_1_VITIS_LOOP_167_2' pipeline type 'loop pipeline'
WARNING: [RTGEN 206-101] Setting dangling out port 'rgbToGrayscale_Pipeline_VITIS_LOOP_165_1_VITIS_LOOP_167_2/m_axi_gmem_AWVALID' to 0.
WARNING: [RTGEN 206-101] Setting dangling out port 'rgbToGrayscale_Pipeline_VITIS_LOOP_165_1_VITIS_LOOP_167_2/m_axi_gmem_AWADDR' to 0.
WARNING: [RTGEN 206-101] Setting dangling out port 'rgbToGrayscale_Pipeline_VITIS_LOOP_165_1_VITIS_LOOP_167_2/m_axi_gmem_AWID' to 0.
WARNING: [RTGEN 206-101] Setting dangling out port 'rgbToGrayscale_Pipeline_VITIS_LOOP_165_1_VITIS_LOOP_167_2/m_axi_gmem_AWLEN' to 0.
WARNING: [RTGEN 206-101] Setting dangling out port 'rgbToGrayscale_Pipeline_VITIS_LOOP_165_1_VITIS_LOOP_167_2/m_axi_gmem_AWSIZE' to 0.
WARNING: [RTGEN 206-101] Setting dangling out port 'rgbToGrayscale_Pipeline_VITIS_LOOP_165_1_VITIS_LOOP_167_2/m_axi_gmem_AWBURST' to 0.
WARNING: [RTGEN 206-101] Setting dangling out port 'rgbToGrayscale_Pipeline_VITIS_LOOP_165_1_VITIS_LOOP_167_2/m_axi_gmem_AWLOCK' to 0.
WARNING: [RTGEN 206-101] Setting dangling out port 'rgbToGrayscale_Pipeline_VITIS_LOOP_165_1_VITIS_LOOP_167_2/m_axi_gmem_AWCACHE' to 0.
WARNING: [RTGEN 206-101] Setting dangling out port 'rgbToGrayscale_Pipeline_VITIS_LOOP_165_1_VITIS_LOOP_167_2/m_axi_gmem_AWPROT' to 0.
WARNING: [RTGEN 206-101] Setting dangling out port 'rgbToGrayscale_Pipeline_VITIS_LOOP_165_1_VITIS_LOOP_167_2/m_axi_gmem_AWQOS' to 0.
WARNING: [RTGEN 206-101] Setting dangling out port 'rgbToGrayscale_Pipeline_VITIS_LOOP_165_1_VITIS_LOOP_167_2/m_axi_gmem_AWREGION' to 0.
WARNING: [RTGEN 206-101] Setting dangling out port 'rgbToGrayscale_Pipeline_VITIS_LOOP_165_1_VITIS_LOOP_167_2/m_axi_gmem_AWUSER' to 0.
WARNING: [RTGEN 206-101] Setting dangling out port 'rgbToGrayscale_Pipeline_VITIS_LOOP_165_1_VITIS_LOOP_167_2/m_axi_gmem_BREADY' to 0.
INFO: [RTGEN 206-100] Generating core module 'dadd_64ns_64ns_64_5_no_dsp_1': 1 instance(s).
INFO: [RTGEN 206-100] Generating core module 'dmul_64ns_64ns_64_4_med_dsp_1': 1 instance(s).
INFO: [RTGEN 206-100] Generating core module 'fpext_32ns_64_1_no_dsp_1': 1 instance(s).
INFO: [RTGEN 206-100] Generating core module 'fptrunc_64ns_32_1_no_dsp_1': 1 instance(s).
INFO: [RTGEN 206-100] Generating core module 'sitodp_32ns_64_4_no_dsp_1': 1 instance(s).
INFO: [RTGEN 206-100] Finished creating RTL model for 'rgbToGrayscale_Pipeline_VITIS_LOOP_165_1_VITIS_LOOP_167_2'.
INFO: [HLS 200-111] Finished Creating RTL model: CPU user time: 1 seconds. CPU system time: 0 seconds. Elapsed time: 0.938 seconds; current allocated memory: 1.442 GB.
INFO: [HLS 200-10] ----------------------------------------------------------------
INFO: [HLS 200-10] -- Generating RTL for module 'rgbToGrayscale' 
INFO: [HLS 200-10] ----------------------------------------------------------------
WARNING: [RTGEN 206-101] Design contains AXI ports. Reset is fixed to synchronous and active low.
INFO: [RTGEN 206-500] Setting interface mode on port 'rgbToGrayscale/gmem' to 'm_axi'.
INFO: [RTGEN 206-500] Setting interface mode on port 'rgbToGrayscale/input_image' to 's_axilite & ap_none'.
INFO: [RTGEN 206-500] Setting interface mode on port 'rgbToGrayscale/output_image' to 's_axilite & ap_none'.
INFO: [RTGEN 206-500] Setting interface mode on function 'rgbToGrayscale' to 's_axilite & ap_ctrl_chain'.
INFO: [RTGEN 206-100] Bundling port 'input_image', 'output_image' to AXI-Lite port control.
INFO: [RTGEN 206-100] Finished creating RTL model for 'rgbToGrayscale'.
INFO: [HLS 200-111] Finished Creating RTL model: CPU user time: 1 seconds. CPU system time: 0 seconds. Elapsed time: 1.635 seconds; current allocated memory: 1.442 GB.
INFO: [RTMG 210-279] Implementing memory 'rgbToGrayscale_rgbToGrayscale_Pipeline_VITIS_LOOP_165_1_VITIS_LOOP_167_2_mask_table_ROM_AUTObkb' using auto ROMs.
INFO: [HLS 200-111] Finished Generating all RTL models: CPU user time: 1 seconds. CPU system time: 0 seconds. Elapsed time: 1.253 seconds; current allocated memory: 1.442 GB.
INFO: [HLS 200-1603] Design has inferred MAXI bursts, see Vitis HLS GUI synthesis summary report for detailed information.
INFO: [HLS 200-111] Finished Updating report files: CPU user time: 1 seconds. CPU system time: 0 seconds. Elapsed time: 0.816 seconds; current allocated memory: 1.442 GB.
INFO: [VHDL 208-304] Generating VHDL RTL for rgbToGrayscale.
INFO: [VLOG 209-307] Generating Verilog RTL for rgbToGrayscale.
INFO: [HLS 200-790] **** Loop Constraint Status: All loop constraints were NOT satisfied.
INFO: [HLS 200-789] **** Estimated Fmax: 273.97 MHz
INFO: [HLS 200-111] Finished Command csynth_design CPU user time: 11 seconds. CPU system time: 1 seconds. Elapsed time: 21.152 seconds; current allocated memory: 0.000 MB.
INFO: [HLS 200-112] Total CPU user time: 15 seconds. Total CPU system time: 2 seconds. Total elapsed time: 23.699 seconds; peak allocated memory: 1.442 GB.
