22:34:00 DEBUG : Logs will be stored at '/home/tls/Desktop/Experiments/AlveoSystems/IDE.log'.
22:34:01 INFO  : Launching XSCT server: xsct -n  -interactive /home/tls/Desktop/Experiments/AlveoSystems/temp_xsdb_launch_script.tcl
22:34:01 INFO  : Registering command handlers for Vitis TCF services
22:34:02 INFO  : Platform repository initialization has completed.
22:34:03 INFO  : XSCT server has started successfully.
22:34:03 INFO  : Successfully done setting XSCT server connection channel  
22:34:03 INFO  : plnx-install-location is set to ''
22:34:03 INFO  : Successfully done setting workspace for the tool. 
22:34:03 INFO  : Successfully done query RDI_DATADIR 
22:42:56 INFO  : Removed kernel '[krnl_vadd - communication_latency_model_kernels/null]' in binary container 'binary_container_1' of project 'communication_latency_model_system_hw_link'
22:46:25 INFO  : Added kernel '[bar_Kernel - communication_latency_model_kernels/src/kernels.cpp]' in binary container 'binary_container_1' of project 'communication_latency_model_system_hw_link'
22:46:27 INFO  : Added kernel '[foo_Kernel - communication_latency_model_kernels/src/kernels.cpp]' in binary container 'binary_container_1' of project 'communication_latency_model_system_hw_link'
22:49:52 ERROR : Failed to run the application using 'communication_latency_model_system-Default_communication_latency_model'.
23:28:00 INFO  : Removed kernel '[foo_Kernel - communication_latency_model_kernels/null]' in binary container 'binary_container_1' of project 'communication_latency_model_system_hw_link'
23:28:01 INFO  : Removed kernel '[bar_Kernel - communication_latency_model_kernels/null]' in binary container 'binary_container_1' of project 'communication_latency_model_system_hw_link'
23:28:07 INFO  : Added kernel '[bar_Kernel - communication_latency_model_kernels/src/kernels.cpp]' in binary container 'binary_container_1' of project 'communication_latency_model_system_hw_link'
23:28:12 INFO  : Added kernel '[foo_Kernel - communication_latency_model_kernels/src/kernels.cpp]' in binary container 'binary_container_1' of project 'communication_latency_model_system_hw_link'
23:33:16 INFO  : Removed kernel '[foo_Kernel - communication_latency_model_kernels/null]' in binary container 'binary_container_1' of project 'communication_latency_model_system_hw_link'
23:33:17 INFO  : Removed kernel '[bar_Kernel - communication_latency_model_kernels/null]' in binary container 'binary_container_1' of project 'communication_latency_model_system_hw_link'
23:33:25 INFO  : Added kernel '[foo_Kernel - communication_latency_model_kernels/src/kernels.cpp]' in binary container 'binary_container_1' of project 'communication_latency_model_system_hw_link'
23:33:30 INFO  : Added kernel '[bar_Kernel - communication_latency_model_kernels/src/kernels.cpp]' in binary container 'binary_container_1' of project 'communication_latency_model_system_hw_link'
23:41:34 INFO  : Removed kernel '[bar_Kernel - communication_latency_model_kernels/null]' in binary container 'binary_container_1' of project 'communication_latency_model_system_hw_link'
23:41:37 INFO  : Removed kernel '[foo_Kernel - communication_latency_model_kernels/null]' in binary container 'binary_container_1' of project 'communication_latency_model_system_hw_link'
23:41:48 INFO  : Added kernel '[bar_Kernel - communication_latency_model_kernels/src/krnl.cpp]' in binary container 'binary_container_1' of project 'communication_latency_model_system_hw_link'
23:41:51 INFO  : Added kernel '[foo_Kernel - communication_latency_model_kernels/src/krnl.cpp]' in binary container 'binary_container_1' of project 'communication_latency_model_system_hw_link'
00:07:52 ERROR : (XSDB Server)Terminated

21:19:39 DEBUG : Logs will be stored at '/home/tls/Desktop/Experiments/AlveoSystems/IDE.log'.
21:19:40 INFO  : Launching XSCT server: xsct -n  -interactive /home/tls/Desktop/Experiments/AlveoSystems/temp_xsdb_launch_script.tcl
21:19:42 INFO  : Registering command handlers for Vitis TCF services
21:19:42 INFO  : Platform repository initialization has completed.
21:19:42 INFO  : XSCT server has started successfully.
21:19:42 INFO  : plnx-install-location is set to ''
21:19:43 INFO  : Successfully done setting XSCT server connection channel  
21:19:43 INFO  : Successfully done query RDI_DATADIR 
21:19:43 INFO  : Successfully done setting workspace for the tool. 
21:48:34 INFO  : Removed kernel '[krnl_vadd - comm_latency_model_kernels/null]' in binary container 'binary_container_1' of project 'comm_latency_model_system_hw_link'
21:48:39 INFO  : Added kernel '[bar_Kernel - comm_latency_model_kernels/src/krnl.cpp]' in binary container 'binary_container_1' of project 'comm_latency_model_system_hw_link'
21:48:43 INFO  : Added kernel '[foo_Kernel - comm_latency_model_kernels/src/krnl.cpp]' in binary container 'binary_container_1' of project 'comm_latency_model_system_hw_link'
22:14:42 INFO  : Launching executable: Emulation-SW/comm_latency_model  ${project_loc:comm_latency_model_system}/Emulation-SW/binary_container_1.xclbin
22:14:50 INFO  : Launching executable: Emulation-SW/comm_latency_model  ${project_loc:comm_latency_model_system}/Emulation-SW/binary_container_1.xclbin
22:19:58 INFO  : Launching executable: Emulation-SW/comm_latency_model  ${project_loc:comm_latency_model_system}/Emulation-SW/binary_container_1.xclbin
22:20:21 INFO  : Build configuration of 'comm_latency_model_system_hw_link' is updated to 'Emulation-HW'
22:20:21 INFO  : Build configuration of 'comm_latency_model_kernels' is updated to 'Emulation-HW'
22:20:21 INFO  : Build configuration of 'comm_latency_model' is updated to 'Emulation-HW'
22:27:12 INFO  : Launching executable: Emulation-HW/comm_latency_model  ${project_loc:comm_latency_model_system}/Emulation-HW/binary_container_1.xclbin
22:34:08 INFO  : Launching executable: Emulation-HW/comm_latency_model  ${project_loc:comm_latency_model_system}/Emulation-HW/binary_container_1.xclbin
22:50:54 INFO  : Launching executable: Emulation-HW/comm_latency_model  ${project_loc:comm_latency_model_system}/Emulation-HW/binary_container_1.xclbin
