Sat Jul 27 04:14:43 2024: Running xcd server. This server was built by gradle.
Sat Jul 27 04:14:43 2024: Server was asked to start on port: '41963'
Sat Jul 27 04:14:43 2024: Server is using token UUID: '96bc91e9-3923-4c8a-b871-5bde24e38ecc'
Sat Jul 27 04:14:43 2024: SESSION_MGR: creating session with session uuid: '6d04a3e9-ade5-4ab9-8d63-1f78fcd2ec76' and name 'default'
Sat Jul 27 04:14:43 2024: Attempting to start server on port '41963'
Sat Jul 27 04:14:43 2024: XCD main fifo: created main fifo '/tmp/xcdmain96bc91e9-3923-4c8a-b871-5bde24e38ecc', fd read = 13
Sat Jul 27 04:14:43 2024: Running Dispatch Server
Sat Jul 27 04:14:43 2024: Version 2.2.0
Sat Jul 27 04:14:45 2024: Dispatch Server: Accepted socket connection from client
Sat Jul 27 04:14:45 2024: Starting Socket connection
Sat Jul 27 04:14:45 2024: EXCHANGE_TOKEN received, server token: 96bc91e9-3923-4c8a-b871-5bde24e38ecc, passed token: 96bc91e9-3923-4c8a-b871-5bde24e38ecc
Sat Jul 27 04:14:45 2024: DISPATCH_HANDLER: Adding handler from function makeHandler in library libxv_system_diagram
Sat Jul 27 04:14:45 2024: SESSION_MGR: creating session with session uuid: '056f6369-868b-4e97-a78a-45c82ee9d593' and name 'v++_compile_vadd'
Sat Jul 27 04:14:45 2024: KERNEL_SVC: creating session with uuid: '056f6369-868b-4e97-a78a-45c82ee9d593' and name 'v++_compile_vadd'
Sat Jul 27 04:14:45 2024: GUIDANCE_SMGR: creating guidance session with uuid: '056f6369-868b-4e97-a78a-45c82ee9d593' and name 'v++_compile_vadd'
Sat Jul 27 04:14:45 2024: SYSTEM_DIAGRAM: creating session with uuid: '056f6369-868b-4e97-a78a-45c82ee9d593' and name 'v++_compile_vadd'
Sat Jul 27 04:14:58 2024: SESSION_MGR: closing session for UUID '056f6369-868b-4e97-a78a-45c82ee9d593' with name 'v++_compile_vadd'
Sat Jul 27 04:14:58 2024: KERNEL_SVC: closing session for UUID '056f6369-868b-4e97-a78a-45c82ee9d593' with name 'v++_compile_vadd'
Sat Jul 27 04:14:58 2024: GUIDANCE_SMGR: closing session for UUID '056f6369-868b-4e97-a78a-45c82ee9d593' with name 'v++_compile_vadd'
Sat Jul 27 04:14:58 2024: SYSTEM_DIAGRAM: closing session for UUID '056f6369-868b-4e97-a78a-45c82ee9d593' with name 'v++_compile_vadd'
Sat Jul 27 04:14:58 2024: STOP_SERVER received, server token: 96bc91e9-3923-4c8a-b871-5bde24e38ecc, passed token: 96bc91e9-3923-4c8a-b871-5bde24e38ecc
Sat Jul 27 04:14:58 2024: Socket received request to stop server.
Sat Jul 27 04:14:58 2024: Dispatch Server: do_await_stop
Sat Jul 27 04:14:58 2024: Dispatch Server: stopping mainFifo_
Sat Jul 27 04:14:58 2024: XCD main fifo: Stopping
Sat Jul 27 04:14:58 2024: XCD main fifo: do_read error code: Operation canceled
Sat Jul 27 04:14:58 2024: XCD main fifo: bytes_transferred: 0
Sat Jul 27 04:14:58 2024: SERVER: destructor for server bound to port 41963
Sat Jul 27 04:14:58 2024: XCD main fifo: Good unlink of /tmp/xcdmain96bc91e9-3923-4c8a-b871-5bde24e38ecc
Sat Jul 27 04:14:58 2024: Server exiting with status 0.
Sat Jul 27 04:14:58 2024: Closing log file.
