INFO: [v++ 60-1306] Additional information associated with this v++ compile can be found at:
	Reports: /home/tls/Dev/wonderland/AmdVitisProjects/VisionDisparity/disparity/top_level/sw_emu/reports/top_level
	Log files: /home/tls/Dev/wonderland/AmdVitisProjects/VisionDisparity/disparity/top_level/sw_emu/logs/top_level
INFO: [v++ 60-1548] Creating build summary session with primary output /home/tls/Dev/wonderland/AmdVitisProjects/VisionDisparity/disparity/top_level/sw_emu/top_level.xo.compile_summary, at Tue May 28 05:26:26 2024
INFO: [v++ 60-1315] Creating rulecheck session with output '/home/tls/Dev/wonderland/AmdVitisProjects/VisionDisparity/disparity/top_level/sw_emu/reports/top_level/v++_compile_top_level_guidance.html', at Tue May 28 05:26:26 2024
INFO: [v++ 60-895]   Target platform: /tools/Xilinx/Vitis/2023.2/base_platforms/xilinx_zcu102_base_202320_1/xilinx_zcu102_base_202320_1.xpfm
INFO: [v++ 60-1578]   This platform contains Xilinx Shell Archive '/tools/Xilinx/Vitis/2023.2/base_platforms/xilinx_zcu102_base_202320_1/hw/hw.xsa'
INFO: [v++ 60-585] Compiling for software emulation target
INFO: [v++ 60-423]   Target device: xilinx_zcu102_base_202320_1
INFO: [v++ 60-242] Creating kernel: 'top_level'

===>The following messages were generated while  performing high-level synthesis for kernel: top_level Log file: /home/tls/Dev/wonderland/AmdVitisProjects/VisionDisparity/disparity/top_level/sw_emu/top_level/top_level/vitis_hls.log :
ERROR: [v++ 207-3776] use of undeclared identifier 'range_w' (/home/tls/Dev/wonderland/AmdVitisProjects/VisionDisparity/src_nostruct_vga/disparity.c:303:263)
ERROR: [v++ 207-3776] use of undeclared identifier 'range_h' (/home/tls/Dev/wonderland/AmdVitisProjects/VisionDisparity/src_nostruct_vga/disparity.c:303:272)
ERROR: [v++ 207-3776] use of undeclared identifier 'range_data' (/home/tls/Dev/wonderland/AmdVitisProjects/VisionDisparity/src_nostruct_vga/disparity.c:303:281)
ERROR: [v++ 60-300] Failed to build kernel(ip) top_level, see log for details: /home/tls/Dev/wonderland/AmdVitisProjects/VisionDisparity/disparity/top_level/sw_emu/top_level/top_level/vitis_hls.log
ERROR: [v++ 60-773] In '/home/tls/Dev/wonderland/AmdVitisProjects/VisionDisparity/disparity/top_level/sw_emu/top_level/top_level/vitis_hls.log', caught Tcl error: ERROR: [HLS 207-3776] use of undeclared identifier 'range_w' (/home/tls/Dev/wonderland/AmdVitisProjects/VisionDisparity/src_nostruct_vga/disparity.c:303:263)
ERROR: [v++ 60-773] In '/home/tls/Dev/wonderland/AmdVitisProjects/VisionDisparity/disparity/top_level/sw_emu/top_level/top_level/vitis_hls.log', caught Tcl error: ERROR: [HLS 207-3776] use of undeclared identifier 'range_h' (/home/tls/Dev/wonderland/AmdVitisProjects/VisionDisparity/src_nostruct_vga/disparity.c:303:272)
ERROR: [v++ 60-773] In '/home/tls/Dev/wonderland/AmdVitisProjects/VisionDisparity/disparity/top_level/sw_emu/top_level/top_level/vitis_hls.log', caught Tcl error: ERROR: [HLS 207-3776] use of undeclared identifier 'range_data' (/home/tls/Dev/wonderland/AmdVitisProjects/VisionDisparity/src_nostruct_vga/disparity.c:303:281)
ERROR: [v++ 60-599] Kernel compilation failed to complete
ERROR: [v++ 60-592] Failed to finish compilation
INFO: [v++ 60-1653] Closing dispatch client.
