Fri Jun 14 23:53:16 2024: Running xcd server. This server was built by gradle.
Fri Jun 14 23:53:16 2024: Server was asked to start on port: '38329'
Fri Jun 14 23:53:16 2024: Server is using token UUID: '1b650f59-f5f9-4494-b538-0ad7092bf6dd'
Fri Jun 14 23:53:16 2024: SESSION_MGR: creating session with session uuid: '6d04a3e9-ade5-4ab9-8d63-1f78fcd2ec76' and name 'default'
Fri Jun 14 23:53:16 2024: Attempting to start server on port '38329'
Fri Jun 14 23:53:16 2024: XCD main fifo: created main fifo '/tmp/xcdmain1b650f59-f5f9-4494-b538-0ad7092bf6dd', fd read = 13
Fri Jun 14 23:53:16 2024: Running Dispatch Server
Fri Jun 14 23:53:16 2024: Version 2.2.0
Fri Jun 14 23:53:18 2024: Dispatch Server: Accepted socket connection from client
Fri Jun 14 23:53:18 2024: Starting Socket connection
Fri Jun 14 23:53:18 2024: EXCHANGE_TOKEN received, server token: 1b650f59-f5f9-4494-b538-0ad7092bf6dd, passed token: 1b650f59-f5f9-4494-b538-0ad7092bf6dd
Fri Jun 14 23:53:18 2024: DISPATCH_HANDLER: Adding handler from function makeHandler in library libxv_system_diagram
Fri Jun 14 23:53:18 2024: SESSION_MGR: creating session with session uuid: '7ab8f68f-f40b-4fba-b9fe-fc15704fa640' and name 'v++_compile_vadd'
Fri Jun 14 23:53:18 2024: KERNEL_SVC: creating session with uuid: '7ab8f68f-f40b-4fba-b9fe-fc15704fa640' and name 'v++_compile_vadd'
Fri Jun 14 23:53:18 2024: GUIDANCE_SMGR: creating guidance session with uuid: '7ab8f68f-f40b-4fba-b9fe-fc15704fa640' and name 'v++_compile_vadd'
Fri Jun 14 23:53:18 2024: SYSTEM_DIAGRAM: creating session with uuid: '7ab8f68f-f40b-4fba-b9fe-fc15704fa640' and name 'v++_compile_vadd'
Fri Jun 14 23:53:31 2024: SESSION_MGR: closing session for UUID '7ab8f68f-f40b-4fba-b9fe-fc15704fa640' with name 'v++_compile_vadd'
Fri Jun 14 23:53:31 2024: KERNEL_SVC: closing session for UUID '7ab8f68f-f40b-4fba-b9fe-fc15704fa640' with name 'v++_compile_vadd'
Fri Jun 14 23:53:31 2024: GUIDANCE_SMGR: closing session for UUID '7ab8f68f-f40b-4fba-b9fe-fc15704fa640' with name 'v++_compile_vadd'
Fri Jun 14 23:53:31 2024: SYSTEM_DIAGRAM: closing session for UUID '7ab8f68f-f40b-4fba-b9fe-fc15704fa640' with name 'v++_compile_vadd'
Fri Jun 14 23:53:31 2024: STOP_SERVER received, server token: 1b650f59-f5f9-4494-b538-0ad7092bf6dd, passed token: 1b650f59-f5f9-4494-b538-0ad7092bf6dd
Fri Jun 14 23:53:31 2024: Socket received request to stop server.
Fri Jun 14 23:53:31 2024: Dispatch Server: do_await_stop
Fri Jun 14 23:53:31 2024: Dispatch Server: stopping mainFifo_
Fri Jun 14 23:53:31 2024: XCD main fifo: Stopping
Fri Jun 14 23:53:31 2024: XCD main fifo: do_read error code: Operation canceled
Fri Jun 14 23:53:31 2024: XCD main fifo: bytes_transferred: 0
Fri Jun 14 23:53:31 2024: SERVER: destructor for server bound to port 38329
Fri Jun 14 23:53:31 2024: XCD main fifo: Good unlink of /tmp/xcdmain1b650f59-f5f9-4494-b538-0ad7092bf6dd
Fri Jun 14 23:53:31 2024: Server exiting with status 0.
Fri Jun 14 23:53:31 2024: Closing log file.
