Thu Jul 11 03:12:13 2024: Running xcd server. This server was built by gradle.
Thu Jul 11 03:12:13 2024: Server was asked to start on port: '40363'
Thu Jul 11 03:12:13 2024: Server is using token UUID: '663615bf-f3be-4ba8-a7f9-edc0059df17f'
Thu Jul 11 03:12:13 2024: SESSION_MGR: creating session with session uuid: '6d04a3e9-ade5-4ab9-8d63-1f78fcd2ec76' and name 'default'
Thu Jul 11 03:12:13 2024: Attempting to start server on port '40363'
Thu Jul 11 03:12:13 2024: XCD main fifo: created main fifo '/tmp/xcdmain663615bf-f3be-4ba8-a7f9-edc0059df17f', fd read = 13
Thu Jul 11 03:12:13 2024: Running Dispatch Server
Thu Jul 11 03:12:13 2024: Version 2.2.0
Thu Jul 11 03:12:15 2024: Dispatch Server: Accepted socket connection from client
Thu Jul 11 03:12:15 2024: Starting Socket connection
Thu Jul 11 03:12:15 2024: EXCHANGE_TOKEN received, server token: 663615bf-f3be-4ba8-a7f9-edc0059df17f, passed token: 663615bf-f3be-4ba8-a7f9-edc0059df17f
Thu Jul 11 03:12:15 2024: DISPATCH_HANDLER: Adding handler from function makeHandler in library libxv_system_diagram
Thu Jul 11 03:12:15 2024: SESSION_MGR: creating session with session uuid: '7efa4ee1-e4f5-4721-b867-18b76b8ac419' and name 'v++_compile_cluster_top_function'
Thu Jul 11 03:12:15 2024: KERNEL_SVC: creating session with uuid: '7efa4ee1-e4f5-4721-b867-18b76b8ac419' and name 'v++_compile_cluster_top_function'
Thu Jul 11 03:12:15 2024: GUIDANCE_SMGR: creating guidance session with uuid: '7efa4ee1-e4f5-4721-b867-18b76b8ac419' and name 'v++_compile_cluster_top_function'
Thu Jul 11 03:12:15 2024: SYSTEM_DIAGRAM: creating session with uuid: '7efa4ee1-e4f5-4721-b867-18b76b8ac419' and name 'v++_compile_cluster_top_function'
Thu Jul 11 03:12:28 2024: SESSION_MGR: closing session for UUID '7efa4ee1-e4f5-4721-b867-18b76b8ac419' with name 'v++_compile_cluster_top_function'
Thu Jul 11 03:12:28 2024: KERNEL_SVC: closing session for UUID '7efa4ee1-e4f5-4721-b867-18b76b8ac419' with name 'v++_compile_cluster_top_function'
Thu Jul 11 03:12:28 2024: GUIDANCE_SMGR: closing session for UUID '7efa4ee1-e4f5-4721-b867-18b76b8ac419' with name 'v++_compile_cluster_top_function'
Thu Jul 11 03:12:28 2024: SYSTEM_DIAGRAM: closing session for UUID '7efa4ee1-e4f5-4721-b867-18b76b8ac419' with name 'v++_compile_cluster_top_function'
Thu Jul 11 03:12:28 2024: STOP_SERVER received, server token: 663615bf-f3be-4ba8-a7f9-edc0059df17f, passed token: 663615bf-f3be-4ba8-a7f9-edc0059df17f
Thu Jul 11 03:12:28 2024: Socket received request to stop server.
Thu Jul 11 03:12:28 2024: Dispatch Server: do_await_stop
Thu Jul 11 03:12:28 2024: Dispatch Server: stopping mainFifo_
Thu Jul 11 03:12:28 2024: XCD main fifo: Stopping
Thu Jul 11 03:12:28 2024: XCD main fifo: do_read error code: Operation canceled
Thu Jul 11 03:12:28 2024: XCD main fifo: bytes_transferred: 0
Thu Jul 11 03:12:28 2024: SERVER: destructor for server bound to port 40363
Thu Jul 11 03:12:28 2024: XCD main fifo: Good unlink of /tmp/xcdmain663615bf-f3be-4ba8-a7f9-edc0059df17f
Thu Jul 11 03:12:28 2024: Server exiting with status 0.
Thu Jul 11 03:12:28 2024: Closing log file.
Thu Jul 11 03:15:36 2024: Running xcd server. This server was built by gradle.
Thu Jul 11 03:15:36 2024: Server was asked to start on port: '33177'
Thu Jul 11 03:15:36 2024: Server is using token UUID: '09609ba5-82bd-4346-861b-829041c9baa5'
Thu Jul 11 03:15:36 2024: SESSION_MGR: creating session with session uuid: '6d04a3e9-ade5-4ab9-8d63-1f78fcd2ec76' and name 'default'
Thu Jul 11 03:15:36 2024: Attempting to start server on port '33177'
Thu Jul 11 03:15:36 2024: XCD main fifo: created main fifo '/tmp/xcdmain09609ba5-82bd-4346-861b-829041c9baa5', fd read = 13
Thu Jul 11 03:15:36 2024: Running Dispatch Server
Thu Jul 11 03:15:36 2024: Version 2.2.0
Thu Jul 11 03:15:38 2024: Dispatch Server: Accepted socket connection from client
Thu Jul 11 03:15:38 2024: Starting Socket connection
Thu Jul 11 03:15:38 2024: EXCHANGE_TOKEN received, server token: 09609ba5-82bd-4346-861b-829041c9baa5, passed token: 09609ba5-82bd-4346-861b-829041c9baa5
Thu Jul 11 03:15:38 2024: DISPATCH_HANDLER: Adding handler from function makeHandler in library libxv_system_diagram
Thu Jul 11 03:15:38 2024: SESSION_MGR: creating session with session uuid: '17fa6ae3-0983-4d21-b926-69c13c115c1e' and name 'v++_compile_edgedetect'
Thu Jul 11 03:15:38 2024: KERNEL_SVC: creating session with uuid: '17fa6ae3-0983-4d21-b926-69c13c115c1e' and name 'v++_compile_edgedetect'
Thu Jul 11 03:15:38 2024: GUIDANCE_SMGR: creating guidance session with uuid: '17fa6ae3-0983-4d21-b926-69c13c115c1e' and name 'v++_compile_edgedetect'
Thu Jul 11 03:15:38 2024: SYSTEM_DIAGRAM: creating session with uuid: '17fa6ae3-0983-4d21-b926-69c13c115c1e' and name 'v++_compile_edgedetect'
Thu Jul 11 03:15:52 2024: SESSION_MGR: closing session for UUID '17fa6ae3-0983-4d21-b926-69c13c115c1e' with name 'v++_compile_edgedetect'
Thu Jul 11 03:15:52 2024: KERNEL_SVC: closing session for UUID '17fa6ae3-0983-4d21-b926-69c13c115c1e' with name 'v++_compile_edgedetect'
Thu Jul 11 03:15:52 2024: GUIDANCE_SMGR: closing session for UUID '17fa6ae3-0983-4d21-b926-69c13c115c1e' with name 'v++_compile_edgedetect'
Thu Jul 11 03:15:52 2024: SYSTEM_DIAGRAM: closing session for UUID '17fa6ae3-0983-4d21-b926-69c13c115c1e' with name 'v++_compile_edgedetect'
Thu Jul 11 03:15:52 2024: STOP_SERVER received, server token: 09609ba5-82bd-4346-861b-829041c9baa5, passed token: 09609ba5-82bd-4346-861b-829041c9baa5
Thu Jul 11 03:15:52 2024: Socket received request to stop server.
Thu Jul 11 03:15:52 2024: Dispatch Server: do_await_stop
Thu Jul 11 03:15:52 2024: Dispatch Server: stopping mainFifo_
Thu Jul 11 03:15:52 2024: XCD main fifo: Stopping
Thu Jul 11 03:15:52 2024: XCD main fifo: do_read error code: Operation canceled
Thu Jul 11 03:15:52 2024: XCD main fifo: bytes_transferred: 0
Thu Jul 11 03:15:52 2024: SERVER: destructor for server bound to port 33177
Thu Jul 11 03:15:52 2024: XCD main fifo: Good unlink of /tmp/xcdmain09609ba5-82bd-4346-861b-829041c9baa5
Thu Jul 11 03:15:52 2024: Server exiting with status 0.
Thu Jul 11 03:15:52 2024: Closing log file.
Fri Jul 12 21:46:27 2024: Running xcd server. This server was built by gradle.
Fri Jul 12 21:46:27 2024: Server was asked to start on port: '44919'
Fri Jul 12 21:46:27 2024: Server is using token UUID: '1315ff89-473c-4887-80a4-66dfc2723420'
Fri Jul 12 21:46:27 2024: SESSION_MGR: creating session with session uuid: '6d04a3e9-ade5-4ab9-8d63-1f78fcd2ec76' and name 'default'
Fri Jul 12 21:46:27 2024: Attempting to start server on port '44919'
Fri Jul 12 21:46:27 2024: XCD main fifo: created main fifo '/tmp/xcdmain1315ff89-473c-4887-80a4-66dfc2723420', fd read = 13
Fri Jul 12 21:46:27 2024: Running Dispatch Server
Fri Jul 12 21:46:27 2024: Version 2.2.0
Fri Jul 12 21:46:29 2024: Dispatch Server: Accepted socket connection from client
Fri Jul 12 21:46:29 2024: Starting Socket connection
Fri Jul 12 21:46:29 2024: EXCHANGE_TOKEN received, server token: 1315ff89-473c-4887-80a4-66dfc2723420, passed token: 1315ff89-473c-4887-80a4-66dfc2723420
Fri Jul 12 21:46:29 2024: DISPATCH_HANDLER: Adding handler from function makeHandler in library libxv_system_diagram
Fri Jul 12 21:46:29 2024: SESSION_MGR: creating session with session uuid: '9b6fdce9-b7b3-40fa-b236-925edda4e99b' and name 'v++_compile_edgedetect'
Fri Jul 12 21:46:29 2024: KERNEL_SVC: creating session with uuid: '9b6fdce9-b7b3-40fa-b236-925edda4e99b' and name 'v++_compile_edgedetect'
Fri Jul 12 21:46:29 2024: GUIDANCE_SMGR: creating guidance session with uuid: '9b6fdce9-b7b3-40fa-b236-925edda4e99b' and name 'v++_compile_edgedetect'
Fri Jul 12 21:46:29 2024: SYSTEM_DIAGRAM: creating session with uuid: '9b6fdce9-b7b3-40fa-b236-925edda4e99b' and name 'v++_compile_edgedetect'
Fri Jul 12 21:46:42 2024: SESSION_MGR: closing session for UUID '9b6fdce9-b7b3-40fa-b236-925edda4e99b' with name 'v++_compile_edgedetect'
Fri Jul 12 21:46:42 2024: KERNEL_SVC: closing session for UUID '9b6fdce9-b7b3-40fa-b236-925edda4e99b' with name 'v++_compile_edgedetect'
Fri Jul 12 21:46:42 2024: GUIDANCE_SMGR: closing session for UUID '9b6fdce9-b7b3-40fa-b236-925edda4e99b' with name 'v++_compile_edgedetect'
Fri Jul 12 21:46:42 2024: SYSTEM_DIAGRAM: closing session for UUID '9b6fdce9-b7b3-40fa-b236-925edda4e99b' with name 'v++_compile_edgedetect'
Fri Jul 12 21:46:42 2024: STOP_SERVER received, server token: 1315ff89-473c-4887-80a4-66dfc2723420, passed token: 1315ff89-473c-4887-80a4-66dfc2723420
Fri Jul 12 21:46:42 2024: Socket received request to stop server.
Fri Jul 12 21:46:42 2024: Dispatch Server: do_await_stop
Fri Jul 12 21:46:42 2024: Dispatch Server: stopping mainFifo_
Fri Jul 12 21:46:42 2024: XCD main fifo: Stopping
Fri Jul 12 21:46:42 2024: XCD main fifo: do_read error code: Operation canceled
Fri Jul 12 21:46:42 2024: XCD main fifo: bytes_transferred: 0
Fri Jul 12 21:46:42 2024: SERVER: destructor for server bound to port 44919
Fri Jul 12 21:46:42 2024: XCD main fifo: Good unlink of /tmp/xcdmain1315ff89-473c-4887-80a4-66dfc2723420
Fri Jul 12 21:46:42 2024: Server exiting with status 0.
Fri Jul 12 21:46:42 2024: Closing log file.
