

================================================================
== Vitis HLS Report for 'kNN_Predict_4_Pipeline_VITIS_LOOP_236_6'
================================================================
* Date:           Wed Sep  6 02:16:13 2023

* Version:        2022.1 (Build 3526262 on Mon Apr 18 15:48:16 MDT 2022)
* Project:        knn_vitis
* Solution:       solution1 (Vivado IP Flow Target)
* Product family: zynquplus
* Target device:  xczu9eg-ffvb1156-2-e


================================================================
== Performance Estimates
================================================================
+ Timing: 
    * Summary: 
    +--------+----------+----------+------------+
    |  Clock |  Target  | Estimated| Uncertainty|
    +--------+----------+----------+------------+
    |ap_clk  |  10.00 ns|  2.544 ns|     2.70 ns|
    +--------+----------+----------+------------+

+ Latency: 
    * Summary: 
    +---------+---------+-----------+-----------+-----+-----+---------+
    |  Latency (cycles) |   Latency (absolute)  |  Interval | Pipeline|
    |   min   |   max   |    min    |    max    | min | max |   Type  |
    +---------+---------+-----------+-----------+-----+-----+---------+
    |        8|        8|  80.000 ns|  80.000 ns|    8|    8|       no|
    +---------+---------+-----------+-----------+-----+-----+---------+

    + Detail: 
        * Instance: 
        N/A

        * Loop: 
        +--------------------+---------+---------+----------+-----------+-----------+------+----------+
        |                    |  Latency (cycles) | Iteration|  Initiation Interval  | Trip |          |
        |      Loop Name     |   min   |   max   |  Latency |  achieved |   target  | Count| Pipelined|
        +--------------------+---------+---------+----------+-----------+-----------+------+----------+
        |- VITIS_LOOP_236_6  |        6|        6|         2|          1|          1|     6|       yes|
        +--------------------+---------+---------+----------+-----------+-----------+------+----------+

============================================================
+ Verbose Summary: Synthesis Manager
============================================================
InlineROM: 1
ExposeGlobal: 0
============================================================
+ Verbose Summary: CDFG Model
============================================================
IsTopModel: 0
ResetActiveHigh: 1
IsCombinational: 0
IsDatapathOnly: 0
HasWiredReturn: 1
HasMFsm: 2
HasVarLatency: 1
IsPipeline: 0
IsRtlPipelined: 0
IsInstanceOverlapped: 0
IsDontTouch: 0
HasImplIP: 0
IsGatedGlobalClock: 0

+ Individual pipeline summary: 
  * Pipeline-0: initiation interval (II) = 1, depth = 2


============================================================
+ Verbose Summary: Schedule
============================================================
* Number of FSM states : 2
* Pipeline : 1
  Pipeline-0 : II = 1, D = 2, States = { 1 2 }
* Dataflow Pipeline: 0

* FSM state transitions: 
1 --> 2 
2 --> 

* FSM state operations: 

State 1 <SV = 0> <Delay = 1.09>
ST_1 : Operation 5 [1/1] (0.00ns)   --->   "%mostPopular_q0 = alloca i32 1"   --->   Operation 5 'alloca' 'mostPopular_q0' <Predicate = true> <Delay = 0.00>
ST_1 : Operation 6 [1/1] (0.00ns)   --->   "%mostPopular_q1 = alloca i32 1"   --->   Operation 6 'alloca' 'mostPopular_q1' <Predicate = true> <Delay = 0.00>
ST_1 : Operation 7 [1/1] (0.00ns)   --->   "%mostPopular_q2 = alloca i32 1"   --->   Operation 7 'alloca' 'mostPopular_q2' <Predicate = true> <Delay = 0.00>
ST_1 : Operation 8 [1/1] (0.00ns)   --->   "%mostPopular_q3 = alloca i32 1"   --->   Operation 8 'alloca' 'mostPopular_q3' <Predicate = true> <Delay = 0.00>
ST_1 : Operation 9 [1/1] (0.00ns)   --->   "%mostPopularCount_q0 = alloca i32 1"   --->   Operation 9 'alloca' 'mostPopularCount_q0' <Predicate = true> <Delay = 0.00>
ST_1 : Operation 10 [1/1] (0.00ns)   --->   "%mostPopularCount_q1 = alloca i32 1"   --->   Operation 10 'alloca' 'mostPopularCount_q1' <Predicate = true> <Delay = 0.00>
ST_1 : Operation 11 [1/1] (0.00ns)   --->   "%mostPopularCount_q2 = alloca i32 1"   --->   Operation 11 'alloca' 'mostPopularCount_q2' <Predicate = true> <Delay = 0.00>
ST_1 : Operation 12 [1/1] (0.00ns)   --->   "%mostPopularCount_q3 = alloca i32 1"   --->   Operation 12 'alloca' 'mostPopularCount_q3' <Predicate = true> <Delay = 0.00>
ST_1 : Operation 13 [1/1] (0.00ns)   --->   "%mostPopular_q3_1 = alloca i32 1"   --->   Operation 13 'alloca' 'mostPopular_q3_1' <Predicate = true> <Delay = 0.00>
ST_1 : Operation 14 [1/1] (0.42ns)   --->   "%store_ln0 = store i3 0, i3 %mostPopular_q3_1"   --->   Operation 14 'store' 'store_ln0' <Predicate = true> <Delay = 0.42>
ST_1 : Operation 15 [1/1] (0.42ns)   --->   "%store_ln0 = store i32 4294967295, i32 %mostPopularCount_q3"   --->   Operation 15 'store' 'store_ln0' <Predicate = true> <Delay = 0.42>
ST_1 : Operation 16 [1/1] (0.42ns)   --->   "%store_ln0 = store i32 4294967295, i32 %mostPopularCount_q2"   --->   Operation 16 'store' 'store_ln0' <Predicate = true> <Delay = 0.42>
ST_1 : Operation 17 [1/1] (0.42ns)   --->   "%store_ln0 = store i32 4294967295, i32 %mostPopularCount_q1"   --->   Operation 17 'store' 'store_ln0' <Predicate = true> <Delay = 0.42>
ST_1 : Operation 18 [1/1] (0.42ns)   --->   "%store_ln0 = store i32 4294967295, i32 %mostPopularCount_q0"   --->   Operation 18 'store' 'store_ln0' <Predicate = true> <Delay = 0.42>
ST_1 : Operation 19 [1/1] (0.42ns)   --->   "%store_ln0 = store i8 255, i8 %mostPopular_q3"   --->   Operation 19 'store' 'store_ln0' <Predicate = true> <Delay = 0.42>
ST_1 : Operation 20 [1/1] (0.42ns)   --->   "%store_ln0 = store i8 255, i8 %mostPopular_q2"   --->   Operation 20 'store' 'store_ln0' <Predicate = true> <Delay = 0.42>
ST_1 : Operation 21 [1/1] (0.42ns)   --->   "%store_ln0 = store i8 255, i8 %mostPopular_q1"   --->   Operation 21 'store' 'store_ln0' <Predicate = true> <Delay = 0.42>
ST_1 : Operation 22 [1/1] (0.42ns)   --->   "%store_ln0 = store i8 255, i8 %mostPopular_q0"   --->   Operation 22 'store' 'store_ln0' <Predicate = true> <Delay = 0.42>
ST_1 : Operation 23 [1/1] (0.00ns)   --->   "%br_ln0 = br void %for.body357"   --->   Operation 23 'br' 'br_ln0' <Predicate = true> <Delay = 0.00>
ST_1 : Operation 24 [1/1] (0.00ns)   --->   "%i_1 = load i3 %mostPopular_q3_1" [knn/knn_4.cpp:236]   --->   Operation 24 'load' 'i_1' <Predicate = true> <Delay = 0.00>
ST_1 : Operation 25 [1/1] (0.58ns)   --->   "%icmp_ln236 = icmp_eq  i3 %i_1, i3 6" [knn/knn_4.cpp:236]   --->   Operation 25 'icmp' 'icmp_ln236' <Predicate = true> <Delay = 0.58> <CoreInst = "Cmp">   --->   Core 9 'Cmp' <Latency = 0> <II = 1> <Delay = 0.58> <FuncUnit> <Opcode : 'icmp'> <InPorts = 2> <OutPorts = 1>
ST_1 : Operation 26 [1/1] (0.00ns)   --->   "%empty = speclooptripcount i32 @_ssdm_op_SpecLoopTripCount, i64 6, i64 6, i64 6"   --->   Operation 26 'speclooptripcount' 'empty' <Predicate = true> <Delay = 0.00>
ST_1 : Operation 27 [1/1] (0.67ns)   --->   "%i = add i3 %i_1, i3 1" [knn/knn_4.cpp:236]   --->   Operation 27 'add' 'i' <Predicate = true> <Delay = 0.67> <CoreInst = "Adder">   --->   Core 1 'Adder' <Latency = 0> <II = 1> <Delay = 0.67> <FuncUnit> <Opcode : 'add' 'sub'> <InPorts = 2> <OutPorts = 1>
ST_1 : Operation 28 [1/1] (0.00ns)   --->   "%br_ln236 = br i1 %icmp_ln236, void %for.body357.split, void %for.end400.exitStub" [knn/knn_4.cpp:236]   --->   Operation 28 'br' 'br_ln236' <Predicate = true> <Delay = 0.00>
ST_1 : Operation 29 [1/1] (0.00ns)   --->   "%zext_ln236 = zext i3 %i_1" [knn/knn_4.cpp:236]   --->   Operation 29 'zext' 'zext_ln236' <Predicate = (!icmp_ln236)> <Delay = 0.00>
ST_1 : Operation 30 [1/1] (0.00ns)   --->   "%histogram_q0_addr = getelementptr i8 %histogram_q0, i64 0, i64 %zext_ln236" [knn/knn_4.cpp:239]   --->   Operation 30 'getelementptr' 'histogram_q0_addr' <Predicate = (!icmp_ln236)> <Delay = 0.00>
ST_1 : Operation 31 [2/2] (0.67ns)   --->   "%histogram_q0_load = load i3 %histogram_q0_addr" [knn/knn_4.cpp:239]   --->   Operation 31 'load' 'histogram_q0_load' <Predicate = (!icmp_ln236)> <Delay = 0.67> <CoreInst = "RAM">   --->   Core 83 'RAM' <Latency = 1> <II = 1> <Delay = 0.67> <Storage> <Opcode : 'load' 'store'> <Ports = 2> <Width = 8> <Depth = 6> <RAM>
ST_1 : Operation 32 [1/1] (0.00ns)   --->   "%histogram_q1_addr = getelementptr i8 %histogram_q1, i64 0, i64 %zext_ln236" [knn/knn_4.cpp:244]   --->   Operation 32 'getelementptr' 'histogram_q1_addr' <Predicate = (!icmp_ln236)> <Delay = 0.00>
ST_1 : Operation 33 [2/2] (0.67ns)   --->   "%mostPopularCount_q1_1 = load i3 %histogram_q1_addr" [knn/knn_4.cpp:244]   --->   Operation 33 'load' 'mostPopularCount_q1_1' <Predicate = (!icmp_ln236)> <Delay = 0.67> <CoreInst = "RAM">   --->   Core 83 'RAM' <Latency = 1> <II = 1> <Delay = 0.67> <Storage> <Opcode : 'load' 'store'> <Ports = 2> <Width = 8> <Depth = 6> <RAM>
ST_1 : Operation 34 [1/1] (0.00ns)   --->   "%histogram_q2_addr = getelementptr i8 %histogram_q2, i64 0, i64 %zext_ln236" [knn/knn_4.cpp:249]   --->   Operation 34 'getelementptr' 'histogram_q2_addr' <Predicate = (!icmp_ln236)> <Delay = 0.00>
ST_1 : Operation 35 [2/2] (0.67ns)   --->   "%histogram_q2_load = load i3 %histogram_q2_addr" [knn/knn_4.cpp:249]   --->   Operation 35 'load' 'histogram_q2_load' <Predicate = (!icmp_ln236)> <Delay = 0.67> <CoreInst = "RAM">   --->   Core 83 'RAM' <Latency = 1> <II = 1> <Delay = 0.67> <Storage> <Opcode : 'load' 'store'> <Ports = 2> <Width = 8> <Depth = 6> <RAM>
ST_1 : Operation 36 [1/1] (0.00ns)   --->   "%histogram_q3_addr = getelementptr i8 %histogram_q3, i64 0, i64 %zext_ln236" [knn/knn_4.cpp:254]   --->   Operation 36 'getelementptr' 'histogram_q3_addr' <Predicate = (!icmp_ln236)> <Delay = 0.00>
ST_1 : Operation 37 [2/2] (0.67ns)   --->   "%mostPopularCount_q3_1 = load i3 %histogram_q3_addr" [knn/knn_4.cpp:254]   --->   Operation 37 'load' 'mostPopularCount_q3_1' <Predicate = (!icmp_ln236)> <Delay = 0.67> <CoreInst = "RAM">   --->   Core 83 'RAM' <Latency = 1> <II = 1> <Delay = 0.67> <Storage> <Opcode : 'load' 'store'> <Ports = 2> <Width = 8> <Depth = 6> <RAM>
ST_1 : Operation 38 [1/1] (0.42ns)   --->   "%store_ln236 = store i3 %i, i3 %mostPopular_q3_1" [knn/knn_4.cpp:236]   --->   Operation 38 'store' 'store_ln236' <Predicate = (!icmp_ln236)> <Delay = 0.42>
ST_1 : Operation 79 [1/1] (0.00ns)   --->   "%mostPopular_q0_load = load i8 %mostPopular_q0"   --->   Operation 79 'load' 'mostPopular_q0_load' <Predicate = (icmp_ln236)> <Delay = 0.00>
ST_1 : Operation 80 [1/1] (0.00ns)   --->   "%mostPopular_q1_load = load i8 %mostPopular_q1"   --->   Operation 80 'load' 'mostPopular_q1_load' <Predicate = (icmp_ln236)> <Delay = 0.00>
ST_1 : Operation 81 [1/1] (0.00ns)   --->   "%mostPopular_q2_load = load i8 %mostPopular_q2"   --->   Operation 81 'load' 'mostPopular_q2_load' <Predicate = (icmp_ln236)> <Delay = 0.00>
ST_1 : Operation 82 [1/1] (0.00ns)   --->   "%mostPopular_q3_load = load i8 %mostPopular_q3"   --->   Operation 82 'load' 'mostPopular_q3_load' <Predicate = (icmp_ln236)> <Delay = 0.00>
ST_1 : Operation 83 [1/1] (0.00ns)   --->   "%write_ln0 = write void @_ssdm_op_Write.ap_auto.i8P0A, i8 %mostPopular_q3_out, i8 %mostPopular_q3_load"   --->   Operation 83 'write' 'write_ln0' <Predicate = (icmp_ln236)> <Delay = 0.00>
ST_1 : Operation 84 [1/1] (0.00ns)   --->   "%write_ln0 = write void @_ssdm_op_Write.ap_auto.i8P0A, i8 %mostPopular_q2_out, i8 %mostPopular_q2_load"   --->   Operation 84 'write' 'write_ln0' <Predicate = (icmp_ln236)> <Delay = 0.00>
ST_1 : Operation 85 [1/1] (0.00ns)   --->   "%write_ln0 = write void @_ssdm_op_Write.ap_auto.i8P0A, i8 %mostPopular_q1_out, i8 %mostPopular_q1_load"   --->   Operation 85 'write' 'write_ln0' <Predicate = (icmp_ln236)> <Delay = 0.00>
ST_1 : Operation 86 [1/1] (0.00ns)   --->   "%write_ln0 = write void @_ssdm_op_Write.ap_auto.i8P0A, i8 %mostPopular_q0_out, i8 %mostPopular_q0_load"   --->   Operation 86 'write' 'write_ln0' <Predicate = (icmp_ln236)> <Delay = 0.00>
ST_1 : Operation 87 [1/1] (0.00ns)   --->   "%ret_ln0 = ret"   --->   Operation 87 'ret' 'ret_ln0' <Predicate = (icmp_ln236)> <Delay = 0.00>

State 2 <SV = 1> <Delay = 2.54>
ST_2 : Operation 39 [1/1] (0.00ns)   --->   "%mostPopular_q0_load_1 = load i8 %mostPopular_q0" [knn/knn_4.cpp:239]   --->   Operation 39 'load' 'mostPopular_q0_load_1' <Predicate = true> <Delay = 0.00>
ST_2 : Operation 40 [1/1] (0.00ns)   --->   "%mostPopular_q1_load_1 = load i8 %mostPopular_q1" [knn/knn_4.cpp:244]   --->   Operation 40 'load' 'mostPopular_q1_load_1' <Predicate = true> <Delay = 0.00>
ST_2 : Operation 41 [1/1] (0.00ns)   --->   "%mostPopular_q2_load_1 = load i8 %mostPopular_q2" [knn/knn_4.cpp:249]   --->   Operation 41 'load' 'mostPopular_q2_load_1' <Predicate = true> <Delay = 0.00>
ST_2 : Operation 42 [1/1] (0.00ns)   --->   "%mostPopular_q3_load_1 = load i8 %mostPopular_q3" [knn/knn_4.cpp:254]   --->   Operation 42 'load' 'mostPopular_q3_load_1' <Predicate = true> <Delay = 0.00>
ST_2 : Operation 43 [1/1] (0.00ns)   --->   "%mostPopularCount_q0_load = load i32 %mostPopularCount_q0" [knn/knn_4.cpp:239]   --->   Operation 43 'load' 'mostPopularCount_q0_load' <Predicate = true> <Delay = 0.00>
ST_2 : Operation 44 [1/1] (0.00ns)   --->   "%mostPopularCount_q1_load = load i32 %mostPopularCount_q1" [knn/knn_4.cpp:244]   --->   Operation 44 'load' 'mostPopularCount_q1_load' <Predicate = true> <Delay = 0.00>
ST_2 : Operation 45 [1/1] (0.00ns)   --->   "%mostPopularCount_q2_load = load i32 %mostPopularCount_q2" [knn/knn_4.cpp:249]   --->   Operation 45 'load' 'mostPopularCount_q2_load' <Predicate = true> <Delay = 0.00>
ST_2 : Operation 46 [1/1] (0.00ns)   --->   "%mostPopularCount_q3_load = load i32 %mostPopularCount_q3" [knn/knn_4.cpp:254]   --->   Operation 46 'load' 'mostPopularCount_q3_load' <Predicate = true> <Delay = 0.00>
ST_2 : Operation 47 [1/1] (0.00ns)   --->   "%specpipeline_ln238 = specpipeline void @_ssdm_op_SpecPipeline, i32 4294967295, i32 0, i32 0, i32 0, void @empty_0" [knn/knn_4.cpp:238]   --->   Operation 47 'specpipeline' 'specpipeline_ln238' <Predicate = true> <Delay = 0.00>
ST_2 : Operation 48 [1/1] (0.00ns)   --->   "%specloopname_ln227 = specloopname void @_ssdm_op_SpecLoopName, void @empty_3" [knn/knn_4.cpp:227]   --->   Operation 48 'specloopname' 'specloopname_ln227' <Predicate = true> <Delay = 0.00>
ST_2 : Operation 49 [1/2] (0.67ns)   --->   "%histogram_q0_load = load i3 %histogram_q0_addr" [knn/knn_4.cpp:239]   --->   Operation 49 'load' 'histogram_q0_load' <Predicate = true> <Delay = 0.67> <CoreInst = "RAM">   --->   Core 83 'RAM' <Latency = 1> <II = 1> <Delay = 0.67> <Storage> <Opcode : 'load' 'store'> <Ports = 2> <Width = 8> <Depth = 6> <RAM>
ST_2 : Operation 50 [1/1] (0.00ns)   --->   "%sext_ln239 = sext i8 %histogram_q0_load" [knn/knn_4.cpp:239]   --->   Operation 50 'sext' 'sext_ln239' <Predicate = true> <Delay = 0.00>
ST_2 : Operation 51 [1/1] (0.99ns)   --->   "%icmp_ln239 = icmp_slt  i32 %mostPopularCount_q0_load, i32 %sext_ln239" [knn/knn_4.cpp:239]   --->   Operation 51 'icmp' 'icmp_ln239' <Predicate = true> <Delay = 0.99> <CoreInst = "Cmp">   --->   Core 9 'Cmp' <Latency = 0> <II = 1> <Delay = 0.99> <FuncUnit> <Opcode : 'icmp'> <InPorts = 2> <OutPorts = 1>
ST_2 : Operation 52 [1/1] (0.00ns)   --->   "%zext_ln242 = zext i3 %i_1" [knn/knn_4.cpp:242]   --->   Operation 52 'zext' 'zext_ln242' <Predicate = true> <Delay = 0.00>
ST_2 : Operation 53 [1/1] (0.39ns)   --->   "%mostPopular_q0_1 = select i1 %icmp_ln239, i8 %zext_ln242, i8 %mostPopular_q0_load_1" [knn/knn_4.cpp:239]   --->   Operation 53 'select' 'mostPopular_q0_1' <Predicate = true> <Delay = 0.39> <CoreInst = "Sel">   --->   Core 73 'Sel' <Latency = 0> <II = 1> <Delay = 0.39> <FuncUnit> <Opcode : 'select'> <InPorts = 3> <OutPorts = 1>
ST_2 : Operation 54 [1/1] (0.44ns)   --->   "%mostPopularCount_q0_1 = select i1 %icmp_ln239, i32 %sext_ln239, i32 %mostPopularCount_q0_load" [knn/knn_4.cpp:239]   --->   Operation 54 'select' 'mostPopularCount_q0_1' <Predicate = true> <Delay = 0.44> <CoreInst = "Sel">   --->   Core 73 'Sel' <Latency = 0> <II = 1> <Delay = 0.44> <FuncUnit> <Opcode : 'select'> <InPorts = 3> <OutPorts = 1>
ST_2 : Operation 55 [1/2] (0.67ns)   --->   "%mostPopularCount_q1_1 = load i3 %histogram_q1_addr" [knn/knn_4.cpp:244]   --->   Operation 55 'load' 'mostPopularCount_q1_1' <Predicate = true> <Delay = 0.67> <CoreInst = "RAM">   --->   Core 83 'RAM' <Latency = 1> <II = 1> <Delay = 0.67> <Storage> <Opcode : 'load' 'store'> <Ports = 2> <Width = 8> <Depth = 6> <RAM>
ST_2 : Operation 56 [1/1] (0.00ns)   --->   "%sext_ln244 = sext i8 %mostPopularCount_q1_1" [knn/knn_4.cpp:244]   --->   Operation 56 'sext' 'sext_ln244' <Predicate = true> <Delay = 0.00>
ST_2 : Operation 57 [1/1] (0.99ns)   --->   "%icmp_ln244 = icmp_slt  i32 %mostPopularCount_q1_load, i32 %sext_ln244" [knn/knn_4.cpp:244]   --->   Operation 57 'icmp' 'icmp_ln244' <Predicate = true> <Delay = 0.99> <CoreInst = "Cmp">   --->   Core 9 'Cmp' <Latency = 0> <II = 1> <Delay = 0.99> <FuncUnit> <Opcode : 'icmp'> <InPorts = 2> <OutPorts = 1>
ST_2 : Operation 58 [1/1] (0.39ns)   --->   "%mostPopular_q1_2 = select i1 %icmp_ln244, i8 %zext_ln242, i8 %mostPopular_q1_load_1" [knn/knn_4.cpp:244]   --->   Operation 58 'select' 'mostPopular_q1_2' <Predicate = true> <Delay = 0.39> <CoreInst = "Sel">   --->   Core 73 'Sel' <Latency = 0> <II = 1> <Delay = 0.39> <FuncUnit> <Opcode : 'select'> <InPorts = 3> <OutPorts = 1>
ST_2 : Operation 59 [1/1] (0.44ns)   --->   "%mostPopularCount_q1_2 = select i1 %icmp_ln244, i32 %sext_ln244, i32 %mostPopularCount_q1_load" [knn/knn_4.cpp:244]   --->   Operation 59 'select' 'mostPopularCount_q1_2' <Predicate = true> <Delay = 0.44> <CoreInst = "Sel">   --->   Core 73 'Sel' <Latency = 0> <II = 1> <Delay = 0.44> <FuncUnit> <Opcode : 'select'> <InPorts = 3> <OutPorts = 1>
ST_2 : Operation 60 [1/2] (0.67ns)   --->   "%histogram_q2_load = load i3 %histogram_q2_addr" [knn/knn_4.cpp:249]   --->   Operation 60 'load' 'histogram_q2_load' <Predicate = true> <Delay = 0.67> <CoreInst = "RAM">   --->   Core 83 'RAM' <Latency = 1> <II = 1> <Delay = 0.67> <Storage> <Opcode : 'load' 'store'> <Ports = 2> <Width = 8> <Depth = 6> <RAM>
ST_2 : Operation 61 [1/1] (0.00ns)   --->   "%sext_ln249 = sext i8 %histogram_q2_load" [knn/knn_4.cpp:249]   --->   Operation 61 'sext' 'sext_ln249' <Predicate = true> <Delay = 0.00>
ST_2 : Operation 62 [1/1] (0.99ns)   --->   "%icmp_ln249 = icmp_slt  i32 %mostPopularCount_q2_load, i32 %sext_ln249" [knn/knn_4.cpp:249]   --->   Operation 62 'icmp' 'icmp_ln249' <Predicate = true> <Delay = 0.99> <CoreInst = "Cmp">   --->   Core 9 'Cmp' <Latency = 0> <II = 1> <Delay = 0.99> <FuncUnit> <Opcode : 'icmp'> <InPorts = 2> <OutPorts = 1>
ST_2 : Operation 63 [1/1] (0.39ns)   --->   "%mostPopular_q2_1 = select i1 %icmp_ln249, i8 %zext_ln242, i8 %mostPopular_q2_load_1" [knn/knn_4.cpp:249]   --->   Operation 63 'select' 'mostPopular_q2_1' <Predicate = true> <Delay = 0.39> <CoreInst = "Sel">   --->   Core 73 'Sel' <Latency = 0> <II = 1> <Delay = 0.39> <FuncUnit> <Opcode : 'select'> <InPorts = 3> <OutPorts = 1>
ST_2 : Operation 64 [1/1] (0.44ns)   --->   "%mostPopularCount_q2_1 = select i1 %icmp_ln249, i32 %sext_ln249, i32 %mostPopularCount_q2_load" [knn/knn_4.cpp:249]   --->   Operation 64 'select' 'mostPopularCount_q2_1' <Predicate = true> <Delay = 0.44> <CoreInst = "Sel">   --->   Core 73 'Sel' <Latency = 0> <II = 1> <Delay = 0.44> <FuncUnit> <Opcode : 'select'> <InPorts = 3> <OutPorts = 1>
ST_2 : Operation 65 [1/2] (0.67ns)   --->   "%mostPopularCount_q3_1 = load i3 %histogram_q3_addr" [knn/knn_4.cpp:254]   --->   Operation 65 'load' 'mostPopularCount_q3_1' <Predicate = true> <Delay = 0.67> <CoreInst = "RAM">   --->   Core 83 'RAM' <Latency = 1> <II = 1> <Delay = 0.67> <Storage> <Opcode : 'load' 'store'> <Ports = 2> <Width = 8> <Depth = 6> <RAM>
ST_2 : Operation 66 [1/1] (0.00ns)   --->   "%sext_ln254 = sext i8 %mostPopularCount_q3_1" [knn/knn_4.cpp:254]   --->   Operation 66 'sext' 'sext_ln254' <Predicate = true> <Delay = 0.00>
ST_2 : Operation 67 [1/1] (0.99ns)   --->   "%icmp_ln254 = icmp_slt  i32 %mostPopularCount_q3_load, i32 %sext_ln254" [knn/knn_4.cpp:254]   --->   Operation 67 'icmp' 'icmp_ln254' <Predicate = true> <Delay = 0.99> <CoreInst = "Cmp">   --->   Core 9 'Cmp' <Latency = 0> <II = 1> <Delay = 0.99> <FuncUnit> <Opcode : 'icmp'> <InPorts = 2> <OutPorts = 1>
ST_2 : Operation 68 [1/1] (0.39ns)   --->   "%mostPopular_q3_4 = select i1 %icmp_ln254, i8 %zext_ln242, i8 %mostPopular_q3_load_1" [knn/knn_4.cpp:254]   --->   Operation 68 'select' 'mostPopular_q3_4' <Predicate = true> <Delay = 0.39> <CoreInst = "Sel">   --->   Core 73 'Sel' <Latency = 0> <II = 1> <Delay = 0.39> <FuncUnit> <Opcode : 'select'> <InPorts = 3> <OutPorts = 1>
ST_2 : Operation 69 [1/1] (0.44ns)   --->   "%mostPopularCount_q3_2 = select i1 %icmp_ln254, i32 %sext_ln254, i32 %mostPopularCount_q3_load" [knn/knn_4.cpp:254]   --->   Operation 69 'select' 'mostPopularCount_q3_2' <Predicate = true> <Delay = 0.44> <CoreInst = "Sel">   --->   Core 73 'Sel' <Latency = 0> <II = 1> <Delay = 0.44> <FuncUnit> <Opcode : 'select'> <InPorts = 3> <OutPorts = 1>
ST_2 : Operation 70 [1/1] (0.42ns)   --->   "%store_ln236 = store i32 %mostPopularCount_q3_2, i32 %mostPopularCount_q3" [knn/knn_4.cpp:236]   --->   Operation 70 'store' 'store_ln236' <Predicate = true> <Delay = 0.42>
ST_2 : Operation 71 [1/1] (0.42ns)   --->   "%store_ln236 = store i32 %mostPopularCount_q2_1, i32 %mostPopularCount_q2" [knn/knn_4.cpp:236]   --->   Operation 71 'store' 'store_ln236' <Predicate = true> <Delay = 0.42>
ST_2 : Operation 72 [1/1] (0.42ns)   --->   "%store_ln236 = store i32 %mostPopularCount_q1_2, i32 %mostPopularCount_q1" [knn/knn_4.cpp:236]   --->   Operation 72 'store' 'store_ln236' <Predicate = true> <Delay = 0.42>
ST_2 : Operation 73 [1/1] (0.42ns)   --->   "%store_ln236 = store i32 %mostPopularCount_q0_1, i32 %mostPopularCount_q0" [knn/knn_4.cpp:236]   --->   Operation 73 'store' 'store_ln236' <Predicate = true> <Delay = 0.42>
ST_2 : Operation 74 [1/1] (0.42ns)   --->   "%store_ln236 = store i8 %mostPopular_q3_4, i8 %mostPopular_q3" [knn/knn_4.cpp:236]   --->   Operation 74 'store' 'store_ln236' <Predicate = true> <Delay = 0.42>
ST_2 : Operation 75 [1/1] (0.42ns)   --->   "%store_ln236 = store i8 %mostPopular_q2_1, i8 %mostPopular_q2" [knn/knn_4.cpp:236]   --->   Operation 75 'store' 'store_ln236' <Predicate = true> <Delay = 0.42>
ST_2 : Operation 76 [1/1] (0.42ns)   --->   "%store_ln236 = store i8 %mostPopular_q1_2, i8 %mostPopular_q1" [knn/knn_4.cpp:236]   --->   Operation 76 'store' 'store_ln236' <Predicate = true> <Delay = 0.42>
ST_2 : Operation 77 [1/1] (0.42ns)   --->   "%store_ln236 = store i8 %mostPopular_q0_1, i8 %mostPopular_q0" [knn/knn_4.cpp:236]   --->   Operation 77 'store' 'store_ln236' <Predicate = true> <Delay = 0.42>
ST_2 : Operation 78 [1/1] (0.00ns)   --->   "%br_ln236 = br void %for.body357" [knn/knn_4.cpp:236]   --->   Operation 78 'br' 'br_ln236' <Predicate = true> <Delay = 0.00>


============================================================
+ Verbose Summary: Binding
============================================================
STG Binding: 
---------------- STG Properties BEGIN ----------------
- Is combinational: 0
- Is one-state seq: 0
- Is datapath-only: 0
- Is pipelined: 0
- Is top level: 0
Port [ Return ] is wired: 1; IO mode=ap_ctrl_hs:ce=0
Port [ histogram_q0]:  wired=1; compound=1; hidden=0; nouse=0; global=0; static=0; extern=0; dir=0; type=1; pingpong=0; private_global=0; MemPort=[13]; IO mode=ap_memory:ce=0
Port [ histogram_q1]:  wired=1; compound=1; hidden=0; nouse=0; global=0; static=0; extern=0; dir=0; type=1; pingpong=0; private_global=0; MemPort=[13]; IO mode=ap_memory:ce=0
Port [ histogram_q2]:  wired=1; compound=1; hidden=0; nouse=0; global=0; static=0; extern=0; dir=0; type=1; pingpong=0; private_global=0; MemPort=[13]; IO mode=ap_memory:ce=0
Port [ histogram_q3]:  wired=1; compound=1; hidden=0; nouse=0; global=0; static=0; extern=0; dir=0; type=1; pingpong=0; private_global=0; MemPort=[13]; IO mode=ap_memory:ce=0
Port [ mostPopular_q3_out]:  wired=1; compound=0; hidden=0; nouse=0; global=0; static=0; extern=0; dir=1; type=0; pingpong=0; private_global=0; IO mode=ap_vld:ce=0
Port [ mostPopular_q2_out]:  wired=1; compound=0; hidden=0; nouse=0; global=0; static=0; extern=0; dir=1; type=0; pingpong=0; private_global=0; IO mode=ap_vld:ce=0
Port [ mostPopular_q1_out]:  wired=1; compound=0; hidden=0; nouse=0; global=0; static=0; extern=0; dir=1; type=0; pingpong=0; private_global=0; IO mode=ap_vld:ce=0
Port [ mostPopular_q0_out]:  wired=1; compound=0; hidden=0; nouse=0; global=0; static=0; extern=0; dir=1; type=0; pingpong=0; private_global=0; IO mode=ap_vld:ce=0
---------------- STG Properties END ------------------

---------------- Datapath Model BEGIN ----------------

<LifeTime>
<method=bitvector/>
mostPopular_q0           (alloca           ) [ 011]
mostPopular_q1           (alloca           ) [ 011]
mostPopular_q2           (alloca           ) [ 011]
mostPopular_q3           (alloca           ) [ 011]
mostPopularCount_q0      (alloca           ) [ 011]
mostPopularCount_q1      (alloca           ) [ 011]
mostPopularCount_q2      (alloca           ) [ 011]
mostPopularCount_q3      (alloca           ) [ 011]
mostPopular_q3_1         (alloca           ) [ 010]
store_ln0                (store            ) [ 000]
store_ln0                (store            ) [ 000]
store_ln0                (store            ) [ 000]
store_ln0                (store            ) [ 000]
store_ln0                (store            ) [ 000]
store_ln0                (store            ) [ 000]
store_ln0                (store            ) [ 000]
store_ln0                (store            ) [ 000]
store_ln0                (store            ) [ 000]
br_ln0                   (br               ) [ 000]
i_1                      (load             ) [ 011]
icmp_ln236               (icmp             ) [ 010]
empty                    (speclooptripcount) [ 000]
i                        (add              ) [ 000]
br_ln236                 (br               ) [ 000]
zext_ln236               (zext             ) [ 000]
histogram_q0_addr        (getelementptr    ) [ 011]
histogram_q1_addr        (getelementptr    ) [ 011]
histogram_q2_addr        (getelementptr    ) [ 011]
histogram_q3_addr        (getelementptr    ) [ 011]
store_ln236              (store            ) [ 000]
mostPopular_q0_load_1    (load             ) [ 000]
mostPopular_q1_load_1    (load             ) [ 000]
mostPopular_q2_load_1    (load             ) [ 000]
mostPopular_q3_load_1    (load             ) [ 000]
mostPopularCount_q0_load (load             ) [ 000]
mostPopularCount_q1_load (load             ) [ 000]
mostPopularCount_q2_load (load             ) [ 000]
mostPopularCount_q3_load (load             ) [ 000]
specpipeline_ln238       (specpipeline     ) [ 000]
specloopname_ln227       (specloopname     ) [ 000]
histogram_q0_load        (load             ) [ 000]
sext_ln239               (sext             ) [ 000]
icmp_ln239               (icmp             ) [ 000]
zext_ln242               (zext             ) [ 000]
mostPopular_q0_1         (select           ) [ 000]
mostPopularCount_q0_1    (select           ) [ 000]
mostPopularCount_q1_1    (load             ) [ 000]
sext_ln244               (sext             ) [ 000]
icmp_ln244               (icmp             ) [ 000]
mostPopular_q1_2         (select           ) [ 000]
mostPopularCount_q1_2    (select           ) [ 000]
histogram_q2_load        (load             ) [ 000]
sext_ln249               (sext             ) [ 000]
icmp_ln249               (icmp             ) [ 000]
mostPopular_q2_1         (select           ) [ 000]
mostPopularCount_q2_1    (select           ) [ 000]
mostPopularCount_q3_1    (load             ) [ 000]
sext_ln254               (sext             ) [ 000]
icmp_ln254               (icmp             ) [ 000]
mostPopular_q3_4         (select           ) [ 000]
mostPopularCount_q3_2    (select           ) [ 000]
store_ln236              (store            ) [ 000]
store_ln236              (store            ) [ 000]
store_ln236              (store            ) [ 000]
store_ln236              (store            ) [ 000]
store_ln236              (store            ) [ 000]
store_ln236              (store            ) [ 000]
store_ln236              (store            ) [ 000]
store_ln236              (store            ) [ 000]
br_ln236                 (br               ) [ 000]
mostPopular_q0_load      (load             ) [ 000]
mostPopular_q1_load      (load             ) [ 000]
mostPopular_q2_load      (load             ) [ 000]
mostPopular_q3_load      (load             ) [ 000]
write_ln0                (write            ) [ 000]
write_ln0                (write            ) [ 000]
write_ln0                (write            ) [ 000]
write_ln0                (write            ) [ 000]
ret_ln0                  (ret              ) [ 000]
</LifeTime>

<model>

<comp_list>
<comp id="0" class="1000" name="histogram_q0">
<pin_list>
<pin id="1" dir="1" index="0" bw="1" slack="0"/>
</pin_list>
<bind>
<StgValue><ssdm name="histogram_q0"/><MemPortTyVec>1 3 </MemPortTyVec>
</StgValue>
</bind>
</comp>

<comp id="2" class="1000" name="histogram_q1">
<pin_list>
<pin id="3" dir="1" index="0" bw="1" slack="0"/>
</pin_list>
<bind>
<StgValue><ssdm name="histogram_q1"/><MemPortTyVec>1 3 </MemPortTyVec>
</StgValue>
</bind>
</comp>

<comp id="4" class="1000" name="histogram_q2">
<pin_list>
<pin id="5" dir="1" index="0" bw="1" slack="0"/>
</pin_list>
<bind>
<StgValue><ssdm name="histogram_q2"/><MemPortTyVec>1 3 </MemPortTyVec>
</StgValue>
</bind>
</comp>

<comp id="6" class="1000" name="histogram_q3">
<pin_list>
<pin id="7" dir="1" index="0" bw="1" slack="0"/>
</pin_list>
<bind>
<StgValue><ssdm name="histogram_q3"/><MemPortTyVec>1 3 </MemPortTyVec>
</StgValue>
</bind>
</comp>

<comp id="8" class="1000" name="mostPopular_q3_out">
<pin_list>
<pin id="9" dir="1" index="0" bw="1" slack="0"/>
</pin_list>
<bind>
<StgValue><ssdm name="mostPopular_q3_out"/></StgValue>
</bind>
</comp>

<comp id="10" class="1000" name="mostPopular_q2_out">
<pin_list>
<pin id="11" dir="1" index="0" bw="1" slack="0"/>
</pin_list>
<bind>
<StgValue><ssdm name="mostPopular_q2_out"/></StgValue>
</bind>
</comp>

<comp id="12" class="1000" name="mostPopular_q1_out">
<pin_list>
<pin id="13" dir="1" index="0" bw="1" slack="0"/>
</pin_list>
<bind>
<StgValue><ssdm name="mostPopular_q1_out"/></StgValue>
</bind>
</comp>

<comp id="14" class="1000" name="mostPopular_q0_out">
<pin_list>
<pin id="15" dir="1" index="0" bw="1" slack="0"/>
</pin_list>
<bind>
<StgValue><ssdm name="mostPopular_q0_out"/></StgValue>
</bind>
</comp>

<comp id="16" class="1001" name="const_16">
<pin_list>
<pin id="17" dir="1" index="0" bw="1" slack="0"/>
</pin_list>
<bind>
<StgValue><ssdm name=""/></StgValue>
</bind>
</comp>

<comp id="18" class="1001" name="const_18">
<pin_list>
<pin id="19" dir="1" index="0" bw="1" slack="0"/>
</pin_list>
<bind>
<StgValue><ssdm name=""/></StgValue>
</bind>
</comp>

<comp id="20" class="1001" name="const_20">
<pin_list>
<pin id="21" dir="1" index="0" bw="1" slack="0"/>
</pin_list>
<bind>
<StgValue><ssdm name=""/></StgValue>
</bind>
</comp>

<comp id="22" class="1001" name="const_22">
<pin_list>
<pin id="23" dir="1" index="0" bw="1" slack="0"/>
</pin_list>
<bind>
<StgValue><ssdm name=""/></StgValue>
</bind>
</comp>

<comp id="24" class="1001" name="const_24">
<pin_list>
<pin id="25" dir="1" index="0" bw="1" slack="0"/>
</pin_list>
<bind>
<StgValue><ssdm name=""/></StgValue>
</bind>
</comp>

<comp id="26" class="1001" name="const_26">
<pin_list>
<pin id="27" dir="1" index="0" bw="1" slack="2147483647"/>
</pin_list>
<bind>
<StgValue><ssdm name="_ssdm_op_SpecLoopTripCount"/></StgValue>
</bind>
</comp>

<comp id="28" class="1001" name="const_28">
<pin_list>
<pin id="29" dir="1" index="0" bw="1" slack="2147483647"/>
</pin_list>
<bind>
<StgValue><ssdm name=""/></StgValue>
</bind>
</comp>

<comp id="30" class="1001" name="const_30">
<pin_list>
<pin id="31" dir="1" index="0" bw="1" slack="0"/>
</pin_list>
<bind>
<StgValue><ssdm name=""/></StgValue>
</bind>
</comp>

<comp id="32" class="1001" name="const_32">
<pin_list>
<pin id="33" dir="1" index="0" bw="1" slack="0"/>
</pin_list>
<bind>
<StgValue><ssdm name=""/></StgValue>
</bind>
</comp>

<comp id="34" class="1001" name="const_34">
<pin_list>
<pin id="35" dir="1" index="0" bw="1" slack="2147483647"/>
</pin_list>
<bind>
<StgValue><ssdm name="_ssdm_op_SpecPipeline"/></StgValue>
</bind>
</comp>

<comp id="36" class="1001" name="const_36">
<pin_list>
<pin id="37" dir="1" index="0" bw="1" slack="2147483647"/>
</pin_list>
<bind>
<StgValue><ssdm name=""/></StgValue>
</bind>
</comp>

<comp id="38" class="1001" name="const_38">
<pin_list>
<pin id="39" dir="1" index="0" bw="1" slack="2147483647"/>
</pin_list>
<bind>
<StgValue><ssdm name="empty_0"/></StgValue>
</bind>
</comp>

<comp id="40" class="1001" name="const_40">
<pin_list>
<pin id="41" dir="1" index="0" bw="1" slack="2147483647"/>
</pin_list>
<bind>
<StgValue><ssdm name="_ssdm_op_SpecLoopName"/></StgValue>
</bind>
</comp>

<comp id="42" class="1001" name="const_42">
<pin_list>
<pin id="43" dir="1" index="0" bw="1" slack="2147483647"/>
</pin_list>
<bind>
<StgValue><ssdm name="empty_3"/></StgValue>
</bind>
</comp>

<comp id="44" class="1001" name="const_44">
<pin_list>
<pin id="45" dir="1" index="0" bw="1" slack="0"/>
</pin_list>
<bind>
<StgValue><ssdm name="_ssdm_op_Write.ap_auto.i8P0A"/></StgValue>
</bind>
</comp>

<comp id="46" class="1004" name="mostPopular_q0_fu_46">
<pin_list>
<pin id="47" dir="0" index="0" bw="1" slack="0"/>
<pin id="48" dir="1" index="1" bw="8" slack="0"/>
</pin_list>
<bind>
<opcode="alloca(26) " fcode="alloca"/>
<opset="mostPopular_q0/1 "/>
</bind>
</comp>

<comp id="50" class="1004" name="mostPopular_q1_fu_50">
<pin_list>
<pin id="51" dir="0" index="0" bw="1" slack="0"/>
<pin id="52" dir="1" index="1" bw="8" slack="0"/>
</pin_list>
<bind>
<opcode="alloca(26) " fcode="alloca"/>
<opset="mostPopular_q1/1 "/>
</bind>
</comp>

<comp id="54" class="1004" name="mostPopular_q2_fu_54">
<pin_list>
<pin id="55" dir="0" index="0" bw="1" slack="0"/>
<pin id="56" dir="1" index="1" bw="8" slack="0"/>
</pin_list>
<bind>
<opcode="alloca(26) " fcode="alloca"/>
<opset="mostPopular_q2/1 "/>
</bind>
</comp>

<comp id="58" class="1004" name="mostPopular_q3_fu_58">
<pin_list>
<pin id="59" dir="0" index="0" bw="1" slack="0"/>
<pin id="60" dir="1" index="1" bw="8" slack="0"/>
</pin_list>
<bind>
<opcode="alloca(26) " fcode="alloca"/>
<opset="mostPopular_q3/1 "/>
</bind>
</comp>

<comp id="62" class="1004" name="mostPopularCount_q0_fu_62">
<pin_list>
<pin id="63" dir="0" index="0" bw="1" slack="0"/>
<pin id="64" dir="1" index="1" bw="32" slack="0"/>
</pin_list>
<bind>
<opcode="alloca(26) " fcode="alloca"/>
<opset="mostPopularCount_q0/1 "/>
</bind>
</comp>

<comp id="66" class="1004" name="mostPopularCount_q1_fu_66">
<pin_list>
<pin id="67" dir="0" index="0" bw="1" slack="0"/>
<pin id="68" dir="1" index="1" bw="32" slack="0"/>
</pin_list>
<bind>
<opcode="alloca(26) " fcode="alloca"/>
<opset="mostPopularCount_q1/1 "/>
</bind>
</comp>

<comp id="70" class="1004" name="mostPopularCount_q2_fu_70">
<pin_list>
<pin id="71" dir="0" index="0" bw="1" slack="0"/>
<pin id="72" dir="1" index="1" bw="32" slack="0"/>
</pin_list>
<bind>
<opcode="alloca(26) " fcode="alloca"/>
<opset="mostPopularCount_q2/1 "/>
</bind>
</comp>

<comp id="74" class="1004" name="mostPopularCount_q3_fu_74">
<pin_list>
<pin id="75" dir="0" index="0" bw="1" slack="0"/>
<pin id="76" dir="1" index="1" bw="32" slack="0"/>
</pin_list>
<bind>
<opcode="alloca(26) " fcode="alloca"/>
<opset="mostPopularCount_q3/1 "/>
</bind>
</comp>

<comp id="78" class="1004" name="mostPopular_q3_1_fu_78">
<pin_list>
<pin id="79" dir="0" index="0" bw="1" slack="0"/>
<pin id="80" dir="1" index="1" bw="3" slack="0"/>
</pin_list>
<bind>
<opcode="alloca(26) " fcode="alloca"/>
<opset="mostPopular_q3_1/1 "/>
</bind>
</comp>

<comp id="82" class="1004" name="write_ln0_write_fu_82">
<pin_list>
<pin id="83" dir="0" index="0" bw="0" slack="0"/>
<pin id="84" dir="0" index="1" bw="8" slack="0"/>
<pin id="85" dir="0" index="2" bw="8" slack="0"/>
<pin id="86" dir="1" index="3" bw="0" slack="2147483647"/>
</pin_list>
<bind>
<opcode="write(1151) " fcode="write"/>
<opset="write_ln0/1 "/>
</bind>
</comp>

<comp id="89" class="1004" name="write_ln0_write_fu_89">
<pin_list>
<pin id="90" dir="0" index="0" bw="0" slack="0"/>
<pin id="91" dir="0" index="1" bw="8" slack="0"/>
<pin id="92" dir="0" index="2" bw="8" slack="0"/>
<pin id="93" dir="1" index="3" bw="0" slack="2147483647"/>
</pin_list>
<bind>
<opcode="write(1151) " fcode="write"/>
<opset="write_ln0/1 "/>
</bind>
</comp>

<comp id="96" class="1004" name="write_ln0_write_fu_96">
<pin_list>
<pin id="97" dir="0" index="0" bw="0" slack="0"/>
<pin id="98" dir="0" index="1" bw="8" slack="0"/>
<pin id="99" dir="0" index="2" bw="8" slack="0"/>
<pin id="100" dir="1" index="3" bw="0" slack="2147483647"/>
</pin_list>
<bind>
<opcode="write(1151) " fcode="write"/>
<opset="write_ln0/1 "/>
</bind>
</comp>

<comp id="103" class="1004" name="write_ln0_write_fu_103">
<pin_list>
<pin id="104" dir="0" index="0" bw="0" slack="0"/>
<pin id="105" dir="0" index="1" bw="8" slack="0"/>
<pin id="106" dir="0" index="2" bw="8" slack="0"/>
<pin id="107" dir="1" index="3" bw="0" slack="2147483647"/>
</pin_list>
<bind>
<opcode="write(1151) " fcode="write"/>
<opset="write_ln0/1 "/>
</bind>
</comp>

<comp id="110" class="1004" name="histogram_q0_addr_gep_fu_110">
<pin_list>
<pin id="111" dir="0" index="0" bw="8" slack="0"/>
<pin id="112" dir="0" index="1" bw="1" slack="0"/>
<pin id="113" dir="0" index="2" bw="3" slack="0"/>
<pin id="114" dir="1" index="3" bw="3" slack="0"/>
</pin_list>
<bind>
<opcode="getelementptr(29) " fcode="getelementptr"/>
<opset="histogram_q0_addr/1 "/>
</bind>
</comp>

<comp id="117" class="1004" name="grp_access_fu_117">
<pin_list>
<pin id="118" dir="0" index="0" bw="3" slack="0"/>
<pin id="119" dir="0" index="1" bw="8" slack="2147483647"/>
<pin id="120" dir="0" index="2" bw="0" slack="2147483647"/>
<pin id="121" dir="1" index="3" bw="8" slack="0"/>
</pin_list>
<bind>
<opcode="load(27) " fcode="load"/>
<opset="histogram_q0_load/1 "/>
</bind>
</comp>

<comp id="123" class="1004" name="histogram_q1_addr_gep_fu_123">
<pin_list>
<pin id="124" dir="0" index="0" bw="8" slack="0"/>
<pin id="125" dir="0" index="1" bw="1" slack="0"/>
<pin id="126" dir="0" index="2" bw="3" slack="0"/>
<pin id="127" dir="1" index="3" bw="3" slack="0"/>
</pin_list>
<bind>
<opcode="getelementptr(29) " fcode="getelementptr"/>
<opset="histogram_q1_addr/1 "/>
</bind>
</comp>

<comp id="130" class="1004" name="grp_access_fu_130">
<pin_list>
<pin id="131" dir="0" index="0" bw="3" slack="0"/>
<pin id="132" dir="0" index="1" bw="8" slack="2147483647"/>
<pin id="133" dir="0" index="2" bw="0" slack="2147483647"/>
<pin id="134" dir="1" index="3" bw="8" slack="0"/>
</pin_list>
<bind>
<opcode="load(27) " fcode="load"/>
<opset="mostPopularCount_q1_1/1 "/>
</bind>
</comp>

<comp id="136" class="1004" name="histogram_q2_addr_gep_fu_136">
<pin_list>
<pin id="137" dir="0" index="0" bw="8" slack="0"/>
<pin id="138" dir="0" index="1" bw="1" slack="0"/>
<pin id="139" dir="0" index="2" bw="3" slack="0"/>
<pin id="140" dir="1" index="3" bw="3" slack="0"/>
</pin_list>
<bind>
<opcode="getelementptr(29) " fcode="getelementptr"/>
<opset="histogram_q2_addr/1 "/>
</bind>
</comp>

<comp id="143" class="1004" name="grp_access_fu_143">
<pin_list>
<pin id="144" dir="0" index="0" bw="3" slack="0"/>
<pin id="145" dir="0" index="1" bw="8" slack="2147483647"/>
<pin id="146" dir="0" index="2" bw="0" slack="2147483647"/>
<pin id="147" dir="1" index="3" bw="8" slack="0"/>
</pin_list>
<bind>
<opcode="load(27) " fcode="load"/>
<opset="histogram_q2_load/1 "/>
</bind>
</comp>

<comp id="149" class="1004" name="histogram_q3_addr_gep_fu_149">
<pin_list>
<pin id="150" dir="0" index="0" bw="8" slack="0"/>
<pin id="151" dir="0" index="1" bw="1" slack="0"/>
<pin id="152" dir="0" index="2" bw="3" slack="0"/>
<pin id="153" dir="1" index="3" bw="3" slack="0"/>
</pin_list>
<bind>
<opcode="getelementptr(29) " fcode="getelementptr"/>
<opset="histogram_q3_addr/1 "/>
</bind>
</comp>

<comp id="156" class="1004" name="grp_access_fu_156">
<pin_list>
<pin id="157" dir="0" index="0" bw="3" slack="0"/>
<pin id="158" dir="0" index="1" bw="8" slack="2147483647"/>
<pin id="159" dir="0" index="2" bw="0" slack="2147483647"/>
<pin id="160" dir="1" index="3" bw="8" slack="0"/>
</pin_list>
<bind>
<opcode="load(27) " fcode="load"/>
<opset="mostPopularCount_q3_1/1 "/>
</bind>
</comp>

<comp id="162" class="1004" name="store_ln0_store_fu_162">
<pin_list>
<pin id="163" dir="0" index="0" bw="1" slack="0"/>
<pin id="164" dir="0" index="1" bw="3" slack="0"/>
<pin id="165" dir="1" index="2" bw="0" slack="2147483647"/>
</pin_list>
<bind>
<opcode="store(28) " fcode="store"/>
<opset="store_ln0/1 "/>
</bind>
</comp>

<comp id="167" class="1004" name="store_ln0_store_fu_167">
<pin_list>
<pin id="168" dir="0" index="0" bw="1" slack="0"/>
<pin id="169" dir="0" index="1" bw="32" slack="0"/>
<pin id="170" dir="1" index="2" bw="0" slack="2147483647"/>
</pin_list>
<bind>
<opcode="store(28) " fcode="store"/>
<opset="store_ln0/1 "/>
</bind>
</comp>

<comp id="172" class="1004" name="store_ln0_store_fu_172">
<pin_list>
<pin id="173" dir="0" index="0" bw="1" slack="0"/>
<pin id="174" dir="0" index="1" bw="32" slack="0"/>
<pin id="175" dir="1" index="2" bw="0" slack="2147483647"/>
</pin_list>
<bind>
<opcode="store(28) " fcode="store"/>
<opset="store_ln0/1 "/>
</bind>
</comp>

<comp id="177" class="1004" name="store_ln0_store_fu_177">
<pin_list>
<pin id="178" dir="0" index="0" bw="1" slack="0"/>
<pin id="179" dir="0" index="1" bw="32" slack="0"/>
<pin id="180" dir="1" index="2" bw="0" slack="2147483647"/>
</pin_list>
<bind>
<opcode="store(28) " fcode="store"/>
<opset="store_ln0/1 "/>
</bind>
</comp>

<comp id="182" class="1004" name="store_ln0_store_fu_182">
<pin_list>
<pin id="183" dir="0" index="0" bw="1" slack="0"/>
<pin id="184" dir="0" index="1" bw="32" slack="0"/>
<pin id="185" dir="1" index="2" bw="0" slack="2147483647"/>
</pin_list>
<bind>
<opcode="store(28) " fcode="store"/>
<opset="store_ln0/1 "/>
</bind>
</comp>

<comp id="187" class="1004" name="store_ln0_store_fu_187">
<pin_list>
<pin id="188" dir="0" index="0" bw="1" slack="0"/>
<pin id="189" dir="0" index="1" bw="8" slack="0"/>
<pin id="190" dir="1" index="2" bw="0" slack="2147483647"/>
</pin_list>
<bind>
<opcode="store(28) " fcode="store"/>
<opset="store_ln0/1 "/>
</bind>
</comp>

<comp id="192" class="1004" name="store_ln0_store_fu_192">
<pin_list>
<pin id="193" dir="0" index="0" bw="1" slack="0"/>
<pin id="194" dir="0" index="1" bw="8" slack="0"/>
<pin id="195" dir="1" index="2" bw="0" slack="2147483647"/>
</pin_list>
<bind>
<opcode="store(28) " fcode="store"/>
<opset="store_ln0/1 "/>
</bind>
</comp>

<comp id="197" class="1004" name="store_ln0_store_fu_197">
<pin_list>
<pin id="198" dir="0" index="0" bw="1" slack="0"/>
<pin id="199" dir="0" index="1" bw="8" slack="0"/>
<pin id="200" dir="1" index="2" bw="0" slack="2147483647"/>
</pin_list>
<bind>
<opcode="store(28) " fcode="store"/>
<opset="store_ln0/1 "/>
</bind>
</comp>

<comp id="202" class="1004" name="store_ln0_store_fu_202">
<pin_list>
<pin id="203" dir="0" index="0" bw="1" slack="0"/>
<pin id="204" dir="0" index="1" bw="8" slack="0"/>
<pin id="205" dir="1" index="2" bw="0" slack="2147483647"/>
</pin_list>
<bind>
<opcode="store(28) " fcode="store"/>
<opset="store_ln0/1 "/>
</bind>
</comp>

<comp id="207" class="1004" name="i_1_load_fu_207">
<pin_list>
<pin id="208" dir="0" index="0" bw="3" slack="0"/>
<pin id="209" dir="1" index="1" bw="3" slack="0"/>
</pin_list>
<bind>
<opcode="load(27) " fcode="load"/>
<opset="i_1/1 "/>
</bind>
</comp>

<comp id="210" class="1004" name="icmp_ln236_fu_210">
<pin_list>
<pin id="211" dir="0" index="0" bw="3" slack="0"/>
<pin id="212" dir="0" index="1" bw="2" slack="0"/>
<pin id="213" dir="1" index="2" bw="1" slack="2147483647"/>
</pin_list>
<bind>
<opcode="icmp(45) " fcode="icmp"/>
<opset="icmp_ln236/1 "/>
</bind>
</comp>

<comp id="216" class="1004" name="i_fu_216">
<pin_list>
<pin id="217" dir="0" index="0" bw="3" slack="0"/>
<pin id="218" dir="0" index="1" bw="1" slack="0"/>
<pin id="219" dir="1" index="2" bw="3" slack="0"/>
</pin_list>
<bind>
<opcode="add(8) " fcode="add"/>
<opset="i/1 "/>
</bind>
</comp>

<comp id="222" class="1004" name="zext_ln236_fu_222">
<pin_list>
<pin id="223" dir="0" index="0" bw="3" slack="0"/>
<pin id="224" dir="1" index="1" bw="64" slack="0"/>
</pin_list>
<bind>
<opcode="zext(34) " fcode="zext"/>
<opset="zext_ln236/1 "/>
</bind>
</comp>

<comp id="230" class="1004" name="store_ln236_store_fu_230">
<pin_list>
<pin id="231" dir="0" index="0" bw="3" slack="0"/>
<pin id="232" dir="0" index="1" bw="3" slack="0"/>
<pin id="233" dir="1" index="2" bw="0" slack="2147483647"/>
</pin_list>
<bind>
<opcode="store(28) " fcode="store"/>
<opset="store_ln236/1 "/>
</bind>
</comp>

<comp id="235" class="1004" name="mostPopular_q0_load_1_load_fu_235">
<pin_list>
<pin id="236" dir="0" index="0" bw="8" slack="1"/>
<pin id="237" dir="1" index="1" bw="8" slack="0"/>
</pin_list>
<bind>
<opcode="load(27) " fcode="load"/>
<opset="mostPopular_q0_load_1/2 "/>
</bind>
</comp>

<comp id="238" class="1004" name="mostPopular_q1_load_1_load_fu_238">
<pin_list>
<pin id="239" dir="0" index="0" bw="8" slack="1"/>
<pin id="240" dir="1" index="1" bw="8" slack="0"/>
</pin_list>
<bind>
<opcode="load(27) " fcode="load"/>
<opset="mostPopular_q1_load_1/2 "/>
</bind>
</comp>

<comp id="241" class="1004" name="mostPopular_q2_load_1_load_fu_241">
<pin_list>
<pin id="242" dir="0" index="0" bw="8" slack="1"/>
<pin id="243" dir="1" index="1" bw="8" slack="0"/>
</pin_list>
<bind>
<opcode="load(27) " fcode="load"/>
<opset="mostPopular_q2_load_1/2 "/>
</bind>
</comp>

<comp id="244" class="1004" name="mostPopular_q3_load_1_load_fu_244">
<pin_list>
<pin id="245" dir="0" index="0" bw="8" slack="1"/>
<pin id="246" dir="1" index="1" bw="8" slack="0"/>
</pin_list>
<bind>
<opcode="load(27) " fcode="load"/>
<opset="mostPopular_q3_load_1/2 "/>
</bind>
</comp>

<comp id="247" class="1004" name="mostPopularCount_q0_load_load_fu_247">
<pin_list>
<pin id="248" dir="0" index="0" bw="32" slack="1"/>
<pin id="249" dir="1" index="1" bw="32" slack="0"/>
</pin_list>
<bind>
<opcode="load(27) " fcode="load"/>
<opset="mostPopularCount_q0_load/2 "/>
</bind>
</comp>

<comp id="250" class="1004" name="mostPopularCount_q1_load_load_fu_250">
<pin_list>
<pin id="251" dir="0" index="0" bw="32" slack="1"/>
<pin id="252" dir="1" index="1" bw="32" slack="0"/>
</pin_list>
<bind>
<opcode="load(27) " fcode="load"/>
<opset="mostPopularCount_q1_load/2 "/>
</bind>
</comp>

<comp id="253" class="1004" name="mostPopularCount_q2_load_load_fu_253">
<pin_list>
<pin id="254" dir="0" index="0" bw="32" slack="1"/>
<pin id="255" dir="1" index="1" bw="32" slack="0"/>
</pin_list>
<bind>
<opcode="load(27) " fcode="load"/>
<opset="mostPopularCount_q2_load/2 "/>
</bind>
</comp>

<comp id="256" class="1004" name="mostPopularCount_q3_load_load_fu_256">
<pin_list>
<pin id="257" dir="0" index="0" bw="32" slack="1"/>
<pin id="258" dir="1" index="1" bw="32" slack="0"/>
</pin_list>
<bind>
<opcode="load(27) " fcode="load"/>
<opset="mostPopularCount_q3_load/2 "/>
</bind>
</comp>

<comp id="259" class="1004" name="sext_ln239_fu_259">
<pin_list>
<pin id="260" dir="0" index="0" bw="8" slack="0"/>
<pin id="261" dir="1" index="1" bw="32" slack="0"/>
</pin_list>
<bind>
<opcode="sext(35) " fcode="sext"/>
<opset="sext_ln239/2 "/>
</bind>
</comp>

<comp id="263" class="1004" name="icmp_ln239_fu_263">
<pin_list>
<pin id="264" dir="0" index="0" bw="32" slack="0"/>
<pin id="265" dir="0" index="1" bw="8" slack="0"/>
<pin id="266" dir="1" index="2" bw="1" slack="0"/>
</pin_list>
<bind>
<opcode="icmp(45) " fcode="icmp"/>
<opset="icmp_ln239/2 "/>
</bind>
</comp>

<comp id="269" class="1004" name="zext_ln242_fu_269">
<pin_list>
<pin id="270" dir="0" index="0" bw="3" slack="1"/>
<pin id="271" dir="1" index="1" bw="8" slack="0"/>
</pin_list>
<bind>
<opcode="zext(34) " fcode="zext"/>
<opset="zext_ln242/2 "/>
</bind>
</comp>

<comp id="272" class="1004" name="mostPopular_q0_1_fu_272">
<pin_list>
<pin id="273" dir="0" index="0" bw="1" slack="0"/>
<pin id="274" dir="0" index="1" bw="3" slack="0"/>
<pin id="275" dir="0" index="2" bw="8" slack="0"/>
<pin id="276" dir="1" index="3" bw="8" slack="0"/>
</pin_list>
<bind>
<opcode="select(49) " fcode="select"/>
<opset="mostPopular_q0_1/2 "/>
</bind>
</comp>

<comp id="280" class="1004" name="mostPopularCount_q0_1_fu_280">
<pin_list>
<pin id="281" dir="0" index="0" bw="1" slack="0"/>
<pin id="282" dir="0" index="1" bw="8" slack="0"/>
<pin id="283" dir="0" index="2" bw="32" slack="0"/>
<pin id="284" dir="1" index="3" bw="32" slack="0"/>
</pin_list>
<bind>
<opcode="select(49) " fcode="select"/>
<opset="mostPopularCount_q0_1/2 "/>
</bind>
</comp>

<comp id="288" class="1004" name="sext_ln244_fu_288">
<pin_list>
<pin id="289" dir="0" index="0" bw="8" slack="0"/>
<pin id="290" dir="1" index="1" bw="32" slack="0"/>
</pin_list>
<bind>
<opcode="sext(35) " fcode="sext"/>
<opset="sext_ln244/2 "/>
</bind>
</comp>

<comp id="292" class="1004" name="icmp_ln244_fu_292">
<pin_list>
<pin id="293" dir="0" index="0" bw="32" slack="0"/>
<pin id="294" dir="0" index="1" bw="8" slack="0"/>
<pin id="295" dir="1" index="2" bw="1" slack="0"/>
</pin_list>
<bind>
<opcode="icmp(45) " fcode="icmp"/>
<opset="icmp_ln244/2 "/>
</bind>
</comp>

<comp id="298" class="1004" name="mostPopular_q1_2_fu_298">
<pin_list>
<pin id="299" dir="0" index="0" bw="1" slack="0"/>
<pin id="300" dir="0" index="1" bw="3" slack="0"/>
<pin id="301" dir="0" index="2" bw="8" slack="0"/>
<pin id="302" dir="1" index="3" bw="8" slack="0"/>
</pin_list>
<bind>
<opcode="select(49) " fcode="select"/>
<opset="mostPopular_q1_2/2 "/>
</bind>
</comp>

<comp id="306" class="1004" name="mostPopularCount_q1_2_fu_306">
<pin_list>
<pin id="307" dir="0" index="0" bw="1" slack="0"/>
<pin id="308" dir="0" index="1" bw="8" slack="0"/>
<pin id="309" dir="0" index="2" bw="32" slack="0"/>
<pin id="310" dir="1" index="3" bw="32" slack="0"/>
</pin_list>
<bind>
<opcode="select(49) " fcode="select"/>
<opset="mostPopularCount_q1_2/2 "/>
</bind>
</comp>

<comp id="314" class="1004" name="sext_ln249_fu_314">
<pin_list>
<pin id="315" dir="0" index="0" bw="8" slack="0"/>
<pin id="316" dir="1" index="1" bw="32" slack="0"/>
</pin_list>
<bind>
<opcode="sext(35) " fcode="sext"/>
<opset="sext_ln249/2 "/>
</bind>
</comp>

<comp id="318" class="1004" name="icmp_ln249_fu_318">
<pin_list>
<pin id="319" dir="0" index="0" bw="32" slack="0"/>
<pin id="320" dir="0" index="1" bw="8" slack="0"/>
<pin id="321" dir="1" index="2" bw="1" slack="0"/>
</pin_list>
<bind>
<opcode="icmp(45) " fcode="icmp"/>
<opset="icmp_ln249/2 "/>
</bind>
</comp>

<comp id="324" class="1004" name="mostPopular_q2_1_fu_324">
<pin_list>
<pin id="325" dir="0" index="0" bw="1" slack="0"/>
<pin id="326" dir="0" index="1" bw="3" slack="0"/>
<pin id="327" dir="0" index="2" bw="8" slack="0"/>
<pin id="328" dir="1" index="3" bw="8" slack="0"/>
</pin_list>
<bind>
<opcode="select(49) " fcode="select"/>
<opset="mostPopular_q2_1/2 "/>
</bind>
</comp>

<comp id="332" class="1004" name="mostPopularCount_q2_1_fu_332">
<pin_list>
<pin id="333" dir="0" index="0" bw="1" slack="0"/>
<pin id="334" dir="0" index="1" bw="8" slack="0"/>
<pin id="335" dir="0" index="2" bw="32" slack="0"/>
<pin id="336" dir="1" index="3" bw="32" slack="0"/>
</pin_list>
<bind>
<opcode="select(49) " fcode="select"/>
<opset="mostPopularCount_q2_1/2 "/>
</bind>
</comp>

<comp id="340" class="1004" name="sext_ln254_fu_340">
<pin_list>
<pin id="341" dir="0" index="0" bw="8" slack="0"/>
<pin id="342" dir="1" index="1" bw="32" slack="0"/>
</pin_list>
<bind>
<opcode="sext(35) " fcode="sext"/>
<opset="sext_ln254/2 "/>
</bind>
</comp>

<comp id="344" class="1004" name="icmp_ln254_fu_344">
<pin_list>
<pin id="345" dir="0" index="0" bw="32" slack="0"/>
<pin id="346" dir="0" index="1" bw="8" slack="0"/>
<pin id="347" dir="1" index="2" bw="1" slack="0"/>
</pin_list>
<bind>
<opcode="icmp(45) " fcode="icmp"/>
<opset="icmp_ln254/2 "/>
</bind>
</comp>

<comp id="350" class="1004" name="mostPopular_q3_4_fu_350">
<pin_list>
<pin id="351" dir="0" index="0" bw="1" slack="0"/>
<pin id="352" dir="0" index="1" bw="3" slack="0"/>
<pin id="353" dir="0" index="2" bw="8" slack="0"/>
<pin id="354" dir="1" index="3" bw="8" slack="0"/>
</pin_list>
<bind>
<opcode="select(49) " fcode="select"/>
<opset="mostPopular_q3_4/2 "/>
</bind>
</comp>

<comp id="358" class="1004" name="mostPopularCount_q3_2_fu_358">
<pin_list>
<pin id="359" dir="0" index="0" bw="1" slack="0"/>
<pin id="360" dir="0" index="1" bw="8" slack="0"/>
<pin id="361" dir="0" index="2" bw="32" slack="0"/>
<pin id="362" dir="1" index="3" bw="32" slack="0"/>
</pin_list>
<bind>
<opcode="select(49) " fcode="select"/>
<opset="mostPopularCount_q3_2/2 "/>
</bind>
</comp>

<comp id="366" class="1004" name="store_ln236_store_fu_366">
<pin_list>
<pin id="367" dir="0" index="0" bw="32" slack="0"/>
<pin id="368" dir="0" index="1" bw="32" slack="1"/>
<pin id="369" dir="1" index="2" bw="0" slack="2147483647"/>
</pin_list>
<bind>
<opcode="store(28) " fcode="store"/>
<opset="store_ln236/2 "/>
</bind>
</comp>

<comp id="371" class="1004" name="store_ln236_store_fu_371">
<pin_list>
<pin id="372" dir="0" index="0" bw="32" slack="0"/>
<pin id="373" dir="0" index="1" bw="32" slack="1"/>
<pin id="374" dir="1" index="2" bw="0" slack="2147483647"/>
</pin_list>
<bind>
<opcode="store(28) " fcode="store"/>
<opset="store_ln236/2 "/>
</bind>
</comp>

<comp id="376" class="1004" name="store_ln236_store_fu_376">
<pin_list>
<pin id="377" dir="0" index="0" bw="32" slack="0"/>
<pin id="378" dir="0" index="1" bw="32" slack="1"/>
<pin id="379" dir="1" index="2" bw="0" slack="2147483647"/>
</pin_list>
<bind>
<opcode="store(28) " fcode="store"/>
<opset="store_ln236/2 "/>
</bind>
</comp>

<comp id="381" class="1004" name="store_ln236_store_fu_381">
<pin_list>
<pin id="382" dir="0" index="0" bw="32" slack="0"/>
<pin id="383" dir="0" index="1" bw="32" slack="1"/>
<pin id="384" dir="1" index="2" bw="0" slack="2147483647"/>
</pin_list>
<bind>
<opcode="store(28) " fcode="store"/>
<opset="store_ln236/2 "/>
</bind>
</comp>

<comp id="386" class="1004" name="store_ln236_store_fu_386">
<pin_list>
<pin id="387" dir="0" index="0" bw="8" slack="0"/>
<pin id="388" dir="0" index="1" bw="8" slack="1"/>
<pin id="389" dir="1" index="2" bw="0" slack="2147483647"/>
</pin_list>
<bind>
<opcode="store(28) " fcode="store"/>
<opset="store_ln236/2 "/>
</bind>
</comp>

<comp id="391" class="1004" name="store_ln236_store_fu_391">
<pin_list>
<pin id="392" dir="0" index="0" bw="8" slack="0"/>
<pin id="393" dir="0" index="1" bw="8" slack="1"/>
<pin id="394" dir="1" index="2" bw="0" slack="2147483647"/>
</pin_list>
<bind>
<opcode="store(28) " fcode="store"/>
<opset="store_ln236/2 "/>
</bind>
</comp>

<comp id="396" class="1004" name="store_ln236_store_fu_396">
<pin_list>
<pin id="397" dir="0" index="0" bw="8" slack="0"/>
<pin id="398" dir="0" index="1" bw="8" slack="1"/>
<pin id="399" dir="1" index="2" bw="0" slack="2147483647"/>
</pin_list>
<bind>
<opcode="store(28) " fcode="store"/>
<opset="store_ln236/2 "/>
</bind>
</comp>

<comp id="401" class="1004" name="store_ln236_store_fu_401">
<pin_list>
<pin id="402" dir="0" index="0" bw="8" slack="0"/>
<pin id="403" dir="0" index="1" bw="8" slack="1"/>
<pin id="404" dir="1" index="2" bw="0" slack="2147483647"/>
</pin_list>
<bind>
<opcode="store(28) " fcode="store"/>
<opset="store_ln236/2 "/>
</bind>
</comp>

<comp id="406" class="1004" name="mostPopular_q0_load_load_fu_406">
<pin_list>
<pin id="407" dir="0" index="0" bw="8" slack="0"/>
<pin id="408" dir="1" index="1" bw="8" slack="0"/>
</pin_list>
<bind>
<opcode="load(27) " fcode="load"/>
<opset="mostPopular_q0_load/1 "/>
</bind>
</comp>

<comp id="410" class="1004" name="mostPopular_q1_load_load_fu_410">
<pin_list>
<pin id="411" dir="0" index="0" bw="8" slack="0"/>
<pin id="412" dir="1" index="1" bw="8" slack="0"/>
</pin_list>
<bind>
<opcode="load(27) " fcode="load"/>
<opset="mostPopular_q1_load/1 "/>
</bind>
</comp>

<comp id="414" class="1004" name="mostPopular_q2_load_load_fu_414">
<pin_list>
<pin id="415" dir="0" index="0" bw="8" slack="0"/>
<pin id="416" dir="1" index="1" bw="8" slack="0"/>
</pin_list>
<bind>
<opcode="load(27) " fcode="load"/>
<opset="mostPopular_q2_load/1 "/>
</bind>
</comp>

<comp id="418" class="1004" name="mostPopular_q3_load_load_fu_418">
<pin_list>
<pin id="419" dir="0" index="0" bw="8" slack="0"/>
<pin id="420" dir="1" index="1" bw="8" slack="0"/>
</pin_list>
<bind>
<opcode="load(27) " fcode="load"/>
<opset="mostPopular_q3_load/1 "/>
</bind>
</comp>

<comp id="422" class="1005" name="mostPopular_q0_reg_422">
<pin_list>
<pin id="423" dir="0" index="0" bw="8" slack="0"/>
<pin id="424" dir="1" index="1" bw="8" slack="0"/>
</pin_list>
<bind>
<opset="mostPopular_q0 "/>
</bind>
</comp>

<comp id="430" class="1005" name="mostPopular_q1_reg_430">
<pin_list>
<pin id="431" dir="0" index="0" bw="8" slack="0"/>
<pin id="432" dir="1" index="1" bw="8" slack="0"/>
</pin_list>
<bind>
<opset="mostPopular_q1 "/>
</bind>
</comp>

<comp id="438" class="1005" name="mostPopular_q2_reg_438">
<pin_list>
<pin id="439" dir="0" index="0" bw="8" slack="0"/>
<pin id="440" dir="1" index="1" bw="8" slack="0"/>
</pin_list>
<bind>
<opset="mostPopular_q2 "/>
</bind>
</comp>

<comp id="446" class="1005" name="mostPopular_q3_reg_446">
<pin_list>
<pin id="447" dir="0" index="0" bw="8" slack="0"/>
<pin id="448" dir="1" index="1" bw="8" slack="0"/>
</pin_list>
<bind>
<opset="mostPopular_q3 "/>
</bind>
</comp>

<comp id="454" class="1005" name="mostPopularCount_q0_reg_454">
<pin_list>
<pin id="455" dir="0" index="0" bw="32" slack="0"/>
<pin id="456" dir="1" index="1" bw="32" slack="0"/>
</pin_list>
<bind>
<opset="mostPopularCount_q0 "/>
</bind>
</comp>

<comp id="461" class="1005" name="mostPopularCount_q1_reg_461">
<pin_list>
<pin id="462" dir="0" index="0" bw="32" slack="0"/>
<pin id="463" dir="1" index="1" bw="32" slack="0"/>
</pin_list>
<bind>
<opset="mostPopularCount_q1 "/>
</bind>
</comp>

<comp id="468" class="1005" name="mostPopularCount_q2_reg_468">
<pin_list>
<pin id="469" dir="0" index="0" bw="32" slack="0"/>
<pin id="470" dir="1" index="1" bw="32" slack="0"/>
</pin_list>
<bind>
<opset="mostPopularCount_q2 "/>
</bind>
</comp>

<comp id="475" class="1005" name="mostPopularCount_q3_reg_475">
<pin_list>
<pin id="476" dir="0" index="0" bw="32" slack="0"/>
<pin id="477" dir="1" index="1" bw="32" slack="0"/>
</pin_list>
<bind>
<opset="mostPopularCount_q3 "/>
</bind>
</comp>

<comp id="482" class="1005" name="mostPopular_q3_1_reg_482">
<pin_list>
<pin id="483" dir="0" index="0" bw="3" slack="0"/>
<pin id="484" dir="1" index="1" bw="3" slack="0"/>
</pin_list>
<bind>
<opset="mostPopular_q3_1 "/>
</bind>
</comp>

<comp id="489" class="1005" name="i_1_reg_489">
<pin_list>
<pin id="490" dir="0" index="0" bw="3" slack="1"/>
<pin id="491" dir="1" index="1" bw="3" slack="1"/>
</pin_list>
<bind>
<opset="i_1 "/>
</bind>
</comp>

<comp id="497" class="1005" name="histogram_q0_addr_reg_497">
<pin_list>
<pin id="498" dir="0" index="0" bw="3" slack="1"/>
<pin id="499" dir="1" index="1" bw="3" slack="1"/>
</pin_list>
<bind>
<opset="histogram_q0_addr "/>
</bind>
</comp>

<comp id="502" class="1005" name="histogram_q1_addr_reg_502">
<pin_list>
<pin id="503" dir="0" index="0" bw="3" slack="1"/>
<pin id="504" dir="1" index="1" bw="3" slack="1"/>
</pin_list>
<bind>
<opset="histogram_q1_addr "/>
</bind>
</comp>

<comp id="507" class="1005" name="histogram_q2_addr_reg_507">
<pin_list>
<pin id="508" dir="0" index="0" bw="3" slack="1"/>
<pin id="509" dir="1" index="1" bw="3" slack="1"/>
</pin_list>
<bind>
<opset="histogram_q2_addr "/>
</bind>
</comp>

<comp id="512" class="1005" name="histogram_q3_addr_reg_512">
<pin_list>
<pin id="513" dir="0" index="0" bw="3" slack="1"/>
<pin id="514" dir="1" index="1" bw="3" slack="1"/>
</pin_list>
<bind>
<opset="histogram_q3_addr "/>
</bind>
</comp>

</comp_list>

<net_list>
<net id="49"><net_src comp="16" pin="0"/><net_sink comp="46" pin=0"/></net>

<net id="53"><net_src comp="16" pin="0"/><net_sink comp="50" pin=0"/></net>

<net id="57"><net_src comp="16" pin="0"/><net_sink comp="54" pin=0"/></net>

<net id="61"><net_src comp="16" pin="0"/><net_sink comp="58" pin=0"/></net>

<net id="65"><net_src comp="16" pin="0"/><net_sink comp="62" pin=0"/></net>

<net id="69"><net_src comp="16" pin="0"/><net_sink comp="66" pin=0"/></net>

<net id="73"><net_src comp="16" pin="0"/><net_sink comp="70" pin=0"/></net>

<net id="77"><net_src comp="16" pin="0"/><net_sink comp="74" pin=0"/></net>

<net id="81"><net_src comp="16" pin="0"/><net_sink comp="78" pin=0"/></net>

<net id="87"><net_src comp="44" pin="0"/><net_sink comp="82" pin=0"/></net>

<net id="88"><net_src comp="8" pin="0"/><net_sink comp="82" pin=1"/></net>

<net id="94"><net_src comp="44" pin="0"/><net_sink comp="89" pin=0"/></net>

<net id="95"><net_src comp="10" pin="0"/><net_sink comp="89" pin=1"/></net>

<net id="101"><net_src comp="44" pin="0"/><net_sink comp="96" pin=0"/></net>

<net id="102"><net_src comp="12" pin="0"/><net_sink comp="96" pin=1"/></net>

<net id="108"><net_src comp="44" pin="0"/><net_sink comp="103" pin=0"/></net>

<net id="109"><net_src comp="14" pin="0"/><net_sink comp="103" pin=1"/></net>

<net id="115"><net_src comp="0" pin="0"/><net_sink comp="110" pin=0"/></net>

<net id="116"><net_src comp="32" pin="0"/><net_sink comp="110" pin=1"/></net>

<net id="122"><net_src comp="110" pin="3"/><net_sink comp="117" pin=0"/></net>

<net id="128"><net_src comp="2" pin="0"/><net_sink comp="123" pin=0"/></net>

<net id="129"><net_src comp="32" pin="0"/><net_sink comp="123" pin=1"/></net>

<net id="135"><net_src comp="123" pin="3"/><net_sink comp="130" pin=0"/></net>

<net id="141"><net_src comp="4" pin="0"/><net_sink comp="136" pin=0"/></net>

<net id="142"><net_src comp="32" pin="0"/><net_sink comp="136" pin=1"/></net>

<net id="148"><net_src comp="136" pin="3"/><net_sink comp="143" pin=0"/></net>

<net id="154"><net_src comp="6" pin="0"/><net_sink comp="149" pin=0"/></net>

<net id="155"><net_src comp="32" pin="0"/><net_sink comp="149" pin=1"/></net>

<net id="161"><net_src comp="149" pin="3"/><net_sink comp="156" pin=0"/></net>

<net id="166"><net_src comp="18" pin="0"/><net_sink comp="162" pin=0"/></net>

<net id="171"><net_src comp="20" pin="0"/><net_sink comp="167" pin=0"/></net>

<net id="176"><net_src comp="20" pin="0"/><net_sink comp="172" pin=0"/></net>

<net id="181"><net_src comp="20" pin="0"/><net_sink comp="177" pin=0"/></net>

<net id="186"><net_src comp="20" pin="0"/><net_sink comp="182" pin=0"/></net>

<net id="191"><net_src comp="22" pin="0"/><net_sink comp="187" pin=0"/></net>

<net id="196"><net_src comp="22" pin="0"/><net_sink comp="192" pin=0"/></net>

<net id="201"><net_src comp="22" pin="0"/><net_sink comp="197" pin=0"/></net>

<net id="206"><net_src comp="22" pin="0"/><net_sink comp="202" pin=0"/></net>

<net id="214"><net_src comp="207" pin="1"/><net_sink comp="210" pin=0"/></net>

<net id="215"><net_src comp="24" pin="0"/><net_sink comp="210" pin=1"/></net>

<net id="220"><net_src comp="207" pin="1"/><net_sink comp="216" pin=0"/></net>

<net id="221"><net_src comp="30" pin="0"/><net_sink comp="216" pin=1"/></net>

<net id="225"><net_src comp="207" pin="1"/><net_sink comp="222" pin=0"/></net>

<net id="226"><net_src comp="222" pin="1"/><net_sink comp="110" pin=2"/></net>

<net id="227"><net_src comp="222" pin="1"/><net_sink comp="123" pin=2"/></net>

<net id="228"><net_src comp="222" pin="1"/><net_sink comp="136" pin=2"/></net>

<net id="229"><net_src comp="222" pin="1"/><net_sink comp="149" pin=2"/></net>

<net id="234"><net_src comp="216" pin="2"/><net_sink comp="230" pin=0"/></net>

<net id="262"><net_src comp="117" pin="3"/><net_sink comp="259" pin=0"/></net>

<net id="267"><net_src comp="247" pin="1"/><net_sink comp="263" pin=0"/></net>

<net id="268"><net_src comp="259" pin="1"/><net_sink comp="263" pin=1"/></net>

<net id="277"><net_src comp="263" pin="2"/><net_sink comp="272" pin=0"/></net>

<net id="278"><net_src comp="269" pin="1"/><net_sink comp="272" pin=1"/></net>

<net id="279"><net_src comp="235" pin="1"/><net_sink comp="272" pin=2"/></net>

<net id="285"><net_src comp="263" pin="2"/><net_sink comp="280" pin=0"/></net>

<net id="286"><net_src comp="259" pin="1"/><net_sink comp="280" pin=1"/></net>

<net id="287"><net_src comp="247" pin="1"/><net_sink comp="280" pin=2"/></net>

<net id="291"><net_src comp="130" pin="3"/><net_sink comp="288" pin=0"/></net>

<net id="296"><net_src comp="250" pin="1"/><net_sink comp="292" pin=0"/></net>

<net id="297"><net_src comp="288" pin="1"/><net_sink comp="292" pin=1"/></net>

<net id="303"><net_src comp="292" pin="2"/><net_sink comp="298" pin=0"/></net>

<net id="304"><net_src comp="269" pin="1"/><net_sink comp="298" pin=1"/></net>

<net id="305"><net_src comp="238" pin="1"/><net_sink comp="298" pin=2"/></net>

<net id="311"><net_src comp="292" pin="2"/><net_sink comp="306" pin=0"/></net>

<net id="312"><net_src comp="288" pin="1"/><net_sink comp="306" pin=1"/></net>

<net id="313"><net_src comp="250" pin="1"/><net_sink comp="306" pin=2"/></net>

<net id="317"><net_src comp="143" pin="3"/><net_sink comp="314" pin=0"/></net>

<net id="322"><net_src comp="253" pin="1"/><net_sink comp="318" pin=0"/></net>

<net id="323"><net_src comp="314" pin="1"/><net_sink comp="318" pin=1"/></net>

<net id="329"><net_src comp="318" pin="2"/><net_sink comp="324" pin=0"/></net>

<net id="330"><net_src comp="269" pin="1"/><net_sink comp="324" pin=1"/></net>

<net id="331"><net_src comp="241" pin="1"/><net_sink comp="324" pin=2"/></net>

<net id="337"><net_src comp="318" pin="2"/><net_sink comp="332" pin=0"/></net>

<net id="338"><net_src comp="314" pin="1"/><net_sink comp="332" pin=1"/></net>

<net id="339"><net_src comp="253" pin="1"/><net_sink comp="332" pin=2"/></net>

<net id="343"><net_src comp="156" pin="3"/><net_sink comp="340" pin=0"/></net>

<net id="348"><net_src comp="256" pin="1"/><net_sink comp="344" pin=0"/></net>

<net id="349"><net_src comp="340" pin="1"/><net_sink comp="344" pin=1"/></net>

<net id="355"><net_src comp="344" pin="2"/><net_sink comp="350" pin=0"/></net>

<net id="356"><net_src comp="269" pin="1"/><net_sink comp="350" pin=1"/></net>

<net id="357"><net_src comp="244" pin="1"/><net_sink comp="350" pin=2"/></net>

<net id="363"><net_src comp="344" pin="2"/><net_sink comp="358" pin=0"/></net>

<net id="364"><net_src comp="340" pin="1"/><net_sink comp="358" pin=1"/></net>

<net id="365"><net_src comp="256" pin="1"/><net_sink comp="358" pin=2"/></net>

<net id="370"><net_src comp="358" pin="3"/><net_sink comp="366" pin=0"/></net>

<net id="375"><net_src comp="332" pin="3"/><net_sink comp="371" pin=0"/></net>

<net id="380"><net_src comp="306" pin="3"/><net_sink comp="376" pin=0"/></net>

<net id="385"><net_src comp="280" pin="3"/><net_sink comp="381" pin=0"/></net>

<net id="390"><net_src comp="350" pin="3"/><net_sink comp="386" pin=0"/></net>

<net id="395"><net_src comp="324" pin="3"/><net_sink comp="391" pin=0"/></net>

<net id="400"><net_src comp="298" pin="3"/><net_sink comp="396" pin=0"/></net>

<net id="405"><net_src comp="272" pin="3"/><net_sink comp="401" pin=0"/></net>

<net id="409"><net_src comp="406" pin="1"/><net_sink comp="103" pin=2"/></net>

<net id="413"><net_src comp="410" pin="1"/><net_sink comp="96" pin=2"/></net>

<net id="417"><net_src comp="414" pin="1"/><net_sink comp="89" pin=2"/></net>

<net id="421"><net_src comp="418" pin="1"/><net_sink comp="82" pin=2"/></net>

<net id="425"><net_src comp="46" pin="1"/><net_sink comp="422" pin=0"/></net>

<net id="426"><net_src comp="422" pin="1"/><net_sink comp="202" pin=1"/></net>

<net id="427"><net_src comp="422" pin="1"/><net_sink comp="235" pin=0"/></net>

<net id="428"><net_src comp="422" pin="1"/><net_sink comp="401" pin=1"/></net>

<net id="429"><net_src comp="422" pin="1"/><net_sink comp="406" pin=0"/></net>

<net id="433"><net_src comp="50" pin="1"/><net_sink comp="430" pin=0"/></net>

<net id="434"><net_src comp="430" pin="1"/><net_sink comp="197" pin=1"/></net>

<net id="435"><net_src comp="430" pin="1"/><net_sink comp="238" pin=0"/></net>

<net id="436"><net_src comp="430" pin="1"/><net_sink comp="396" pin=1"/></net>

<net id="437"><net_src comp="430" pin="1"/><net_sink comp="410" pin=0"/></net>

<net id="441"><net_src comp="54" pin="1"/><net_sink comp="438" pin=0"/></net>

<net id="442"><net_src comp="438" pin="1"/><net_sink comp="192" pin=1"/></net>

<net id="443"><net_src comp="438" pin="1"/><net_sink comp="241" pin=0"/></net>

<net id="444"><net_src comp="438" pin="1"/><net_sink comp="391" pin=1"/></net>

<net id="445"><net_src comp="438" pin="1"/><net_sink comp="414" pin=0"/></net>

<net id="449"><net_src comp="58" pin="1"/><net_sink comp="446" pin=0"/></net>

<net id="450"><net_src comp="446" pin="1"/><net_sink comp="187" pin=1"/></net>

<net id="451"><net_src comp="446" pin="1"/><net_sink comp="244" pin=0"/></net>

<net id="452"><net_src comp="446" pin="1"/><net_sink comp="386" pin=1"/></net>

<net id="453"><net_src comp="446" pin="1"/><net_sink comp="418" pin=0"/></net>

<net id="457"><net_src comp="62" pin="1"/><net_sink comp="454" pin=0"/></net>

<net id="458"><net_src comp="454" pin="1"/><net_sink comp="182" pin=1"/></net>

<net id="459"><net_src comp="454" pin="1"/><net_sink comp="247" pin=0"/></net>

<net id="460"><net_src comp="454" pin="1"/><net_sink comp="381" pin=1"/></net>

<net id="464"><net_src comp="66" pin="1"/><net_sink comp="461" pin=0"/></net>

<net id="465"><net_src comp="461" pin="1"/><net_sink comp="177" pin=1"/></net>

<net id="466"><net_src comp="461" pin="1"/><net_sink comp="250" pin=0"/></net>

<net id="467"><net_src comp="461" pin="1"/><net_sink comp="376" pin=1"/></net>

<net id="471"><net_src comp="70" pin="1"/><net_sink comp="468" pin=0"/></net>

<net id="472"><net_src comp="468" pin="1"/><net_sink comp="172" pin=1"/></net>

<net id="473"><net_src comp="468" pin="1"/><net_sink comp="253" pin=0"/></net>

<net id="474"><net_src comp="468" pin="1"/><net_sink comp="371" pin=1"/></net>

<net id="478"><net_src comp="74" pin="1"/><net_sink comp="475" pin=0"/></net>

<net id="479"><net_src comp="475" pin="1"/><net_sink comp="167" pin=1"/></net>

<net id="480"><net_src comp="475" pin="1"/><net_sink comp="256" pin=0"/></net>

<net id="481"><net_src comp="475" pin="1"/><net_sink comp="366" pin=1"/></net>

<net id="485"><net_src comp="78" pin="1"/><net_sink comp="482" pin=0"/></net>

<net id="486"><net_src comp="482" pin="1"/><net_sink comp="162" pin=1"/></net>

<net id="487"><net_src comp="482" pin="1"/><net_sink comp="207" pin=0"/></net>

<net id="488"><net_src comp="482" pin="1"/><net_sink comp="230" pin=1"/></net>

<net id="492"><net_src comp="207" pin="1"/><net_sink comp="489" pin=0"/></net>

<net id="493"><net_src comp="489" pin="1"/><net_sink comp="269" pin=0"/></net>

<net id="500"><net_src comp="110" pin="3"/><net_sink comp="497" pin=0"/></net>

<net id="501"><net_src comp="497" pin="1"/><net_sink comp="117" pin=0"/></net>

<net id="505"><net_src comp="123" pin="3"/><net_sink comp="502" pin=0"/></net>

<net id="506"><net_src comp="502" pin="1"/><net_sink comp="130" pin=0"/></net>

<net id="510"><net_src comp="136" pin="3"/><net_sink comp="507" pin=0"/></net>

<net id="511"><net_src comp="507" pin="1"/><net_sink comp="143" pin=0"/></net>

<net id="515"><net_src comp="149" pin="3"/><net_sink comp="512" pin=0"/></net>

<net id="516"><net_src comp="512" pin="1"/><net_sink comp="156" pin=0"/></net>

</net_list>

</model> 
---------------- Datapath Model END ------------------

* FSMD analyzer results:
  - Output states:
	Port: mostPopular_q3_out | {1 }
	Port: mostPopular_q2_out | {1 }
	Port: mostPopular_q1_out | {1 }
	Port: mostPopular_q0_out | {1 }
 - Input state : 
	Port: kNN_Predict_4_Pipeline_VITIS_LOOP_236_6 : histogram_q0 | {1 2 }
	Port: kNN_Predict_4_Pipeline_VITIS_LOOP_236_6 : histogram_q1 | {1 2 }
	Port: kNN_Predict_4_Pipeline_VITIS_LOOP_236_6 : histogram_q2 | {1 2 }
	Port: kNN_Predict_4_Pipeline_VITIS_LOOP_236_6 : histogram_q3 | {1 2 }
  - Chain level:
	State 1
		store_ln0 : 1
		store_ln0 : 1
		store_ln0 : 1
		store_ln0 : 1
		store_ln0 : 1
		store_ln0 : 1
		store_ln0 : 1
		store_ln0 : 1
		store_ln0 : 1
		i_1 : 1
		icmp_ln236 : 2
		i : 2
		br_ln236 : 3
		zext_ln236 : 2
		histogram_q0_addr : 3
		histogram_q0_load : 4
		histogram_q1_addr : 3
		mostPopularCount_q1_1 : 4
		histogram_q2_addr : 3
		histogram_q2_load : 4
		histogram_q3_addr : 3
		mostPopularCount_q3_1 : 4
		store_ln236 : 3
		mostPopular_q0_load : 1
		mostPopular_q1_load : 1
		mostPopular_q2_load : 1
		mostPopular_q3_load : 1
		write_ln0 : 2
		write_ln0 : 2
		write_ln0 : 2
		write_ln0 : 2
	State 2
		sext_ln239 : 1
		icmp_ln239 : 2
		mostPopular_q0_1 : 3
		mostPopularCount_q0_1 : 3
		sext_ln244 : 1
		icmp_ln244 : 2
		mostPopular_q1_2 : 3
		mostPopularCount_q1_2 : 3
		sext_ln249 : 1
		icmp_ln249 : 2
		mostPopular_q2_1 : 3
		mostPopularCount_q2_1 : 3
		sext_ln254 : 1
		icmp_ln254 : 2
		mostPopular_q3_4 : 3
		mostPopularCount_q3_2 : 3
		store_ln236 : 4
		store_ln236 : 4
		store_ln236 : 4
		store_ln236 : 4
		store_ln236 : 4
		store_ln236 : 4
		store_ln236 : 4
		store_ln236 : 4


============================================================
+ Verbose Summary: Datapath Resource usage 
============================================================

* Functional unit list:
|----------|------------------------------|---------|---------|
| Operation|        Functional Unit       |    FF   |   LUT   |
|----------|------------------------------|---------|---------|
|          |    mostPopular_q0_1_fu_272   |    0    |    8    |
|          | mostPopularCount_q0_1_fu_280 |    0    |    32   |
|          |    mostPopular_q1_2_fu_298   |    0    |    8    |
|  select  | mostPopularCount_q1_2_fu_306 |    0    |    32   |
|          |    mostPopular_q2_1_fu_324   |    0    |    8    |
|          | mostPopularCount_q2_1_fu_332 |    0    |    32   |
|          |    mostPopular_q3_4_fu_350   |    0    |    8    |
|          | mostPopularCount_q3_2_fu_358 |    0    |    32   |
|----------|------------------------------|---------|---------|
|          |       icmp_ln236_fu_210      |    0    |    8    |
|          |       icmp_ln239_fu_263      |    0    |    20   |
|   icmp   |       icmp_ln244_fu_292      |    0    |    20   |
|          |       icmp_ln249_fu_318      |    0    |    20   |
|          |       icmp_ln254_fu_344      |    0    |    20   |
|----------|------------------------------|---------|---------|
|    add   |           i_fu_216           |    0    |    10   |
|----------|------------------------------|---------|---------|
|          |     write_ln0_write_fu_82    |    0    |    0    |
|   write  |     write_ln0_write_fu_89    |    0    |    0    |
|          |     write_ln0_write_fu_96    |    0    |    0    |
|          |    write_ln0_write_fu_103    |    0    |    0    |
|----------|------------------------------|---------|---------|
|   zext   |       zext_ln236_fu_222      |    0    |    0    |
|          |       zext_ln242_fu_269      |    0    |    0    |
|----------|------------------------------|---------|---------|
|          |       sext_ln239_fu_259      |    0    |    0    |
|   sext   |       sext_ln244_fu_288      |    0    |    0    |
|          |       sext_ln249_fu_314      |    0    |    0    |
|          |       sext_ln254_fu_340      |    0    |    0    |
|----------|------------------------------|---------|---------|
|   Total  |                              |    0    |   258   |
|----------|------------------------------|---------|---------|

Memories:
N/A

* Register list:
+---------------------------+--------+
|                           |   FF   |
+---------------------------+--------+
| histogram_q0_addr_reg_497 |    3   |
| histogram_q1_addr_reg_502 |    3   |
| histogram_q2_addr_reg_507 |    3   |
| histogram_q3_addr_reg_512 |    3   |
|        i_1_reg_489        |    3   |
|mostPopularCount_q0_reg_454|   32   |
|mostPopularCount_q1_reg_461|   32   |
|mostPopularCount_q2_reg_468|   32   |
|mostPopularCount_q3_reg_475|   32   |
|   mostPopular_q0_reg_422  |    8   |
|   mostPopular_q1_reg_430  |    8   |
|   mostPopular_q2_reg_438  |    8   |
|  mostPopular_q3_1_reg_482 |    3   |
|   mostPopular_q3_reg_446  |    8   |
+---------------------------+--------+
|           Total           |   178  |
+---------------------------+--------+

* Multiplexer (MUX) list: 
|-------------------|------|------|------|--------||---------||---------|
|        Comp       |  Pin | Size |  BW  | S x BW ||  Delay  ||   LUT   |
|-------------------|------|------|------|--------||---------||---------|
| grp_access_fu_117 |  p0  |   2  |   3  |    6   ||    9    |
| grp_access_fu_130 |  p0  |   2  |   3  |    6   ||    9    |
| grp_access_fu_143 |  p0  |   2  |   3  |    6   ||    9    |
| grp_access_fu_156 |  p0  |   2  |   3  |    6   ||    9    |
|-------------------|------|------|------|--------||---------||---------|
|       Total       |      |      |      |   24   ||  1.708  ||    36   |
|-------------------|------|------|------|--------||---------||---------|



* Summary:
+-----------+--------+--------+--------+
|           |  Delay |   FF   |   LUT  |
+-----------+--------+--------+--------+
|  Function |    -   |    0   |   258  |
|   Memory  |    -   |    -   |    -   |
|Multiplexer|    1   |    -   |   36   |
|  Register |    -   |   178  |    -   |
+-----------+--------+--------+--------+
|   Total   |    1   |   178  |   294  |
+-----------+--------+--------+--------+
