

================================================================
== Vitis HLS Report for 'kNN_Predict_4_Pipeline_VITIS_LOOP_17_112'
================================================================
* Date:           Wed Sep  6 02:16:10 2023

* Version:        2022.1 (Build 3526262 on Mon Apr 18 15:48:16 MDT 2022)
* Project:        knn_vitis
* Solution:       solution1 (Vivado IP Flow Target)
* Product family: zynquplus
* Target device:  xczu9eg-ffvb1156-2-e


================================================================
== Performance Estimates
================================================================
+ Timing: 
    * Summary: 
    +--------+----------+----------+------------+
    |  Clock |  Target  | Estimated| Uncertainty|
    +--------+----------+----------+------------+
    |ap_clk  |  10.00 ns|  4.241 ns|     2.70 ns|
    +--------+----------+----------+------------+

+ Latency: 
    * Summary: 
    +---------+---------+----------+----------+-----+-----+---------+
    |  Latency (cycles) |  Latency (absolute) |  Interval | Pipeline|
    |   min   |   max   |    min   |    max   | min | max |   Type  |
    +---------+---------+----------+----------+-----+-----+---------+
    |       23|       23|  0.230 us|  0.230 us|   23|   23|       no|
    +---------+---------+----------+----------+-----+-----+---------+

    + Detail: 
        * Instance: 
        N/A

        * Loop: 
        +-------------------+---------+---------+----------+-----------+-----------+------+----------+
        |                   |  Latency (cycles) | Iteration|  Initiation Interval  | Trip |          |
        |     Loop Name     |   min   |   max   |  Latency |  achieved |   target  | Count| Pipelined|
        +-------------------+---------+---------+----------+-----------+-----------+------+----------+
        |- VITIS_LOOP_17_1  |       21|       21|         2|          1|          1|    20|       yes|
        +-------------------+---------+---------+----------+-----------+-----------+------+----------+

============================================================
+ Verbose Summary: Synthesis Manager
============================================================
InlineROM: 1
ExposeGlobal: 0
============================================================
+ Verbose Summary: CDFG Model
============================================================
IsTopModel: 0
ResetActiveHigh: 1
IsCombinational: 0
IsDatapathOnly: 0
HasWiredReturn: 1
HasMFsm: 2
HasVarLatency: 1
IsPipeline: 0
IsRtlPipelined: 0
IsInstanceOverlapped: 0
IsDontTouch: 0
HasImplIP: 0
IsGatedGlobalClock: 0

+ Individual pipeline summary: 
  * Pipeline-0: initiation interval (II) = 1, depth = 3


============================================================
+ Verbose Summary: Schedule
============================================================
* Number of FSM states : 3
* Pipeline : 1
  Pipeline-0 : II = 1, D = 3, States = { 1 2 3 }
* Dataflow Pipeline: 0

* FSM state transitions: 
1 --> 2 
2 --> 3 
3 --> 

* FSM state operations: 

State 1 <SV = 0> <Delay = 0.42>
ST_1 : Operation 5 [1/1] (0.00ns)   --->   "%worstOfBest = alloca i32 1"   --->   Operation 5 'alloca' 'worstOfBest' <Predicate = true> <Delay = 0.00>
ST_1 : Operation 6 [1/1] (0.00ns)   --->   "%worstOfBestIdx = alloca i32 1"   --->   Operation 6 'alloca' 'worstOfBestIdx' <Predicate = true> <Delay = 0.00>
ST_1 : Operation 7 [1/1] (0.00ns)   --->   "%secondWorstOfBest_33 = alloca i32 1"   --->   Operation 7 'alloca' 'secondWorstOfBest_33' <Predicate = true> <Delay = 0.00>
ST_1 : Operation 8 [1/1] (0.00ns)   --->   "%secondWorstOfBestIdx = alloca i32 1"   --->   Operation 8 'alloca' 'secondWorstOfBestIdx' <Predicate = true> <Delay = 0.00>
ST_1 : Operation 9 [1/1] (0.00ns)   --->   "%bestDistances_2_142_read = read i64 @_ssdm_op_Read.ap_auto.double, i64 %bestDistances_2_142"   --->   Operation 9 'read' 'bestDistances_2_142_read' <Predicate = true> <Delay = 0.00>
ST_1 : Operation 10 [1/1] (0.00ns)   --->   "%bestDistances_2_141_read = read i64 @_ssdm_op_Read.ap_auto.double, i64 %bestDistances_2_141"   --->   Operation 10 'read' 'bestDistances_2_141_read' <Predicate = true> <Delay = 0.00>
ST_1 : Operation 11 [1/1] (0.00ns)   --->   "%bestDistances_2_140_read = read i64 @_ssdm_op_Read.ap_auto.double, i64 %bestDistances_2_140"   --->   Operation 11 'read' 'bestDistances_2_140_read' <Predicate = true> <Delay = 0.00>
ST_1 : Operation 12 [1/1] (0.00ns)   --->   "%bestDistances_2_139_read = read i64 @_ssdm_op_Read.ap_auto.double, i64 %bestDistances_2_139"   --->   Operation 12 'read' 'bestDistances_2_139_read' <Predicate = true> <Delay = 0.00>
ST_1 : Operation 13 [1/1] (0.00ns)   --->   "%bestDistances_2_138_read = read i64 @_ssdm_op_Read.ap_auto.double, i64 %bestDistances_2_138"   --->   Operation 13 'read' 'bestDistances_2_138_read' <Predicate = true> <Delay = 0.00>
ST_1 : Operation 14 [1/1] (0.00ns)   --->   "%bestDistances_2_137_read = read i64 @_ssdm_op_Read.ap_auto.double, i64 %bestDistances_2_137"   --->   Operation 14 'read' 'bestDistances_2_137_read' <Predicate = true> <Delay = 0.00>
ST_1 : Operation 15 [1/1] (0.00ns)   --->   "%bestDistances_2_136_read = read i64 @_ssdm_op_Read.ap_auto.double, i64 %bestDistances_2_136"   --->   Operation 15 'read' 'bestDistances_2_136_read' <Predicate = true> <Delay = 0.00>
ST_1 : Operation 16 [1/1] (0.00ns)   --->   "%bestDistances_2_135_read = read i64 @_ssdm_op_Read.ap_auto.double, i64 %bestDistances_2_135"   --->   Operation 16 'read' 'bestDistances_2_135_read' <Predicate = true> <Delay = 0.00>
ST_1 : Operation 17 [1/1] (0.00ns)   --->   "%bestDistances_2_134_read = read i64 @_ssdm_op_Read.ap_auto.double, i64 %bestDistances_2_134"   --->   Operation 17 'read' 'bestDistances_2_134_read' <Predicate = true> <Delay = 0.00>
ST_1 : Operation 18 [1/1] (0.00ns)   --->   "%bestDistances_2_133_read = read i64 @_ssdm_op_Read.ap_auto.double, i64 %bestDistances_2_133"   --->   Operation 18 'read' 'bestDistances_2_133_read' <Predicate = true> <Delay = 0.00>
ST_1 : Operation 19 [1/1] (0.00ns)   --->   "%bestDistances_2_132_read = read i64 @_ssdm_op_Read.ap_auto.double, i64 %bestDistances_2_132"   --->   Operation 19 'read' 'bestDistances_2_132_read' <Predicate = true> <Delay = 0.00>
ST_1 : Operation 20 [1/1] (0.00ns)   --->   "%bestDistances_2_131_read = read i64 @_ssdm_op_Read.ap_auto.double, i64 %bestDistances_2_131"   --->   Operation 20 'read' 'bestDistances_2_131_read' <Predicate = true> <Delay = 0.00>
ST_1 : Operation 21 [1/1] (0.00ns)   --->   "%bestDistances_2_130_read = read i64 @_ssdm_op_Read.ap_auto.double, i64 %bestDistances_2_130"   --->   Operation 21 'read' 'bestDistances_2_130_read' <Predicate = true> <Delay = 0.00>
ST_1 : Operation 22 [1/1] (0.00ns)   --->   "%bestDistances_2_129_read = read i64 @_ssdm_op_Read.ap_auto.double, i64 %bestDistances_2_129"   --->   Operation 22 'read' 'bestDistances_2_129_read' <Predicate = true> <Delay = 0.00>
ST_1 : Operation 23 [1/1] (0.00ns)   --->   "%bestDistances_2_128_read = read i64 @_ssdm_op_Read.ap_auto.double, i64 %bestDistances_2_128"   --->   Operation 23 'read' 'bestDistances_2_128_read' <Predicate = true> <Delay = 0.00>
ST_1 : Operation 24 [1/1] (0.00ns)   --->   "%bestDistances_2_127_read = read i64 @_ssdm_op_Read.ap_auto.double, i64 %bestDistances_2_127"   --->   Operation 24 'read' 'bestDistances_2_127_read' <Predicate = true> <Delay = 0.00>
ST_1 : Operation 25 [1/1] (0.00ns)   --->   "%bestDistances_2_126_read = read i64 @_ssdm_op_Read.ap_auto.double, i64 %bestDistances_2_126"   --->   Operation 25 'read' 'bestDistances_2_126_read' <Predicate = true> <Delay = 0.00>
ST_1 : Operation 26 [1/1] (0.00ns)   --->   "%bestDistances_2_125_read = read i64 @_ssdm_op_Read.ap_auto.double, i64 %bestDistances_2_125"   --->   Operation 26 'read' 'bestDistances_2_125_read' <Predicate = true> <Delay = 0.00>
ST_1 : Operation 27 [1/1] (0.00ns)   --->   "%bestDistances_2_124_read = read i64 @_ssdm_op_Read.ap_auto.double, i64 %bestDistances_2_124"   --->   Operation 27 'read' 'bestDistances_2_124_read' <Predicate = true> <Delay = 0.00>
ST_1 : Operation 28 [1/1] (0.00ns)   --->   "%bestDistances_2_123_read = read i64 @_ssdm_op_Read.ap_auto.double, i64 %bestDistances_2_123"   --->   Operation 28 'read' 'bestDistances_2_123_read' <Predicate = true> <Delay = 0.00>
ST_1 : Operation 29 [1/1] (0.42ns)   --->   "%store_ln0 = store i5 0, i5 %secondWorstOfBestIdx"   --->   Operation 29 'store' 'store_ln0' <Predicate = true> <Delay = 0.42>
ST_1 : Operation 30 [1/1] (0.42ns)   --->   "%store_ln0 = store i64 0, i64 %secondWorstOfBest_33"   --->   Operation 30 'store' 'store_ln0' <Predicate = true> <Delay = 0.42>
ST_1 : Operation 31 [1/1] (0.42ns)   --->   "%store_ln0 = store i32 4294967295, i32 %worstOfBestIdx"   --->   Operation 31 'store' 'store_ln0' <Predicate = true> <Delay = 0.42>
ST_1 : Operation 32 [1/1] (0.42ns)   --->   "%store_ln0 = store i64 0, i64 %worstOfBest"   --->   Operation 32 'store' 'store_ln0' <Predicate = true> <Delay = 0.42>
ST_1 : Operation 33 [1/1] (0.00ns)   --->   "%br_ln0 = br void %for.body.i175"   --->   Operation 33 'br' 'br_ln0' <Predicate = true> <Delay = 0.00>

State 2 <SV = 1> <Delay = 3.55>
ST_2 : Operation 34 [1/1] (0.00ns)   --->   "%i = load i5 %secondWorstOfBestIdx" [knn/knn_4.cpp:17]   --->   Operation 34 'load' 'i' <Predicate = true> <Delay = 0.00>
ST_2 : Operation 35 [1/1] (0.75ns)   --->   "%icmp_ln17 = icmp_eq  i5 %i, i5 20" [knn/knn_4.cpp:17]   --->   Operation 35 'icmp' 'icmp_ln17' <Predicate = true> <Delay = 0.75> <CoreInst = "Cmp">   --->   Core 9 'Cmp' <Latency = 0> <II = 1> <Delay = 0.75> <FuncUnit> <Opcode : 'icmp'> <InPorts = 2> <OutPorts = 1>
ST_2 : Operation 36 [1/1] (0.78ns)   --->   "%add_ln17 = add i5 %i, i5 1" [knn/knn_4.cpp:17]   --->   Operation 36 'add' 'add_ln17' <Predicate = true> <Delay = 0.78> <CoreInst = "Adder">   --->   Core 1 'Adder' <Latency = 0> <II = 1> <Delay = 0.78> <FuncUnit> <Opcode : 'add' 'sub'> <InPorts = 2> <OutPorts = 1>
ST_2 : Operation 37 [1/1] (0.00ns)   --->   "%br_ln17 = br i1 %icmp_ln17, void %for.body.i175.split_ifconv, void %for.cond.cleanup.i171.exitStub" [knn/knn_4.cpp:17]   --->   Operation 37 'br' 'br_ln17' <Predicate = true> <Delay = 0.00>
ST_2 : Operation 38 [1/1] (0.00ns)   --->   "%worstOfBest_load_11 = load i64 %worstOfBest" [knn/knn_4.cpp:21]   --->   Operation 38 'load' 'worstOfBest_load_11' <Predicate = (!icmp_ln17)> <Delay = 0.00>
ST_2 : Operation 39 [1/1] (0.00ns)   --->   "%secondWorstOfBest_33_load_1 = load i64 %secondWorstOfBest_33" [knn/knn_4.cpp:29]   --->   Operation 39 'load' 'secondWorstOfBest_33_load_1' <Predicate = (!icmp_ln17)> <Delay = 0.00>
ST_2 : Operation 40 [1/1] (0.73ns)   --->   "%secondWorstOfBest = mux i64 @_ssdm_op_Mux.ap_auto.20double.i5, i64 %bestDistances_2_123_read, i64 %bestDistances_2_124_read, i64 %bestDistances_2_125_read, i64 %bestDistances_2_126_read, i64 %bestDistances_2_127_read, i64 %bestDistances_2_128_read, i64 %bestDistances_2_129_read, i64 %bestDistances_2_130_read, i64 %bestDistances_2_131_read, i64 %bestDistances_2_132_read, i64 %bestDistances_2_133_read, i64 %bestDistances_2_134_read, i64 %bestDistances_2_135_read, i64 %bestDistances_2_136_read, i64 %bestDistances_2_137_read, i64 %bestDistances_2_138_read, i64 %bestDistances_2_139_read, i64 %bestDistances_2_140_read, i64 %bestDistances_2_141_read, i64 %bestDistances_2_142_read, i5 %i" [knn/knn_4.cpp:21]   --->   Operation 40 'mux' 'secondWorstOfBest' <Predicate = (!icmp_ln17)> <Delay = 0.73> <CoreInst = "Multiplexer">   --->   Core 76 'Multiplexer' <Latency = 0> <II = 1> <Delay = 0.73> <FuncUnit> <Opcode : 'mux'> <InPorts = 2> <OutPorts = 1>
ST_2 : Operation 41 [2/2] (2.81ns)   --->   "%tmp_50 = fcmp_olt  i64 %worstOfBest_load_11, i64 %secondWorstOfBest" [knn/knn_4.cpp:21]   --->   Operation 41 'dcmp' 'tmp_50' <Predicate = (!icmp_ln17)> <Delay = 2.81> <CoreInst = "DCompare">   --->   Core 38 'DCompare' <Latency = 1> <II = 1> <Delay = 2.81> <FuncUnit> <Opcode : 'dcmp'> <InPorts = 2> <OutPorts = 1>
ST_2 : Operation 42 [2/2] (2.81ns)   --->   "%tmp_52 = fcmp_olt  i64 %secondWorstOfBest_33_load_1, i64 %secondWorstOfBest" [knn/knn_4.cpp:29]   --->   Operation 42 'dcmp' 'tmp_52' <Predicate = (!icmp_ln17)> <Delay = 2.81> <CoreInst = "DCompare">   --->   Core 38 'DCompare' <Latency = 1> <II = 1> <Delay = 2.81> <FuncUnit> <Opcode : 'dcmp'> <InPorts = 2> <OutPorts = 1>
ST_2 : Operation 43 [1/1] (0.42ns)   --->   "%store_ln17 = store i5 %add_ln17, i5 %secondWorstOfBestIdx" [knn/knn_4.cpp:17]   --->   Operation 43 'store' 'store_ln17' <Predicate = (!icmp_ln17)> <Delay = 0.42>

State 3 <SV = 2> <Delay = 4.24>
ST_3 : Operation 44 [1/1] (0.00ns)   --->   "%worstOfBestIdx_21 = load i32 %worstOfBestIdx" [knn/knn_4.cpp:17]   --->   Operation 44 'load' 'worstOfBestIdx_21' <Predicate = true> <Delay = 0.00>
ST_3 : Operation 45 [1/1] (0.00ns)   --->   "%trunc_ln17 = trunc i32 %worstOfBestIdx_21" [knn/knn_4.cpp:17]   --->   Operation 45 'trunc' 'trunc_ln17' <Predicate = true> <Delay = 0.00>
ST_3 : Operation 46 [1/1] (0.00ns)   --->   "%empty = speclooptripcount i32 @_ssdm_op_SpecLoopTripCount, i64 20, i64 20, i64 20"   --->   Operation 46 'speclooptripcount' 'empty' <Predicate = true> <Delay = 0.00>
ST_3 : Operation 47 [1/1] (0.00ns)   --->   "%specpipeline_ln19 = specpipeline void @_ssdm_op_SpecPipeline, i32 4294967295, i32 0, i32 0, i32 0, void @empty_0" [knn/knn_4.cpp:19]   --->   Operation 47 'specpipeline' 'specpipeline_ln19' <Predicate = (!icmp_ln17)> <Delay = 0.00>
ST_3 : Operation 48 [1/1] (0.00ns)   --->   "%specloopname_ln12 = specloopname void @_ssdm_op_SpecLoopName, void @empty_5" [knn/knn_4.cpp:12]   --->   Operation 48 'specloopname' 'specloopname_ln12' <Predicate = (!icmp_ln17)> <Delay = 0.00>
ST_3 : Operation 49 [1/1] (0.00ns)   --->   "%bitcast_ln21 = bitcast i64 %worstOfBest_load_11" [knn/knn_4.cpp:21]   --->   Operation 49 'bitcast' 'bitcast_ln21' <Predicate = (!icmp_ln17)> <Delay = 0.00>
ST_3 : Operation 50 [1/1] (0.00ns)   --->   "%tmp_s = partselect i11 @_ssdm_op_PartSelect.i11.i64.i32.i32, i64 %bitcast_ln21, i32 52, i32 62" [knn/knn_4.cpp:21]   --->   Operation 50 'partselect' 'tmp_s' <Predicate = (!icmp_ln17)> <Delay = 0.00>
ST_3 : Operation 51 [1/1] (0.00ns)   --->   "%trunc_ln21 = trunc i64 %bitcast_ln21" [knn/knn_4.cpp:21]   --->   Operation 51 'trunc' 'trunc_ln21' <Predicate = (!icmp_ln17)> <Delay = 0.00>
ST_3 : Operation 52 [1/1] (0.00ns)   --->   "%bitcast_ln21_11 = bitcast i64 %secondWorstOfBest" [knn/knn_4.cpp:21]   --->   Operation 52 'bitcast' 'bitcast_ln21_11' <Predicate = (!icmp_ln17)> <Delay = 0.00>
ST_3 : Operation 53 [1/1] (0.00ns)   --->   "%tmp_49 = partselect i11 @_ssdm_op_PartSelect.i11.i64.i32.i32, i64 %bitcast_ln21_11, i32 52, i32 62" [knn/knn_4.cpp:21]   --->   Operation 53 'partselect' 'tmp_49' <Predicate = (!icmp_ln17)> <Delay = 0.00>
ST_3 : Operation 54 [1/1] (0.00ns)   --->   "%trunc_ln21_13 = trunc i64 %bitcast_ln21_11" [knn/knn_4.cpp:21]   --->   Operation 54 'trunc' 'trunc_ln21_13' <Predicate = (!icmp_ln17)> <Delay = 0.00>
ST_3 : Operation 55 [1/1] (0.94ns)   --->   "%icmp_ln21 = icmp_ne  i11 %tmp_s, i11 2047" [knn/knn_4.cpp:21]   --->   Operation 55 'icmp' 'icmp_ln21' <Predicate = (!icmp_ln17)> <Delay = 0.94> <CoreInst = "Cmp">   --->   Core 9 'Cmp' <Latency = 0> <II = 1> <Delay = 0.94> <FuncUnit> <Opcode : 'icmp'> <InPorts = 2> <OutPorts = 1>
ST_3 : Operation 56 [1/1] (1.14ns)   --->   "%icmp_ln21_28 = icmp_eq  i52 %trunc_ln21, i52 0" [knn/knn_4.cpp:21]   --->   Operation 56 'icmp' 'icmp_ln21_28' <Predicate = (!icmp_ln17)> <Delay = 1.14> <CoreInst = "Cmp">   --->   Core 9 'Cmp' <Latency = 0> <II = 1> <Delay = 1.14> <FuncUnit> <Opcode : 'icmp'> <InPorts = 2> <OutPorts = 1>
ST_3 : Operation 57 [1/1] (0.00ns) (grouped into LUT with out node and_ln21_11)   --->   "%or_ln21 = or i1 %icmp_ln21_28, i1 %icmp_ln21" [knn/knn_4.cpp:21]   --->   Operation 57 'or' 'or_ln21' <Predicate = (!icmp_ln17)> <Delay = 0.00> <CoreInst = "LogicGate">   --->   Core 74 'LogicGate' <Latency = 0> <II = 1> <Delay = 0.28> <FuncUnit> <Opcode : 'and' 'or' 'xor'> <InPorts = 2> <OutPorts = 1>
ST_3 : Operation 58 [1/1] (0.94ns)   --->   "%icmp_ln21_29 = icmp_ne  i11 %tmp_49, i11 2047" [knn/knn_4.cpp:21]   --->   Operation 58 'icmp' 'icmp_ln21_29' <Predicate = (!icmp_ln17)> <Delay = 0.94> <CoreInst = "Cmp">   --->   Core 9 'Cmp' <Latency = 0> <II = 1> <Delay = 0.94> <FuncUnit> <Opcode : 'icmp'> <InPorts = 2> <OutPorts = 1>
ST_3 : Operation 59 [1/1] (1.14ns)   --->   "%icmp_ln21_30 = icmp_eq  i52 %trunc_ln21_13, i52 0" [knn/knn_4.cpp:21]   --->   Operation 59 'icmp' 'icmp_ln21_30' <Predicate = (!icmp_ln17)> <Delay = 1.14> <CoreInst = "Cmp">   --->   Core 9 'Cmp' <Latency = 0> <II = 1> <Delay = 1.14> <FuncUnit> <Opcode : 'icmp'> <InPorts = 2> <OutPorts = 1>
ST_3 : Operation 60 [1/1] (0.28ns)   --->   "%or_ln21_11 = or i1 %icmp_ln21_30, i1 %icmp_ln21_29" [knn/knn_4.cpp:21]   --->   Operation 60 'or' 'or_ln21_11' <Predicate = (!icmp_ln17)> <Delay = 0.28> <CoreInst = "LogicGate">   --->   Core 74 'LogicGate' <Latency = 0> <II = 1> <Delay = 0.28> <FuncUnit> <Opcode : 'and' 'or' 'xor'> <InPorts = 2> <OutPorts = 1>
ST_3 : Operation 61 [1/2] (2.81ns)   --->   "%tmp_50 = fcmp_olt  i64 %worstOfBest_load_11, i64 %secondWorstOfBest" [knn/knn_4.cpp:21]   --->   Operation 61 'dcmp' 'tmp_50' <Predicate = (!icmp_ln17)> <Delay = 2.81> <CoreInst = "DCompare">   --->   Core 38 'DCompare' <Latency = 1> <II = 1> <Delay = 2.81> <FuncUnit> <Opcode : 'dcmp'> <InPorts = 2> <OutPorts = 1>
ST_3 : Operation 62 [1/1] (0.00ns) (grouped into LUT with out node and_ln21_11)   --->   "%and_ln21 = and i1 %tmp_50, i1 %or_ln21_11" [knn/knn_4.cpp:21]   --->   Operation 62 'and' 'and_ln21' <Predicate = (!icmp_ln17)> <Delay = 0.00> <CoreInst = "LogicGate">   --->   Core 74 'LogicGate' <Latency = 0> <II = 1> <Delay = 0.28> <FuncUnit> <Opcode : 'and' 'or' 'xor'> <InPorts = 2> <OutPorts = 1>
ST_3 : Operation 63 [1/1] (0.28ns) (out node of the LUT)   --->   "%and_ln21_11 = and i1 %and_ln21, i1 %or_ln21" [knn/knn_4.cpp:21]   --->   Operation 63 'and' 'and_ln21_11' <Predicate = (!icmp_ln17)> <Delay = 0.28> <CoreInst = "LogicGate">   --->   Core 74 'LogicGate' <Latency = 0> <II = 1> <Delay = 0.28> <FuncUnit> <Opcode : 'and' 'or' 'xor'> <InPorts = 2> <OutPorts = 1>
ST_3 : Operation 64 [1/1] (0.00ns)   --->   "%zext_ln21 = zext i5 %i" [knn/knn_4.cpp:21]   --->   Operation 64 'zext' 'zext_ln21' <Predicate = (!icmp_ln17)> <Delay = 0.00>
ST_3 : Operation 65 [1/1] (0.00ns)   --->   "%bitcast_ln29 = bitcast i64 %secondWorstOfBest_33_load_1" [knn/knn_4.cpp:29]   --->   Operation 65 'bitcast' 'bitcast_ln29' <Predicate = (!icmp_ln17)> <Delay = 0.00>
ST_3 : Operation 66 [1/1] (0.00ns)   --->   "%tmp_51 = partselect i11 @_ssdm_op_PartSelect.i11.i64.i32.i32, i64 %bitcast_ln29, i32 52, i32 62" [knn/knn_4.cpp:29]   --->   Operation 66 'partselect' 'tmp_51' <Predicate = (!icmp_ln17)> <Delay = 0.00>
ST_3 : Operation 67 [1/1] (0.00ns)   --->   "%trunc_ln29 = trunc i64 %bitcast_ln29" [knn/knn_4.cpp:29]   --->   Operation 67 'trunc' 'trunc_ln29' <Predicate = (!icmp_ln17)> <Delay = 0.00>
ST_3 : Operation 68 [1/1] (0.94ns)   --->   "%icmp_ln29 = icmp_ne  i11 %tmp_51, i11 2047" [knn/knn_4.cpp:29]   --->   Operation 68 'icmp' 'icmp_ln29' <Predicate = (!icmp_ln17)> <Delay = 0.94> <CoreInst = "Cmp">   --->   Core 9 'Cmp' <Latency = 0> <II = 1> <Delay = 0.94> <FuncUnit> <Opcode : 'icmp'> <InPorts = 2> <OutPorts = 1>
ST_3 : Operation 69 [1/1] (1.14ns)   --->   "%icmp_ln29_11 = icmp_eq  i52 %trunc_ln29, i52 0" [knn/knn_4.cpp:29]   --->   Operation 69 'icmp' 'icmp_ln29_11' <Predicate = (!icmp_ln17)> <Delay = 1.14> <CoreInst = "Cmp">   --->   Core 9 'Cmp' <Latency = 0> <II = 1> <Delay = 1.14> <FuncUnit> <Opcode : 'icmp'> <InPorts = 2> <OutPorts = 1>
ST_3 : Operation 70 [1/1] (0.00ns) (grouped into LUT with out node and_ln29_20)   --->   "%or_ln29 = or i1 %icmp_ln29_11, i1 %icmp_ln29" [knn/knn_4.cpp:29]   --->   Operation 70 'or' 'or_ln29' <Predicate = (!icmp_ln17)> <Delay = 0.00> <CoreInst = "LogicGate">   --->   Core 74 'LogicGate' <Latency = 0> <II = 1> <Delay = 0.28> <FuncUnit> <Opcode : 'and' 'or' 'xor'> <InPorts = 2> <OutPorts = 1>
ST_3 : Operation 71 [1/1] (0.00ns) (grouped into LUT with out node and_ln29_20)   --->   "%and_ln29 = and i1 %or_ln29, i1 %or_ln21_11" [knn/knn_4.cpp:29]   --->   Operation 71 'and' 'and_ln29' <Predicate = (!icmp_ln17)> <Delay = 0.00> <CoreInst = "LogicGate">   --->   Core 74 'LogicGate' <Latency = 0> <II = 1> <Delay = 0.28> <FuncUnit> <Opcode : 'and' 'or' 'xor'> <InPorts = 2> <OutPorts = 1>
ST_3 : Operation 72 [1/2] (2.81ns)   --->   "%tmp_52 = fcmp_olt  i64 %secondWorstOfBest_33_load_1, i64 %secondWorstOfBest" [knn/knn_4.cpp:29]   --->   Operation 72 'dcmp' 'tmp_52' <Predicate = (!icmp_ln17)> <Delay = 2.81> <CoreInst = "DCompare">   --->   Core 38 'DCompare' <Latency = 1> <II = 1> <Delay = 2.81> <FuncUnit> <Opcode : 'dcmp'> <InPorts = 2> <OutPorts = 1>
ST_3 : Operation 73 [1/1] (0.00ns) (grouped into LUT with out node and_ln29_20)   --->   "%and_ln29_19 = and i1 %and_ln29, i1 %tmp_52" [knn/knn_4.cpp:29]   --->   Operation 73 'and' 'and_ln29_19' <Predicate = (!icmp_ln17)> <Delay = 0.00> <CoreInst = "LogicGate">   --->   Core 74 'LogicGate' <Latency = 0> <II = 1> <Delay = 0.28> <FuncUnit> <Opcode : 'and' 'or' 'xor'> <InPorts = 2> <OutPorts = 1>
ST_3 : Operation 74 [1/1] (0.42ns)   --->   "%secondWorstOfBest_53 = select i1 %and_ln21_11, i64 %secondWorstOfBest, i64 %worstOfBest_load_11" [knn/knn_4.cpp:21]   --->   Operation 74 'select' 'secondWorstOfBest_53' <Predicate = (!icmp_ln17)> <Delay = 0.42> <CoreInst = "Sel">   --->   Core 73 'Sel' <Latency = 0> <II = 1> <Delay = 0.42> <FuncUnit> <Opcode : 'select'> <InPorts = 3> <OutPorts = 1>
ST_3 : Operation 75 [1/1] (0.44ns)   --->   "%worstOfBestIdx_22 = select i1 %and_ln21_11, i32 %zext_ln21, i32 %worstOfBestIdx_21" [knn/knn_4.cpp:21]   --->   Operation 75 'select' 'worstOfBestIdx_22' <Predicate = (!icmp_ln17)> <Delay = 0.44> <CoreInst = "Sel">   --->   Core 73 'Sel' <Latency = 0> <II = 1> <Delay = 0.44> <FuncUnit> <Opcode : 'select'> <InPorts = 3> <OutPorts = 1>
ST_3 : Operation 76 [1/1] (0.00ns) (grouped into LUT with out node and_ln29_20)   --->   "%xor_ln21 = xor i1 %and_ln21_11, i1 1" [knn/knn_4.cpp:21]   --->   Operation 76 'xor' 'xor_ln21' <Predicate = (!icmp_ln17)> <Delay = 0.00> <CoreInst = "LogicGate">   --->   Core 74 'LogicGate' <Latency = 0> <II = 1> <Delay = 0.28> <FuncUnit> <Opcode : 'and' 'or' 'xor'> <InPorts = 2> <OutPorts = 1>
ST_3 : Operation 77 [1/1] (0.28ns) (out node of the LUT)   --->   "%and_ln29_20 = and i1 %and_ln29_19, i1 %xor_ln21" [knn/knn_4.cpp:29]   --->   Operation 77 'and' 'and_ln29_20' <Predicate = (!icmp_ln17)> <Delay = 0.28> <CoreInst = "LogicGate">   --->   Core 74 'LogicGate' <Latency = 0> <II = 1> <Delay = 0.28> <FuncUnit> <Opcode : 'and' 'or' 'xor'> <InPorts = 2> <OutPorts = 1>
ST_3 : Operation 78 [1/1] (0.00ns) (grouped into LUT with out node secondWorstOfBest_52)   --->   "%secondWorstOfBest_51 = select i1 %and_ln29_20, i64 %secondWorstOfBest, i64 %secondWorstOfBest_33_load_1" [knn/knn_4.cpp:29]   --->   Operation 78 'select' 'secondWorstOfBest_51' <Predicate = (!icmp_ln17)> <Delay = 0.00> <CoreInst = "Sel">   --->   Core 73 'Sel' <Latency = 0> <II = 1> <Delay = 0.42> <FuncUnit> <Opcode : 'select'> <InPorts = 3> <OutPorts = 1>
ST_3 : Operation 79 [1/1] (0.42ns) (out node of the LUT)   --->   "%secondWorstOfBest_52 = select i1 %and_ln21_11, i64 %worstOfBest_load_11, i64 %secondWorstOfBest_51" [knn/knn_4.cpp:21]   --->   Operation 79 'select' 'secondWorstOfBest_52' <Predicate = (!icmp_ln17)> <Delay = 0.42> <CoreInst = "Sel">   --->   Core 73 'Sel' <Latency = 0> <II = 1> <Delay = 0.42> <FuncUnit> <Opcode : 'select'> <InPorts = 3> <OutPorts = 1>
ST_3 : Operation 80 [1/1] (0.42ns)   --->   "%store_ln17 = store i64 %secondWorstOfBest_52, i64 %secondWorstOfBest_33" [knn/knn_4.cpp:17]   --->   Operation 80 'store' 'store_ln17' <Predicate = (!icmp_ln17)> <Delay = 0.42>
ST_3 : Operation 81 [1/1] (0.42ns)   --->   "%store_ln17 = store i32 %worstOfBestIdx_22, i32 %worstOfBestIdx" [knn/knn_4.cpp:17]   --->   Operation 81 'store' 'store_ln17' <Predicate = (!icmp_ln17)> <Delay = 0.42>
ST_3 : Operation 82 [1/1] (0.42ns)   --->   "%store_ln17 = store i64 %secondWorstOfBest_53, i64 %worstOfBest" [knn/knn_4.cpp:17]   --->   Operation 82 'store' 'store_ln17' <Predicate = (!icmp_ln17)> <Delay = 0.42>
ST_3 : Operation 83 [1/1] (0.00ns)   --->   "%br_ln17 = br void %for.body.i175" [knn/knn_4.cpp:17]   --->   Operation 83 'br' 'br_ln17' <Predicate = (!icmp_ln17)> <Delay = 0.00>
ST_3 : Operation 84 [1/1] (0.00ns)   --->   "%worstOfBest_load = load i64 %worstOfBest"   --->   Operation 84 'load' 'worstOfBest_load' <Predicate = (icmp_ln17)> <Delay = 0.00>
ST_3 : Operation 85 [1/1] (0.00ns)   --->   "%secondWorstOfBest_33_load = load i64 %secondWorstOfBest_33"   --->   Operation 85 'load' 'secondWorstOfBest_33_load' <Predicate = (icmp_ln17)> <Delay = 0.00>
ST_3 : Operation 86 [1/1] (0.00ns)   --->   "%write_ln0 = write void @_ssdm_op_Write.ap_auto.doubleP0A, i64 %secondWorstOfBest_33_out, i64 %secondWorstOfBest_33_load"   --->   Operation 86 'write' 'write_ln0' <Predicate = (icmp_ln17)> <Delay = 0.00>
ST_3 : Operation 87 [1/1] (0.00ns)   --->   "%write_ln17 = write void @_ssdm_op_Write.ap_auto.i5P0A, i5 %worstOfBestIdx_22_out, i5 %trunc_ln17" [knn/knn_4.cpp:17]   --->   Operation 87 'write' 'write_ln17' <Predicate = (icmp_ln17)> <Delay = 0.00>
ST_3 : Operation 88 [1/1] (0.00ns)   --->   "%write_ln0 = write void @_ssdm_op_Write.ap_auto.doubleP0A, i64 %worstOfBest_22_out, i64 %worstOfBest_load"   --->   Operation 88 'write' 'write_ln0' <Predicate = (icmp_ln17)> <Delay = 0.00>
ST_3 : Operation 89 [1/1] (0.00ns)   --->   "%ret_ln0 = ret"   --->   Operation 89 'ret' 'ret_ln0' <Predicate = (icmp_ln17)> <Delay = 0.00>


============================================================
+ Verbose Summary: Timing violations
============================================================
Target clock period: 10ns, clock uncertainty: 2.7ns.

 <State 1>: 0.427ns
The critical path consists of the following:
	'alloca' operation ('secondWorstOfBestIdx') [27]  (0 ns)
	'store' operation ('store_ln0') of constant 0 on local variable 'secondWorstOfBestIdx' [48]  (0.427 ns)

 <State 2>: 3.55ns
The critical path consists of the following:
	'load' operation ('i', knn/knn_4.cpp:17) on local variable 'secondWorstOfBestIdx' [55]  (0 ns)
	'mux' operation ('secondWorstOfBest', knn/knn_4.cpp:21) [66]  (0.738 ns)
	'dcmp' operation ('tmp_50', knn/knn_4.cpp:21) [79]  (2.82 ns)

 <State 3>: 4.24ns
The critical path consists of the following:
	'dcmp' operation ('tmp_50', knn/knn_4.cpp:21) [79]  (2.82 ns)
	'and' operation ('and_ln21', knn/knn_4.cpp:21) [80]  (0 ns)
	'and' operation ('and_ln21_11', knn/knn_4.cpp:21) [81]  (0.287 ns)
	'xor' operation ('xor_ln21', knn/knn_4.cpp:21) [94]  (0 ns)
	'and' operation ('and_ln29_20', knn/knn_4.cpp:29) [95]  (0.287 ns)
	'select' operation ('secondWorstOfBest', knn/knn_4.cpp:29) [96]  (0 ns)
	'select' operation ('secondWorstOfBest', knn/knn_4.cpp:21) [97]  (0.424 ns)
	'store' operation ('store_ln17', knn/knn_4.cpp:17) of variable 'secondWorstOfBest', knn/knn_4.cpp:21 on local variable 'secondWorstOfBest' [99]  (0.427 ns)


============================================================
+ Verbose Summary: Binding
============================================================
N/A
* FSMD analyzer results:
  - Output states:
 - Input state : 
  - Chain level:
	State 1
	State 2
	State 3


============================================================
+ Verbose Summary: Datapath Resource usage 
============================================================
N/A
