

================================================================
== Vitis HLS Report for 'kNN_Predict_4_Pipeline_VITIS_LOOP_236_6'
================================================================
* Date:           Wed Sep  6 02:16:13 2023

* Version:        2022.1 (Build 3526262 on Mon Apr 18 15:48:16 MDT 2022)
* Project:        knn_vitis
* Solution:       solution1 (Vivado IP Flow Target)
* Product family: zynquplus
* Target device:  xczu9eg-ffvb1156-2-e


================================================================
== Performance Estimates
================================================================
+ Timing: 
    * Summary: 
    +--------+----------+----------+------------+
    |  Clock |  Target  | Estimated| Uncertainty|
    +--------+----------+----------+------------+
    |ap_clk  |  10.00 ns|  2.544 ns|     2.70 ns|
    +--------+----------+----------+------------+

+ Latency: 
    * Summary: 
    +---------+---------+-----------+-----------+-----+-----+---------+
    |  Latency (cycles) |   Latency (absolute)  |  Interval | Pipeline|
    |   min   |   max   |    min    |    max    | min | max |   Type  |
    +---------+---------+-----------+-----------+-----+-----+---------+
    |        8|        8|  80.000 ns|  80.000 ns|    8|    8|       no|
    +---------+---------+-----------+-----------+-----+-----+---------+

    + Detail: 
        * Instance: 
        N/A

        * Loop: 
        +--------------------+---------+---------+----------+-----------+-----------+------+----------+
        |                    |  Latency (cycles) | Iteration|  Initiation Interval  | Trip |          |
        |      Loop Name     |   min   |   max   |  Latency |  achieved |   target  | Count| Pipelined|
        +--------------------+---------+---------+----------+-----------+-----------+------+----------+
        |- VITIS_LOOP_236_6  |        6|        6|         2|          1|          1|     6|       yes|
        +--------------------+---------+---------+----------+-----------+-----------+------+----------+

============================================================
+ Verbose Summary: Synthesis Manager
============================================================
InlineROM: 1
ExposeGlobal: 0
============================================================
+ Verbose Summary: CDFG Model
============================================================
IsTopModel: 0
ResetActiveHigh: 1
IsCombinational: 0
IsDatapathOnly: 0
HasWiredReturn: 1
HasMFsm: 2
HasVarLatency: 1
IsPipeline: 0
IsRtlPipelined: 0
IsInstanceOverlapped: 0
IsDontTouch: 0
HasImplIP: 0
IsGatedGlobalClock: 0

+ Individual pipeline summary: 
  * Pipeline-0: initiation interval (II) = 1, depth = 2


============================================================
+ Verbose Summary: Schedule
============================================================
* Number of FSM states : 2
* Pipeline : 1
  Pipeline-0 : II = 1, D = 2, States = { 1 2 }
* Dataflow Pipeline: 0

* FSM state transitions: 
1 --> 2 
2 --> 

* FSM state operations: 

State 1 <SV = 0> <Delay = 1.09>
ST_1 : Operation 5 [1/1] (0.00ns)   --->   "%mostPopular_q0 = alloca i32 1"   --->   Operation 5 'alloca' 'mostPopular_q0' <Predicate = true> <Delay = 0.00>
ST_1 : Operation 6 [1/1] (0.00ns)   --->   "%mostPopular_q1 = alloca i32 1"   --->   Operation 6 'alloca' 'mostPopular_q1' <Predicate = true> <Delay = 0.00>
ST_1 : Operation 7 [1/1] (0.00ns)   --->   "%mostPopular_q2 = alloca i32 1"   --->   Operation 7 'alloca' 'mostPopular_q2' <Predicate = true> <Delay = 0.00>
ST_1 : Operation 8 [1/1] (0.00ns)   --->   "%mostPopular_q3 = alloca i32 1"   --->   Operation 8 'alloca' 'mostPopular_q3' <Predicate = true> <Delay = 0.00>
ST_1 : Operation 9 [1/1] (0.00ns)   --->   "%mostPopularCount_q0 = alloca i32 1"   --->   Operation 9 'alloca' 'mostPopularCount_q0' <Predicate = true> <Delay = 0.00>
ST_1 : Operation 10 [1/1] (0.00ns)   --->   "%mostPopularCount_q1 = alloca i32 1"   --->   Operation 10 'alloca' 'mostPopularCount_q1' <Predicate = true> <Delay = 0.00>
ST_1 : Operation 11 [1/1] (0.00ns)   --->   "%mostPopularCount_q2 = alloca i32 1"   --->   Operation 11 'alloca' 'mostPopularCount_q2' <Predicate = true> <Delay = 0.00>
ST_1 : Operation 12 [1/1] (0.00ns)   --->   "%mostPopularCount_q3 = alloca i32 1"   --->   Operation 12 'alloca' 'mostPopularCount_q3' <Predicate = true> <Delay = 0.00>
ST_1 : Operation 13 [1/1] (0.00ns)   --->   "%mostPopular_q3_1 = alloca i32 1"   --->   Operation 13 'alloca' 'mostPopular_q3_1' <Predicate = true> <Delay = 0.00>
ST_1 : Operation 14 [1/1] (0.42ns)   --->   "%store_ln0 = store i3 0, i3 %mostPopular_q3_1"   --->   Operation 14 'store' 'store_ln0' <Predicate = true> <Delay = 0.42>
ST_1 : Operation 15 [1/1] (0.42ns)   --->   "%store_ln0 = store i32 4294967295, i32 %mostPopularCount_q3"   --->   Operation 15 'store' 'store_ln0' <Predicate = true> <Delay = 0.42>
ST_1 : Operation 16 [1/1] (0.42ns)   --->   "%store_ln0 = store i32 4294967295, i32 %mostPopularCount_q2"   --->   Operation 16 'store' 'store_ln0' <Predicate = true> <Delay = 0.42>
ST_1 : Operation 17 [1/1] (0.42ns)   --->   "%store_ln0 = store i32 4294967295, i32 %mostPopularCount_q1"   --->   Operation 17 'store' 'store_ln0' <Predicate = true> <Delay = 0.42>
ST_1 : Operation 18 [1/1] (0.42ns)   --->   "%store_ln0 = store i32 4294967295, i32 %mostPopularCount_q0"   --->   Operation 18 'store' 'store_ln0' <Predicate = true> <Delay = 0.42>
ST_1 : Operation 19 [1/1] (0.42ns)   --->   "%store_ln0 = store i8 255, i8 %mostPopular_q3"   --->   Operation 19 'store' 'store_ln0' <Predicate = true> <Delay = 0.42>
ST_1 : Operation 20 [1/1] (0.42ns)   --->   "%store_ln0 = store i8 255, i8 %mostPopular_q2"   --->   Operation 20 'store' 'store_ln0' <Predicate = true> <Delay = 0.42>
ST_1 : Operation 21 [1/1] (0.42ns)   --->   "%store_ln0 = store i8 255, i8 %mostPopular_q1"   --->   Operation 21 'store' 'store_ln0' <Predicate = true> <Delay = 0.42>
ST_1 : Operation 22 [1/1] (0.42ns)   --->   "%store_ln0 = store i8 255, i8 %mostPopular_q0"   --->   Operation 22 'store' 'store_ln0' <Predicate = true> <Delay = 0.42>
ST_1 : Operation 23 [1/1] (0.00ns)   --->   "%br_ln0 = br void %for.body357"   --->   Operation 23 'br' 'br_ln0' <Predicate = true> <Delay = 0.00>
ST_1 : Operation 24 [1/1] (0.00ns)   --->   "%i_1 = load i3 %mostPopular_q3_1" [knn/knn_4.cpp:236]   --->   Operation 24 'load' 'i_1' <Predicate = true> <Delay = 0.00>
ST_1 : Operation 25 [1/1] (0.58ns)   --->   "%icmp_ln236 = icmp_eq  i3 %i_1, i3 6" [knn/knn_4.cpp:236]   --->   Operation 25 'icmp' 'icmp_ln236' <Predicate = true> <Delay = 0.58> <CoreInst = "Cmp">   --->   Core 9 'Cmp' <Latency = 0> <II = 1> <Delay = 0.58> <FuncUnit> <Opcode : 'icmp'> <InPorts = 2> <OutPorts = 1>
ST_1 : Operation 26 [1/1] (0.00ns)   --->   "%empty = speclooptripcount i32 @_ssdm_op_SpecLoopTripCount, i64 6, i64 6, i64 6"   --->   Operation 26 'speclooptripcount' 'empty' <Predicate = true> <Delay = 0.00>
ST_1 : Operation 27 [1/1] (0.67ns)   --->   "%i = add i3 %i_1, i3 1" [knn/knn_4.cpp:236]   --->   Operation 27 'add' 'i' <Predicate = true> <Delay = 0.67> <CoreInst = "Adder">   --->   Core 1 'Adder' <Latency = 0> <II = 1> <Delay = 0.67> <FuncUnit> <Opcode : 'add' 'sub'> <InPorts = 2> <OutPorts = 1>
ST_1 : Operation 28 [1/1] (0.00ns)   --->   "%br_ln236 = br i1 %icmp_ln236, void %for.body357.split, void %for.end400.exitStub" [knn/knn_4.cpp:236]   --->   Operation 28 'br' 'br_ln236' <Predicate = true> <Delay = 0.00>
ST_1 : Operation 29 [1/1] (0.00ns)   --->   "%zext_ln236 = zext i3 %i_1" [knn/knn_4.cpp:236]   --->   Operation 29 'zext' 'zext_ln236' <Predicate = (!icmp_ln236)> <Delay = 0.00>
ST_1 : Operation 30 [1/1] (0.00ns)   --->   "%histogram_q0_addr = getelementptr i8 %histogram_q0, i64 0, i64 %zext_ln236" [knn/knn_4.cpp:239]   --->   Operation 30 'getelementptr' 'histogram_q0_addr' <Predicate = (!icmp_ln236)> <Delay = 0.00>
ST_1 : Operation 31 [2/2] (0.67ns)   --->   "%histogram_q0_load = load i3 %histogram_q0_addr" [knn/knn_4.cpp:239]   --->   Operation 31 'load' 'histogram_q0_load' <Predicate = (!icmp_ln236)> <Delay = 0.67> <CoreInst = "RAM">   --->   Core 83 'RAM' <Latency = 1> <II = 1> <Delay = 0.67> <Storage> <Opcode : 'load' 'store'> <Ports = 2> <Width = 8> <Depth = 6> <RAM>
ST_1 : Operation 32 [1/1] (0.00ns)   --->   "%histogram_q1_addr = getelementptr i8 %histogram_q1, i64 0, i64 %zext_ln236" [knn/knn_4.cpp:244]   --->   Operation 32 'getelementptr' 'histogram_q1_addr' <Predicate = (!icmp_ln236)> <Delay = 0.00>
ST_1 : Operation 33 [2/2] (0.67ns)   --->   "%mostPopularCount_q1_1 = load i3 %histogram_q1_addr" [knn/knn_4.cpp:244]   --->   Operation 33 'load' 'mostPopularCount_q1_1' <Predicate = (!icmp_ln236)> <Delay = 0.67> <CoreInst = "RAM">   --->   Core 83 'RAM' <Latency = 1> <II = 1> <Delay = 0.67> <Storage> <Opcode : 'load' 'store'> <Ports = 2> <Width = 8> <Depth = 6> <RAM>
ST_1 : Operation 34 [1/1] (0.00ns)   --->   "%histogram_q2_addr = getelementptr i8 %histogram_q2, i64 0, i64 %zext_ln236" [knn/knn_4.cpp:249]   --->   Operation 34 'getelementptr' 'histogram_q2_addr' <Predicate = (!icmp_ln236)> <Delay = 0.00>
ST_1 : Operation 35 [2/2] (0.67ns)   --->   "%histogram_q2_load = load i3 %histogram_q2_addr" [knn/knn_4.cpp:249]   --->   Operation 35 'load' 'histogram_q2_load' <Predicate = (!icmp_ln236)> <Delay = 0.67> <CoreInst = "RAM">   --->   Core 83 'RAM' <Latency = 1> <II = 1> <Delay = 0.67> <Storage> <Opcode : 'load' 'store'> <Ports = 2> <Width = 8> <Depth = 6> <RAM>
ST_1 : Operation 36 [1/1] (0.00ns)   --->   "%histogram_q3_addr = getelementptr i8 %histogram_q3, i64 0, i64 %zext_ln236" [knn/knn_4.cpp:254]   --->   Operation 36 'getelementptr' 'histogram_q3_addr' <Predicate = (!icmp_ln236)> <Delay = 0.00>
ST_1 : Operation 37 [2/2] (0.67ns)   --->   "%mostPopularCount_q3_1 = load i3 %histogram_q3_addr" [knn/knn_4.cpp:254]   --->   Operation 37 'load' 'mostPopularCount_q3_1' <Predicate = (!icmp_ln236)> <Delay = 0.67> <CoreInst = "RAM">   --->   Core 83 'RAM' <Latency = 1> <II = 1> <Delay = 0.67> <Storage> <Opcode : 'load' 'store'> <Ports = 2> <Width = 8> <Depth = 6> <RAM>
ST_1 : Operation 38 [1/1] (0.42ns)   --->   "%store_ln236 = store i3 %i, i3 %mostPopular_q3_1" [knn/knn_4.cpp:236]   --->   Operation 38 'store' 'store_ln236' <Predicate = (!icmp_ln236)> <Delay = 0.42>
ST_1 : Operation 79 [1/1] (0.00ns)   --->   "%mostPopular_q0_load = load i8 %mostPopular_q0"   --->   Operation 79 'load' 'mostPopular_q0_load' <Predicate = (icmp_ln236)> <Delay = 0.00>
ST_1 : Operation 80 [1/1] (0.00ns)   --->   "%mostPopular_q1_load = load i8 %mostPopular_q1"   --->   Operation 80 'load' 'mostPopular_q1_load' <Predicate = (icmp_ln236)> <Delay = 0.00>
ST_1 : Operation 81 [1/1] (0.00ns)   --->   "%mostPopular_q2_load = load i8 %mostPopular_q2"   --->   Operation 81 'load' 'mostPopular_q2_load' <Predicate = (icmp_ln236)> <Delay = 0.00>
ST_1 : Operation 82 [1/1] (0.00ns)   --->   "%mostPopular_q3_load = load i8 %mostPopular_q3"   --->   Operation 82 'load' 'mostPopular_q3_load' <Predicate = (icmp_ln236)> <Delay = 0.00>
ST_1 : Operation 83 [1/1] (0.00ns)   --->   "%write_ln0 = write void @_ssdm_op_Write.ap_auto.i8P0A, i8 %mostPopular_q3_out, i8 %mostPopular_q3_load"   --->   Operation 83 'write' 'write_ln0' <Predicate = (icmp_ln236)> <Delay = 0.00>
ST_1 : Operation 84 [1/1] (0.00ns)   --->   "%write_ln0 = write void @_ssdm_op_Write.ap_auto.i8P0A, i8 %mostPopular_q2_out, i8 %mostPopular_q2_load"   --->   Operation 84 'write' 'write_ln0' <Predicate = (icmp_ln236)> <Delay = 0.00>
ST_1 : Operation 85 [1/1] (0.00ns)   --->   "%write_ln0 = write void @_ssdm_op_Write.ap_auto.i8P0A, i8 %mostPopular_q1_out, i8 %mostPopular_q1_load"   --->   Operation 85 'write' 'write_ln0' <Predicate = (icmp_ln236)> <Delay = 0.00>
ST_1 : Operation 86 [1/1] (0.00ns)   --->   "%write_ln0 = write void @_ssdm_op_Write.ap_auto.i8P0A, i8 %mostPopular_q0_out, i8 %mostPopular_q0_load"   --->   Operation 86 'write' 'write_ln0' <Predicate = (icmp_ln236)> <Delay = 0.00>
ST_1 : Operation 87 [1/1] (0.00ns)   --->   "%ret_ln0 = ret"   --->   Operation 87 'ret' 'ret_ln0' <Predicate = (icmp_ln236)> <Delay = 0.00>

State 2 <SV = 1> <Delay = 2.54>
ST_2 : Operation 39 [1/1] (0.00ns)   --->   "%mostPopular_q0_load_1 = load i8 %mostPopular_q0" [knn/knn_4.cpp:239]   --->   Operation 39 'load' 'mostPopular_q0_load_1' <Predicate = true> <Delay = 0.00>
ST_2 : Operation 40 [1/1] (0.00ns)   --->   "%mostPopular_q1_load_1 = load i8 %mostPopular_q1" [knn/knn_4.cpp:244]   --->   Operation 40 'load' 'mostPopular_q1_load_1' <Predicate = true> <Delay = 0.00>
ST_2 : Operation 41 [1/1] (0.00ns)   --->   "%mostPopular_q2_load_1 = load i8 %mostPopular_q2" [knn/knn_4.cpp:249]   --->   Operation 41 'load' 'mostPopular_q2_load_1' <Predicate = true> <Delay = 0.00>
ST_2 : Operation 42 [1/1] (0.00ns)   --->   "%mostPopular_q3_load_1 = load i8 %mostPopular_q3" [knn/knn_4.cpp:254]   --->   Operation 42 'load' 'mostPopular_q3_load_1' <Predicate = true> <Delay = 0.00>
ST_2 : Operation 43 [1/1] (0.00ns)   --->   "%mostPopularCount_q0_load = load i32 %mostPopularCount_q0" [knn/knn_4.cpp:239]   --->   Operation 43 'load' 'mostPopularCount_q0_load' <Predicate = true> <Delay = 0.00>
ST_2 : Operation 44 [1/1] (0.00ns)   --->   "%mostPopularCount_q1_load = load i32 %mostPopularCount_q1" [knn/knn_4.cpp:244]   --->   Operation 44 'load' 'mostPopularCount_q1_load' <Predicate = true> <Delay = 0.00>
ST_2 : Operation 45 [1/1] (0.00ns)   --->   "%mostPopularCount_q2_load = load i32 %mostPopularCount_q2" [knn/knn_4.cpp:249]   --->   Operation 45 'load' 'mostPopularCount_q2_load' <Predicate = true> <Delay = 0.00>
ST_2 : Operation 46 [1/1] (0.00ns)   --->   "%mostPopularCount_q3_load = load i32 %mostPopularCount_q3" [knn/knn_4.cpp:254]   --->   Operation 46 'load' 'mostPopularCount_q3_load' <Predicate = true> <Delay = 0.00>
ST_2 : Operation 47 [1/1] (0.00ns)   --->   "%specpipeline_ln238 = specpipeline void @_ssdm_op_SpecPipeline, i32 4294967295, i32 0, i32 0, i32 0, void @empty_0" [knn/knn_4.cpp:238]   --->   Operation 47 'specpipeline' 'specpipeline_ln238' <Predicate = true> <Delay = 0.00>
ST_2 : Operation 48 [1/1] (0.00ns)   --->   "%specloopname_ln227 = specloopname void @_ssdm_op_SpecLoopName, void @empty_3" [knn/knn_4.cpp:227]   --->   Operation 48 'specloopname' 'specloopname_ln227' <Predicate = true> <Delay = 0.00>
ST_2 : Operation 49 [1/2] (0.67ns)   --->   "%histogram_q0_load = load i3 %histogram_q0_addr" [knn/knn_4.cpp:239]   --->   Operation 49 'load' 'histogram_q0_load' <Predicate = true> <Delay = 0.67> <CoreInst = "RAM">   --->   Core 83 'RAM' <Latency = 1> <II = 1> <Delay = 0.67> <Storage> <Opcode : 'load' 'store'> <Ports = 2> <Width = 8> <Depth = 6> <RAM>
ST_2 : Operation 50 [1/1] (0.00ns)   --->   "%sext_ln239 = sext i8 %histogram_q0_load" [knn/knn_4.cpp:239]   --->   Operation 50 'sext' 'sext_ln239' <Predicate = true> <Delay = 0.00>
ST_2 : Operation 51 [1/1] (0.99ns)   --->   "%icmp_ln239 = icmp_slt  i32 %mostPopularCount_q0_load, i32 %sext_ln239" [knn/knn_4.cpp:239]   --->   Operation 51 'icmp' 'icmp_ln239' <Predicate = true> <Delay = 0.99> <CoreInst = "Cmp">   --->   Core 9 'Cmp' <Latency = 0> <II = 1> <Delay = 0.99> <FuncUnit> <Opcode : 'icmp'> <InPorts = 2> <OutPorts = 1>
ST_2 : Operation 52 [1/1] (0.00ns)   --->   "%zext_ln242 = zext i3 %i_1" [knn/knn_4.cpp:242]   --->   Operation 52 'zext' 'zext_ln242' <Predicate = true> <Delay = 0.00>
ST_2 : Operation 53 [1/1] (0.39ns)   --->   "%mostPopular_q0_1 = select i1 %icmp_ln239, i8 %zext_ln242, i8 %mostPopular_q0_load_1" [knn/knn_4.cpp:239]   --->   Operation 53 'select' 'mostPopular_q0_1' <Predicate = true> <Delay = 0.39> <CoreInst = "Sel">   --->   Core 73 'Sel' <Latency = 0> <II = 1> <Delay = 0.39> <FuncUnit> <Opcode : 'select'> <InPorts = 3> <OutPorts = 1>
ST_2 : Operation 54 [1/1] (0.44ns)   --->   "%mostPopularCount_q0_1 = select i1 %icmp_ln239, i32 %sext_ln239, i32 %mostPopularCount_q0_load" [knn/knn_4.cpp:239]   --->   Operation 54 'select' 'mostPopularCount_q0_1' <Predicate = true> <Delay = 0.44> <CoreInst = "Sel">   --->   Core 73 'Sel' <Latency = 0> <II = 1> <Delay = 0.44> <FuncUnit> <Opcode : 'select'> <InPorts = 3> <OutPorts = 1>
ST_2 : Operation 55 [1/2] (0.67ns)   --->   "%mostPopularCount_q1_1 = load i3 %histogram_q1_addr" [knn/knn_4.cpp:244]   --->   Operation 55 'load' 'mostPopularCount_q1_1' <Predicate = true> <Delay = 0.67> <CoreInst = "RAM">   --->   Core 83 'RAM' <Latency = 1> <II = 1> <Delay = 0.67> <Storage> <Opcode : 'load' 'store'> <Ports = 2> <Width = 8> <Depth = 6> <RAM>
ST_2 : Operation 56 [1/1] (0.00ns)   --->   "%sext_ln244 = sext i8 %mostPopularCount_q1_1" [knn/knn_4.cpp:244]   --->   Operation 56 'sext' 'sext_ln244' <Predicate = true> <Delay = 0.00>
ST_2 : Operation 57 [1/1] (0.99ns)   --->   "%icmp_ln244 = icmp_slt  i32 %mostPopularCount_q1_load, i32 %sext_ln244" [knn/knn_4.cpp:244]   --->   Operation 57 'icmp' 'icmp_ln244' <Predicate = true> <Delay = 0.99> <CoreInst = "Cmp">   --->   Core 9 'Cmp' <Latency = 0> <II = 1> <Delay = 0.99> <FuncUnit> <Opcode : 'icmp'> <InPorts = 2> <OutPorts = 1>
ST_2 : Operation 58 [1/1] (0.39ns)   --->   "%mostPopular_q1_2 = select i1 %icmp_ln244, i8 %zext_ln242, i8 %mostPopular_q1_load_1" [knn/knn_4.cpp:244]   --->   Operation 58 'select' 'mostPopular_q1_2' <Predicate = true> <Delay = 0.39> <CoreInst = "Sel">   --->   Core 73 'Sel' <Latency = 0> <II = 1> <Delay = 0.39> <FuncUnit> <Opcode : 'select'> <InPorts = 3> <OutPorts = 1>
ST_2 : Operation 59 [1/1] (0.44ns)   --->   "%mostPopularCount_q1_2 = select i1 %icmp_ln244, i32 %sext_ln244, i32 %mostPopularCount_q1_load" [knn/knn_4.cpp:244]   --->   Operation 59 'select' 'mostPopularCount_q1_2' <Predicate = true> <Delay = 0.44> <CoreInst = "Sel">   --->   Core 73 'Sel' <Latency = 0> <II = 1> <Delay = 0.44> <FuncUnit> <Opcode : 'select'> <InPorts = 3> <OutPorts = 1>
ST_2 : Operation 60 [1/2] (0.67ns)   --->   "%histogram_q2_load = load i3 %histogram_q2_addr" [knn/knn_4.cpp:249]   --->   Operation 60 'load' 'histogram_q2_load' <Predicate = true> <Delay = 0.67> <CoreInst = "RAM">   --->   Core 83 'RAM' <Latency = 1> <II = 1> <Delay = 0.67> <Storage> <Opcode : 'load' 'store'> <Ports = 2> <Width = 8> <Depth = 6> <RAM>
ST_2 : Operation 61 [1/1] (0.00ns)   --->   "%sext_ln249 = sext i8 %histogram_q2_load" [knn/knn_4.cpp:249]   --->   Operation 61 'sext' 'sext_ln249' <Predicate = true> <Delay = 0.00>
ST_2 : Operation 62 [1/1] (0.99ns)   --->   "%icmp_ln249 = icmp_slt  i32 %mostPopularCount_q2_load, i32 %sext_ln249" [knn/knn_4.cpp:249]   --->   Operation 62 'icmp' 'icmp_ln249' <Predicate = true> <Delay = 0.99> <CoreInst = "Cmp">   --->   Core 9 'Cmp' <Latency = 0> <II = 1> <Delay = 0.99> <FuncUnit> <Opcode : 'icmp'> <InPorts = 2> <OutPorts = 1>
ST_2 : Operation 63 [1/1] (0.39ns)   --->   "%mostPopular_q2_1 = select i1 %icmp_ln249, i8 %zext_ln242, i8 %mostPopular_q2_load_1" [knn/knn_4.cpp:249]   --->   Operation 63 'select' 'mostPopular_q2_1' <Predicate = true> <Delay = 0.39> <CoreInst = "Sel">   --->   Core 73 'Sel' <Latency = 0> <II = 1> <Delay = 0.39> <FuncUnit> <Opcode : 'select'> <InPorts = 3> <OutPorts = 1>
ST_2 : Operation 64 [1/1] (0.44ns)   --->   "%mostPopularCount_q2_1 = select i1 %icmp_ln249, i32 %sext_ln249, i32 %mostPopularCount_q2_load" [knn/knn_4.cpp:249]   --->   Operation 64 'select' 'mostPopularCount_q2_1' <Predicate = true> <Delay = 0.44> <CoreInst = "Sel">   --->   Core 73 'Sel' <Latency = 0> <II = 1> <Delay = 0.44> <FuncUnit> <Opcode : 'select'> <InPorts = 3> <OutPorts = 1>
ST_2 : Operation 65 [1/2] (0.67ns)   --->   "%mostPopularCount_q3_1 = load i3 %histogram_q3_addr" [knn/knn_4.cpp:254]   --->   Operation 65 'load' 'mostPopularCount_q3_1' <Predicate = true> <Delay = 0.67> <CoreInst = "RAM">   --->   Core 83 'RAM' <Latency = 1> <II = 1> <Delay = 0.67> <Storage> <Opcode : 'load' 'store'> <Ports = 2> <Width = 8> <Depth = 6> <RAM>
ST_2 : Operation 66 [1/1] (0.00ns)   --->   "%sext_ln254 = sext i8 %mostPopularCount_q3_1" [knn/knn_4.cpp:254]   --->   Operation 66 'sext' 'sext_ln254' <Predicate = true> <Delay = 0.00>
ST_2 : Operation 67 [1/1] (0.99ns)   --->   "%icmp_ln254 = icmp_slt  i32 %mostPopularCount_q3_load, i32 %sext_ln254" [knn/knn_4.cpp:254]   --->   Operation 67 'icmp' 'icmp_ln254' <Predicate = true> <Delay = 0.99> <CoreInst = "Cmp">   --->   Core 9 'Cmp' <Latency = 0> <II = 1> <Delay = 0.99> <FuncUnit> <Opcode : 'icmp'> <InPorts = 2> <OutPorts = 1>
ST_2 : Operation 68 [1/1] (0.39ns)   --->   "%mostPopular_q3_4 = select i1 %icmp_ln254, i8 %zext_ln242, i8 %mostPopular_q3_load_1" [knn/knn_4.cpp:254]   --->   Operation 68 'select' 'mostPopular_q3_4' <Predicate = true> <Delay = 0.39> <CoreInst = "Sel">   --->   Core 73 'Sel' <Latency = 0> <II = 1> <Delay = 0.39> <FuncUnit> <Opcode : 'select'> <InPorts = 3> <OutPorts = 1>
ST_2 : Operation 69 [1/1] (0.44ns)   --->   "%mostPopularCount_q3_2 = select i1 %icmp_ln254, i32 %sext_ln254, i32 %mostPopularCount_q3_load" [knn/knn_4.cpp:254]   --->   Operation 69 'select' 'mostPopularCount_q3_2' <Predicate = true> <Delay = 0.44> <CoreInst = "Sel">   --->   Core 73 'Sel' <Latency = 0> <II = 1> <Delay = 0.44> <FuncUnit> <Opcode : 'select'> <InPorts = 3> <OutPorts = 1>
ST_2 : Operation 70 [1/1] (0.42ns)   --->   "%store_ln236 = store i32 %mostPopularCount_q3_2, i32 %mostPopularCount_q3" [knn/knn_4.cpp:236]   --->   Operation 70 'store' 'store_ln236' <Predicate = true> <Delay = 0.42>
ST_2 : Operation 71 [1/1] (0.42ns)   --->   "%store_ln236 = store i32 %mostPopularCount_q2_1, i32 %mostPopularCount_q2" [knn/knn_4.cpp:236]   --->   Operation 71 'store' 'store_ln236' <Predicate = true> <Delay = 0.42>
ST_2 : Operation 72 [1/1] (0.42ns)   --->   "%store_ln236 = store i32 %mostPopularCount_q1_2, i32 %mostPopularCount_q1" [knn/knn_4.cpp:236]   --->   Operation 72 'store' 'store_ln236' <Predicate = true> <Delay = 0.42>
ST_2 : Operation 73 [1/1] (0.42ns)   --->   "%store_ln236 = store i32 %mostPopularCount_q0_1, i32 %mostPopularCount_q0" [knn/knn_4.cpp:236]   --->   Operation 73 'store' 'store_ln236' <Predicate = true> <Delay = 0.42>
ST_2 : Operation 74 [1/1] (0.42ns)   --->   "%store_ln236 = store i8 %mostPopular_q3_4, i8 %mostPopular_q3" [knn/knn_4.cpp:236]   --->   Operation 74 'store' 'store_ln236' <Predicate = true> <Delay = 0.42>
ST_2 : Operation 75 [1/1] (0.42ns)   --->   "%store_ln236 = store i8 %mostPopular_q2_1, i8 %mostPopular_q2" [knn/knn_4.cpp:236]   --->   Operation 75 'store' 'store_ln236' <Predicate = true> <Delay = 0.42>
ST_2 : Operation 76 [1/1] (0.42ns)   --->   "%store_ln236 = store i8 %mostPopular_q1_2, i8 %mostPopular_q1" [knn/knn_4.cpp:236]   --->   Operation 76 'store' 'store_ln236' <Predicate = true> <Delay = 0.42>
ST_2 : Operation 77 [1/1] (0.42ns)   --->   "%store_ln236 = store i8 %mostPopular_q0_1, i8 %mostPopular_q0" [knn/knn_4.cpp:236]   --->   Operation 77 'store' 'store_ln236' <Predicate = true> <Delay = 0.42>
ST_2 : Operation 78 [1/1] (0.00ns)   --->   "%br_ln236 = br void %for.body357" [knn/knn_4.cpp:236]   --->   Operation 78 'br' 'br_ln236' <Predicate = true> <Delay = 0.00>


============================================================
+ Verbose Summary: Timing violations
============================================================
Target clock period: 10ns, clock uncertainty: 2.7ns.

 <State 1>: 1.1ns
The critical path consists of the following:
	'alloca' operation ('mostPopular_q3') [17]  (0 ns)
	'load' operation ('i', knn/knn_4.cpp:236) on local variable 'mostPopular_q3' [29]  (0 ns)
	'add' operation ('i', knn/knn_4.cpp:236) [32]  (0.673 ns)
	'store' operation ('store_ln236', knn/knn_4.cpp:236) of variable 'i', knn/knn_4.cpp:236 on local variable 'mostPopular_q3' [71]  (0.427 ns)

 <State 2>: 2.54ns
The critical path consists of the following:
	'load' operation ('mostPopularCount_q3', knn/knn_4.cpp:254) on array 'histogram_q3' [66]  (0.677 ns)
	'icmp' operation ('icmp_ln254', knn/knn_4.cpp:254) [68]  (0.991 ns)
	'select' operation ('mostPopularCount_q3', knn/knn_4.cpp:254) [70]  (0.449 ns)
	'store' operation ('store_ln236', knn/knn_4.cpp:236) of variable 'mostPopularCount_q3', knn/knn_4.cpp:254 on local variable 'mostPopularCount_q3' [72]  (0.427 ns)


============================================================
+ Verbose Summary: Binding
============================================================
N/A
* FSMD analyzer results:
  - Output states:
 - Input state : 
  - Chain level:
	State 1
	State 2


============================================================
+ Verbose Summary: Datapath Resource usage 
============================================================
N/A
