INFO: [SIM 2] *************** CSIM start ***************
INFO: [SIM 4] CSIM will launch GCC as the compiler.
   Compiling(apcc) ../../../../../src_fixed_vga/calcSobel_dX.c in debug mode
INFO: [HLS 200-10] Running '/tools/Xilinx/Vitis_HLS/2023.2/bin/unwrapped/lnx64.o/apcc'
INFO: [HLS 200-10] For user 'tls' on host 'tls-Legion-5-15ACH6H' (Linux_x86_64 version 6.5.0-28-generic) on Tue Apr 30 02:48:05 WEST 2024
INFO: [HLS 200-10] On os Ubuntu 22.04.4 LTS
INFO: [HLS 200-10] In directory '/home/tls/Dev/wonderland/VitisVisionDisparity/fixed_vga/fixed_vga/hls/csim/build'
INFO: [APCC 202-3] Tmp directory is /home/tls/Dev/wonderland/VitisVisionDisparity/fixed_vga/fixed_vga/hls/csim/build/apcc_db_tls/737511714441685652995
INFO: [APCC 202-1] APCC is done.
INFO: [HLS 200-112] Total CPU user time: 1.22 seconds. Total CPU system time: 0.26 seconds. Total elapsed time: 1.4 seconds; peak allocated memory: 99.629 MB.
   Compiling(apcc) ../../../../../src_fixed_vga/calcSobel_dY.c in debug mode
INFO: [HLS 200-10] Running '/tools/Xilinx/Vitis_HLS/2023.2/bin/unwrapped/lnx64.o/apcc'
INFO: [HLS 200-10] For user 'tls' on host 'tls-Legion-5-15ACH6H' (Linux_x86_64 version 6.5.0-28-generic) on Tue Apr 30 02:48:07 WEST 2024
INFO: [HLS 200-10] On os Ubuntu 22.04.4 LTS
INFO: [HLS 200-10] In directory '/home/tls/Dev/wonderland/VitisVisionDisparity/fixed_vga/fixed_vga/hls/csim/build'
INFO: [APCC 202-3] Tmp directory is /home/tls/Dev/wonderland/VitisVisionDisparity/fixed_vga/fixed_vga/hls/csim/build/apcc_db_tls/738191714441687857099
INFO: [APCC 202-1] APCC is done.
INFO: [HLS 200-112] Total CPU user time: 1.21 seconds. Total CPU system time: 0.25 seconds. Total elapsed time: 1.32 seconds; peak allocated memory: 99.629 MB.
   Compiling(apcc) ../../../../../src_fixed_vga/computeSAD.c in debug mode
INFO: [HLS 200-10] Running '/tools/Xilinx/Vitis_HLS/2023.2/bin/unwrapped/lnx64.o/apcc'
INFO: [HLS 200-10] For user 'tls' on host 'tls-Legion-5-15ACH6H' (Linux_x86_64 version 6.5.0-28-generic) on Tue Apr 30 02:48:09 WEST 2024
INFO: [HLS 200-10] On os Ubuntu 22.04.4 LTS
INFO: [HLS 200-10] In directory '/home/tls/Dev/wonderland/VitisVisionDisparity/fixed_vga/fixed_vga/hls/csim/build'
INFO: [APCC 202-3] Tmp directory is /home/tls/Dev/wonderland/VitisVisionDisparity/fixed_vga/fixed_vga/hls/csim/build/apcc_db_tls/738861714441689965994
INFO: [APCC 202-1] APCC is done.
INFO: [HLS 200-112] Total CPU user time: 1.21 seconds. Total CPU system time: 0.23 seconds. Total elapsed time: 1.29 seconds; peak allocated memory: 99.633 MB.
   Compiling(apcc) ../../../../../src_fixed_vga/correlateSAD_2D.c in debug mode
INFO: [HLS 200-10] Running '/tools/Xilinx/Vitis_HLS/2023.2/bin/unwrapped/lnx64.o/apcc'
INFO: [HLS 200-10] For user 'tls' on host 'tls-Legion-5-15ACH6H' (Linux_x86_64 version 6.5.0-28-generic) on Tue Apr 30 02:48:11 WEST 2024
INFO: [HLS 200-10] On os Ubuntu 22.04.4 LTS
INFO: [HLS 200-10] In directory '/home/tls/Dev/wonderland/VitisVisionDisparity/fixed_vga/fixed_vga/hls/csim/build'
INFO: [APCC 202-3] Tmp directory is /home/tls/Dev/wonderland/VitisVisionDisparity/fixed_vga/fixed_vga/hls/csim/build/apcc_db_tls/739481714441691986971
INFO: [APCC 202-1] APCC is done.
INFO: [HLS 200-112] Total CPU user time: 1.22 seconds. Total CPU system time: 0.23 seconds. Total elapsed time: 1.29 seconds; peak allocated memory: 99.629 MB.
   Compiling(apcc) ../../../../../src_fixed_vga/fDeepCopy.c in debug mode
INFO: [HLS 200-10] Running '/tools/Xilinx/Vitis_HLS/2023.2/bin/unwrapped/lnx64.o/apcc'
INFO: [HLS 200-10] For user 'tls' on host 'tls-Legion-5-15ACH6H' (Linux_x86_64 version 6.5.0-28-generic) on Tue Apr 30 02:48:13 WEST 2024
INFO: [HLS 200-10] On os Ubuntu 22.04.4 LTS
INFO: [HLS 200-10] In directory '/home/tls/Dev/wonderland/VitisVisionDisparity/fixed_vga/fixed_vga/hls/csim/build'
INFO: [APCC 202-3] Tmp directory is /home/tls/Dev/wonderland/VitisVisionDisparity/fixed_vga/fixed_vga/hls/csim/build/apcc_db_tls/740121714441694037670
INFO: [APCC 202-1] APCC is done.
INFO: [HLS 200-112] Total CPU user time: 1.15 seconds. Total CPU system time: 0.26 seconds. Total elapsed time: 1.25 seconds; peak allocated memory: 99.633 MB.
   Compiling(apcc) ../../../../../src_fixed_vga/fFreeHandle.c in debug mode
INFO: [HLS 200-10] Running '/tools/Xilinx/Vitis_HLS/2023.2/bin/unwrapped/lnx64.o/apcc'
INFO: [HLS 200-10] For user 'tls' on host 'tls-Legion-5-15ACH6H' (Linux_x86_64 version 6.5.0-28-generic) on Tue Apr 30 02:48:16 WEST 2024
INFO: [HLS 200-10] On os Ubuntu 22.04.4 LTS
INFO: [HLS 200-10] In directory '/home/tls/Dev/wonderland/VitisVisionDisparity/fixed_vga/fixed_vga/hls/csim/build'
INFO: [APCC 202-3] Tmp directory is /home/tls/Dev/wonderland/VitisVisionDisparity/fixed_vga/fixed_vga/hls/csim/build/apcc_db_tls/740731714441696051099
INFO: [APCC 202-1] APCC is done.
INFO: [HLS 200-112] Total CPU user time: 1.2 seconds. Total CPU system time: 0.22 seconds. Total elapsed time: 1.26 seconds; peak allocated memory: 99.629 MB.
   Compiling(apcc) ../../../../../src_fixed_vga/fMallocHandle.c in debug mode
INFO: [HLS 200-10] Running '/tools/Xilinx/Vitis_HLS/2023.2/bin/unwrapped/lnx64.o/apcc'
INFO: [HLS 200-10] For user 'tls' on host 'tls-Legion-5-15ACH6H' (Linux_x86_64 version 6.5.0-28-generic) on Tue Apr 30 02:48:18 WEST 2024
INFO: [HLS 200-10] On os Ubuntu 22.04.4 LTS
INFO: [HLS 200-10] In directory '/home/tls/Dev/wonderland/VitisVisionDisparity/fixed_vga/fixed_vga/hls/csim/build'
INFO: [APCC 202-3] Tmp directory is /home/tls/Dev/wonderland/VitisVisionDisparity/fixed_vga/fixed_vga/hls/csim/build/apcc_db_tls/741361714441698100387
INFO: [APCC 202-1] APCC is done.
INFO: [HLS 200-112] Total CPU user time: 1.25 seconds. Total CPU system time: 0.22 seconds. Total elapsed time: 1.35 seconds; peak allocated memory: 99.629 MB.
   Compiling(apcc) ../../../../../src_fixed_vga/fSetArray.c in debug mode
INFO: [HLS 200-10] Running '/tools/Xilinx/Vitis_HLS/2023.2/bin/unwrapped/lnx64.o/apcc'
INFO: [HLS 200-10] For user 'tls' on host 'tls-Legion-5-15ACH6H' (Linux_x86_64 version 6.5.0-28-generic) on Tue Apr 30 02:48:20 WEST 2024
INFO: [HLS 200-10] On os Ubuntu 22.04.4 LTS
INFO: [HLS 200-10] In directory '/home/tls/Dev/wonderland/VitisVisionDisparity/fixed_vga/fixed_vga/hls/csim/build'
INFO: [APCC 202-3] Tmp directory is /home/tls/Dev/wonderland/VitisVisionDisparity/fixed_vga/fixed_vga/hls/csim/build/apcc_db_tls/742021714441700387376
INFO: [APCC 202-1] APCC is done.
INFO: [HLS 200-112] Total CPU user time: 1.32 seconds. Total CPU system time: 0.27 seconds. Total elapsed time: 1.45 seconds; peak allocated memory: 99.629 MB.
   Compiling(apcc) ../../../../../src_fixed_vga/ffDivide.c in debug mode
INFO: [HLS 200-10] Running '/tools/Xilinx/Vitis_HLS/2023.2/bin/unwrapped/lnx64.o/apcc'
INFO: [HLS 200-10] For user 'tls' on host 'tls-Legion-5-15ACH6H' (Linux_x86_64 version 6.5.0-28-generic) on Tue Apr 30 02:48:22 WEST 2024
INFO: [HLS 200-10] On os Ubuntu 22.04.4 LTS
INFO: [HLS 200-10] In directory '/home/tls/Dev/wonderland/VitisVisionDisparity/fixed_vga/fixed_vga/hls/csim/build'
INFO: [APCC 202-3] Tmp directory is /home/tls/Dev/wonderland/VitisVisionDisparity/fixed_vga/fixed_vga/hls/csim/build/apcc_db_tls/743081714441702592343
INFO: [APCC 202-1] APCC is done.
INFO: [HLS 200-112] Total CPU user time: 1.26 seconds. Total CPU system time: 0.24 seconds. Total elapsed time: 1.35 seconds; peak allocated memory: 99.633 MB.
   Compiling(apcc) ../../../../../src_fixed_vga/finalSAD.c in debug mode
INFO: [HLS 200-10] Running '/tools/Xilinx/Vitis_HLS/2023.2/bin/unwrapped/lnx64.o/apcc'
INFO: [HLS 200-10] For user 'tls' on host 'tls-Legion-5-15ACH6H' (Linux_x86_64 version 6.5.0-28-generic) on Tue Apr 30 02:48:24 WEST 2024
INFO: [HLS 200-10] On os Ubuntu 22.04.4 LTS
INFO: [HLS 200-10] In directory '/home/tls/Dev/wonderland/VitisVisionDisparity/fixed_vga/fixed_vga/hls/csim/build'
INFO: [APCC 202-3] Tmp directory is /home/tls/Dev/wonderland/VitisVisionDisparity/fixed_vga/fixed_vga/hls/csim/build/apcc_db_tls/743721714441704677852
INFO: [APCC 202-1] APCC is done.
INFO: [HLS 200-112] Total CPU user time: 1.22 seconds. Total CPU system time: 0.25 seconds. Total elapsed time: 1.32 seconds; peak allocated memory: 99.633 MB.
   Compiling(apcc) ../../../../../src_fixed_vga/findDisparity.c in debug mode
INFO: [HLS 200-10] Running '/tools/Xilinx/Vitis_HLS/2023.2/bin/unwrapped/lnx64.o/apcc'
INFO: [HLS 200-10] For user 'tls' on host 'tls-Legion-5-15ACH6H' (Linux_x86_64 version 6.5.0-28-generic) on Tue Apr 30 02:48:26 WEST 2024
INFO: [HLS 200-10] On os Ubuntu 22.04.4 LTS
INFO: [HLS 200-10] In directory '/home/tls/Dev/wonderland/VitisVisionDisparity/fixed_vga/fixed_vga/hls/csim/build'
INFO: [APCC 202-3] Tmp directory is /home/tls/Dev/wonderland/VitisVisionDisparity/fixed_vga/fixed_vga/hls/csim/build/apcc_db_tls/744331714441706762053
INFO: [APCC 202-1] APCC is done.
INFO: [HLS 200-112] Total CPU user time: 1.21 seconds. Total CPU system time: 0.24 seconds. Total elapsed time: 1.3 seconds; peak allocated memory: 99.629 MB.
   Compiling(apcc) ../../../../../src_fixed_vga/getDisparity.c in debug mode
INFO: [HLS 200-10] Running '/tools/Xilinx/Vitis_HLS/2023.2/bin/unwrapped/lnx64.o/apcc'
INFO: [HLS 200-10] For user 'tls' on host 'tls-Legion-5-15ACH6H' (Linux_x86_64 version 6.5.0-28-generic) on Tue Apr 30 02:48:28 WEST 2024
INFO: [HLS 200-10] On os Ubuntu 22.04.4 LTS
INFO: [HLS 200-10] In directory '/home/tls/Dev/wonderland/VitisVisionDisparity/fixed_vga/fixed_vga/hls/csim/build'
INFO: [APCC 202-3] Tmp directory is /home/tls/Dev/wonderland/VitisVisionDisparity/fixed_vga/fixed_vga/hls/csim/build/apcc_db_tls/744991714441708798562
INFO: [APCC 202-1] APCC is done.
INFO: [HLS 200-112] Total CPU user time: 1.22 seconds. Total CPU system time: 0.22 seconds. Total elapsed time: 1.29 seconds; peak allocated memory: 99.629 MB.
   Compiling(apcc) ../../../../../src_fixed_vga/iFreeHandle.c in debug mode
INFO: [HLS 200-10] Running '/tools/Xilinx/Vitis_HLS/2023.2/bin/unwrapped/lnx64.o/apcc'
INFO: [HLS 200-10] For user 'tls' on host 'tls-Legion-5-15ACH6H' (Linux_x86_64 version 6.5.0-28-generic) on Tue Apr 30 02:48:30 WEST 2024
INFO: [HLS 200-10] On os Ubuntu 22.04.4 LTS
INFO: [HLS 200-10] In directory '/home/tls/Dev/wonderland/VitisVisionDisparity/fixed_vga/fixed_vga/hls/csim/build'
INFO: [APCC 202-3] Tmp directory is /home/tls/Dev/wonderland/VitisVisionDisparity/fixed_vga/fixed_vga/hls/csim/build/apcc_db_tls/745601714441710883632
INFO: [APCC 202-1] APCC is done.
INFO: [HLS 200-112] Total CPU user time: 1.25 seconds. Total CPU system time: 0.25 seconds. Total elapsed time: 1.35 seconds; peak allocated memory: 99.629 MB.
   Compiling(apcc) ../../../../../src_fixed_vga/iMallocHandle.c in debug mode
INFO: [HLS 200-10] Running '/tools/Xilinx/Vitis_HLS/2023.2/bin/unwrapped/lnx64.o/apcc'
INFO: [HLS 200-10] For user 'tls' on host 'tls-Legion-5-15ACH6H' (Linux_x86_64 version 6.5.0-28-generic) on Tue Apr 30 02:48:32 WEST 2024
INFO: [HLS 200-10] On os Ubuntu 22.04.4 LTS
INFO: [HLS 200-10] In directory '/home/tls/Dev/wonderland/VitisVisionDisparity/fixed_vga/fixed_vga/hls/csim/build'
INFO: [APCC 202-3] Tmp directory is /home/tls/Dev/wonderland/VitisVisionDisparity/fixed_vga/fixed_vga/hls/csim/build/apcc_db_tls/746221714441712961749
INFO: [APCC 202-1] APCC is done.
INFO: [HLS 200-112] Total CPU user time: 1.17 seconds. Total CPU system time: 0.22 seconds. Total elapsed time: 1.25 seconds; peak allocated memory: 99.629 MB.
   Compiling(apcc) ../../../../../src_fixed_vga/iSetArray.c in debug mode
INFO: [HLS 200-10] Running '/tools/Xilinx/Vitis_HLS/2023.2/bin/unwrapped/lnx64.o/apcc'
INFO: [HLS 200-10] For user 'tls' on host 'tls-Legion-5-15ACH6H' (Linux_x86_64 version 6.5.0-28-generic) on Tue Apr 30 02:48:34 WEST 2024
INFO: [HLS 200-10] On os Ubuntu 22.04.4 LTS
INFO: [HLS 200-10] In directory '/home/tls/Dev/wonderland/VitisVisionDisparity/fixed_vga/fixed_vga/hls/csim/build'
INFO: [APCC 202-3] Tmp directory is /home/tls/Dev/wonderland/VitisVisionDisparity/fixed_vga/fixed_vga/hls/csim/build/apcc_db_tls/746871714441714999703
INFO: [APCC 202-1] APCC is done.
INFO: [HLS 200-112] Total CPU user time: 1.22 seconds. Total CPU system time: 0.24 seconds. Total elapsed time: 1.32 seconds; peak allocated memory: 99.633 MB.
   Compiling(apcc) ../../../../../src_fixed_vga/integralImage2D2D.c in debug mode
INFO: [HLS 200-10] Running '/tools/Xilinx/Vitis_HLS/2023.2/bin/unwrapped/lnx64.o/apcc'
INFO: [HLS 200-10] For user 'tls' on host 'tls-Legion-5-15ACH6H' (Linux_x86_64 version 6.5.0-28-generic) on Tue Apr 30 02:48:37 WEST 2024
INFO: [HLS 200-10] On os Ubuntu 22.04.4 LTS
INFO: [HLS 200-10] In directory '/home/tls/Dev/wonderland/VitisVisionDisparity/fixed_vga/fixed_vga/hls/csim/build'
INFO: [APCC 202-3] Tmp directory is /home/tls/Dev/wonderland/VitisVisionDisparity/fixed_vga/fixed_vga/hls/csim/build/apcc_db_tls/747481714441717123477
INFO: [APCC 202-1] APCC is done.
INFO: [HLS 200-112] Total CPU user time: 1.23 seconds. Total CPU system time: 0.25 seconds. Total elapsed time: 1.33 seconds; peak allocated memory: 99.629 MB.
   Compiling(apcc) ../../../../../src_fixed_vga/padarray2.c in debug mode
INFO: [HLS 200-10] Running '/tools/Xilinx/Vitis_HLS/2023.2/bin/unwrapped/lnx64.o/apcc'
INFO: [HLS 200-10] For user 'tls' on host 'tls-Legion-5-15ACH6H' (Linux_x86_64 version 6.5.0-28-generic) on Tue Apr 30 02:48:39 WEST 2024
INFO: [HLS 200-10] On os Ubuntu 22.04.4 LTS
INFO: [HLS 200-10] In directory '/home/tls/Dev/wonderland/VitisVisionDisparity/fixed_vga/fixed_vga/hls/csim/build'
INFO: [APCC 202-3] Tmp directory is /home/tls/Dev/wonderland/VitisVisionDisparity/fixed_vga/fixed_vga/hls/csim/build/apcc_db_tls/748121714441719242719
INFO: [APCC 202-1] APCC is done.
INFO: [HLS 200-112] Total CPU user time: 1.27 seconds. Total CPU system time: 0.22 seconds. Total elapsed time: 1.32 seconds; peak allocated memory: 99.633 MB.
   Compiling(apcc) ../../../../../src_fixed_vga/padarray4.c in debug mode
INFO: [HLS 200-10] Running '/tools/Xilinx/Vitis_HLS/2023.2/bin/unwrapped/lnx64.o/apcc'
INFO: [HLS 200-10] For user 'tls' on host 'tls-Legion-5-15ACH6H' (Linux_x86_64 version 6.5.0-28-generic) on Tue Apr 30 02:48:41 WEST 2024
INFO: [HLS 200-10] On os Ubuntu 22.04.4 LTS
INFO: [HLS 200-10] In directory '/home/tls/Dev/wonderland/VitisVisionDisparity/fixed_vga/fixed_vga/hls/csim/build'
INFO: [APCC 202-3] Tmp directory is /home/tls/Dev/wonderland/VitisVisionDisparity/fixed_vga/fixed_vga/hls/csim/build/apcc_db_tls/748831714441721377187
INFO: [APCC 202-1] APCC is done.
INFO: [HLS 200-112] Total CPU user time: 1.23 seconds. Total CPU system time: 0.23 seconds. Total elapsed time: 1.35 seconds; peak allocated memory: 99.629 MB.
   Compiling(apcc) ../../../../../src_fixed_vga/photonEndTiming.c in debug mode
INFO: [HLS 200-10] Running '/tools/Xilinx/Vitis_HLS/2023.2/bin/unwrapped/lnx64.o/apcc'
INFO: [HLS 200-10] For user 'tls' on host 'tls-Legion-5-15ACH6H' (Linux_x86_64 version 6.5.0-28-generic) on Tue Apr 30 02:48:43 WEST 2024
INFO: [HLS 200-10] On os Ubuntu 22.04.4 LTS
INFO: [HLS 200-10] In directory '/home/tls/Dev/wonderland/VitisVisionDisparity/fixed_vga/fixed_vga/hls/csim/build'
INFO: [APCC 202-3] Tmp directory is /home/tls/Dev/wonderland/VitisVisionDisparity/fixed_vga/fixed_vga/hls/csim/build/apcc_db_tls/749821714441723452659
INFO: [APCC 202-1] APCC is done.
INFO: [HLS 200-112] Total CPU user time: 1.16 seconds. Total CPU system time: 0.23 seconds. Total elapsed time: 1.25 seconds; peak allocated memory: 99.629 MB.
   Compiling(apcc) ../../../../../src_fixed_vga/photonPrintTiming.c in debug mode
INFO: [HLS 200-10] Running '/tools/Xilinx/Vitis_HLS/2023.2/bin/unwrapped/lnx64.o/apcc'
INFO: [HLS 200-10] For user 'tls' on host 'tls-Legion-5-15ACH6H' (Linux_x86_64 version 6.5.0-28-generic) on Tue Apr 30 02:48:45 WEST 2024
INFO: [HLS 200-10] On os Ubuntu 22.04.4 LTS
INFO: [HLS 200-10] In directory '/home/tls/Dev/wonderland/VitisVisionDisparity/fixed_vga/fixed_vga/hls/csim/build'
INFO: [APCC 202-3] Tmp directory is /home/tls/Dev/wonderland/VitisVisionDisparity/fixed_vga/fixed_vga/hls/csim/build/apcc_db_tls/750491714441725528089
INFO: [APCC 202-1] APCC is done.
INFO: [HLS 200-112] Total CPU user time: 1.2 seconds. Total CPU system time: 0.23 seconds. Total elapsed time: 1.26 seconds; peak allocated memory: 99.629 MB.
   Compiling(apcc) ../../../../../src_fixed_vga/photonReportTiming.c in debug mode
INFO: [HLS 200-10] Running '/tools/Xilinx/Vitis_HLS/2023.2/bin/unwrapped/lnx64.o/apcc'
INFO: [HLS 200-10] For user 'tls' on host 'tls-Legion-5-15ACH6H' (Linux_x86_64 version 6.5.0-28-generic) on Tue Apr 30 02:48:47 WEST 2024
INFO: [HLS 200-10] On os Ubuntu 22.04.4 LTS
INFO: [HLS 200-10] In directory '/home/tls/Dev/wonderland/VitisVisionDisparity/fixed_vga/fixed_vga/hls/csim/build'
INFO: [APCC 202-3] Tmp directory is /home/tls/Dev/wonderland/VitisVisionDisparity/fixed_vga/fixed_vga/hls/csim/build/apcc_db_tls/751111714441727591289
INFO: [APCC 202-1] APCC is done.
INFO: [HLS 200-112] Total CPU user time: 1.17 seconds. Total CPU system time: 0.25 seconds. Total elapsed time: 1.27 seconds; peak allocated memory: 99.629 MB.
   Compiling(apcc) ../../../../../src_fixed_vga/photonStartTiming.c in debug mode
INFO: [HLS 200-10] Running '/tools/Xilinx/Vitis_HLS/2023.2/bin/unwrapped/lnx64.o/apcc'
INFO: [HLS 200-10] For user 'tls' on host 'tls-Legion-5-15ACH6H' (Linux_x86_64 version 6.5.0-28-generic) on Tue Apr 30 02:48:49 WEST 2024
INFO: [HLS 200-10] On os Ubuntu 22.04.4 LTS
INFO: [HLS 200-10] In directory '/home/tls/Dev/wonderland/VitisVisionDisparity/fixed_vga/fixed_vga/hls/csim/build'
INFO: [APCC 202-3] Tmp directory is /home/tls/Dev/wonderland/VitisVisionDisparity/fixed_vga/fixed_vga/hls/csim/build/apcc_db_tls/751721714441729651023
INFO: [APCC 202-1] APCC is done.
INFO: [HLS 200-112] Total CPU user time: 1.24 seconds. Total CPU system time: 0.2 seconds. Total elapsed time: 1.28 seconds; peak allocated memory: 99.629 MB.
   Compiling(apcc) ../../../../../src_fixed_vga/readImage.c in debug mode
INFO: [HLS 200-10] Running '/tools/Xilinx/Vitis_HLS/2023.2/bin/unwrapped/lnx64.o/apcc'
INFO: [HLS 200-10] For user 'tls' on host 'tls-Legion-5-15ACH6H' (Linux_x86_64 version 6.5.0-28-generic) on Tue Apr 30 02:48:51 WEST 2024
INFO: [HLS 200-10] On os Ubuntu 22.04.4 LTS
INFO: [HLS 200-10] In directory '/home/tls/Dev/wonderland/VitisVisionDisparity/fixed_vga/fixed_vga/hls/csim/build'
INFO: [APCC 202-3] Tmp directory is /home/tls/Dev/wonderland/VitisVisionDisparity/fixed_vga/fixed_vga/hls/csim/build/apcc_db_tls/752441714441731693014
INFO: [APCC 202-1] APCC is done.
INFO: [HLS 200-112] Total CPU user time: 1.24 seconds. Total CPU system time: 0.21 seconds. Total elapsed time: 1.31 seconds; peak allocated memory: 99.633 MB.
   Compiling(apcc) ../../../../../src_fixed_vga/script_disparity.c in debug mode
INFO: [HLS 200-10] Running '/tools/Xilinx/Vitis_HLS/2023.2/bin/unwrapped/lnx64.o/apcc'
INFO: [HLS 200-10] For user 'tls' on host 'tls-Legion-5-15ACH6H' (Linux_x86_64 version 6.5.0-28-generic) on Tue Apr 30 02:48:53 WEST 2024
INFO: [HLS 200-10] On os Ubuntu 22.04.4 LTS
INFO: [HLS 200-10] In directory '/home/tls/Dev/wonderland/VitisVisionDisparity/fixed_vga/fixed_vga/hls/csim/build'
INFO: [APCC 202-3] Tmp directory is /home/tls/Dev/wonderland/VitisVisionDisparity/fixed_vga/fixed_vga/hls/csim/build/apcc_db_tls/753051714441733802687
INFO: [APCC 202-1] APCC is done.
INFO: [HLS 200-112] Total CPU user time: 1.21 seconds. Total CPU system time: 0.24 seconds. Total elapsed time: 1.3 seconds; peak allocated memory: 99.629 MB.
   Compiling(apcc) ../../../../foo.c in debug mode
INFO: [HLS 200-10] Running '/tools/Xilinx/Vitis_HLS/2023.2/bin/unwrapped/lnx64.o/apcc'
INFO: [HLS 200-10] For user 'tls' on host 'tls-Legion-5-15ACH6H' (Linux_x86_64 version 6.5.0-28-generic) on Tue Apr 30 02:48:55 WEST 2024
INFO: [HLS 200-10] On os Ubuntu 22.04.4 LTS
INFO: [HLS 200-10] In directory '/home/tls/Dev/wonderland/VitisVisionDisparity/fixed_vga/fixed_vga/hls/csim/build'
INFO: [APCC 202-3] Tmp directory is /home/tls/Dev/wonderland/VitisVisionDisparity/fixed_vga/fixed_vga/hls/csim/build/apcc_db_tls/753721714441735857463
INFO: [APCC 202-1] APCC is done.
INFO: [HLS 200-112] Total CPU user time: 1.14 seconds. Total CPU system time: 0.23 seconds. Total elapsed time: 1.23 seconds; peak allocated memory: 99.613 MB.
   Generating csim.exe
ERR: [SIM 100] CSim failed with errors.
INFO: [SIM 3] *************** CSIM finish ***************
