

================================================================
== Vitis HLS Report for 'rgbToGrayscale_Pipeline_VITIS_LOOP_165_1_VITIS_LOOP_167_2'
================================================================
* Date:           Thu Nov 17 00:27:27 2022

* Version:        2022.1 (Build 3526262 on Mon Apr 18 15:48:16 MDT 2022)
* Project:        edge_detect_vitishls
* Solution:       solution1 (Vitis Kernel Flow Target)
* Product family: versal
* Target device:  xcvc1902-vsva2197-2MP-e-S


================================================================
== Performance Estimates
================================================================
+ Timing: 
    * Summary: 
    +--------+---------+----------+------------+
    |  Clock |  Target | Estimated| Uncertainty|
    +--------+---------+----------+------------+
    |ap_clk  |  5.00 ns|  3.650 ns|     1.35 ns|
    +--------+---------+----------+------------+

+ Latency: 
    * Summary: 
    +---------+---------+----------+----------+--------+--------+---------+
    |  Latency (cycles) |  Latency (absolute) |     Interval    | Pipeline|
    |   min   |   max   |    min   |    max   |   min  |   max  |   Type  |
    +---------+---------+----------+----------+--------+--------+---------+
    |   786524|   786524|  3.933 ms|  3.933 ms|  786524|  786524|       no|
    +---------+---------+----------+----------+--------+--------+---------+

    + Detail: 
        * Instance: 
        N/A

        * Loop: 
        +-------------------------------------+---------+---------+----------+-----------+-----------+--------+----------+
        |                                     |  Latency (cycles) | Iteration|  Initiation Interval  |  Trip  |          |
        |              Loop Name              |   min   |   max   |  Latency |  achieved |   target  |  Count | Pipelined|
        +-------------------------------------+---------+---------+----------+-----------+-----------+--------+----------+
        |- VITIS_LOOP_165_1_VITIS_LOOP_167_2  |   786522|   786522|        92|          3|          1|  262144|       yes|
        +-------------------------------------+---------+---------+----------+-----------+-----------+--------+----------+



================================================================
== Utilization Estimates
================================================================
* Summary: 
+-----------------+---------+------+---------+--------+-----+
|       Name      | BRAM_18K|  DSP |    FF   |   LUT  | URAM|
+-----------------+---------+------+---------+--------+-----+
|DSP              |        -|     -|        -|       -|    -|
|Expression       |        -|     -|        0|    9553|    -|
|FIFO             |        -|     -|        -|       -|    -|
|Instance         |        -|     6|      481|    1017|    -|
|Memory           |        0|     -|       64|      65|    -|
|Multiplexer      |        -|     -|        -|     562|    -|
|Register         |        -|     -|     3422|       0|    -|
+-----------------+---------+------+---------+--------+-----+
|Total            |        0|     6|     3967|   11197|    0|
+-----------------+---------+------+---------+--------+-----+
|Available        |     1934|  1968|  1799680|  899840|  463|
+-----------------+---------+------+---------+--------+-----+
|Utilization (%)  |        0|    ~0|       ~0|       1|    0|
+-----------------+---------+------+---------+--------+-----+

+ Detail: 
    * Instance: 
    +----------------------------------+-------------------------------+---------+----+-----+-----+-----+
    |             Instance             |             Module            | BRAM_18K| DSP|  FF | LUT | URAM|
    +----------------------------------+-------------------------------+---------+----+-----+-----+-----+
    |dadd_64ns_64ns_64_5_no_dsp_1_U3   |dadd_64ns_64ns_64_5_no_dsp_1   |        0|   0|  352|  815|    0|
    |dmul_64ns_64ns_64_4_med_dsp_1_U4  |dmul_64ns_64ns_64_4_med_dsp_1  |        0|   6|  129|  202|    0|
    |fpext_32ns_64_1_no_dsp_1_U2       |fpext_32ns_64_1_no_dsp_1       |        0|   0|    0|    0|    0|
    |fptrunc_64ns_32_1_no_dsp_1_U1     |fptrunc_64ns_32_1_no_dsp_1     |        0|   0|    0|    0|    0|
    |sitodp_32ns_64_4_no_dsp_1_U5      |sitodp_32ns_64_4_no_dsp_1      |        0|   0|    0|    0|    0|
    +----------------------------------+-------------------------------+---------+----+-----+-----+-----+
    |Total                             |                               |        0|   6|  481| 1017|    0|
    +----------------------------------+-------------------------------+---------+----+-----+-----+-----+

    * DSP: 
    N/A

    * Memory: 
    +--------------+----------------------------------------------------------------------------------+---------+----+----+-----+------+-----+------+-------------+
    |    Memory    |                                      Module                                      | BRAM_18K| FF | LUT| URAM| Words| Bits| Banks| W*Bits*Banks|
    +--------------+----------------------------------------------------------------------------------+---------+----+----+-----+------+-----+------+-------------+
    |mask_table_U  |rgbToGrayscale_Pipeline_VITIS_LOOP_165_1_VITIS_LOOP_167_2_mask_table_ROM_AUTObkb  |        0|  64|  65|    0|    64|   52|     1|         3328|
    +--------------+----------------------------------------------------------------------------------+---------+----+----+-----+------+-----+------+-------------+
    |Total         |                                                                                  |        0|  64|  65|    0|    64|   52|     1|         3328|
    +--------------+----------------------------------------------------------------------------------+---------+----+----+-----+------+-----+------+-------------+

    * FIFO: 
    N/A

    * Expression: 
    +------------------------------------+----------+----+---+------+------------+------------+
    |            Variable Name           | Operation| DSP| FF|  LUT | Bitwidth P0| Bitwidth P1|
    +------------------------------------+----------+----+---+------+------------+------------+
    |add_ln165_1_fu_339_p2               |         +|   0|  0|    10|          10|           1|
    |add_ln165_fu_474_p2                 |         +|   0|  0|    19|          19|           1|
    |add_ln167_1_fu_666_p2               |         +|   0|  0|    11|          11|           2|
    |add_ln167_fu_660_p2                 |         +|   0|  0|    10|          10|           1|
    |add_ln169_1_fu_459_p2               |         +|   0|  0|    64|          64|          64|
    |add_ln169_2_fu_589_p2               |         +|   0|  0|     6|           6|           6|
    |add_ln169_3_fu_515_p2               |         +|   0|  0|    22|          22|          22|
    |add_ln169_4_fu_537_p2               |         +|   0|  0|    64|          64|          64|
    |add_ln169_5_fu_634_p2               |         +|   0|  0|    64|          64|          64|
    |add_ln169_6_fu_611_p2               |         +|   0|  0|     6|           6|           6|
    |add_ln169_7_fu_552_p2               |         +|   0|  0|    22|          22|          22|
    |add_ln169_8_fu_649_p2               |         +|   0|  0|     6|           6|           6|
    |add_ln169_fu_437_p2                 |         +|   0|  0|    21|          21|          21|
    |add_ln515_fu_996_p2                 |         +|   0|  0|    12|          12|          11|
    |data_V_1_fu_827_p2                  |         +|   0|  0|    64|          64|          64|
    |result_V_2_fu_1102_p2               |         -|   0|  0|    32|           1|          32|
    |sub_ln1512_fu_1010_p2               |         -|   0|  0|    11|          10|          11|
    |sub_ln169_1_fu_419_p2               |         -|   0|  0|    21|          21|          21|
    |sub_ln169_fu_371_p2                 |         -|   0|  0|    21|          21|          21|
    |and_ln1035_fu_953_p2                |       and|   0|  0|     2|           1|           1|
    |and_ln19_1_fu_933_p2                |       and|   0|  0|     2|           1|           1|
    |and_ln19_fu_928_p2                  |       and|   0|  0|     2|           1|           1|
    |and_ln779_fu_847_p2                 |       and|   0|  0|    52|          64|          64|
    |ap_block_pp0_stage1_01001           |       and|   0|  0|     2|           1|           1|
    |ap_block_state3_io                  |       and|   0|  0|     2|           1|           1|
    |ap_block_state5_io                  |       and|   0|  0|     2|           1|           1|
    |ap_block_state73_pp0_stage0_iter24  |       and|   0|  0|     2|           1|           1|
    |ap_block_state74_pp0_stage1_iter24  |       and|   0|  0|     2|           1|           1|
    |ap_block_state92_io                 |       and|   0|  0|     2|           1|           1|
    |ap_predicate_op511_write_state92    |       and|   0|  0|     2|           1|           1|
    |xs_sig_V_4_fu_878_p2                |       and|   0|  0|    45|          52|          52|
    |icmp_ln1035_1_fu_804_p2             |      icmp|   0|  0|     6|          11|          11|
    |icmp_ln1035_fu_799_p2               |      icmp|   0|  0|     6|          11|          10|
    |icmp_ln165_fu_333_p2                |      icmp|   0|  0|    10|          19|          20|
    |icmp_ln167_fu_383_p2                |      icmp|   0|  0|     6|          10|          11|
    |icmp_ln174_fu_654_p2                |      icmp|   0|  0|     2|           4|           2|
    |icmp_ln19_1_fu_917_p2               |      icmp|   0|  0|     6|          11|           1|
    |icmp_ln19_fu_912_p2                 |      icmp|   0|  0|    26|          52|           1|
    |lshr_ln169_1_fu_723_p2              |      lshr|   0|  0|  2305|         512|         512|
    |lshr_ln169_2_fu_744_p2              |      lshr|   0|  0|  2305|         512|         512|
    |lshr_ln169_fu_702_p2                |      lshr|   0|  0|  2305|         512|         512|
    |r_V_fu_1061_p2                      |      lshr|   0|  0|   521|         137|         137|
    |ap_block_pp0_stage0_11001           |        or|   0|  0|     2|           1|           1|
    |ap_block_pp0_stage1_11001           |        or|   0|  0|     2|           1|           1|
    |ap_block_pp0_stage2_11001           |        or|   0|  0|     2|           1|           1|
    |or_ln1035_fu_894_p2                 |        or|   0|  0|     2|           1|           1|
    |or_ln165_1_fu_488_p2                |        or|   0|  0|    19|          21|           2|
    |or_ln165_fu_479_p2                  |        or|   0|  0|    19|          21|           1|
    |or_ln19_fu_922_p2                   |        or|   0|  0|     2|           1|           1|
    |dc_1_fu_959_p3                      |    select|   0|  0|    58|           1|          64|
    |result_V_fu_1108_p3                 |    select|   0|  0|    26|           1|          32|
    |select_ln1035_fu_900_p3             |    select|   0|  0|    58|           1|          64|
    |select_ln165_1_fu_389_p3            |    select|   0|  0|    10|           1|           1|
    |select_ln165_2_fu_1024_p3           |    select|   0|  0|   245|           1|           1|
    |select_ln165_3_fu_425_p3            |    select|   0|  0|    21|           1|          21|
    |select_ln165_4_fu_497_p3            |    select|   0|  0|     9|           1|          10|
    |select_ln165_fu_572_p3              |    select|   0|  0|     9|           1|           1|
    |select_ln174_fu_1138_p3             |    select|   0|  0|   245|           1|           1|
    |select_ln19_fu_939_p3               |    select|   0|  0|    58|           1|          64|
    |ush_fu_1047_p3                      |    select|   0|  0|    12|           1|          12|
    |val_fu_1095_p3                      |    select|   0|  0|    26|           1|          32|
    |xs_exp_V_5_fu_860_p3                |    select|   0|  0|    10|           1|          11|
    |xs_sig_V_1_fu_866_p3                |    select|   0|  0|    47|           1|          52|
    |r_V_1_fu_1067_p2                    |       shl|   0|  0|   521|         137|         137|
    |ap_enable_pp0                       |       xor|   0|  0|     2|           1|           2|
    |xor_ln1035_fu_947_p2                |       xor|   0|  0|     2|           1|           2|
    |xor_ln1497_fu_872_p2                |       xor|   0|  0|    45|          52|           2|
    +------------------------------------+----------+----+---+------+------------+------------+
    |Total                               |          |   0|  0|  9553|        2623|        2812|
    +------------------------------------+----------+----+---+------+------------+------------+

    * Multiplexer: 
    +--------------------------------------+-----+-----------+-----+-----------+
    |                 Name                 | LUT | Input Size| Bits| Total Bits|
    +--------------------------------------+-----+-----------+-----+-----------+
    |ap_NS_fsm                             |    2|          4|    1|          4|
    |ap_done_int                           |    2|          2|    1|          2|
    |ap_enable_reg_pp0_iter0               |    2|          2|    1|          2|
    |ap_enable_reg_pp0_iter30              |    2|          2|    1|          2|
    |ap_loop_exit_ready_pp0_iter10_reg     |    2|          2|    1|          2|
    |ap_loop_exit_ready_pp0_iter11_reg     |    2|          2|    1|          2|
    |ap_loop_exit_ready_pp0_iter12_reg     |    2|          2|    1|          2|
    |ap_loop_exit_ready_pp0_iter13_reg     |    2|          2|    1|          2|
    |ap_loop_exit_ready_pp0_iter14_reg     |    2|          2|    1|          2|
    |ap_loop_exit_ready_pp0_iter15_reg     |    2|          2|    1|          2|
    |ap_loop_exit_ready_pp0_iter16_reg     |    2|          2|    1|          2|
    |ap_loop_exit_ready_pp0_iter17_reg     |    2|          2|    1|          2|
    |ap_loop_exit_ready_pp0_iter18_reg     |    2|          2|    1|          2|
    |ap_loop_exit_ready_pp0_iter19_reg     |    2|          2|    1|          2|
    |ap_loop_exit_ready_pp0_iter1_reg      |    2|          2|    1|          2|
    |ap_loop_exit_ready_pp0_iter20_reg     |    2|          2|    1|          2|
    |ap_loop_exit_ready_pp0_iter21_reg     |    2|          2|    1|          2|
    |ap_loop_exit_ready_pp0_iter22_reg     |    2|          2|    1|          2|
    |ap_loop_exit_ready_pp0_iter23_reg     |    2|          2|    1|          2|
    |ap_loop_exit_ready_pp0_iter24_reg     |    2|          2|    1|          2|
    |ap_loop_exit_ready_pp0_iter25_reg     |    2|          2|    1|          2|
    |ap_loop_exit_ready_pp0_iter26_reg     |    2|          2|    1|          2|
    |ap_loop_exit_ready_pp0_iter27_reg     |    2|          2|    1|          2|
    |ap_loop_exit_ready_pp0_iter28_reg     |    2|          2|    1|          2|
    |ap_loop_exit_ready_pp0_iter29_reg     |    2|          2|    1|          2|
    |ap_loop_exit_ready_pp0_iter2_reg      |    2|          2|    1|          2|
    |ap_loop_exit_ready_pp0_iter30_reg     |    2|          2|    1|          2|
    |ap_loop_exit_ready_pp0_iter3_reg      |    2|          2|    1|          2|
    |ap_loop_exit_ready_pp0_iter4_reg      |    2|          2|    1|          2|
    |ap_loop_exit_ready_pp0_iter5_reg      |    2|          2|    1|          2|
    |ap_loop_exit_ready_pp0_iter6_reg      |    2|          2|    1|          2|
    |ap_loop_exit_ready_pp0_iter7_reg      |    2|          2|    1|          2|
    |ap_loop_exit_ready_pp0_iter8_reg      |    2|          2|    1|          2|
    |ap_loop_exit_ready_pp0_iter9_reg      |    2|          2|    1|          2|
    |ap_sig_allocacmp_i_1                  |   10|          2|   10|         20|
    |ap_sig_allocacmp_indvar_flatten_load  |   19|          2|   19|         38|
    |gmem_blk_n_AR                         |    2|          2|    1|          2|
    |gmem_blk_n_R                          |    2|          2|    1|          2|
    |gmem_blk_n_W                          |    2|          2|    1|          2|
    |grp_fu_276_p0                         |   64|          3|   64|        192|
    |grp_fu_276_p1                         |   64|          3|   64|        192|
    |grp_fu_282_p1                         |   64|          4|   64|        256|
    |grp_fu_290_p0                         |   32|          4|   32|        128|
    |i_fu_186                              |   10|          2|   10|         20|
    |indvar_flatten_fu_190                 |   19|          2|   19|         38|
    |j_fu_182                              |   10|          2|   10|         20|
    |jj_fu_178                             |   11|          2|   11|         22|
    |m_axi_gmem_ARADDR                     |   64|          4|   64|        256|
    |phi_ln174_fu_174                      |  121|          2|  480|        960|
    +--------------------------------------+-----+-----------+-----+-----------+
    |Total                                 |  562|        108|  884|       2218|
    +--------------------------------------+-----+-----------+-----+-----------+

    * Register: 
    +-----------------------------------+-----+----+-----+-----------+
    |                Name               |  FF | LUT| Bits| Const Bits|
    +-----------------------------------+-----+----+-----+-----------+
    |add_ln165_1_reg_1224               |   10|   0|   10|          0|
    |add_ln169_2_reg_1295               |    6|   0|    6|          0|
    |add_ln169_6_reg_1306               |    6|   0|    6|          0|
    |add_ln169_7_reg_1285               |   22|   0|   22|          0|
    |add_ln169_8_reg_1316               |    6|   0|    6|          0|
    |add_ln515_reg_1449                 |   12|   0|   12|          0|
    |ap_CS_fsm                          |    3|   0|    3|          0|
    |ap_done_reg                        |    1|   0|    1|          0|
    |ap_enable_reg_pp0_iter0_reg        |    1|   0|    1|          0|
    |ap_enable_reg_pp0_iter1            |    1|   0|    1|          0|
    |ap_enable_reg_pp0_iter10           |    1|   0|    1|          0|
    |ap_enable_reg_pp0_iter11           |    1|   0|    1|          0|
    |ap_enable_reg_pp0_iter12           |    1|   0|    1|          0|
    |ap_enable_reg_pp0_iter13           |    1|   0|    1|          0|
    |ap_enable_reg_pp0_iter14           |    1|   0|    1|          0|
    |ap_enable_reg_pp0_iter15           |    1|   0|    1|          0|
    |ap_enable_reg_pp0_iter16           |    1|   0|    1|          0|
    |ap_enable_reg_pp0_iter17           |    1|   0|    1|          0|
    |ap_enable_reg_pp0_iter18           |    1|   0|    1|          0|
    |ap_enable_reg_pp0_iter19           |    1|   0|    1|          0|
    |ap_enable_reg_pp0_iter2            |    1|   0|    1|          0|
    |ap_enable_reg_pp0_iter20           |    1|   0|    1|          0|
    |ap_enable_reg_pp0_iter21           |    1|   0|    1|          0|
    |ap_enable_reg_pp0_iter22           |    1|   0|    1|          0|
    |ap_enable_reg_pp0_iter23           |    1|   0|    1|          0|
    |ap_enable_reg_pp0_iter24           |    1|   0|    1|          0|
    |ap_enable_reg_pp0_iter25           |    1|   0|    1|          0|
    |ap_enable_reg_pp0_iter26           |    1|   0|    1|          0|
    |ap_enable_reg_pp0_iter27           |    1|   0|    1|          0|
    |ap_enable_reg_pp0_iter28           |    1|   0|    1|          0|
    |ap_enable_reg_pp0_iter29           |    1|   0|    1|          0|
    |ap_enable_reg_pp0_iter3            |    1|   0|    1|          0|
    |ap_enable_reg_pp0_iter30           |    1|   0|    1|          0|
    |ap_enable_reg_pp0_iter4            |    1|   0|    1|          0|
    |ap_enable_reg_pp0_iter5            |    1|   0|    1|          0|
    |ap_enable_reg_pp0_iter6            |    1|   0|    1|          0|
    |ap_enable_reg_pp0_iter7            |    1|   0|    1|          0|
    |ap_enable_reg_pp0_iter8            |    1|   0|    1|          0|
    |ap_enable_reg_pp0_iter9            |    1|   0|    1|          0|
    |ap_loop_exit_ready_pp0_iter10_reg  |    1|   0|    1|          0|
    |ap_loop_exit_ready_pp0_iter11_reg  |    1|   0|    1|          0|
    |ap_loop_exit_ready_pp0_iter12_reg  |    1|   0|    1|          0|
    |ap_loop_exit_ready_pp0_iter13_reg  |    1|   0|    1|          0|
    |ap_loop_exit_ready_pp0_iter14_reg  |    1|   0|    1|          0|
    |ap_loop_exit_ready_pp0_iter15_reg  |    1|   0|    1|          0|
    |ap_loop_exit_ready_pp0_iter16_reg  |    1|   0|    1|          0|
    |ap_loop_exit_ready_pp0_iter17_reg  |    1|   0|    1|          0|
    |ap_loop_exit_ready_pp0_iter18_reg  |    1|   0|    1|          0|
    |ap_loop_exit_ready_pp0_iter19_reg  |    1|   0|    1|          0|
    |ap_loop_exit_ready_pp0_iter1_reg   |    1|   0|    1|          0|
    |ap_loop_exit_ready_pp0_iter20_reg  |    1|   0|    1|          0|
    |ap_loop_exit_ready_pp0_iter21_reg  |    1|   0|    1|          0|
    |ap_loop_exit_ready_pp0_iter22_reg  |    1|   0|    1|          0|
    |ap_loop_exit_ready_pp0_iter23_reg  |    1|   0|    1|          0|
    |ap_loop_exit_ready_pp0_iter24_reg  |    1|   0|    1|          0|
    |ap_loop_exit_ready_pp0_iter25_reg  |    1|   0|    1|          0|
    |ap_loop_exit_ready_pp0_iter26_reg  |    1|   0|    1|          0|
    |ap_loop_exit_ready_pp0_iter27_reg  |    1|   0|    1|          0|
    |ap_loop_exit_ready_pp0_iter28_reg  |    1|   0|    1|          0|
    |ap_loop_exit_ready_pp0_iter29_reg  |    1|   0|    1|          0|
    |ap_loop_exit_ready_pp0_iter2_reg   |    1|   0|    1|          0|
    |ap_loop_exit_ready_pp0_iter30_reg  |    1|   0|    1|          0|
    |ap_loop_exit_ready_pp0_iter3_reg   |    1|   0|    1|          0|
    |ap_loop_exit_ready_pp0_iter4_reg   |    1|   0|    1|          0|
    |ap_loop_exit_ready_pp0_iter5_reg   |    1|   0|    1|          0|
    |ap_loop_exit_ready_pp0_iter6_reg   |    1|   0|    1|          0|
    |ap_loop_exit_ready_pp0_iter7_reg   |    1|   0|    1|          0|
    |ap_loop_exit_ready_pp0_iter8_reg   |    1|   0|    1|          0|
    |ap_loop_exit_ready_pp0_iter9_reg   |    1|   0|    1|          0|
    |data_V_reg_1402                    |   64|   0|   64|          0|
    |dc_reg_1397                        |   64|   0|   64|          0|
    |gmem_addr_1_read_reg_1332          |  512|   0|  512|          0|
    |gmem_addr_2_read_reg_1342          |  512|   0|  512|          0|
    |gmem_addr_3_read_reg_1352          |  512|   0|  512|          0|
    |i_1_reg_1204                       |   10|   0|   10|          0|
    |i_fu_186                           |   10|   0|   10|          0|
    |icmp_ln165_reg_1220                |    1|   0|    1|          0|
    |icmp_ln167_reg_1240                |    1|   0|    1|          0|
    |icmp_ln174_reg_1321                |    1|   0|    1|          0|
    |indvar_flatten_fu_190              |   19|   0|   19|          0|
    |indvar_flatten_load_reg_1209       |   19|   0|   19|          0|
    |isNeg_reg_1454                     |    1|   0|    1|          0|
    |j_fu_182                           |   10|   0|   10|          0|
    |j_load_reg_1235                    |   10|   0|   10|          0|
    |jj_fu_178                          |   11|   0|   11|          0|
    |mul2_reg_1387                      |   64|   0|   64|          0|
    |mul_reg_1377                       |   64|   0|   64|          0|
    |p_Result_4_reg_1439                |    1|   0|    1|          0|
    |p_Result_5_reg_1444                |   52|   0|   52|          0|
    |p_Result_s_reg_1407                |    1|   0|    1|          0|
    |phi_ln174_fu_174                   |  480|   0|  480|          0|
    |result_V_reg_1476                  |   32|   0|   32|          0|
    |select_ln165_1_reg_1247            |   11|   0|   11|          0|
    |select_ln165_2_reg_1470            |  480|   0|  480|          0|
    |select_ln165_3_reg_1253            |   12|   0|   21|          9|
    |sub_ln1512_reg_1460                |   11|   0|   11|          0|
    |trunc_ln167_1_reg_1229             |    9|   0|    9|          0|
    |trunc_ln167_reg_1214               |    9|   0|    9|          0|
    |trunc_ln169_10_reg_1290            |    4|   0|    4|          0|
    |trunc_ln169_2_reg_1264             |   58|   0|   58|          0|
    |trunc_ln169_5_reg_1280             |   58|   0|   58|          0|
    |trunc_ln169_6_reg_1275             |    4|   0|    4|          0|
    |trunc_ln169_8_reg_1311             |   58|   0|   58|          0|
    |trunc_ln169_reg_1259               |    4|   0|    4|          0|
    |trunc_ln368_reg_1434               |   63|   0|   63|          0|
    |xs_exp_V_4_reg_1415                |   11|   0|   11|          0|
    |xs_sig_V_3_reg_1423                |   52|   0|   52|          0|
    |add_ln169_2_reg_1295               |    0|   0|    6|          0|
    |add_ln169_6_reg_1306               |    0|   0|    6|          0|
    |add_ln169_8_reg_1316               |    0|   0|    6|          0|
    |icmp_ln165_reg_1220                |    0|   0|    1|          0|
    |icmp_ln167_reg_1240                |    0|   0|    1|          0|
    |icmp_ln174_reg_1321                |    0|   0|    1|          0|
    +-----------------------------------+-----+----+-----+-----------+
    |Total                              | 3422|   0| 3452|          9|
    +-----------------------------------+-----+----+-----+-----------+



================================================================
== Interface
================================================================
* Summary: 
+---------------------+-----+-----+------------+-----------------------------------------------------------+--------------+
|      RTL Ports      | Dir | Bits|  Protocol  |                       Source Object                       |    C Type    |
+---------------------+-----+-----+------------+-----------------------------------------------------------+--------------+
|ap_clk               |   in|    1|  ap_ctrl_hs|  rgbToGrayscale_Pipeline_VITIS_LOOP_165_1_VITIS_LOOP_167_2|  return value|
|ap_rst               |   in|    1|  ap_ctrl_hs|  rgbToGrayscale_Pipeline_VITIS_LOOP_165_1_VITIS_LOOP_167_2|  return value|
|ap_start             |   in|    1|  ap_ctrl_hs|  rgbToGrayscale_Pipeline_VITIS_LOOP_165_1_VITIS_LOOP_167_2|  return value|
|ap_done              |  out|    1|  ap_ctrl_hs|  rgbToGrayscale_Pipeline_VITIS_LOOP_165_1_VITIS_LOOP_167_2|  return value|
|ap_idle              |  out|    1|  ap_ctrl_hs|  rgbToGrayscale_Pipeline_VITIS_LOOP_165_1_VITIS_LOOP_167_2|  return value|
|ap_ready             |  out|    1|  ap_ctrl_hs|  rgbToGrayscale_Pipeline_VITIS_LOOP_165_1_VITIS_LOOP_167_2|  return value|
|m_axi_gmem_AWVALID   |  out|    1|       m_axi|                                                       gmem|       pointer|
|m_axi_gmem_AWREADY   |   in|    1|       m_axi|                                                       gmem|       pointer|
|m_axi_gmem_AWADDR    |  out|   64|       m_axi|                                                       gmem|       pointer|
|m_axi_gmem_AWID      |  out|    1|       m_axi|                                                       gmem|       pointer|
|m_axi_gmem_AWLEN     |  out|   32|       m_axi|                                                       gmem|       pointer|
|m_axi_gmem_AWSIZE    |  out|    3|       m_axi|                                                       gmem|       pointer|
|m_axi_gmem_AWBURST   |  out|    2|       m_axi|                                                       gmem|       pointer|
|m_axi_gmem_AWLOCK    |  out|    2|       m_axi|                                                       gmem|       pointer|
|m_axi_gmem_AWCACHE   |  out|    4|       m_axi|                                                       gmem|       pointer|
|m_axi_gmem_AWPROT    |  out|    3|       m_axi|                                                       gmem|       pointer|
|m_axi_gmem_AWQOS     |  out|    4|       m_axi|                                                       gmem|       pointer|
|m_axi_gmem_AWREGION  |  out|    4|       m_axi|                                                       gmem|       pointer|
|m_axi_gmem_AWUSER    |  out|    1|       m_axi|                                                       gmem|       pointer|
|m_axi_gmem_WVALID    |  out|    1|       m_axi|                                                       gmem|       pointer|
|m_axi_gmem_WREADY    |   in|    1|       m_axi|                                                       gmem|       pointer|
|m_axi_gmem_WDATA     |  out|  512|       m_axi|                                                       gmem|       pointer|
|m_axi_gmem_WSTRB     |  out|   64|       m_axi|                                                       gmem|       pointer|
|m_axi_gmem_WLAST     |  out|    1|       m_axi|                                                       gmem|       pointer|
|m_axi_gmem_WID       |  out|    1|       m_axi|                                                       gmem|       pointer|
|m_axi_gmem_WUSER     |  out|    1|       m_axi|                                                       gmem|       pointer|
|m_axi_gmem_ARVALID   |  out|    1|       m_axi|                                                       gmem|       pointer|
|m_axi_gmem_ARREADY   |   in|    1|       m_axi|                                                       gmem|       pointer|
|m_axi_gmem_ARADDR    |  out|   64|       m_axi|                                                       gmem|       pointer|
|m_axi_gmem_ARID      |  out|    1|       m_axi|                                                       gmem|       pointer|
|m_axi_gmem_ARLEN     |  out|   32|       m_axi|                                                       gmem|       pointer|
|m_axi_gmem_ARSIZE    |  out|    3|       m_axi|                                                       gmem|       pointer|
|m_axi_gmem_ARBURST   |  out|    2|       m_axi|                                                       gmem|       pointer|
|m_axi_gmem_ARLOCK    |  out|    2|       m_axi|                                                       gmem|       pointer|
|m_axi_gmem_ARCACHE   |  out|    4|       m_axi|                                                       gmem|       pointer|
|m_axi_gmem_ARPROT    |  out|    3|       m_axi|                                                       gmem|       pointer|
|m_axi_gmem_ARQOS     |  out|    4|       m_axi|                                                       gmem|       pointer|
|m_axi_gmem_ARREGION  |  out|    4|       m_axi|                                                       gmem|       pointer|
|m_axi_gmem_ARUSER    |  out|    1|       m_axi|                                                       gmem|       pointer|
|m_axi_gmem_RVALID    |   in|    1|       m_axi|                                                       gmem|       pointer|
|m_axi_gmem_RREADY    |  out|    1|       m_axi|                                                       gmem|       pointer|
|m_axi_gmem_RDATA     |   in|  512|       m_axi|                                                       gmem|       pointer|
|m_axi_gmem_RLAST     |   in|    1|       m_axi|                                                       gmem|       pointer|
|m_axi_gmem_RID       |   in|    1|       m_axi|                                                       gmem|       pointer|
|m_axi_gmem_RFIFONUM  |   in|    9|       m_axi|                                                       gmem|       pointer|
|m_axi_gmem_RUSER     |   in|    1|       m_axi|                                                       gmem|       pointer|
|m_axi_gmem_RRESP     |   in|    2|       m_axi|                                                       gmem|       pointer|
|m_axi_gmem_BVALID    |   in|    1|       m_axi|                                                       gmem|       pointer|
|m_axi_gmem_BREADY    |  out|    1|       m_axi|                                                       gmem|       pointer|
|m_axi_gmem_BRESP     |   in|    2|       m_axi|                                                       gmem|       pointer|
|m_axi_gmem_BID       |   in|    1|       m_axi|                                                       gmem|       pointer|
|m_axi_gmem_BUSER     |   in|    1|       m_axi|                                                       gmem|       pointer|
|sext_ln165           |   in|   58|     ap_none|                                                 sext_ln165|        scalar|
|input_image          |   in|   64|     ap_none|                                                input_image|        scalar|
|trunc_ln1            |   in|    6|     ap_none|                                                  trunc_ln1|        scalar|
+---------------------+-----+-----+------------+-----------------------------------------------------------+--------------+

