Tue Jul  9 01:47:37 2024: Running xcd server. This server was built by gradle.
Tue Jul  9 01:47:37 2024: Server was asked to start on port: '45727'
Tue Jul  9 01:47:37 2024: Server is using token UUID: '337e691b-3dc7-4489-adc2-148c7602cfc5'
Tue Jul  9 01:47:37 2024: SESSION_MGR: creating session with session uuid: '6d04a3e9-ade5-4ab9-8d63-1f78fcd2ec76' and name 'default'
Tue Jul  9 01:47:37 2024: Attempting to start server on port '45727'
Tue Jul  9 01:47:37 2024: XCD main fifo: created main fifo '/tmp/xcdmain337e691b-3dc7-4489-adc2-148c7602cfc5', fd read = 13
Tue Jul  9 01:47:37 2024: Running Dispatch Server
Tue Jul  9 01:47:37 2024: Version 2.2.0
Tue Jul  9 01:47:39 2024: Dispatch Server: Accepted socket connection from client
Tue Jul  9 01:47:39 2024: Starting Socket connection
Tue Jul  9 01:47:39 2024: EXCHANGE_TOKEN received, server token: 337e691b-3dc7-4489-adc2-148c7602cfc5, passed token: 337e691b-3dc7-4489-adc2-148c7602cfc5
Tue Jul  9 01:47:39 2024: DISPATCH_HANDLER: Adding handler from function makeHandler in library libxv_system_diagram
Tue Jul  9 01:47:39 2024: SESSION_MGR: creating session with session uuid: '08e093aa-80ee-48b8-aa1a-80e60d952ad5' and name 'v++_compile_edgedetect'
Tue Jul  9 01:47:39 2024: KERNEL_SVC: creating session with uuid: '08e093aa-80ee-48b8-aa1a-80e60d952ad5' and name 'v++_compile_edgedetect'
Tue Jul  9 01:47:39 2024: GUIDANCE_SMGR: creating guidance session with uuid: '08e093aa-80ee-48b8-aa1a-80e60d952ad5' and name 'v++_compile_edgedetect'
Tue Jul  9 01:47:39 2024: SYSTEM_DIAGRAM: creating session with uuid: '08e093aa-80ee-48b8-aa1a-80e60d952ad5' and name 'v++_compile_edgedetect'
Tue Jul  9 01:47:53 2024: SESSION_MGR: closing session for UUID '08e093aa-80ee-48b8-aa1a-80e60d952ad5' with name 'v++_compile_edgedetect'
Tue Jul  9 01:47:53 2024: KERNEL_SVC: closing session for UUID '08e093aa-80ee-48b8-aa1a-80e60d952ad5' with name 'v++_compile_edgedetect'
Tue Jul  9 01:47:53 2024: GUIDANCE_SMGR: closing session for UUID '08e093aa-80ee-48b8-aa1a-80e60d952ad5' with name 'v++_compile_edgedetect'
Tue Jul  9 01:47:53 2024: SYSTEM_DIAGRAM: closing session for UUID '08e093aa-80ee-48b8-aa1a-80e60d952ad5' with name 'v++_compile_edgedetect'
Tue Jul  9 01:47:53 2024: STOP_SERVER received, server token: 337e691b-3dc7-4489-adc2-148c7602cfc5, passed token: 337e691b-3dc7-4489-adc2-148c7602cfc5
Tue Jul  9 01:47:53 2024: Socket received request to stop server.
Tue Jul  9 01:47:53 2024: Dispatch Server: do_await_stop
Tue Jul  9 01:47:53 2024: Dispatch Server: stopping mainFifo_
Tue Jul  9 01:47:53 2024: XCD main fifo: Stopping
Tue Jul  9 01:47:53 2024: XCD main fifo: do_read error code: Operation canceled
Tue Jul  9 01:47:53 2024: XCD main fifo: bytes_transferred: 0
Tue Jul  9 01:47:53 2024: SERVER: destructor for server bound to port 45727
Tue Jul  9 01:47:53 2024: XCD main fifo: Good unlink of /tmp/xcdmain337e691b-3dc7-4489-adc2-148c7602cfc5
Tue Jul  9 01:47:53 2024: Server exiting with status 0.
Tue Jul  9 01:47:53 2024: Closing log file.
Tue Jul  9 01:58:38 2024: Running xcd server. This server was built by gradle.
Tue Jul  9 01:58:38 2024: Server was asked to start on port: '37687'
Tue Jul  9 01:58:38 2024: Server is using token UUID: '30213dc0-0d17-489a-b134-cf085dac45e7'
Tue Jul  9 01:58:38 2024: SESSION_MGR: creating session with session uuid: '6d04a3e9-ade5-4ab9-8d63-1f78fcd2ec76' and name 'default'
Tue Jul  9 01:58:38 2024: Attempting to start server on port '37687'
Tue Jul  9 01:58:38 2024: XCD main fifo: created main fifo '/tmp/xcdmain30213dc0-0d17-489a-b134-cf085dac45e7', fd read = 13
Tue Jul  9 01:58:38 2024: Running Dispatch Server
Tue Jul  9 01:58:38 2024: Version 2.2.0
Tue Jul  9 01:58:40 2024: Dispatch Server: Accepted socket connection from client
Tue Jul  9 01:58:40 2024: Starting Socket connection
Tue Jul  9 01:58:40 2024: EXCHANGE_TOKEN received, server token: 30213dc0-0d17-489a-b134-cf085dac45e7, passed token: 30213dc0-0d17-489a-b134-cf085dac45e7
Tue Jul  9 01:58:40 2024: DISPATCH_HANDLER: Adding handler from function makeHandler in library libxv_system_diagram
Tue Jul  9 01:58:40 2024: SESSION_MGR: creating session with session uuid: '1809f745-880a-49dc-932f-111419ce6c46' and name 'v++_compile_edgedetect'
Tue Jul  9 01:58:40 2024: KERNEL_SVC: creating session with uuid: '1809f745-880a-49dc-932f-111419ce6c46' and name 'v++_compile_edgedetect'
Tue Jul  9 01:58:40 2024: GUIDANCE_SMGR: creating guidance session with uuid: '1809f745-880a-49dc-932f-111419ce6c46' and name 'v++_compile_edgedetect'
Tue Jul  9 01:58:40 2024: SYSTEM_DIAGRAM: creating session with uuid: '1809f745-880a-49dc-932f-111419ce6c46' and name 'v++_compile_edgedetect'
Tue Jul  9 01:58:54 2024: SESSION_MGR: closing session for UUID '1809f745-880a-49dc-932f-111419ce6c46' with name 'v++_compile_edgedetect'
Tue Jul  9 01:58:54 2024: KERNEL_SVC: closing session for UUID '1809f745-880a-49dc-932f-111419ce6c46' with name 'v++_compile_edgedetect'
Tue Jul  9 01:58:54 2024: GUIDANCE_SMGR: closing session for UUID '1809f745-880a-49dc-932f-111419ce6c46' with name 'v++_compile_edgedetect'
Tue Jul  9 01:58:54 2024: SYSTEM_DIAGRAM: closing session for UUID '1809f745-880a-49dc-932f-111419ce6c46' with name 'v++_compile_edgedetect'
Tue Jul  9 01:58:54 2024: STOP_SERVER received, server token: 30213dc0-0d17-489a-b134-cf085dac45e7, passed token: 30213dc0-0d17-489a-b134-cf085dac45e7
Tue Jul  9 01:58:54 2024: Socket received request to stop server.
Tue Jul  9 01:58:54 2024: Dispatch Server: do_await_stop
Tue Jul  9 01:58:54 2024: Dispatch Server: stopping mainFifo_
Tue Jul  9 01:58:54 2024: XCD main fifo: Stopping
Tue Jul  9 01:58:54 2024: XCD main fifo: do_read error code: Operation canceled
Tue Jul  9 01:58:54 2024: XCD main fifo: bytes_transferred: 0
Tue Jul  9 01:58:54 2024: SERVER: destructor for server bound to port 37687
Tue Jul  9 01:58:54 2024: XCD main fifo: Good unlink of /tmp/xcdmain30213dc0-0d17-489a-b134-cf085dac45e7
Tue Jul  9 01:58:54 2024: Server exiting with status 0.
Tue Jul  9 01:58:54 2024: Closing log file.
Tue Jul  9 02:00:31 2024: Running xcd server. This server was built by gradle.
Tue Jul  9 02:00:31 2024: Server was asked to start on port: '41419'
Tue Jul  9 02:00:31 2024: Server is using token UUID: '622f2a75-72b1-45b4-9274-4318a808df62'
Tue Jul  9 02:00:31 2024: SESSION_MGR: creating session with session uuid: '6d04a3e9-ade5-4ab9-8d63-1f78fcd2ec76' and name 'default'
Tue Jul  9 02:00:31 2024: Attempting to start server on port '41419'
Tue Jul  9 02:00:31 2024: XCD main fifo: created main fifo '/tmp/xcdmain622f2a75-72b1-45b4-9274-4318a808df62', fd read = 13
Tue Jul  9 02:00:31 2024: Running Dispatch Server
Tue Jul  9 02:00:31 2024: Version 2.2.0
Tue Jul  9 02:00:32 2024: Dispatch Server: Accepted socket connection from client
Tue Jul  9 02:00:32 2024: Starting Socket connection
Tue Jul  9 02:00:32 2024: EXCHANGE_TOKEN received, server token: 622f2a75-72b1-45b4-9274-4318a808df62, passed token: 622f2a75-72b1-45b4-9274-4318a808df62
Tue Jul  9 02:00:33 2024: DISPATCH_HANDLER: Adding handler from function makeHandler in library libxv_system_diagram
Tue Jul  9 02:00:33 2024: SESSION_MGR: creating session with session uuid: 'd70f7170-08b1-40b8-bc45-9d243778140a' and name 'v++_compile_edgedetect'
Tue Jul  9 02:00:33 2024: KERNEL_SVC: creating session with uuid: 'd70f7170-08b1-40b8-bc45-9d243778140a' and name 'v++_compile_edgedetect'
Tue Jul  9 02:00:33 2024: GUIDANCE_SMGR: creating guidance session with uuid: 'd70f7170-08b1-40b8-bc45-9d243778140a' and name 'v++_compile_edgedetect'
Tue Jul  9 02:00:33 2024: SYSTEM_DIAGRAM: creating session with uuid: 'd70f7170-08b1-40b8-bc45-9d243778140a' and name 'v++_compile_edgedetect'
Tue Jul  9 02:00:46 2024: SESSION_MGR: closing session for UUID 'd70f7170-08b1-40b8-bc45-9d243778140a' with name 'v++_compile_edgedetect'
Tue Jul  9 02:00:46 2024: KERNEL_SVC: closing session for UUID 'd70f7170-08b1-40b8-bc45-9d243778140a' with name 'v++_compile_edgedetect'
Tue Jul  9 02:00:46 2024: GUIDANCE_SMGR: closing session for UUID 'd70f7170-08b1-40b8-bc45-9d243778140a' with name 'v++_compile_edgedetect'
Tue Jul  9 02:00:46 2024: SYSTEM_DIAGRAM: closing session for UUID 'd70f7170-08b1-40b8-bc45-9d243778140a' with name 'v++_compile_edgedetect'
Tue Jul  9 02:00:46 2024: STOP_SERVER received, server token: 622f2a75-72b1-45b4-9274-4318a808df62, passed token: 622f2a75-72b1-45b4-9274-4318a808df62
Tue Jul  9 02:00:46 2024: Socket received request to stop server.
Tue Jul  9 02:00:46 2024: Dispatch Server: do_await_stop
Tue Jul  9 02:00:46 2024: Dispatch Server: stopping mainFifo_
Tue Jul  9 02:00:46 2024: XCD main fifo: Stopping
Tue Jul  9 02:00:46 2024: XCD main fifo: do_read error code: Operation canceled
Tue Jul  9 02:00:46 2024: XCD main fifo: bytes_transferred: 0
Tue Jul  9 02:00:46 2024: SERVER: destructor for server bound to port 41419
Tue Jul  9 02:00:46 2024: XCD main fifo: Good unlink of /tmp/xcdmain622f2a75-72b1-45b4-9274-4318a808df62
Tue Jul  9 02:00:46 2024: Server exiting with status 0.
Tue Jul  9 02:00:46 2024: Closing log file.
Tue Jul  9 02:15:27 2024: Running xcd server. This server was built by gradle.
Tue Jul  9 02:15:27 2024: Server was asked to start on port: '33771'
Tue Jul  9 02:15:27 2024: Server is using token UUID: '142b970b-c06e-4558-9c05-46e2e078054d'
Tue Jul  9 02:15:27 2024: SESSION_MGR: creating session with session uuid: '6d04a3e9-ade5-4ab9-8d63-1f78fcd2ec76' and name 'default'
Tue Jul  9 02:15:27 2024: Attempting to start server on port '33771'
Tue Jul  9 02:15:27 2024: XCD main fifo: created main fifo '/tmp/xcdmain142b970b-c06e-4558-9c05-46e2e078054d', fd read = 13
Tue Jul  9 02:15:27 2024: Running Dispatch Server
Tue Jul  9 02:15:27 2024: Version 2.2.0
Tue Jul  9 02:15:29 2024: Dispatch Server: Accepted socket connection from client
Tue Jul  9 02:15:29 2024: Starting Socket connection
Tue Jul  9 02:15:29 2024: EXCHANGE_TOKEN received, server token: 142b970b-c06e-4558-9c05-46e2e078054d, passed token: 142b970b-c06e-4558-9c05-46e2e078054d
Tue Jul  9 02:15:29 2024: DISPATCH_HANDLER: Adding handler from function makeHandler in library libxv_system_diagram
Tue Jul  9 02:15:29 2024: SESSION_MGR: creating session with session uuid: '7313c729-2160-4a8e-93ea-22888e78add5' and name 'v++_compile_edgedetect'
Tue Jul  9 02:15:29 2024: KERNEL_SVC: creating session with uuid: '7313c729-2160-4a8e-93ea-22888e78add5' and name 'v++_compile_edgedetect'
Tue Jul  9 02:15:29 2024: GUIDANCE_SMGR: creating guidance session with uuid: '7313c729-2160-4a8e-93ea-22888e78add5' and name 'v++_compile_edgedetect'
Tue Jul  9 02:15:29 2024: SYSTEM_DIAGRAM: creating session with uuid: '7313c729-2160-4a8e-93ea-22888e78add5' and name 'v++_compile_edgedetect'
Tue Jul  9 02:15:43 2024: SESSION_MGR: closing session for UUID '7313c729-2160-4a8e-93ea-22888e78add5' with name 'v++_compile_edgedetect'
Tue Jul  9 02:15:43 2024: KERNEL_SVC: closing session for UUID '7313c729-2160-4a8e-93ea-22888e78add5' with name 'v++_compile_edgedetect'
Tue Jul  9 02:15:43 2024: GUIDANCE_SMGR: closing session for UUID '7313c729-2160-4a8e-93ea-22888e78add5' with name 'v++_compile_edgedetect'
Tue Jul  9 02:15:43 2024: SYSTEM_DIAGRAM: closing session for UUID '7313c729-2160-4a8e-93ea-22888e78add5' with name 'v++_compile_edgedetect'
Tue Jul  9 02:15:43 2024: STOP_SERVER received, server token: 142b970b-c06e-4558-9c05-46e2e078054d, passed token: 142b970b-c06e-4558-9c05-46e2e078054d
Tue Jul  9 02:15:43 2024: Socket received request to stop server.
Tue Jul  9 02:15:43 2024: Dispatch Server: do_await_stop
Tue Jul  9 02:15:43 2024: Dispatch Server: stopping mainFifo_
Tue Jul  9 02:15:43 2024: XCD main fifo: Stopping
Tue Jul  9 02:15:43 2024: XCD main fifo: do_read error code: Operation canceled
Tue Jul  9 02:15:43 2024: XCD main fifo: bytes_transferred: 0
Tue Jul  9 02:15:43 2024: SERVER: destructor for server bound to port 33771
Tue Jul  9 02:15:43 2024: XCD main fifo: Good unlink of /tmp/xcdmain142b970b-c06e-4558-9c05-46e2e078054d
Tue Jul  9 02:15:43 2024: Server exiting with status 0.
Tue Jul  9 02:15:43 2024: Closing log file.
Tue Jul  9 02:16:44 2024: Running xcd server. This server was built by gradle.
Tue Jul  9 02:16:44 2024: Server was asked to start on port: '35577'
Tue Jul  9 02:16:44 2024: Server is using token UUID: 'f4e24931-477c-49c4-a93c-e4255ae95a03'
Tue Jul  9 02:16:44 2024: SESSION_MGR: creating session with session uuid: '6d04a3e9-ade5-4ab9-8d63-1f78fcd2ec76' and name 'default'
Tue Jul  9 02:16:44 2024: Attempting to start server on port '35577'
Tue Jul  9 02:16:44 2024: XCD main fifo: created main fifo '/tmp/xcdmainf4e24931-477c-49c4-a93c-e4255ae95a03', fd read = 13
Tue Jul  9 02:16:44 2024: Running Dispatch Server
Tue Jul  9 02:16:44 2024: Version 2.2.0
Tue Jul  9 02:16:46 2024: Dispatch Server: Accepted socket connection from client
Tue Jul  9 02:16:46 2024: Starting Socket connection
Tue Jul  9 02:16:46 2024: EXCHANGE_TOKEN received, server token: f4e24931-477c-49c4-a93c-e4255ae95a03, passed token: f4e24931-477c-49c4-a93c-e4255ae95a03
Tue Jul  9 02:16:46 2024: DISPATCH_HANDLER: Adding handler from function makeHandler in library libxv_system_diagram
Tue Jul  9 02:16:46 2024: SESSION_MGR: creating session with session uuid: '28cb9497-4953-481e-960e-b51f0c585706' and name 'v++_compile_edgedetect'
Tue Jul  9 02:16:46 2024: KERNEL_SVC: creating session with uuid: '28cb9497-4953-481e-960e-b51f0c585706' and name 'v++_compile_edgedetect'
Tue Jul  9 02:16:46 2024: GUIDANCE_SMGR: creating guidance session with uuid: '28cb9497-4953-481e-960e-b51f0c585706' and name 'v++_compile_edgedetect'
Tue Jul  9 02:16:46 2024: SYSTEM_DIAGRAM: creating session with uuid: '28cb9497-4953-481e-960e-b51f0c585706' and name 'v++_compile_edgedetect'
Tue Jul  9 02:17:00 2024: SESSION_MGR: closing session for UUID '28cb9497-4953-481e-960e-b51f0c585706' with name 'v++_compile_edgedetect'
Tue Jul  9 02:17:00 2024: KERNEL_SVC: closing session for UUID '28cb9497-4953-481e-960e-b51f0c585706' with name 'v++_compile_edgedetect'
Tue Jul  9 02:17:00 2024: GUIDANCE_SMGR: closing session for UUID '28cb9497-4953-481e-960e-b51f0c585706' with name 'v++_compile_edgedetect'
Tue Jul  9 02:17:00 2024: SYSTEM_DIAGRAM: closing session for UUID '28cb9497-4953-481e-960e-b51f0c585706' with name 'v++_compile_edgedetect'
Tue Jul  9 02:17:00 2024: STOP_SERVER received, server token: f4e24931-477c-49c4-a93c-e4255ae95a03, passed token: f4e24931-477c-49c4-a93c-e4255ae95a03
Tue Jul  9 02:17:00 2024: Socket received request to stop server.
Tue Jul  9 02:17:00 2024: Dispatch Server: do_await_stop
Tue Jul  9 02:17:00 2024: Dispatch Server: stopping mainFifo_
Tue Jul  9 02:17:00 2024: XCD main fifo: Stopping
Tue Jul  9 02:17:00 2024: XCD main fifo: do_read error code: Operation canceled
Tue Jul  9 02:17:00 2024: XCD main fifo: bytes_transferred: 0
Tue Jul  9 02:17:00 2024: SERVER: destructor for server bound to port 35577
Tue Jul  9 02:17:00 2024: XCD main fifo: Good unlink of /tmp/xcdmainf4e24931-477c-49c4-a93c-e4255ae95a03
Tue Jul  9 02:17:00 2024: Server exiting with status 0.
Tue Jul  9 02:17:00 2024: Closing log file.
Tue Jul  9 02:19:43 2024: Running xcd server. This server was built by gradle.
Tue Jul  9 02:19:43 2024: Server was asked to start on port: '40715'
Tue Jul  9 02:19:43 2024: Server is using token UUID: 'f866792a-391e-44fe-b5ca-c94bc579eaff'
Tue Jul  9 02:19:43 2024: SESSION_MGR: creating session with session uuid: '6d04a3e9-ade5-4ab9-8d63-1f78fcd2ec76' and name 'default'
Tue Jul  9 02:19:43 2024: Attempting to start server on port '40715'
Tue Jul  9 02:19:43 2024: XCD main fifo: created main fifo '/tmp/xcdmainf866792a-391e-44fe-b5ca-c94bc579eaff', fd read = 13
Tue Jul  9 02:19:43 2024: Running Dispatch Server
Tue Jul  9 02:19:43 2024: Version 2.2.0
Tue Jul  9 02:19:45 2024: Dispatch Server: Accepted socket connection from client
Tue Jul  9 02:19:45 2024: Starting Socket connection
Tue Jul  9 02:19:45 2024: EXCHANGE_TOKEN received, server token: f866792a-391e-44fe-b5ca-c94bc579eaff, passed token: f866792a-391e-44fe-b5ca-c94bc579eaff
Tue Jul  9 02:19:45 2024: DISPATCH_HANDLER: Adding handler from function makeHandler in library libxv_system_diagram
Tue Jul  9 02:19:45 2024: SESSION_MGR: creating session with session uuid: 'd7272a09-73a5-4509-8118-ef7b0d00b4c9' and name 'v++_compile_edgedetect'
Tue Jul  9 02:19:45 2024: KERNEL_SVC: creating session with uuid: 'd7272a09-73a5-4509-8118-ef7b0d00b4c9' and name 'v++_compile_edgedetect'
Tue Jul  9 02:19:45 2024: GUIDANCE_SMGR: creating guidance session with uuid: 'd7272a09-73a5-4509-8118-ef7b0d00b4c9' and name 'v++_compile_edgedetect'
Tue Jul  9 02:19:45 2024: SYSTEM_DIAGRAM: creating session with uuid: 'd7272a09-73a5-4509-8118-ef7b0d00b4c9' and name 'v++_compile_edgedetect'
Tue Jul  9 02:19:58 2024: SESSION_MGR: closing session for UUID 'd7272a09-73a5-4509-8118-ef7b0d00b4c9' with name 'v++_compile_edgedetect'
Tue Jul  9 02:19:58 2024: KERNEL_SVC: closing session for UUID 'd7272a09-73a5-4509-8118-ef7b0d00b4c9' with name 'v++_compile_edgedetect'
Tue Jul  9 02:19:58 2024: GUIDANCE_SMGR: closing session for UUID 'd7272a09-73a5-4509-8118-ef7b0d00b4c9' with name 'v++_compile_edgedetect'
Tue Jul  9 02:19:58 2024: SYSTEM_DIAGRAM: closing session for UUID 'd7272a09-73a5-4509-8118-ef7b0d00b4c9' with name 'v++_compile_edgedetect'
Tue Jul  9 02:19:58 2024: STOP_SERVER received, server token: f866792a-391e-44fe-b5ca-c94bc579eaff, passed token: f866792a-391e-44fe-b5ca-c94bc579eaff
Tue Jul  9 02:19:58 2024: Socket received request to stop server.
Tue Jul  9 02:19:58 2024: Dispatch Server: do_await_stop
Tue Jul  9 02:19:58 2024: Dispatch Server: stopping mainFifo_
Tue Jul  9 02:19:58 2024: XCD main fifo: Stopping
Tue Jul  9 02:19:58 2024: XCD main fifo: do_read error code: Operation canceled
Tue Jul  9 02:19:58 2024: XCD main fifo: bytes_transferred: 0
Tue Jul  9 02:19:58 2024: SERVER: destructor for server bound to port 40715
Tue Jul  9 02:19:58 2024: XCD main fifo: Good unlink of /tmp/xcdmainf866792a-391e-44fe-b5ca-c94bc579eaff
Tue Jul  9 02:19:58 2024: Server exiting with status 0.
Tue Jul  9 02:19:58 2024: Closing log file.
Tue Jul  9 02:23:31 2024: Running xcd server. This server was built by gradle.
Tue Jul  9 02:23:31 2024: Server was asked to start on port: '44245'
Tue Jul  9 02:23:31 2024: Server is using token UUID: 'e9346321-87ca-4ad4-8eb3-a9c1469c1c4c'
Tue Jul  9 02:23:31 2024: SESSION_MGR: creating session with session uuid: '6d04a3e9-ade5-4ab9-8d63-1f78fcd2ec76' and name 'default'
Tue Jul  9 02:23:31 2024: Attempting to start server on port '44245'
Tue Jul  9 02:23:31 2024: XCD main fifo: created main fifo '/tmp/xcdmaine9346321-87ca-4ad4-8eb3-a9c1469c1c4c', fd read = 13
Tue Jul  9 02:23:31 2024: Running Dispatch Server
Tue Jul  9 02:23:31 2024: Version 2.2.0
Tue Jul  9 02:23:33 2024: Dispatch Server: Accepted socket connection from client
Tue Jul  9 02:23:33 2024: Starting Socket connection
Tue Jul  9 02:23:33 2024: EXCHANGE_TOKEN received, server token: e9346321-87ca-4ad4-8eb3-a9c1469c1c4c, passed token: e9346321-87ca-4ad4-8eb3-a9c1469c1c4c
Tue Jul  9 02:23:33 2024: DISPATCH_HANDLER: Adding handler from function makeHandler in library libxv_system_diagram
Tue Jul  9 02:23:33 2024: SESSION_MGR: creating session with session uuid: 'a6cce643-45e7-46bc-84e6-9d425c678424' and name 'v++_compile_edgedetect'
Tue Jul  9 02:23:33 2024: KERNEL_SVC: creating session with uuid: 'a6cce643-45e7-46bc-84e6-9d425c678424' and name 'v++_compile_edgedetect'
Tue Jul  9 02:23:33 2024: GUIDANCE_SMGR: creating guidance session with uuid: 'a6cce643-45e7-46bc-84e6-9d425c678424' and name 'v++_compile_edgedetect'
Tue Jul  9 02:23:33 2024: SYSTEM_DIAGRAM: creating session with uuid: 'a6cce643-45e7-46bc-84e6-9d425c678424' and name 'v++_compile_edgedetect'
Tue Jul  9 02:23:46 2024: SESSION_MGR: closing session for UUID 'a6cce643-45e7-46bc-84e6-9d425c678424' with name 'v++_compile_edgedetect'
Tue Jul  9 02:23:46 2024: KERNEL_SVC: closing session for UUID 'a6cce643-45e7-46bc-84e6-9d425c678424' with name 'v++_compile_edgedetect'
Tue Jul  9 02:23:46 2024: GUIDANCE_SMGR: closing session for UUID 'a6cce643-45e7-46bc-84e6-9d425c678424' with name 'v++_compile_edgedetect'
Tue Jul  9 02:23:47 2024: SYSTEM_DIAGRAM: closing session for UUID 'a6cce643-45e7-46bc-84e6-9d425c678424' with name 'v++_compile_edgedetect'
Tue Jul  9 02:23:47 2024: STOP_SERVER received, server token: e9346321-87ca-4ad4-8eb3-a9c1469c1c4c, passed token: e9346321-87ca-4ad4-8eb3-a9c1469c1c4c
Tue Jul  9 02:23:47 2024: Socket received request to stop server.
Tue Jul  9 02:23:47 2024: Dispatch Server: do_await_stop
Tue Jul  9 02:23:47 2024: Dispatch Server: stopping mainFifo_
Tue Jul  9 02:23:47 2024: XCD main fifo: Stopping
Tue Jul  9 02:23:47 2024: XCD main fifo: do_read error code: Operation canceled
Tue Jul  9 02:23:47 2024: XCD main fifo: bytes_transferred: 0
Tue Jul  9 02:23:47 2024: SERVER: destructor for server bound to port 44245
Tue Jul  9 02:23:47 2024: XCD main fifo: Good unlink of /tmp/xcdmaine9346321-87ca-4ad4-8eb3-a9c1469c1c4c
Tue Jul  9 02:23:47 2024: Server exiting with status 0.
Tue Jul  9 02:23:47 2024: Closing log file.
Tue Jul  9 19:45:01 2024: Running xcd server. This server was built by gradle.
Tue Jul  9 19:45:01 2024: Server was asked to start on port: '42503'
Tue Jul  9 19:45:01 2024: Server is using token UUID: 'cea7c962-eb3c-4821-96e6-b07dea42c9d7'
Tue Jul  9 19:45:01 2024: SESSION_MGR: creating session with session uuid: '6d04a3e9-ade5-4ab9-8d63-1f78fcd2ec76' and name 'default'
Tue Jul  9 19:45:01 2024: Attempting to start server on port '42503'
Tue Jul  9 19:45:01 2024: XCD main fifo: created main fifo '/tmp/xcdmaincea7c962-eb3c-4821-96e6-b07dea42c9d7', fd read = 13
Tue Jul  9 19:45:01 2024: Running Dispatch Server
Tue Jul  9 19:45:01 2024: Version 2.2.0
Tue Jul  9 19:45:03 2024: Dispatch Server: Accepted socket connection from client
Tue Jul  9 19:45:03 2024: Starting Socket connection
Tue Jul  9 19:45:03 2024: EXCHANGE_TOKEN received, server token: cea7c962-eb3c-4821-96e6-b07dea42c9d7, passed token: cea7c962-eb3c-4821-96e6-b07dea42c9d7
Tue Jul  9 19:45:03 2024: DISPATCH_HANDLER: Adding handler from function makeHandler in library libxv_system_diagram
Tue Jul  9 19:45:03 2024: SESSION_MGR: creating session with session uuid: 'fbeee987-db34-4c42-bb57-e0f839a8176c' and name 'v++_compile_edgedetect'
Tue Jul  9 19:45:03 2024: KERNEL_SVC: creating session with uuid: 'fbeee987-db34-4c42-bb57-e0f839a8176c' and name 'v++_compile_edgedetect'
Tue Jul  9 19:45:03 2024: GUIDANCE_SMGR: creating guidance session with uuid: 'fbeee987-db34-4c42-bb57-e0f839a8176c' and name 'v++_compile_edgedetect'
Tue Jul  9 19:45:03 2024: SYSTEM_DIAGRAM: creating session with uuid: 'fbeee987-db34-4c42-bb57-e0f839a8176c' and name 'v++_compile_edgedetect'
Tue Jul  9 19:45:17 2024: SESSION_MGR: closing session for UUID 'fbeee987-db34-4c42-bb57-e0f839a8176c' with name 'v++_compile_edgedetect'
Tue Jul  9 19:45:17 2024: KERNEL_SVC: closing session for UUID 'fbeee987-db34-4c42-bb57-e0f839a8176c' with name 'v++_compile_edgedetect'
Tue Jul  9 19:45:17 2024: GUIDANCE_SMGR: closing session for UUID 'fbeee987-db34-4c42-bb57-e0f839a8176c' with name 'v++_compile_edgedetect'
Tue Jul  9 19:45:17 2024: SYSTEM_DIAGRAM: closing session for UUID 'fbeee987-db34-4c42-bb57-e0f839a8176c' with name 'v++_compile_edgedetect'
Tue Jul  9 19:45:17 2024: STOP_SERVER received, server token: cea7c962-eb3c-4821-96e6-b07dea42c9d7, passed token: cea7c962-eb3c-4821-96e6-b07dea42c9d7
Tue Jul  9 19:45:17 2024: Socket received request to stop server.
Tue Jul  9 19:45:17 2024: Dispatch Server: do_await_stop
Tue Jul  9 19:45:17 2024: Dispatch Server: stopping mainFifo_
Tue Jul  9 19:45:17 2024: XCD main fifo: Stopping
Tue Jul  9 19:45:17 2024: XCD main fifo: do_read error code: Operation canceled
Tue Jul  9 19:45:17 2024: XCD main fifo: bytes_transferred: 0
Tue Jul  9 19:45:17 2024: SERVER: destructor for server bound to port 42503
Tue Jul  9 19:45:17 2024: XCD main fifo: Good unlink of /tmp/xcdmaincea7c962-eb3c-4821-96e6-b07dea42c9d7
Tue Jul  9 19:45:17 2024: Server exiting with status 0.
Tue Jul  9 19:45:17 2024: Closing log file.
Tue Jul  9 19:47:45 2024: Running xcd server. This server was built by gradle.
Tue Jul  9 19:47:45 2024: Server was asked to start on port: '38897'
Tue Jul  9 19:47:45 2024: Server is using token UUID: 'f2c8facb-258c-42bb-81ed-6f4152790546'
Tue Jul  9 19:47:45 2024: SESSION_MGR: creating session with session uuid: '6d04a3e9-ade5-4ab9-8d63-1f78fcd2ec76' and name 'default'
Tue Jul  9 19:47:45 2024: Attempting to start server on port '38897'
Tue Jul  9 19:47:45 2024: XCD main fifo: created main fifo '/tmp/xcdmainf2c8facb-258c-42bb-81ed-6f4152790546', fd read = 13
Tue Jul  9 19:47:45 2024: Running Dispatch Server
Tue Jul  9 19:47:45 2024: Version 2.2.0
Tue Jul  9 19:47:47 2024: Dispatch Server: Accepted socket connection from client
Tue Jul  9 19:47:47 2024: Starting Socket connection
Tue Jul  9 19:47:47 2024: EXCHANGE_TOKEN received, server token: f2c8facb-258c-42bb-81ed-6f4152790546, passed token: f2c8facb-258c-42bb-81ed-6f4152790546
Tue Jul  9 19:47:47 2024: DISPATCH_HANDLER: Adding handler from function makeHandler in library libxv_system_diagram
Tue Jul  9 19:47:47 2024: SESSION_MGR: creating session with session uuid: '7ae5ce9c-245d-4409-bb1f-7898ee5ea106' and name 'v++_compile_edgedetect'
Tue Jul  9 19:47:47 2024: KERNEL_SVC: creating session with uuid: '7ae5ce9c-245d-4409-bb1f-7898ee5ea106' and name 'v++_compile_edgedetect'
Tue Jul  9 19:47:47 2024: GUIDANCE_SMGR: creating guidance session with uuid: '7ae5ce9c-245d-4409-bb1f-7898ee5ea106' and name 'v++_compile_edgedetect'
Tue Jul  9 19:47:47 2024: SYSTEM_DIAGRAM: creating session with uuid: '7ae5ce9c-245d-4409-bb1f-7898ee5ea106' and name 'v++_compile_edgedetect'
Tue Jul  9 19:48:00 2024: SESSION_MGR: closing session for UUID '7ae5ce9c-245d-4409-bb1f-7898ee5ea106' with name 'v++_compile_edgedetect'
Tue Jul  9 19:48:00 2024: KERNEL_SVC: closing session for UUID '7ae5ce9c-245d-4409-bb1f-7898ee5ea106' with name 'v++_compile_edgedetect'
Tue Jul  9 19:48:00 2024: GUIDANCE_SMGR: closing session for UUID '7ae5ce9c-245d-4409-bb1f-7898ee5ea106' with name 'v++_compile_edgedetect'
Tue Jul  9 19:48:00 2024: SYSTEM_DIAGRAM: closing session for UUID '7ae5ce9c-245d-4409-bb1f-7898ee5ea106' with name 'v++_compile_edgedetect'
Tue Jul  9 19:48:00 2024: STOP_SERVER received, server token: f2c8facb-258c-42bb-81ed-6f4152790546, passed token: f2c8facb-258c-42bb-81ed-6f4152790546
Tue Jul  9 19:48:00 2024: Socket received request to stop server.
Tue Jul  9 19:48:00 2024: Dispatch Server: do_await_stop
Tue Jul  9 19:48:00 2024: Dispatch Server: stopping mainFifo_
Tue Jul  9 19:48:00 2024: XCD main fifo: Stopping
Tue Jul  9 19:48:00 2024: XCD main fifo: do_read error code: Operation canceled
Tue Jul  9 19:48:00 2024: XCD main fifo: bytes_transferred: 0
Tue Jul  9 19:48:00 2024: SERVER: destructor for server bound to port 38897
Tue Jul  9 19:48:00 2024: XCD main fifo: Good unlink of /tmp/xcdmainf2c8facb-258c-42bb-81ed-6f4152790546
Tue Jul  9 19:48:00 2024: Server exiting with status 0.
Tue Jul  9 19:48:00 2024: Closing log file.
Tue Jul  9 19:53:59 2024: Running xcd server. This server was built by gradle.
Tue Jul  9 19:53:59 2024: Server was asked to start on port: '42449'
Tue Jul  9 19:53:59 2024: Server is using token UUID: '993b6842-3e24-11ef-95d5-8372314ffa84'
Tue Jul  9 19:53:59 2024: SESSION_MGR: creating session with session uuid: '6d04a3e9-ade5-4ab9-8d63-1f78fcd2ec76' and name 'default'
Tue Jul  9 19:53:59 2024: Attempting to start server on port '42449'
Tue Jul  9 19:53:59 2024: XCD main fifo: created main fifo '/tmp/xcdmain993b6842-3e24-11ef-95d5-8372314ffa84', fd read = 11
Tue Jul  9 19:53:59 2024: Running Dispatch Server
Tue Jul  9 19:53:59 2024: Version 2.2.0
Tue Jul  9 19:53:59 2024: Dispatch Server: Accepted socket connection from client
Tue Jul  9 19:53:59 2024: Starting Socket connection
Tue Jul  9 19:53:59 2024: EXCHANGE_TOKEN received, server token: 993b6842-3e24-11ef-95d5-8372314ffa84, passed token: 993b6842-3e24-11ef-95d5-8372314ffa84
Tue Jul  9 19:53:59 2024: SESSION_MGR: creating session with session uuid: '464d1860-32ea-4bfc-b707-ca8a4966552e' and name 'Code Analyzer'
Tue Jul  9 19:53:59 2024: KERNEL_SVC: creating session with uuid: '464d1860-32ea-4bfc-b707-ca8a4966552e' and name 'Code Analyzer'
Tue Jul  9 19:53:59 2024: GUIDANCE_SMGR: creating guidance session with uuid: '464d1860-32ea-4bfc-b707-ca8a4966552e' and name 'Code Analyzer'
Tue Jul  9 19:53:59 2024: SESSION_MGR: closing session for UUID '464d1860-32ea-4bfc-b707-ca8a4966552e' with name ''
Tue Jul  9 19:53:59 2024: KERNEL_SVC: closing session for UUID '464d1860-32ea-4bfc-b707-ca8a4966552e' with name ''
Tue Jul  9 19:53:59 2024: GUIDANCE_SMGR: closing session for UUID '464d1860-32ea-4bfc-b707-ca8a4966552e' with name ''
Tue Jul  9 19:53:59 2024: STOP_SERVER received, server token: 993b6842-3e24-11ef-95d5-8372314ffa84, passed token: 993b6842-3e24-11ef-95d5-8372314ffa84
Tue Jul  9 19:53:59 2024: Socket received request to stop server.
Tue Jul  9 19:53:59 2024: Dispatch Server: do_await_stop
Tue Jul  9 19:53:59 2024: Dispatch Server: stopping mainFifo_
Tue Jul  9 19:53:59 2024: XCD main fifo: Stopping
Tue Jul  9 19:53:59 2024: XCD main fifo: do_read error code: Operation canceled
Tue Jul  9 19:53:59 2024: XCD main fifo: bytes_transferred: 0
Tue Jul  9 19:53:59 2024: SERVER: destructor for server bound to port 42449
Tue Jul  9 19:53:59 2024: XCD main fifo: Good unlink of /tmp/xcdmain993b6842-3e24-11ef-95d5-8372314ffa84
Tue Jul  9 19:53:59 2024: Server exiting with status 0.
Tue Jul  9 19:53:59 2024: Closing log file.
Tue Jul  9 20:06:21 2024: Running xcd server. This server was built by gradle.
Tue Jul  9 20:06:21 2024: Server was asked to start on port: '40645'
Tue Jul  9 20:06:21 2024: Server is using token UUID: '0acf1c69-0a31-401e-82ef-610e1b626920'
Tue Jul  9 20:06:21 2024: SESSION_MGR: creating session with session uuid: '6d04a3e9-ade5-4ab9-8d63-1f78fcd2ec76' and name 'default'
Tue Jul  9 20:06:21 2024: Attempting to start server on port '40645'
Tue Jul  9 20:06:21 2024: XCD main fifo: created main fifo '/tmp/xcdmain0acf1c69-0a31-401e-82ef-610e1b626920', fd read = 13
Tue Jul  9 20:06:21 2024: Running Dispatch Server
Tue Jul  9 20:06:21 2024: Version 2.2.0
Tue Jul  9 20:06:23 2024: Dispatch Server: Accepted socket connection from client
Tue Jul  9 20:06:23 2024: Starting Socket connection
Tue Jul  9 20:06:23 2024: EXCHANGE_TOKEN received, server token: 0acf1c69-0a31-401e-82ef-610e1b626920, passed token: 0acf1c69-0a31-401e-82ef-610e1b626920
Tue Jul  9 20:06:23 2024: DISPATCH_HANDLER: Adding handler from function makeHandler in library libxv_system_diagram
Tue Jul  9 20:06:23 2024: SESSION_MGR: creating session with session uuid: '9e319f0d-db6c-4fa3-8a59-191a7d828e38' and name 'v++_compile_cluster_top_function'
Tue Jul  9 20:06:23 2024: KERNEL_SVC: creating session with uuid: '9e319f0d-db6c-4fa3-8a59-191a7d828e38' and name 'v++_compile_cluster_top_function'
Tue Jul  9 20:06:23 2024: GUIDANCE_SMGR: creating guidance session with uuid: '9e319f0d-db6c-4fa3-8a59-191a7d828e38' and name 'v++_compile_cluster_top_function'
Tue Jul  9 20:06:23 2024: SYSTEM_DIAGRAM: creating session with uuid: '9e319f0d-db6c-4fa3-8a59-191a7d828e38' and name 'v++_compile_cluster_top_function'
Tue Jul  9 20:06:36 2024: SESSION_MGR: closing session for UUID '9e319f0d-db6c-4fa3-8a59-191a7d828e38' with name 'v++_compile_cluster_top_function'
Tue Jul  9 20:06:36 2024: KERNEL_SVC: closing session for UUID '9e319f0d-db6c-4fa3-8a59-191a7d828e38' with name 'v++_compile_cluster_top_function'
Tue Jul  9 20:06:36 2024: GUIDANCE_SMGR: closing session for UUID '9e319f0d-db6c-4fa3-8a59-191a7d828e38' with name 'v++_compile_cluster_top_function'
Tue Jul  9 20:06:36 2024: SYSTEM_DIAGRAM: closing session for UUID '9e319f0d-db6c-4fa3-8a59-191a7d828e38' with name 'v++_compile_cluster_top_function'
Tue Jul  9 20:06:36 2024: STOP_SERVER received, server token: 0acf1c69-0a31-401e-82ef-610e1b626920, passed token: 0acf1c69-0a31-401e-82ef-610e1b626920
Tue Jul  9 20:06:36 2024: Socket received request to stop server.
Tue Jul  9 20:06:36 2024: Dispatch Server: do_await_stop
Tue Jul  9 20:06:36 2024: Dispatch Server: stopping mainFifo_
Tue Jul  9 20:06:36 2024: XCD main fifo: Stopping
Tue Jul  9 20:06:36 2024: XCD main fifo: do_read error code: Operation canceled
Tue Jul  9 20:06:36 2024: XCD main fifo: bytes_transferred: 0
Tue Jul  9 20:06:36 2024: SERVER: destructor for server bound to port 40645
Tue Jul  9 20:06:36 2024: XCD main fifo: Good unlink of /tmp/xcdmain0acf1c69-0a31-401e-82ef-610e1b626920
Tue Jul  9 20:06:36 2024: Server exiting with status 0.
Tue Jul  9 20:06:36 2024: Closing log file.
Tue Jul  9 23:35:45 2024: Running xcd server. This server was built by gradle.
Tue Jul  9 23:35:45 2024: Server was asked to start on port: '41187'
Tue Jul  9 23:35:45 2024: Server is using token UUID: '6b472bb2-0993-4fc3-9208-43733884a3dc'
Tue Jul  9 23:35:45 2024: SESSION_MGR: creating session with session uuid: '6d04a3e9-ade5-4ab9-8d63-1f78fcd2ec76' and name 'default'
Tue Jul  9 23:35:45 2024: Attempting to start server on port '41187'
Tue Jul  9 23:35:45 2024: XCD main fifo: created main fifo '/tmp/xcdmain6b472bb2-0993-4fc3-9208-43733884a3dc', fd read = 13
Tue Jul  9 23:35:45 2024: Running Dispatch Server
Tue Jul  9 23:35:45 2024: Version 2.2.0
Tue Jul  9 23:35:47 2024: Dispatch Server: Accepted socket connection from client
Tue Jul  9 23:35:47 2024: Starting Socket connection
Tue Jul  9 23:35:47 2024: EXCHANGE_TOKEN received, server token: 6b472bb2-0993-4fc3-9208-43733884a3dc, passed token: 6b472bb2-0993-4fc3-9208-43733884a3dc
Tue Jul  9 23:35:47 2024: DISPATCH_HANDLER: Adding handler from function makeHandler in library libxv_system_diagram
Tue Jul  9 23:35:47 2024: SESSION_MGR: creating session with session uuid: 'd431cf86-c233-46f1-8283-f195e2ecc01c' and name 'v++_compile_cluster_top_function'
Tue Jul  9 23:35:47 2024: KERNEL_SVC: creating session with uuid: 'd431cf86-c233-46f1-8283-f195e2ecc01c' and name 'v++_compile_cluster_top_function'
Tue Jul  9 23:35:47 2024: GUIDANCE_SMGR: creating guidance session with uuid: 'd431cf86-c233-46f1-8283-f195e2ecc01c' and name 'v++_compile_cluster_top_function'
Tue Jul  9 23:35:47 2024: SYSTEM_DIAGRAM: creating session with uuid: 'd431cf86-c233-46f1-8283-f195e2ecc01c' and name 'v++_compile_cluster_top_function'
Tue Jul  9 23:36:00 2024: SESSION_MGR: closing session for UUID 'd431cf86-c233-46f1-8283-f195e2ecc01c' with name 'v++_compile_cluster_top_function'
Tue Jul  9 23:36:00 2024: KERNEL_SVC: closing session for UUID 'd431cf86-c233-46f1-8283-f195e2ecc01c' with name 'v++_compile_cluster_top_function'
Tue Jul  9 23:36:00 2024: GUIDANCE_SMGR: closing session for UUID 'd431cf86-c233-46f1-8283-f195e2ecc01c' with name 'v++_compile_cluster_top_function'
Tue Jul  9 23:36:00 2024: SYSTEM_DIAGRAM: closing session for UUID 'd431cf86-c233-46f1-8283-f195e2ecc01c' with name 'v++_compile_cluster_top_function'
Tue Jul  9 23:36:00 2024: STOP_SERVER received, server token: 6b472bb2-0993-4fc3-9208-43733884a3dc, passed token: 6b472bb2-0993-4fc3-9208-43733884a3dc
Tue Jul  9 23:36:00 2024: Socket received request to stop server.
Tue Jul  9 23:36:00 2024: Dispatch Server: do_await_stop
Tue Jul  9 23:36:00 2024: Dispatch Server: stopping mainFifo_
Tue Jul  9 23:36:00 2024: XCD main fifo: Stopping
Tue Jul  9 23:36:00 2024: XCD main fifo: do_read error code: Operation canceled
Tue Jul  9 23:36:00 2024: XCD main fifo: bytes_transferred: 0
Tue Jul  9 23:36:00 2024: SERVER: destructor for server bound to port 41187
Tue Jul  9 23:36:00 2024: XCD main fifo: Good unlink of /tmp/xcdmain6b472bb2-0993-4fc3-9208-43733884a3dc
Tue Jul  9 23:36:00 2024: Server exiting with status 0.
Tue Jul  9 23:36:00 2024: Closing log file.
Tue Jul  9 23:43:30 2024: Running xcd server. This server was built by gradle.
Tue Jul  9 23:43:30 2024: Server was asked to start on port: '37263'
Tue Jul  9 23:43:30 2024: Server is using token UUID: '173c70b7-999a-4d66-95a5-51930eae7e7a'
Tue Jul  9 23:43:30 2024: SESSION_MGR: creating session with session uuid: '6d04a3e9-ade5-4ab9-8d63-1f78fcd2ec76' and name 'default'
Tue Jul  9 23:43:30 2024: Attempting to start server on port '37263'
Tue Jul  9 23:43:30 2024: XCD main fifo: created main fifo '/tmp/xcdmain173c70b7-999a-4d66-95a5-51930eae7e7a', fd read = 13
Tue Jul  9 23:43:30 2024: Running Dispatch Server
Tue Jul  9 23:43:30 2024: Version 2.2.0
Tue Jul  9 23:43:32 2024: Dispatch Server: Accepted socket connection from client
Tue Jul  9 23:43:32 2024: Starting Socket connection
Tue Jul  9 23:43:32 2024: EXCHANGE_TOKEN received, server token: 173c70b7-999a-4d66-95a5-51930eae7e7a, passed token: 173c70b7-999a-4d66-95a5-51930eae7e7a
Tue Jul  9 23:43:32 2024: DISPATCH_HANDLER: Adding handler from function makeHandler in library libxv_system_diagram
Tue Jul  9 23:43:32 2024: SESSION_MGR: creating session with session uuid: '06e98316-3f08-47fb-82ed-8517ee78825e' and name 'v++_compile_cluster_top_function'
Tue Jul  9 23:43:32 2024: KERNEL_SVC: creating session with uuid: '06e98316-3f08-47fb-82ed-8517ee78825e' and name 'v++_compile_cluster_top_function'
Tue Jul  9 23:43:32 2024: GUIDANCE_SMGR: creating guidance session with uuid: '06e98316-3f08-47fb-82ed-8517ee78825e' and name 'v++_compile_cluster_top_function'
Tue Jul  9 23:43:32 2024: SYSTEM_DIAGRAM: creating session with uuid: '06e98316-3f08-47fb-82ed-8517ee78825e' and name 'v++_compile_cluster_top_function'
Tue Jul  9 23:43:46 2024: SESSION_MGR: closing session for UUID '06e98316-3f08-47fb-82ed-8517ee78825e' with name 'v++_compile_cluster_top_function'
Tue Jul  9 23:43:46 2024: KERNEL_SVC: closing session for UUID '06e98316-3f08-47fb-82ed-8517ee78825e' with name 'v++_compile_cluster_top_function'
Tue Jul  9 23:43:46 2024: GUIDANCE_SMGR: closing session for UUID '06e98316-3f08-47fb-82ed-8517ee78825e' with name 'v++_compile_cluster_top_function'
Tue Jul  9 23:43:46 2024: SYSTEM_DIAGRAM: closing session for UUID '06e98316-3f08-47fb-82ed-8517ee78825e' with name 'v++_compile_cluster_top_function'
Tue Jul  9 23:43:46 2024: STOP_SERVER received, server token: 173c70b7-999a-4d66-95a5-51930eae7e7a, passed token: 173c70b7-999a-4d66-95a5-51930eae7e7a
Tue Jul  9 23:43:46 2024: Socket received request to stop server.
Tue Jul  9 23:43:46 2024: Dispatch Server: do_await_stop
Tue Jul  9 23:43:46 2024: Dispatch Server: stopping mainFifo_
Tue Jul  9 23:43:46 2024: XCD main fifo: Stopping
Tue Jul  9 23:43:46 2024: XCD main fifo: do_read error code: Operation canceled
Tue Jul  9 23:43:46 2024: XCD main fifo: bytes_transferred: 0
Tue Jul  9 23:43:46 2024: SERVER: destructor for server bound to port 37263
Tue Jul  9 23:43:46 2024: XCD main fifo: Good unlink of /tmp/xcdmain173c70b7-999a-4d66-95a5-51930eae7e7a
Tue Jul  9 23:43:46 2024: Server exiting with status 0.
Tue Jul  9 23:43:46 2024: Closing log file.
Wed Jul 10 01:40:34 2024: Running xcd server. This server was built by gradle.
Wed Jul 10 01:40:34 2024: Server was asked to start on port: '42299'
Wed Jul 10 01:40:34 2024: Server is using token UUID: 'a7b25b83-d6ae-43b9-b42b-663a197fd60b'
Wed Jul 10 01:40:34 2024: SESSION_MGR: creating session with session uuid: '6d04a3e9-ade5-4ab9-8d63-1f78fcd2ec76' and name 'default'
Wed Jul 10 01:40:34 2024: Attempting to start server on port '42299'
Wed Jul 10 01:40:34 2024: XCD main fifo: created main fifo '/tmp/xcdmaina7b25b83-d6ae-43b9-b42b-663a197fd60b', fd read = 13
Wed Jul 10 01:40:34 2024: Running Dispatch Server
Wed Jul 10 01:40:34 2024: Version 2.2.0
Wed Jul 10 01:40:35 2024: Dispatch Server: Accepted socket connection from client
Wed Jul 10 01:40:35 2024: Starting Socket connection
Wed Jul 10 01:40:35 2024: EXCHANGE_TOKEN received, server token: a7b25b83-d6ae-43b9-b42b-663a197fd60b, passed token: a7b25b83-d6ae-43b9-b42b-663a197fd60b
Wed Jul 10 01:40:36 2024: DISPATCH_HANDLER: Adding handler from function makeHandler in library libxv_system_diagram
Wed Jul 10 01:40:36 2024: SESSION_MGR: creating session with session uuid: '9cf1c7ad-738c-445b-b5dd-21f0a4dc51e1' and name 'v++_compile_cluster_top_function'
Wed Jul 10 01:40:36 2024: KERNEL_SVC: creating session with uuid: '9cf1c7ad-738c-445b-b5dd-21f0a4dc51e1' and name 'v++_compile_cluster_top_function'
Wed Jul 10 01:40:36 2024: GUIDANCE_SMGR: creating guidance session with uuid: '9cf1c7ad-738c-445b-b5dd-21f0a4dc51e1' and name 'v++_compile_cluster_top_function'
Wed Jul 10 01:40:36 2024: SYSTEM_DIAGRAM: creating session with uuid: '9cf1c7ad-738c-445b-b5dd-21f0a4dc51e1' and name 'v++_compile_cluster_top_function'
Wed Jul 10 01:40:49 2024: SESSION_MGR: closing session for UUID '9cf1c7ad-738c-445b-b5dd-21f0a4dc51e1' with name 'v++_compile_cluster_top_function'
Wed Jul 10 01:40:49 2024: KERNEL_SVC: closing session for UUID '9cf1c7ad-738c-445b-b5dd-21f0a4dc51e1' with name 'v++_compile_cluster_top_function'
Wed Jul 10 01:40:49 2024: GUIDANCE_SMGR: closing session for UUID '9cf1c7ad-738c-445b-b5dd-21f0a4dc51e1' with name 'v++_compile_cluster_top_function'
Wed Jul 10 01:40:49 2024: SYSTEM_DIAGRAM: closing session for UUID '9cf1c7ad-738c-445b-b5dd-21f0a4dc51e1' with name 'v++_compile_cluster_top_function'
Wed Jul 10 01:40:49 2024: STOP_SERVER received, server token: a7b25b83-d6ae-43b9-b42b-663a197fd60b, passed token: a7b25b83-d6ae-43b9-b42b-663a197fd60b
Wed Jul 10 01:40:49 2024: Socket received request to stop server.
Wed Jul 10 01:40:49 2024: Dispatch Server: do_await_stop
Wed Jul 10 01:40:49 2024: Dispatch Server: stopping mainFifo_
Wed Jul 10 01:40:49 2024: XCD main fifo: Stopping
Wed Jul 10 01:40:49 2024: XCD main fifo: do_read error code: Operation canceled
Wed Jul 10 01:40:49 2024: XCD main fifo: bytes_transferred: 0
Wed Jul 10 01:40:49 2024: SERVER: destructor for server bound to port 42299
Wed Jul 10 01:40:49 2024: XCD main fifo: Good unlink of /tmp/xcdmaina7b25b83-d6ae-43b9-b42b-663a197fd60b
Wed Jul 10 01:40:49 2024: Server exiting with status 0.
Wed Jul 10 01:40:49 2024: Closing log file.
Wed Jul 10 01:42:37 2024: Running xcd server. This server was built by gradle.
Wed Jul 10 01:42:37 2024: Server was asked to start on port: '33143'
Wed Jul 10 01:42:37 2024: Server is using token UUID: '5ca2ccff-01e8-45c5-87e8-8fc2bed87cd3'
Wed Jul 10 01:42:37 2024: SESSION_MGR: creating session with session uuid: '6d04a3e9-ade5-4ab9-8d63-1f78fcd2ec76' and name 'default'
Wed Jul 10 01:42:37 2024: Attempting to start server on port '33143'
Wed Jul 10 01:42:37 2024: XCD main fifo: created main fifo '/tmp/xcdmain5ca2ccff-01e8-45c5-87e8-8fc2bed87cd3', fd read = 13
Wed Jul 10 01:42:37 2024: Running Dispatch Server
Wed Jul 10 01:42:37 2024: Version 2.2.0
Wed Jul 10 01:42:38 2024: Dispatch Server: Accepted socket connection from client
Wed Jul 10 01:42:38 2024: Starting Socket connection
Wed Jul 10 01:42:38 2024: EXCHANGE_TOKEN received, server token: 5ca2ccff-01e8-45c5-87e8-8fc2bed87cd3, passed token: 5ca2ccff-01e8-45c5-87e8-8fc2bed87cd3
Wed Jul 10 01:42:38 2024: DISPATCH_HANDLER: Adding handler from function makeHandler in library libxv_system_diagram
Wed Jul 10 01:42:38 2024: SESSION_MGR: creating session with session uuid: '21d5cc58-87f5-4684-be38-10365d8f29f5' and name 'v++_compile_cluster_top_function'
Wed Jul 10 01:42:38 2024: KERNEL_SVC: creating session with uuid: '21d5cc58-87f5-4684-be38-10365d8f29f5' and name 'v++_compile_cluster_top_function'
Wed Jul 10 01:42:38 2024: GUIDANCE_SMGR: creating guidance session with uuid: '21d5cc58-87f5-4684-be38-10365d8f29f5' and name 'v++_compile_cluster_top_function'
Wed Jul 10 01:42:38 2024: SYSTEM_DIAGRAM: creating session with uuid: '21d5cc58-87f5-4684-be38-10365d8f29f5' and name 'v++_compile_cluster_top_function'
Wed Jul 10 01:42:52 2024: SESSION_MGR: closing session for UUID '21d5cc58-87f5-4684-be38-10365d8f29f5' with name 'v++_compile_cluster_top_function'
Wed Jul 10 01:42:52 2024: KERNEL_SVC: closing session for UUID '21d5cc58-87f5-4684-be38-10365d8f29f5' with name 'v++_compile_cluster_top_function'
Wed Jul 10 01:42:52 2024: GUIDANCE_SMGR: closing session for UUID '21d5cc58-87f5-4684-be38-10365d8f29f5' with name 'v++_compile_cluster_top_function'
Wed Jul 10 01:42:52 2024: SYSTEM_DIAGRAM: closing session for UUID '21d5cc58-87f5-4684-be38-10365d8f29f5' with name 'v++_compile_cluster_top_function'
Wed Jul 10 01:42:52 2024: STOP_SERVER received, server token: 5ca2ccff-01e8-45c5-87e8-8fc2bed87cd3, passed token: 5ca2ccff-01e8-45c5-87e8-8fc2bed87cd3
Wed Jul 10 01:42:52 2024: Socket received request to stop server.
Wed Jul 10 01:42:52 2024: Dispatch Server: do_await_stop
Wed Jul 10 01:42:52 2024: Dispatch Server: stopping mainFifo_
Wed Jul 10 01:42:52 2024: XCD main fifo: Stopping
Wed Jul 10 01:42:52 2024: XCD main fifo: do_read error code: Operation canceled
Wed Jul 10 01:42:52 2024: XCD main fifo: bytes_transferred: 0
Wed Jul 10 01:42:52 2024: SERVER: destructor for server bound to port 33143
Wed Jul 10 01:42:52 2024: XCD main fifo: Good unlink of /tmp/xcdmain5ca2ccff-01e8-45c5-87e8-8fc2bed87cd3
Wed Jul 10 01:42:52 2024: Server exiting with status 0.
Wed Jul 10 01:42:52 2024: Closing log file.
Wed Jul 10 01:45:04 2024: Running xcd server. This server was built by gradle.
Wed Jul 10 01:45:04 2024: Server was asked to start on port: '39303'
Wed Jul 10 01:45:04 2024: Server is using token UUID: '8eb81b50-53d2-4dda-824c-f79b53f5273d'
Wed Jul 10 01:45:04 2024: SESSION_MGR: creating session with session uuid: '6d04a3e9-ade5-4ab9-8d63-1f78fcd2ec76' and name 'default'
Wed Jul 10 01:45:04 2024: Attempting to start server on port '39303'
Wed Jul 10 01:45:04 2024: XCD main fifo: created main fifo '/tmp/xcdmain8eb81b50-53d2-4dda-824c-f79b53f5273d', fd read = 13
Wed Jul 10 01:45:04 2024: Running Dispatch Server
Wed Jul 10 01:45:04 2024: Version 2.2.0
Wed Jul 10 01:45:05 2024: Dispatch Server: Accepted socket connection from client
Wed Jul 10 01:45:05 2024: Starting Socket connection
Wed Jul 10 01:45:05 2024: EXCHANGE_TOKEN received, server token: 8eb81b50-53d2-4dda-824c-f79b53f5273d, passed token: 8eb81b50-53d2-4dda-824c-f79b53f5273d
Wed Jul 10 01:45:05 2024: DISPATCH_HANDLER: Adding handler from function makeHandler in library libxv_system_diagram
Wed Jul 10 01:45:05 2024: SESSION_MGR: creating session with session uuid: 'd3bbfe7e-3701-487a-a824-3ccc3423572b' and name 'v++_compile_cluster_top_function'
Wed Jul 10 01:45:05 2024: KERNEL_SVC: creating session with uuid: 'd3bbfe7e-3701-487a-a824-3ccc3423572b' and name 'v++_compile_cluster_top_function'
Wed Jul 10 01:45:05 2024: GUIDANCE_SMGR: creating guidance session with uuid: 'd3bbfe7e-3701-487a-a824-3ccc3423572b' and name 'v++_compile_cluster_top_function'
Wed Jul 10 01:45:05 2024: SYSTEM_DIAGRAM: creating session with uuid: 'd3bbfe7e-3701-487a-a824-3ccc3423572b' and name 'v++_compile_cluster_top_function'
Wed Jul 10 01:45:19 2024: SESSION_MGR: closing session for UUID 'd3bbfe7e-3701-487a-a824-3ccc3423572b' with name 'v++_compile_cluster_top_function'
Wed Jul 10 01:45:19 2024: KERNEL_SVC: closing session for UUID 'd3bbfe7e-3701-487a-a824-3ccc3423572b' with name 'v++_compile_cluster_top_function'
Wed Jul 10 01:45:19 2024: GUIDANCE_SMGR: closing session for UUID 'd3bbfe7e-3701-487a-a824-3ccc3423572b' with name 'v++_compile_cluster_top_function'
Wed Jul 10 01:45:19 2024: SYSTEM_DIAGRAM: closing session for UUID 'd3bbfe7e-3701-487a-a824-3ccc3423572b' with name 'v++_compile_cluster_top_function'
Wed Jul 10 01:45:19 2024: STOP_SERVER received, server token: 8eb81b50-53d2-4dda-824c-f79b53f5273d, passed token: 8eb81b50-53d2-4dda-824c-f79b53f5273d
Wed Jul 10 01:45:19 2024: Socket received request to stop server.
Wed Jul 10 01:45:19 2024: Dispatch Server: do_await_stop
Wed Jul 10 01:45:19 2024: Dispatch Server: stopping mainFifo_
Wed Jul 10 01:45:19 2024: XCD main fifo: Stopping
Wed Jul 10 01:45:19 2024: XCD main fifo: do_read error code: Operation canceled
Wed Jul 10 01:45:19 2024: XCD main fifo: bytes_transferred: 0
Wed Jul 10 01:45:19 2024: SERVER: destructor for server bound to port 39303
Wed Jul 10 01:45:19 2024: XCD main fifo: Good unlink of /tmp/xcdmain8eb81b50-53d2-4dda-824c-f79b53f5273d
Wed Jul 10 01:45:19 2024: Server exiting with status 0.
Wed Jul 10 01:45:19 2024: Closing log file.
Wed Jul 10 01:53:52 2024: Running xcd server. This server was built by gradle.
Wed Jul 10 01:53:52 2024: Server was asked to start on port: '37077'
Wed Jul 10 01:53:52 2024: Server is using token UUID: 'dcd45771-56c4-477d-b59e-bc348fa04b31'
Wed Jul 10 01:53:52 2024: SESSION_MGR: creating session with session uuid: '6d04a3e9-ade5-4ab9-8d63-1f78fcd2ec76' and name 'default'
Wed Jul 10 01:53:52 2024: Attempting to start server on port '37077'
Wed Jul 10 01:53:52 2024: XCD main fifo: created main fifo '/tmp/xcdmaindcd45771-56c4-477d-b59e-bc348fa04b31', fd read = 13
Wed Jul 10 01:53:52 2024: Running Dispatch Server
Wed Jul 10 01:53:52 2024: Version 2.2.0
Wed Jul 10 01:53:54 2024: Dispatch Server: Accepted socket connection from client
Wed Jul 10 01:53:54 2024: Starting Socket connection
Wed Jul 10 01:53:54 2024: EXCHANGE_TOKEN received, server token: dcd45771-56c4-477d-b59e-bc348fa04b31, passed token: dcd45771-56c4-477d-b59e-bc348fa04b31
Wed Jul 10 01:53:54 2024: DISPATCH_HANDLER: Adding handler from function makeHandler in library libxv_system_diagram
Wed Jul 10 01:53:54 2024: SESSION_MGR: creating session with session uuid: 'f840f48e-e7b1-4c51-b8d8-a9ca6bdb636d' and name 'v++_compile_cluster_top_function'
Wed Jul 10 01:53:54 2024: KERNEL_SVC: creating session with uuid: 'f840f48e-e7b1-4c51-b8d8-a9ca6bdb636d' and name 'v++_compile_cluster_top_function'
Wed Jul 10 01:53:54 2024: GUIDANCE_SMGR: creating guidance session with uuid: 'f840f48e-e7b1-4c51-b8d8-a9ca6bdb636d' and name 'v++_compile_cluster_top_function'
Wed Jul 10 01:53:54 2024: SYSTEM_DIAGRAM: creating session with uuid: 'f840f48e-e7b1-4c51-b8d8-a9ca6bdb636d' and name 'v++_compile_cluster_top_function'
Wed Jul 10 01:54:08 2024: SESSION_MGR: closing session for UUID 'f840f48e-e7b1-4c51-b8d8-a9ca6bdb636d' with name 'v++_compile_cluster_top_function'
Wed Jul 10 01:54:08 2024: KERNEL_SVC: closing session for UUID 'f840f48e-e7b1-4c51-b8d8-a9ca6bdb636d' with name 'v++_compile_cluster_top_function'
Wed Jul 10 01:54:08 2024: GUIDANCE_SMGR: closing session for UUID 'f840f48e-e7b1-4c51-b8d8-a9ca6bdb636d' with name 'v++_compile_cluster_top_function'
Wed Jul 10 01:54:08 2024: SYSTEM_DIAGRAM: closing session for UUID 'f840f48e-e7b1-4c51-b8d8-a9ca6bdb636d' with name 'v++_compile_cluster_top_function'
Wed Jul 10 01:54:08 2024: STOP_SERVER received, server token: dcd45771-56c4-477d-b59e-bc348fa04b31, passed token: dcd45771-56c4-477d-b59e-bc348fa04b31
Wed Jul 10 01:54:08 2024: Socket received request to stop server.
Wed Jul 10 01:54:08 2024: Dispatch Server: do_await_stop
Wed Jul 10 01:54:08 2024: Dispatch Server: stopping mainFifo_
Wed Jul 10 01:54:08 2024: XCD main fifo: Stopping
Wed Jul 10 01:54:08 2024: XCD main fifo: do_read error code: Operation canceled
Wed Jul 10 01:54:08 2024: XCD main fifo: bytes_transferred: 0
Wed Jul 10 01:54:08 2024: SERVER: destructor for server bound to port 37077
Wed Jul 10 01:54:08 2024: XCD main fifo: Good unlink of /tmp/xcdmaindcd45771-56c4-477d-b59e-bc348fa04b31
Wed Jul 10 01:54:08 2024: Server exiting with status 0.
Wed Jul 10 01:54:08 2024: Closing log file.
Wed Jul 10 02:05:57 2024: Running xcd server. This server was built by gradle.
Wed Jul 10 02:05:57 2024: Server was asked to start on port: '35207'
Wed Jul 10 02:05:57 2024: Server is using token UUID: 'c9f4b427-b483-4124-b271-8fb666bc1283'
Wed Jul 10 02:05:57 2024: SESSION_MGR: creating session with session uuid: '6d04a3e9-ade5-4ab9-8d63-1f78fcd2ec76' and name 'default'
Wed Jul 10 02:05:57 2024: Attempting to start server on port '35207'
Wed Jul 10 02:05:57 2024: XCD main fifo: created main fifo '/tmp/xcdmainc9f4b427-b483-4124-b271-8fb666bc1283', fd read = 13
Wed Jul 10 02:05:57 2024: Running Dispatch Server
Wed Jul 10 02:05:57 2024: Version 2.2.0
Wed Jul 10 02:05:59 2024: Dispatch Server: Accepted socket connection from client
Wed Jul 10 02:05:59 2024: Starting Socket connection
Wed Jul 10 02:05:59 2024: EXCHANGE_TOKEN received, server token: c9f4b427-b483-4124-b271-8fb666bc1283, passed token: c9f4b427-b483-4124-b271-8fb666bc1283
Wed Jul 10 02:05:59 2024: DISPATCH_HANDLER: Adding handler from function makeHandler in library libxv_system_diagram
Wed Jul 10 02:05:59 2024: SESSION_MGR: creating session with session uuid: '74b1eaca-cf8e-4652-89c4-130fdcc7e372' and name 'v++_compile_cluster_top_function'
Wed Jul 10 02:05:59 2024: KERNEL_SVC: creating session with uuid: '74b1eaca-cf8e-4652-89c4-130fdcc7e372' and name 'v++_compile_cluster_top_function'
Wed Jul 10 02:05:59 2024: GUIDANCE_SMGR: creating guidance session with uuid: '74b1eaca-cf8e-4652-89c4-130fdcc7e372' and name 'v++_compile_cluster_top_function'
Wed Jul 10 02:05:59 2024: SYSTEM_DIAGRAM: creating session with uuid: '74b1eaca-cf8e-4652-89c4-130fdcc7e372' and name 'v++_compile_cluster_top_function'
Wed Jul 10 02:06:13 2024: SESSION_MGR: closing session for UUID '74b1eaca-cf8e-4652-89c4-130fdcc7e372' with name 'v++_compile_cluster_top_function'
Wed Jul 10 02:06:13 2024: KERNEL_SVC: closing session for UUID '74b1eaca-cf8e-4652-89c4-130fdcc7e372' with name 'v++_compile_cluster_top_function'
Wed Jul 10 02:06:13 2024: GUIDANCE_SMGR: closing session for UUID '74b1eaca-cf8e-4652-89c4-130fdcc7e372' with name 'v++_compile_cluster_top_function'
Wed Jul 10 02:06:13 2024: SYSTEM_DIAGRAM: closing session for UUID '74b1eaca-cf8e-4652-89c4-130fdcc7e372' with name 'v++_compile_cluster_top_function'
Wed Jul 10 02:06:13 2024: STOP_SERVER received, server token: c9f4b427-b483-4124-b271-8fb666bc1283, passed token: c9f4b427-b483-4124-b271-8fb666bc1283
Wed Jul 10 02:06:13 2024: Socket received request to stop server.
Wed Jul 10 02:06:13 2024: Dispatch Server: do_await_stop
Wed Jul 10 02:06:13 2024: Dispatch Server: stopping mainFifo_
Wed Jul 10 02:06:13 2024: XCD main fifo: Stopping
Wed Jul 10 02:06:13 2024: XCD main fifo: do_read error code: Operation canceled
Wed Jul 10 02:06:13 2024: XCD main fifo: bytes_transferred: 0
Wed Jul 10 02:06:13 2024: SERVER: destructor for server bound to port 35207
Wed Jul 10 02:06:13 2024: XCD main fifo: Good unlink of /tmp/xcdmainc9f4b427-b483-4124-b271-8fb666bc1283
Wed Jul 10 02:06:13 2024: Server exiting with status 0.
Wed Jul 10 02:06:13 2024: Closing log file.
Wed Jul 10 02:06:53 2024: Running xcd server. This server was built by gradle.
Wed Jul 10 02:06:53 2024: Server was asked to start on port: '37787'
Wed Jul 10 02:06:53 2024: Server is using token UUID: '985936cc-0eec-455f-aa04-1b744d6611dd'
Wed Jul 10 02:06:53 2024: SESSION_MGR: creating session with session uuid: '6d04a3e9-ade5-4ab9-8d63-1f78fcd2ec76' and name 'default'
Wed Jul 10 02:06:53 2024: Attempting to start server on port '37787'
Wed Jul 10 02:06:53 2024: XCD main fifo: created main fifo '/tmp/xcdmain985936cc-0eec-455f-aa04-1b744d6611dd', fd read = 13
Wed Jul 10 02:06:53 2024: Running Dispatch Server
Wed Jul 10 02:06:53 2024: Version 2.2.0
Wed Jul 10 02:06:55 2024: Dispatch Server: Accepted socket connection from client
Wed Jul 10 02:06:55 2024: Starting Socket connection
Wed Jul 10 02:06:55 2024: EXCHANGE_TOKEN received, server token: 985936cc-0eec-455f-aa04-1b744d6611dd, passed token: 985936cc-0eec-455f-aa04-1b744d6611dd
Wed Jul 10 02:06:55 2024: DISPATCH_HANDLER: Adding handler from function makeHandler in library libxv_system_diagram
Wed Jul 10 02:06:55 2024: SESSION_MGR: creating session with session uuid: 'c15712be-8b95-4aa5-ac05-a335a7e926a9' and name 'v++_compile_cluster_top_function'
Wed Jul 10 02:06:55 2024: KERNEL_SVC: creating session with uuid: 'c15712be-8b95-4aa5-ac05-a335a7e926a9' and name 'v++_compile_cluster_top_function'
Wed Jul 10 02:06:55 2024: GUIDANCE_SMGR: creating guidance session with uuid: 'c15712be-8b95-4aa5-ac05-a335a7e926a9' and name 'v++_compile_cluster_top_function'
Wed Jul 10 02:06:55 2024: SYSTEM_DIAGRAM: creating session with uuid: 'c15712be-8b95-4aa5-ac05-a335a7e926a9' and name 'v++_compile_cluster_top_function'
Wed Jul 10 02:07:08 2024: SESSION_MGR: closing session for UUID 'c15712be-8b95-4aa5-ac05-a335a7e926a9' with name 'v++_compile_cluster_top_function'
Wed Jul 10 02:07:08 2024: KERNEL_SVC: closing session for UUID 'c15712be-8b95-4aa5-ac05-a335a7e926a9' with name 'v++_compile_cluster_top_function'
Wed Jul 10 02:07:08 2024: GUIDANCE_SMGR: closing session for UUID 'c15712be-8b95-4aa5-ac05-a335a7e926a9' with name 'v++_compile_cluster_top_function'
Wed Jul 10 02:07:08 2024: SYSTEM_DIAGRAM: closing session for UUID 'c15712be-8b95-4aa5-ac05-a335a7e926a9' with name 'v++_compile_cluster_top_function'
Wed Jul 10 02:07:08 2024: STOP_SERVER received, server token: 985936cc-0eec-455f-aa04-1b744d6611dd, passed token: 985936cc-0eec-455f-aa04-1b744d6611dd
Wed Jul 10 02:07:08 2024: Socket received request to stop server.
Wed Jul 10 02:07:08 2024: Dispatch Server: do_await_stop
Wed Jul 10 02:07:08 2024: Dispatch Server: stopping mainFifo_
Wed Jul 10 02:07:08 2024: XCD main fifo: Stopping
Wed Jul 10 02:07:08 2024: XCD main fifo: do_read error code: Operation canceled
Wed Jul 10 02:07:08 2024: XCD main fifo: bytes_transferred: 0
Wed Jul 10 02:07:08 2024: SERVER: destructor for server bound to port 37787
Wed Jul 10 02:07:08 2024: XCD main fifo: Good unlink of /tmp/xcdmain985936cc-0eec-455f-aa04-1b744d6611dd
Wed Jul 10 02:07:08 2024: Server exiting with status 0.
Wed Jul 10 02:07:08 2024: Closing log file.
Wed Jul 10 02:07:21 2024: Running xcd server. This server was built by gradle.
Wed Jul 10 02:07:21 2024: Server was asked to start on port: '42561'
Wed Jul 10 02:07:21 2024: Server is using token UUID: '408a732c-caae-4897-9c0a-9022b6ba83fe'
Wed Jul 10 02:07:21 2024: SESSION_MGR: creating session with session uuid: '6d04a3e9-ade5-4ab9-8d63-1f78fcd2ec76' and name 'default'
Wed Jul 10 02:07:21 2024: Attempting to start server on port '42561'
Wed Jul 10 02:07:21 2024: XCD main fifo: created main fifo '/tmp/xcdmain408a732c-caae-4897-9c0a-9022b6ba83fe', fd read = 13
Wed Jul 10 02:07:21 2024: Running Dispatch Server
Wed Jul 10 02:07:21 2024: Version 2.2.0
Wed Jul 10 02:07:23 2024: Dispatch Server: Accepted socket connection from client
Wed Jul 10 02:07:23 2024: Starting Socket connection
Wed Jul 10 02:07:23 2024: EXCHANGE_TOKEN received, server token: 408a732c-caae-4897-9c0a-9022b6ba83fe, passed token: 408a732c-caae-4897-9c0a-9022b6ba83fe
Wed Jul 10 02:07:23 2024: DISPATCH_HANDLER: Adding handler from function makeHandler in library libxv_system_diagram
Wed Jul 10 02:07:23 2024: SESSION_MGR: creating session with session uuid: 'aaa0f0f9-5cf1-474b-90a8-3137f7ee8da8' and name 'v++_compile_cluster_top_function'
Wed Jul 10 02:07:23 2024: KERNEL_SVC: creating session with uuid: 'aaa0f0f9-5cf1-474b-90a8-3137f7ee8da8' and name 'v++_compile_cluster_top_function'
Wed Jul 10 02:07:23 2024: GUIDANCE_SMGR: creating guidance session with uuid: 'aaa0f0f9-5cf1-474b-90a8-3137f7ee8da8' and name 'v++_compile_cluster_top_function'
Wed Jul 10 02:07:23 2024: SYSTEM_DIAGRAM: creating session with uuid: 'aaa0f0f9-5cf1-474b-90a8-3137f7ee8da8' and name 'v++_compile_cluster_top_function'
Wed Jul 10 02:07:36 2024: SESSION_MGR: closing session for UUID 'aaa0f0f9-5cf1-474b-90a8-3137f7ee8da8' with name 'v++_compile_cluster_top_function'
Wed Jul 10 02:07:36 2024: KERNEL_SVC: closing session for UUID 'aaa0f0f9-5cf1-474b-90a8-3137f7ee8da8' with name 'v++_compile_cluster_top_function'
Wed Jul 10 02:07:36 2024: GUIDANCE_SMGR: closing session for UUID 'aaa0f0f9-5cf1-474b-90a8-3137f7ee8da8' with name 'v++_compile_cluster_top_function'
Wed Jul 10 02:07:37 2024: SYSTEM_DIAGRAM: closing session for UUID 'aaa0f0f9-5cf1-474b-90a8-3137f7ee8da8' with name 'v++_compile_cluster_top_function'
Wed Jul 10 02:07:37 2024: STOP_SERVER received, server token: 408a732c-caae-4897-9c0a-9022b6ba83fe, passed token: 408a732c-caae-4897-9c0a-9022b6ba83fe
Wed Jul 10 02:07:37 2024: Socket received request to stop server.
Wed Jul 10 02:07:37 2024: Dispatch Server: do_await_stop
Wed Jul 10 02:07:37 2024: Dispatch Server: stopping mainFifo_
Wed Jul 10 02:07:37 2024: XCD main fifo: Stopping
Wed Jul 10 02:07:37 2024: XCD main fifo: do_read error code: Operation canceled
Wed Jul 10 02:07:37 2024: XCD main fifo: bytes_transferred: 0
Wed Jul 10 02:07:37 2024: SERVER: destructor for server bound to port 42561
Wed Jul 10 02:07:37 2024: XCD main fifo: Good unlink of /tmp/xcdmain408a732c-caae-4897-9c0a-9022b6ba83fe
Wed Jul 10 02:07:37 2024: Server exiting with status 0.
Wed Jul 10 02:07:37 2024: Closing log file.
Wed Jul 10 04:19:12 2024: Running xcd server. This server was built by gradle.
Wed Jul 10 04:19:12 2024: Server was asked to start on port: '39627'
Wed Jul 10 04:19:12 2024: Server is using token UUID: 'd8eded30-fc44-43ca-aeac-f0fd2b0cbc52'
Wed Jul 10 04:19:12 2024: SESSION_MGR: creating session with session uuid: '6d04a3e9-ade5-4ab9-8d63-1f78fcd2ec76' and name 'default'
Wed Jul 10 04:19:12 2024: Attempting to start server on port '39627'
Wed Jul 10 04:19:12 2024: XCD main fifo: created main fifo '/tmp/xcdmaind8eded30-fc44-43ca-aeac-f0fd2b0cbc52', fd read = 13
Wed Jul 10 04:19:12 2024: Running Dispatch Server
Wed Jul 10 04:19:12 2024: Version 2.2.0
Wed Jul 10 04:19:14 2024: Dispatch Server: Accepted socket connection from client
Wed Jul 10 04:19:14 2024: Starting Socket connection
Wed Jul 10 04:19:14 2024: EXCHANGE_TOKEN received, server token: d8eded30-fc44-43ca-aeac-f0fd2b0cbc52, passed token: d8eded30-fc44-43ca-aeac-f0fd2b0cbc52
Wed Jul 10 04:19:14 2024: DISPATCH_HANDLER: Adding handler from function makeHandler in library libxv_system_diagram
Wed Jul 10 04:19:14 2024: SESSION_MGR: creating session with session uuid: '325016d6-d5b9-4ad2-8b29-9fb2adc638df' and name 'v++_compile_cluster_top_function'
Wed Jul 10 04:19:14 2024: KERNEL_SVC: creating session with uuid: '325016d6-d5b9-4ad2-8b29-9fb2adc638df' and name 'v++_compile_cluster_top_function'
Wed Jul 10 04:19:14 2024: GUIDANCE_SMGR: creating guidance session with uuid: '325016d6-d5b9-4ad2-8b29-9fb2adc638df' and name 'v++_compile_cluster_top_function'
Wed Jul 10 04:19:14 2024: SYSTEM_DIAGRAM: creating session with uuid: '325016d6-d5b9-4ad2-8b29-9fb2adc638df' and name 'v++_compile_cluster_top_function'
Wed Jul 10 04:19:28 2024: SESSION_MGR: closing session for UUID '325016d6-d5b9-4ad2-8b29-9fb2adc638df' with name 'v++_compile_cluster_top_function'
Wed Jul 10 04:19:28 2024: KERNEL_SVC: closing session for UUID '325016d6-d5b9-4ad2-8b29-9fb2adc638df' with name 'v++_compile_cluster_top_function'
Wed Jul 10 04:19:28 2024: GUIDANCE_SMGR: closing session for UUID '325016d6-d5b9-4ad2-8b29-9fb2adc638df' with name 'v++_compile_cluster_top_function'
Wed Jul 10 04:19:28 2024: SYSTEM_DIAGRAM: closing session for UUID '325016d6-d5b9-4ad2-8b29-9fb2adc638df' with name 'v++_compile_cluster_top_function'
Wed Jul 10 04:19:28 2024: STOP_SERVER received, server token: d8eded30-fc44-43ca-aeac-f0fd2b0cbc52, passed token: d8eded30-fc44-43ca-aeac-f0fd2b0cbc52
Wed Jul 10 04:19:28 2024: Socket received request to stop server.
Wed Jul 10 04:19:28 2024: Dispatch Server: do_await_stop
Wed Jul 10 04:19:28 2024: Dispatch Server: stopping mainFifo_
Wed Jul 10 04:19:28 2024: XCD main fifo: Stopping
Wed Jul 10 04:19:28 2024: XCD main fifo: do_read error code: Operation canceled
Wed Jul 10 04:19:28 2024: XCD main fifo: bytes_transferred: 0
Wed Jul 10 04:19:28 2024: SERVER: destructor for server bound to port 39627
Wed Jul 10 04:19:28 2024: XCD main fifo: Good unlink of /tmp/xcdmaind8eded30-fc44-43ca-aeac-f0fd2b0cbc52
Wed Jul 10 04:19:28 2024: Server exiting with status 0.
Wed Jul 10 04:19:28 2024: Closing log file.
