

================================================================
== Vitis HLS Report for 'rgbToGrayscale'
================================================================
* Date:           Thu Nov 17 00:27:26 2022

* Version:        2022.1 (Build 3526262 on Mon Apr 18 15:48:16 MDT 2022)
* Project:        edge_detect_vitishls
* Solution:       solution1 (Vitis Kernel Flow Target)
* Product family: versal
* Target device:  xcvc1902-vsva2197-2MP-e-S


================================================================
== Performance Estimates
================================================================
+ Timing: 
    * Summary: 
    +--------+---------+----------+------------+
    |  Clock |  Target | Estimated| Uncertainty|
    +--------+---------+----------+------------+
    |ap_clk  |  5.00 ns|  3.650 ns|     1.35 ns|
    +--------+---------+----------+------------+

+ Latency: 
    * Summary: 
    +---------+---------+----------+----------+--------+--------+---------+
    |  Latency (cycles) |  Latency (absolute) |     Interval    | Pipeline|
    |   min   |   max   |    min   |    max   |   min  |   max  |   Type  |
    +---------+---------+----------+----------+--------+--------+---------+
    |   786595|   786595|  3.933 ms|  3.933 ms|  786596|  786596|       no|
    +---------+---------+----------+----------+--------+--------+---------+

    + Detail: 
        * Instance: 
        N/A

        * Loop: 
        N/A

============================================================
+ Verbose Summary: Synthesis Manager
============================================================
InlineROM: 1
ExposeGlobal: 0
============================================================
+ Verbose Summary: CDFG Model
============================================================
IsTopModel: 1
ResetActiveHigh: 1
IsCombinational: 0
IsDatapathOnly: 0
HasWiredReturn: 1
HasMFsm: 0
HasVarLatency: 1
IsPipeline: 0
IsRtlPipelined: 0
IsInstanceOverlapped: 0
IsDontTouch: 0
HasImplIP: 0
IsGatedGlobalClock: 0


============================================================
+ Verbose Summary: Schedule
============================================================
* Number of FSM states : 72
* Pipeline : 0
* Dataflow Pipeline: 0

* FSM state transitions: 
1 --> 2 
2 --> 3 
3 --> 4 
4 --> 5 
5 --> 6 
6 --> 7 
7 --> 8 
8 --> 9 
9 --> 10 
10 --> 11 
11 --> 12 
12 --> 13 
13 --> 14 
14 --> 15 
15 --> 16 
16 --> 17 
17 --> 18 
18 --> 19 
19 --> 20 
20 --> 21 
21 --> 22 
22 --> 23 
23 --> 24 
24 --> 25 
25 --> 26 
26 --> 27 
27 --> 28 
28 --> 29 
29 --> 30 
30 --> 31 
31 --> 32 
32 --> 33 
33 --> 34 
34 --> 35 
35 --> 36 
36 --> 37 
37 --> 38 
38 --> 39 
39 --> 40 
40 --> 41 
41 --> 42 
42 --> 43 
43 --> 44 
44 --> 45 
45 --> 46 
46 --> 47 
47 --> 48 
48 --> 49 
49 --> 50 
50 --> 51 
51 --> 52 
52 --> 53 
53 --> 54 
54 --> 55 
55 --> 56 
56 --> 57 
57 --> 58 
58 --> 59 
59 --> 60 
60 --> 61 
61 --> 62 
62 --> 63 
63 --> 64 
64 --> 65 
65 --> 66 
66 --> 67 
67 --> 68 
68 --> 69 
69 --> 70 
70 --> 71 
71 --> 72 
72 --> 

* FSM state operations: 

State 1 <SV = 0> <Delay = 1.00>
ST_1 : Operation 73 [1/1] (1.00ns)   --->   "%output_image_read = read i64 @_ssdm_op_Read.ap_none.i64, i64 %output_image" [edge_detect_tasks_V0.c:161]   --->   Operation 73 'read' 'output_image_read' <Predicate = true> <Delay = 1.00> <CoreInst = "s_axilite">   --->   Core 126 's_axilite' <Latency = 0> <II = 1> <Delay = 1.00> <Adapter> <Opcode : 'read' 'write'>
ST_1 : Operation 74 [1/1] (0.00ns)   --->   "%trunc_ln = partselect i58 @_ssdm_op_PartSelect.i58.i64.i32.i32, i64 %output_image_read, i32 6, i32 63" [edge_detect_tasks_V0.c:165]   --->   Operation 74 'partselect' 'trunc_ln' <Predicate = true> <Delay = 0.00>

State 2 <SV = 1> <Delay = 3.65>
ST_2 : Operation 75 [1/1] (0.00ns)   --->   "%sext_ln165 = sext i58 %trunc_ln" [edge_detect_tasks_V0.c:165]   --->   Operation 75 'sext' 'sext_ln165' <Predicate = true> <Delay = 0.00>
ST_2 : Operation 76 [1/1] (0.00ns)   --->   "%gmem_addr = getelementptr i512 %gmem, i64 %sext_ln165" [edge_detect_tasks_V0.c:165]   --->   Operation 76 'getelementptr' 'gmem_addr' <Predicate = true> <Delay = 0.00>
ST_2 : Operation 77 [1/1] (3.65ns)   --->   "%empty = writereq i1 @_ssdm_op_WriteReq.m_axi.p1i512, i512 %gmem_addr, i32 16384" [edge_detect_tasks_V0.c:165]   --->   Operation 77 'writereq' 'empty' <Predicate = true> <Delay = 3.65> <CoreInst = "m_axi">   --->   Core 125 'm_axi' <Latency = 0> <II = 1> <Delay = 1.00> <Adapter> <Opcode : 'read' 'write' 'readreq' 'writereq' 'writeresp'>

State 3 <SV = 2> <Delay = 1.00>
ST_3 : Operation 78 [1/1] (1.00ns)   --->   "%input_image_read = read i64 @_ssdm_op_Read.ap_none.i64, i64 %input_image" [edge_detect_tasks_V0.c:161]   --->   Operation 78 'read' 'input_image_read' <Predicate = true> <Delay = 1.00> <CoreInst = "s_axilite">   --->   Core 126 's_axilite' <Latency = 0> <II = 1> <Delay = 1.00> <Adapter> <Opcode : 'read' 'write'>
ST_3 : Operation 79 [1/1] (0.00ns)   --->   "%trunc_ln169 = trunc i64 %input_image_read" [edge_detect_tasks_V0.c:169]   --->   Operation 79 'trunc' 'trunc_ln169' <Predicate = true> <Delay = 0.00>
ST_3 : Operation 80 [2/2] (0.00ns)   --->   "%call_ln165 = call void @rgbToGrayscale_Pipeline_VITIS_LOOP_165_1_VITIS_LOOP_167_2, i512 %gmem, i58 %trunc_ln, i64 %input_image_read, i6 %trunc_ln169, i52 %mask_table" [edge_detect_tasks_V0.c:165]   --->   Operation 80 'call' 'call_ln165' <Predicate = true> <Delay = 0.00> <CoreType = "Generic">   --->   Core 0 '' <Latency = 0> <II = 1> <Delay = 1.00> <Generic> <Opcode : >

State 4 <SV = 3> <Delay = 0.00>
ST_4 : Operation 81 [1/2] (0.00ns)   --->   "%call_ln165 = call void @rgbToGrayscale_Pipeline_VITIS_LOOP_165_1_VITIS_LOOP_167_2, i512 %gmem, i58 %trunc_ln, i64 %input_image_read, i6 %trunc_ln169, i52 %mask_table" [edge_detect_tasks_V0.c:165]   --->   Operation 81 'call' 'call_ln165' <Predicate = true> <Delay = 0.00> <CoreType = "Generic">   --->   Core 0 '' <Latency = 0> <II = 1> <Delay = 1.00> <Generic> <Opcode : >

State 5 <SV = 4> <Delay = 3.65>
ST_5 : Operation 82 [68/68] (3.65ns)   --->   "%empty_22 = writeresp i1 @_ssdm_op_WriteResp.m_axi.p1i512, i512 %gmem_addr" [edge_detect_tasks_V0.c:177]   --->   Operation 82 'writeresp' 'empty_22' <Predicate = true> <Delay = 3.65> <CoreInst = "m_axi">   --->   Core 125 'm_axi' <Latency = 0> <II = 1> <Delay = 1.00> <Adapter> <Opcode : 'read' 'write' 'readreq' 'writereq' 'writeresp'>

State 6 <SV = 5> <Delay = 3.65>
ST_6 : Operation 83 [67/68] (3.65ns)   --->   "%empty_22 = writeresp i1 @_ssdm_op_WriteResp.m_axi.p1i512, i512 %gmem_addr" [edge_detect_tasks_V0.c:177]   --->   Operation 83 'writeresp' 'empty_22' <Predicate = true> <Delay = 3.65> <CoreInst = "m_axi">   --->   Core 125 'm_axi' <Latency = 0> <II = 1> <Delay = 1.00> <Adapter> <Opcode : 'read' 'write' 'readreq' 'writereq' 'writeresp'>

State 7 <SV = 6> <Delay = 3.65>
ST_7 : Operation 84 [66/68] (3.65ns)   --->   "%empty_22 = writeresp i1 @_ssdm_op_WriteResp.m_axi.p1i512, i512 %gmem_addr" [edge_detect_tasks_V0.c:177]   --->   Operation 84 'writeresp' 'empty_22' <Predicate = true> <Delay = 3.65> <CoreInst = "m_axi">   --->   Core 125 'm_axi' <Latency = 0> <II = 1> <Delay = 1.00> <Adapter> <Opcode : 'read' 'write' 'readreq' 'writereq' 'writeresp'>

State 8 <SV = 7> <Delay = 3.65>
ST_8 : Operation 85 [65/68] (3.65ns)   --->   "%empty_22 = writeresp i1 @_ssdm_op_WriteResp.m_axi.p1i512, i512 %gmem_addr" [edge_detect_tasks_V0.c:177]   --->   Operation 85 'writeresp' 'empty_22' <Predicate = true> <Delay = 3.65> <CoreInst = "m_axi">   --->   Core 125 'm_axi' <Latency = 0> <II = 1> <Delay = 1.00> <Adapter> <Opcode : 'read' 'write' 'readreq' 'writereq' 'writeresp'>

State 9 <SV = 8> <Delay = 3.65>
ST_9 : Operation 86 [64/68] (3.65ns)   --->   "%empty_22 = writeresp i1 @_ssdm_op_WriteResp.m_axi.p1i512, i512 %gmem_addr" [edge_detect_tasks_V0.c:177]   --->   Operation 86 'writeresp' 'empty_22' <Predicate = true> <Delay = 3.65> <CoreInst = "m_axi">   --->   Core 125 'm_axi' <Latency = 0> <II = 1> <Delay = 1.00> <Adapter> <Opcode : 'read' 'write' 'readreq' 'writereq' 'writeresp'>

State 10 <SV = 9> <Delay = 3.65>
ST_10 : Operation 87 [63/68] (3.65ns)   --->   "%empty_22 = writeresp i1 @_ssdm_op_WriteResp.m_axi.p1i512, i512 %gmem_addr" [edge_detect_tasks_V0.c:177]   --->   Operation 87 'writeresp' 'empty_22' <Predicate = true> <Delay = 3.65> <CoreInst = "m_axi">   --->   Core 125 'm_axi' <Latency = 0> <II = 1> <Delay = 1.00> <Adapter> <Opcode : 'read' 'write' 'readreq' 'writereq' 'writeresp'>

State 11 <SV = 10> <Delay = 3.65>
ST_11 : Operation 88 [62/68] (3.65ns)   --->   "%empty_22 = writeresp i1 @_ssdm_op_WriteResp.m_axi.p1i512, i512 %gmem_addr" [edge_detect_tasks_V0.c:177]   --->   Operation 88 'writeresp' 'empty_22' <Predicate = true> <Delay = 3.65> <CoreInst = "m_axi">   --->   Core 125 'm_axi' <Latency = 0> <II = 1> <Delay = 1.00> <Adapter> <Opcode : 'read' 'write' 'readreq' 'writereq' 'writeresp'>

State 12 <SV = 11> <Delay = 3.65>
ST_12 : Operation 89 [61/68] (3.65ns)   --->   "%empty_22 = writeresp i1 @_ssdm_op_WriteResp.m_axi.p1i512, i512 %gmem_addr" [edge_detect_tasks_V0.c:177]   --->   Operation 89 'writeresp' 'empty_22' <Predicate = true> <Delay = 3.65> <CoreInst = "m_axi">   --->   Core 125 'm_axi' <Latency = 0> <II = 1> <Delay = 1.00> <Adapter> <Opcode : 'read' 'write' 'readreq' 'writereq' 'writeresp'>

State 13 <SV = 12> <Delay = 3.65>
ST_13 : Operation 90 [60/68] (3.65ns)   --->   "%empty_22 = writeresp i1 @_ssdm_op_WriteResp.m_axi.p1i512, i512 %gmem_addr" [edge_detect_tasks_V0.c:177]   --->   Operation 90 'writeresp' 'empty_22' <Predicate = true> <Delay = 3.65> <CoreInst = "m_axi">   --->   Core 125 'm_axi' <Latency = 0> <II = 1> <Delay = 1.00> <Adapter> <Opcode : 'read' 'write' 'readreq' 'writereq' 'writeresp'>

State 14 <SV = 13> <Delay = 3.65>
ST_14 : Operation 91 [59/68] (3.65ns)   --->   "%empty_22 = writeresp i1 @_ssdm_op_WriteResp.m_axi.p1i512, i512 %gmem_addr" [edge_detect_tasks_V0.c:177]   --->   Operation 91 'writeresp' 'empty_22' <Predicate = true> <Delay = 3.65> <CoreInst = "m_axi">   --->   Core 125 'm_axi' <Latency = 0> <II = 1> <Delay = 1.00> <Adapter> <Opcode : 'read' 'write' 'readreq' 'writereq' 'writeresp'>

State 15 <SV = 14> <Delay = 3.65>
ST_15 : Operation 92 [58/68] (3.65ns)   --->   "%empty_22 = writeresp i1 @_ssdm_op_WriteResp.m_axi.p1i512, i512 %gmem_addr" [edge_detect_tasks_V0.c:177]   --->   Operation 92 'writeresp' 'empty_22' <Predicate = true> <Delay = 3.65> <CoreInst = "m_axi">   --->   Core 125 'm_axi' <Latency = 0> <II = 1> <Delay = 1.00> <Adapter> <Opcode : 'read' 'write' 'readreq' 'writereq' 'writeresp'>

State 16 <SV = 15> <Delay = 3.65>
ST_16 : Operation 93 [57/68] (3.65ns)   --->   "%empty_22 = writeresp i1 @_ssdm_op_WriteResp.m_axi.p1i512, i512 %gmem_addr" [edge_detect_tasks_V0.c:177]   --->   Operation 93 'writeresp' 'empty_22' <Predicate = true> <Delay = 3.65> <CoreInst = "m_axi">   --->   Core 125 'm_axi' <Latency = 0> <II = 1> <Delay = 1.00> <Adapter> <Opcode : 'read' 'write' 'readreq' 'writereq' 'writeresp'>

State 17 <SV = 16> <Delay = 3.65>
ST_17 : Operation 94 [56/68] (3.65ns)   --->   "%empty_22 = writeresp i1 @_ssdm_op_WriteResp.m_axi.p1i512, i512 %gmem_addr" [edge_detect_tasks_V0.c:177]   --->   Operation 94 'writeresp' 'empty_22' <Predicate = true> <Delay = 3.65> <CoreInst = "m_axi">   --->   Core 125 'm_axi' <Latency = 0> <II = 1> <Delay = 1.00> <Adapter> <Opcode : 'read' 'write' 'readreq' 'writereq' 'writeresp'>

State 18 <SV = 17> <Delay = 3.65>
ST_18 : Operation 95 [55/68] (3.65ns)   --->   "%empty_22 = writeresp i1 @_ssdm_op_WriteResp.m_axi.p1i512, i512 %gmem_addr" [edge_detect_tasks_V0.c:177]   --->   Operation 95 'writeresp' 'empty_22' <Predicate = true> <Delay = 3.65> <CoreInst = "m_axi">   --->   Core 125 'm_axi' <Latency = 0> <II = 1> <Delay = 1.00> <Adapter> <Opcode : 'read' 'write' 'readreq' 'writereq' 'writeresp'>

State 19 <SV = 18> <Delay = 3.65>
ST_19 : Operation 96 [54/68] (3.65ns)   --->   "%empty_22 = writeresp i1 @_ssdm_op_WriteResp.m_axi.p1i512, i512 %gmem_addr" [edge_detect_tasks_V0.c:177]   --->   Operation 96 'writeresp' 'empty_22' <Predicate = true> <Delay = 3.65> <CoreInst = "m_axi">   --->   Core 125 'm_axi' <Latency = 0> <II = 1> <Delay = 1.00> <Adapter> <Opcode : 'read' 'write' 'readreq' 'writereq' 'writeresp'>

State 20 <SV = 19> <Delay = 3.65>
ST_20 : Operation 97 [53/68] (3.65ns)   --->   "%empty_22 = writeresp i1 @_ssdm_op_WriteResp.m_axi.p1i512, i512 %gmem_addr" [edge_detect_tasks_V0.c:177]   --->   Operation 97 'writeresp' 'empty_22' <Predicate = true> <Delay = 3.65> <CoreInst = "m_axi">   --->   Core 125 'm_axi' <Latency = 0> <II = 1> <Delay = 1.00> <Adapter> <Opcode : 'read' 'write' 'readreq' 'writereq' 'writeresp'>

State 21 <SV = 20> <Delay = 3.65>
ST_21 : Operation 98 [52/68] (3.65ns)   --->   "%empty_22 = writeresp i1 @_ssdm_op_WriteResp.m_axi.p1i512, i512 %gmem_addr" [edge_detect_tasks_V0.c:177]   --->   Operation 98 'writeresp' 'empty_22' <Predicate = true> <Delay = 3.65> <CoreInst = "m_axi">   --->   Core 125 'm_axi' <Latency = 0> <II = 1> <Delay = 1.00> <Adapter> <Opcode : 'read' 'write' 'readreq' 'writereq' 'writeresp'>

State 22 <SV = 21> <Delay = 3.65>
ST_22 : Operation 99 [51/68] (3.65ns)   --->   "%empty_22 = writeresp i1 @_ssdm_op_WriteResp.m_axi.p1i512, i512 %gmem_addr" [edge_detect_tasks_V0.c:177]   --->   Operation 99 'writeresp' 'empty_22' <Predicate = true> <Delay = 3.65> <CoreInst = "m_axi">   --->   Core 125 'm_axi' <Latency = 0> <II = 1> <Delay = 1.00> <Adapter> <Opcode : 'read' 'write' 'readreq' 'writereq' 'writeresp'>

State 23 <SV = 22> <Delay = 3.65>
ST_23 : Operation 100 [50/68] (3.65ns)   --->   "%empty_22 = writeresp i1 @_ssdm_op_WriteResp.m_axi.p1i512, i512 %gmem_addr" [edge_detect_tasks_V0.c:177]   --->   Operation 100 'writeresp' 'empty_22' <Predicate = true> <Delay = 3.65> <CoreInst = "m_axi">   --->   Core 125 'm_axi' <Latency = 0> <II = 1> <Delay = 1.00> <Adapter> <Opcode : 'read' 'write' 'readreq' 'writereq' 'writeresp'>

State 24 <SV = 23> <Delay = 3.65>
ST_24 : Operation 101 [49/68] (3.65ns)   --->   "%empty_22 = writeresp i1 @_ssdm_op_WriteResp.m_axi.p1i512, i512 %gmem_addr" [edge_detect_tasks_V0.c:177]   --->   Operation 101 'writeresp' 'empty_22' <Predicate = true> <Delay = 3.65> <CoreInst = "m_axi">   --->   Core 125 'm_axi' <Latency = 0> <II = 1> <Delay = 1.00> <Adapter> <Opcode : 'read' 'write' 'readreq' 'writereq' 'writeresp'>

State 25 <SV = 24> <Delay = 3.65>
ST_25 : Operation 102 [48/68] (3.65ns)   --->   "%empty_22 = writeresp i1 @_ssdm_op_WriteResp.m_axi.p1i512, i512 %gmem_addr" [edge_detect_tasks_V0.c:177]   --->   Operation 102 'writeresp' 'empty_22' <Predicate = true> <Delay = 3.65> <CoreInst = "m_axi">   --->   Core 125 'm_axi' <Latency = 0> <II = 1> <Delay = 1.00> <Adapter> <Opcode : 'read' 'write' 'readreq' 'writereq' 'writeresp'>

State 26 <SV = 25> <Delay = 3.65>
ST_26 : Operation 103 [47/68] (3.65ns)   --->   "%empty_22 = writeresp i1 @_ssdm_op_WriteResp.m_axi.p1i512, i512 %gmem_addr" [edge_detect_tasks_V0.c:177]   --->   Operation 103 'writeresp' 'empty_22' <Predicate = true> <Delay = 3.65> <CoreInst = "m_axi">   --->   Core 125 'm_axi' <Latency = 0> <II = 1> <Delay = 1.00> <Adapter> <Opcode : 'read' 'write' 'readreq' 'writereq' 'writeresp'>

State 27 <SV = 26> <Delay = 3.65>
ST_27 : Operation 104 [46/68] (3.65ns)   --->   "%empty_22 = writeresp i1 @_ssdm_op_WriteResp.m_axi.p1i512, i512 %gmem_addr" [edge_detect_tasks_V0.c:177]   --->   Operation 104 'writeresp' 'empty_22' <Predicate = true> <Delay = 3.65> <CoreInst = "m_axi">   --->   Core 125 'm_axi' <Latency = 0> <II = 1> <Delay = 1.00> <Adapter> <Opcode : 'read' 'write' 'readreq' 'writereq' 'writeresp'>

State 28 <SV = 27> <Delay = 3.65>
ST_28 : Operation 105 [45/68] (3.65ns)   --->   "%empty_22 = writeresp i1 @_ssdm_op_WriteResp.m_axi.p1i512, i512 %gmem_addr" [edge_detect_tasks_V0.c:177]   --->   Operation 105 'writeresp' 'empty_22' <Predicate = true> <Delay = 3.65> <CoreInst = "m_axi">   --->   Core 125 'm_axi' <Latency = 0> <II = 1> <Delay = 1.00> <Adapter> <Opcode : 'read' 'write' 'readreq' 'writereq' 'writeresp'>

State 29 <SV = 28> <Delay = 3.65>
ST_29 : Operation 106 [44/68] (3.65ns)   --->   "%empty_22 = writeresp i1 @_ssdm_op_WriteResp.m_axi.p1i512, i512 %gmem_addr" [edge_detect_tasks_V0.c:177]   --->   Operation 106 'writeresp' 'empty_22' <Predicate = true> <Delay = 3.65> <CoreInst = "m_axi">   --->   Core 125 'm_axi' <Latency = 0> <II = 1> <Delay = 1.00> <Adapter> <Opcode : 'read' 'write' 'readreq' 'writereq' 'writeresp'>

State 30 <SV = 29> <Delay = 3.65>
ST_30 : Operation 107 [43/68] (3.65ns)   --->   "%empty_22 = writeresp i1 @_ssdm_op_WriteResp.m_axi.p1i512, i512 %gmem_addr" [edge_detect_tasks_V0.c:177]   --->   Operation 107 'writeresp' 'empty_22' <Predicate = true> <Delay = 3.65> <CoreInst = "m_axi">   --->   Core 125 'm_axi' <Latency = 0> <II = 1> <Delay = 1.00> <Adapter> <Opcode : 'read' 'write' 'readreq' 'writereq' 'writeresp'>

State 31 <SV = 30> <Delay = 3.65>
ST_31 : Operation 108 [42/68] (3.65ns)   --->   "%empty_22 = writeresp i1 @_ssdm_op_WriteResp.m_axi.p1i512, i512 %gmem_addr" [edge_detect_tasks_V0.c:177]   --->   Operation 108 'writeresp' 'empty_22' <Predicate = true> <Delay = 3.65> <CoreInst = "m_axi">   --->   Core 125 'm_axi' <Latency = 0> <II = 1> <Delay = 1.00> <Adapter> <Opcode : 'read' 'write' 'readreq' 'writereq' 'writeresp'>

State 32 <SV = 31> <Delay = 3.65>
ST_32 : Operation 109 [41/68] (3.65ns)   --->   "%empty_22 = writeresp i1 @_ssdm_op_WriteResp.m_axi.p1i512, i512 %gmem_addr" [edge_detect_tasks_V0.c:177]   --->   Operation 109 'writeresp' 'empty_22' <Predicate = true> <Delay = 3.65> <CoreInst = "m_axi">   --->   Core 125 'm_axi' <Latency = 0> <II = 1> <Delay = 1.00> <Adapter> <Opcode : 'read' 'write' 'readreq' 'writereq' 'writeresp'>

State 33 <SV = 32> <Delay = 3.65>
ST_33 : Operation 110 [40/68] (3.65ns)   --->   "%empty_22 = writeresp i1 @_ssdm_op_WriteResp.m_axi.p1i512, i512 %gmem_addr" [edge_detect_tasks_V0.c:177]   --->   Operation 110 'writeresp' 'empty_22' <Predicate = true> <Delay = 3.65> <CoreInst = "m_axi">   --->   Core 125 'm_axi' <Latency = 0> <II = 1> <Delay = 1.00> <Adapter> <Opcode : 'read' 'write' 'readreq' 'writereq' 'writeresp'>

State 34 <SV = 33> <Delay = 3.65>
ST_34 : Operation 111 [39/68] (3.65ns)   --->   "%empty_22 = writeresp i1 @_ssdm_op_WriteResp.m_axi.p1i512, i512 %gmem_addr" [edge_detect_tasks_V0.c:177]   --->   Operation 111 'writeresp' 'empty_22' <Predicate = true> <Delay = 3.65> <CoreInst = "m_axi">   --->   Core 125 'm_axi' <Latency = 0> <II = 1> <Delay = 1.00> <Adapter> <Opcode : 'read' 'write' 'readreq' 'writereq' 'writeresp'>

State 35 <SV = 34> <Delay = 3.65>
ST_35 : Operation 112 [38/68] (3.65ns)   --->   "%empty_22 = writeresp i1 @_ssdm_op_WriteResp.m_axi.p1i512, i512 %gmem_addr" [edge_detect_tasks_V0.c:177]   --->   Operation 112 'writeresp' 'empty_22' <Predicate = true> <Delay = 3.65> <CoreInst = "m_axi">   --->   Core 125 'm_axi' <Latency = 0> <II = 1> <Delay = 1.00> <Adapter> <Opcode : 'read' 'write' 'readreq' 'writereq' 'writeresp'>

State 36 <SV = 35> <Delay = 3.65>
ST_36 : Operation 113 [37/68] (3.65ns)   --->   "%empty_22 = writeresp i1 @_ssdm_op_WriteResp.m_axi.p1i512, i512 %gmem_addr" [edge_detect_tasks_V0.c:177]   --->   Operation 113 'writeresp' 'empty_22' <Predicate = true> <Delay = 3.65> <CoreInst = "m_axi">   --->   Core 125 'm_axi' <Latency = 0> <II = 1> <Delay = 1.00> <Adapter> <Opcode : 'read' 'write' 'readreq' 'writereq' 'writeresp'>

State 37 <SV = 36> <Delay = 3.65>
ST_37 : Operation 114 [36/68] (3.65ns)   --->   "%empty_22 = writeresp i1 @_ssdm_op_WriteResp.m_axi.p1i512, i512 %gmem_addr" [edge_detect_tasks_V0.c:177]   --->   Operation 114 'writeresp' 'empty_22' <Predicate = true> <Delay = 3.65> <CoreInst = "m_axi">   --->   Core 125 'm_axi' <Latency = 0> <II = 1> <Delay = 1.00> <Adapter> <Opcode : 'read' 'write' 'readreq' 'writereq' 'writeresp'>

State 38 <SV = 37> <Delay = 3.65>
ST_38 : Operation 115 [35/68] (3.65ns)   --->   "%empty_22 = writeresp i1 @_ssdm_op_WriteResp.m_axi.p1i512, i512 %gmem_addr" [edge_detect_tasks_V0.c:177]   --->   Operation 115 'writeresp' 'empty_22' <Predicate = true> <Delay = 3.65> <CoreInst = "m_axi">   --->   Core 125 'm_axi' <Latency = 0> <II = 1> <Delay = 1.00> <Adapter> <Opcode : 'read' 'write' 'readreq' 'writereq' 'writeresp'>

State 39 <SV = 38> <Delay = 3.65>
ST_39 : Operation 116 [34/68] (3.65ns)   --->   "%empty_22 = writeresp i1 @_ssdm_op_WriteResp.m_axi.p1i512, i512 %gmem_addr" [edge_detect_tasks_V0.c:177]   --->   Operation 116 'writeresp' 'empty_22' <Predicate = true> <Delay = 3.65> <CoreInst = "m_axi">   --->   Core 125 'm_axi' <Latency = 0> <II = 1> <Delay = 1.00> <Adapter> <Opcode : 'read' 'write' 'readreq' 'writereq' 'writeresp'>

State 40 <SV = 39> <Delay = 3.65>
ST_40 : Operation 117 [33/68] (3.65ns)   --->   "%empty_22 = writeresp i1 @_ssdm_op_WriteResp.m_axi.p1i512, i512 %gmem_addr" [edge_detect_tasks_V0.c:177]   --->   Operation 117 'writeresp' 'empty_22' <Predicate = true> <Delay = 3.65> <CoreInst = "m_axi">   --->   Core 125 'm_axi' <Latency = 0> <II = 1> <Delay = 1.00> <Adapter> <Opcode : 'read' 'write' 'readreq' 'writereq' 'writeresp'>

State 41 <SV = 40> <Delay = 3.65>
ST_41 : Operation 118 [32/68] (3.65ns)   --->   "%empty_22 = writeresp i1 @_ssdm_op_WriteResp.m_axi.p1i512, i512 %gmem_addr" [edge_detect_tasks_V0.c:177]   --->   Operation 118 'writeresp' 'empty_22' <Predicate = true> <Delay = 3.65> <CoreInst = "m_axi">   --->   Core 125 'm_axi' <Latency = 0> <II = 1> <Delay = 1.00> <Adapter> <Opcode : 'read' 'write' 'readreq' 'writereq' 'writeresp'>

State 42 <SV = 41> <Delay = 3.65>
ST_42 : Operation 119 [31/68] (3.65ns)   --->   "%empty_22 = writeresp i1 @_ssdm_op_WriteResp.m_axi.p1i512, i512 %gmem_addr" [edge_detect_tasks_V0.c:177]   --->   Operation 119 'writeresp' 'empty_22' <Predicate = true> <Delay = 3.65> <CoreInst = "m_axi">   --->   Core 125 'm_axi' <Latency = 0> <II = 1> <Delay = 1.00> <Adapter> <Opcode : 'read' 'write' 'readreq' 'writereq' 'writeresp'>

State 43 <SV = 42> <Delay = 3.65>
ST_43 : Operation 120 [30/68] (3.65ns)   --->   "%empty_22 = writeresp i1 @_ssdm_op_WriteResp.m_axi.p1i512, i512 %gmem_addr" [edge_detect_tasks_V0.c:177]   --->   Operation 120 'writeresp' 'empty_22' <Predicate = true> <Delay = 3.65> <CoreInst = "m_axi">   --->   Core 125 'm_axi' <Latency = 0> <II = 1> <Delay = 1.00> <Adapter> <Opcode : 'read' 'write' 'readreq' 'writereq' 'writeresp'>

State 44 <SV = 43> <Delay = 3.65>
ST_44 : Operation 121 [29/68] (3.65ns)   --->   "%empty_22 = writeresp i1 @_ssdm_op_WriteResp.m_axi.p1i512, i512 %gmem_addr" [edge_detect_tasks_V0.c:177]   --->   Operation 121 'writeresp' 'empty_22' <Predicate = true> <Delay = 3.65> <CoreInst = "m_axi">   --->   Core 125 'm_axi' <Latency = 0> <II = 1> <Delay = 1.00> <Adapter> <Opcode : 'read' 'write' 'readreq' 'writereq' 'writeresp'>

State 45 <SV = 44> <Delay = 3.65>
ST_45 : Operation 122 [28/68] (3.65ns)   --->   "%empty_22 = writeresp i1 @_ssdm_op_WriteResp.m_axi.p1i512, i512 %gmem_addr" [edge_detect_tasks_V0.c:177]   --->   Operation 122 'writeresp' 'empty_22' <Predicate = true> <Delay = 3.65> <CoreInst = "m_axi">   --->   Core 125 'm_axi' <Latency = 0> <II = 1> <Delay = 1.00> <Adapter> <Opcode : 'read' 'write' 'readreq' 'writereq' 'writeresp'>

State 46 <SV = 45> <Delay = 3.65>
ST_46 : Operation 123 [27/68] (3.65ns)   --->   "%empty_22 = writeresp i1 @_ssdm_op_WriteResp.m_axi.p1i512, i512 %gmem_addr" [edge_detect_tasks_V0.c:177]   --->   Operation 123 'writeresp' 'empty_22' <Predicate = true> <Delay = 3.65> <CoreInst = "m_axi">   --->   Core 125 'm_axi' <Latency = 0> <II = 1> <Delay = 1.00> <Adapter> <Opcode : 'read' 'write' 'readreq' 'writereq' 'writeresp'>

State 47 <SV = 46> <Delay = 3.65>
ST_47 : Operation 124 [26/68] (3.65ns)   --->   "%empty_22 = writeresp i1 @_ssdm_op_WriteResp.m_axi.p1i512, i512 %gmem_addr" [edge_detect_tasks_V0.c:177]   --->   Operation 124 'writeresp' 'empty_22' <Predicate = true> <Delay = 3.65> <CoreInst = "m_axi">   --->   Core 125 'm_axi' <Latency = 0> <II = 1> <Delay = 1.00> <Adapter> <Opcode : 'read' 'write' 'readreq' 'writereq' 'writeresp'>

State 48 <SV = 47> <Delay = 3.65>
ST_48 : Operation 125 [25/68] (3.65ns)   --->   "%empty_22 = writeresp i1 @_ssdm_op_WriteResp.m_axi.p1i512, i512 %gmem_addr" [edge_detect_tasks_V0.c:177]   --->   Operation 125 'writeresp' 'empty_22' <Predicate = true> <Delay = 3.65> <CoreInst = "m_axi">   --->   Core 125 'm_axi' <Latency = 0> <II = 1> <Delay = 1.00> <Adapter> <Opcode : 'read' 'write' 'readreq' 'writereq' 'writeresp'>

State 49 <SV = 48> <Delay = 3.65>
ST_49 : Operation 126 [24/68] (3.65ns)   --->   "%empty_22 = writeresp i1 @_ssdm_op_WriteResp.m_axi.p1i512, i512 %gmem_addr" [edge_detect_tasks_V0.c:177]   --->   Operation 126 'writeresp' 'empty_22' <Predicate = true> <Delay = 3.65> <CoreInst = "m_axi">   --->   Core 125 'm_axi' <Latency = 0> <II = 1> <Delay = 1.00> <Adapter> <Opcode : 'read' 'write' 'readreq' 'writereq' 'writeresp'>

State 50 <SV = 49> <Delay = 3.65>
ST_50 : Operation 127 [23/68] (3.65ns)   --->   "%empty_22 = writeresp i1 @_ssdm_op_WriteResp.m_axi.p1i512, i512 %gmem_addr" [edge_detect_tasks_V0.c:177]   --->   Operation 127 'writeresp' 'empty_22' <Predicate = true> <Delay = 3.65> <CoreInst = "m_axi">   --->   Core 125 'm_axi' <Latency = 0> <II = 1> <Delay = 1.00> <Adapter> <Opcode : 'read' 'write' 'readreq' 'writereq' 'writeresp'>

State 51 <SV = 50> <Delay = 3.65>
ST_51 : Operation 128 [22/68] (3.65ns)   --->   "%empty_22 = writeresp i1 @_ssdm_op_WriteResp.m_axi.p1i512, i512 %gmem_addr" [edge_detect_tasks_V0.c:177]   --->   Operation 128 'writeresp' 'empty_22' <Predicate = true> <Delay = 3.65> <CoreInst = "m_axi">   --->   Core 125 'm_axi' <Latency = 0> <II = 1> <Delay = 1.00> <Adapter> <Opcode : 'read' 'write' 'readreq' 'writereq' 'writeresp'>

State 52 <SV = 51> <Delay = 3.65>
ST_52 : Operation 129 [21/68] (3.65ns)   --->   "%empty_22 = writeresp i1 @_ssdm_op_WriteResp.m_axi.p1i512, i512 %gmem_addr" [edge_detect_tasks_V0.c:177]   --->   Operation 129 'writeresp' 'empty_22' <Predicate = true> <Delay = 3.65> <CoreInst = "m_axi">   --->   Core 125 'm_axi' <Latency = 0> <II = 1> <Delay = 1.00> <Adapter> <Opcode : 'read' 'write' 'readreq' 'writereq' 'writeresp'>

State 53 <SV = 52> <Delay = 3.65>
ST_53 : Operation 130 [20/68] (3.65ns)   --->   "%empty_22 = writeresp i1 @_ssdm_op_WriteResp.m_axi.p1i512, i512 %gmem_addr" [edge_detect_tasks_V0.c:177]   --->   Operation 130 'writeresp' 'empty_22' <Predicate = true> <Delay = 3.65> <CoreInst = "m_axi">   --->   Core 125 'm_axi' <Latency = 0> <II = 1> <Delay = 1.00> <Adapter> <Opcode : 'read' 'write' 'readreq' 'writereq' 'writeresp'>

State 54 <SV = 53> <Delay = 3.65>
ST_54 : Operation 131 [19/68] (3.65ns)   --->   "%empty_22 = writeresp i1 @_ssdm_op_WriteResp.m_axi.p1i512, i512 %gmem_addr" [edge_detect_tasks_V0.c:177]   --->   Operation 131 'writeresp' 'empty_22' <Predicate = true> <Delay = 3.65> <CoreInst = "m_axi">   --->   Core 125 'm_axi' <Latency = 0> <II = 1> <Delay = 1.00> <Adapter> <Opcode : 'read' 'write' 'readreq' 'writereq' 'writeresp'>

State 55 <SV = 54> <Delay = 3.65>
ST_55 : Operation 132 [18/68] (3.65ns)   --->   "%empty_22 = writeresp i1 @_ssdm_op_WriteResp.m_axi.p1i512, i512 %gmem_addr" [edge_detect_tasks_V0.c:177]   --->   Operation 132 'writeresp' 'empty_22' <Predicate = true> <Delay = 3.65> <CoreInst = "m_axi">   --->   Core 125 'm_axi' <Latency = 0> <II = 1> <Delay = 1.00> <Adapter> <Opcode : 'read' 'write' 'readreq' 'writereq' 'writeresp'>

State 56 <SV = 55> <Delay = 3.65>
ST_56 : Operation 133 [17/68] (3.65ns)   --->   "%empty_22 = writeresp i1 @_ssdm_op_WriteResp.m_axi.p1i512, i512 %gmem_addr" [edge_detect_tasks_V0.c:177]   --->   Operation 133 'writeresp' 'empty_22' <Predicate = true> <Delay = 3.65> <CoreInst = "m_axi">   --->   Core 125 'm_axi' <Latency = 0> <II = 1> <Delay = 1.00> <Adapter> <Opcode : 'read' 'write' 'readreq' 'writereq' 'writeresp'>

State 57 <SV = 56> <Delay = 3.65>
ST_57 : Operation 134 [16/68] (3.65ns)   --->   "%empty_22 = writeresp i1 @_ssdm_op_WriteResp.m_axi.p1i512, i512 %gmem_addr" [edge_detect_tasks_V0.c:177]   --->   Operation 134 'writeresp' 'empty_22' <Predicate = true> <Delay = 3.65> <CoreInst = "m_axi">   --->   Core 125 'm_axi' <Latency = 0> <II = 1> <Delay = 1.00> <Adapter> <Opcode : 'read' 'write' 'readreq' 'writereq' 'writeresp'>

State 58 <SV = 57> <Delay = 3.65>
ST_58 : Operation 135 [15/68] (3.65ns)   --->   "%empty_22 = writeresp i1 @_ssdm_op_WriteResp.m_axi.p1i512, i512 %gmem_addr" [edge_detect_tasks_V0.c:177]   --->   Operation 135 'writeresp' 'empty_22' <Predicate = true> <Delay = 3.65> <CoreInst = "m_axi">   --->   Core 125 'm_axi' <Latency = 0> <II = 1> <Delay = 1.00> <Adapter> <Opcode : 'read' 'write' 'readreq' 'writereq' 'writeresp'>

State 59 <SV = 58> <Delay = 3.65>
ST_59 : Operation 136 [14/68] (3.65ns)   --->   "%empty_22 = writeresp i1 @_ssdm_op_WriteResp.m_axi.p1i512, i512 %gmem_addr" [edge_detect_tasks_V0.c:177]   --->   Operation 136 'writeresp' 'empty_22' <Predicate = true> <Delay = 3.65> <CoreInst = "m_axi">   --->   Core 125 'm_axi' <Latency = 0> <II = 1> <Delay = 1.00> <Adapter> <Opcode : 'read' 'write' 'readreq' 'writereq' 'writeresp'>

State 60 <SV = 59> <Delay = 3.65>
ST_60 : Operation 137 [13/68] (3.65ns)   --->   "%empty_22 = writeresp i1 @_ssdm_op_WriteResp.m_axi.p1i512, i512 %gmem_addr" [edge_detect_tasks_V0.c:177]   --->   Operation 137 'writeresp' 'empty_22' <Predicate = true> <Delay = 3.65> <CoreInst = "m_axi">   --->   Core 125 'm_axi' <Latency = 0> <II = 1> <Delay = 1.00> <Adapter> <Opcode : 'read' 'write' 'readreq' 'writereq' 'writeresp'>

State 61 <SV = 60> <Delay = 3.65>
ST_61 : Operation 138 [12/68] (3.65ns)   --->   "%empty_22 = writeresp i1 @_ssdm_op_WriteResp.m_axi.p1i512, i512 %gmem_addr" [edge_detect_tasks_V0.c:177]   --->   Operation 138 'writeresp' 'empty_22' <Predicate = true> <Delay = 3.65> <CoreInst = "m_axi">   --->   Core 125 'm_axi' <Latency = 0> <II = 1> <Delay = 1.00> <Adapter> <Opcode : 'read' 'write' 'readreq' 'writereq' 'writeresp'>

State 62 <SV = 61> <Delay = 3.65>
ST_62 : Operation 139 [11/68] (3.65ns)   --->   "%empty_22 = writeresp i1 @_ssdm_op_WriteResp.m_axi.p1i512, i512 %gmem_addr" [edge_detect_tasks_V0.c:177]   --->   Operation 139 'writeresp' 'empty_22' <Predicate = true> <Delay = 3.65> <CoreInst = "m_axi">   --->   Core 125 'm_axi' <Latency = 0> <II = 1> <Delay = 1.00> <Adapter> <Opcode : 'read' 'write' 'readreq' 'writereq' 'writeresp'>

State 63 <SV = 62> <Delay = 3.65>
ST_63 : Operation 140 [10/68] (3.65ns)   --->   "%empty_22 = writeresp i1 @_ssdm_op_WriteResp.m_axi.p1i512, i512 %gmem_addr" [edge_detect_tasks_V0.c:177]   --->   Operation 140 'writeresp' 'empty_22' <Predicate = true> <Delay = 3.65> <CoreInst = "m_axi">   --->   Core 125 'm_axi' <Latency = 0> <II = 1> <Delay = 1.00> <Adapter> <Opcode : 'read' 'write' 'readreq' 'writereq' 'writeresp'>

State 64 <SV = 63> <Delay = 3.65>
ST_64 : Operation 141 [9/68] (3.65ns)   --->   "%empty_22 = writeresp i1 @_ssdm_op_WriteResp.m_axi.p1i512, i512 %gmem_addr" [edge_detect_tasks_V0.c:177]   --->   Operation 141 'writeresp' 'empty_22' <Predicate = true> <Delay = 3.65> <CoreInst = "m_axi">   --->   Core 125 'm_axi' <Latency = 0> <II = 1> <Delay = 1.00> <Adapter> <Opcode : 'read' 'write' 'readreq' 'writereq' 'writeresp'>

State 65 <SV = 64> <Delay = 3.65>
ST_65 : Operation 142 [8/68] (3.65ns)   --->   "%empty_22 = writeresp i1 @_ssdm_op_WriteResp.m_axi.p1i512, i512 %gmem_addr" [edge_detect_tasks_V0.c:177]   --->   Operation 142 'writeresp' 'empty_22' <Predicate = true> <Delay = 3.65> <CoreInst = "m_axi">   --->   Core 125 'm_axi' <Latency = 0> <II = 1> <Delay = 1.00> <Adapter> <Opcode : 'read' 'write' 'readreq' 'writereq' 'writeresp'>

State 66 <SV = 65> <Delay = 3.65>
ST_66 : Operation 143 [7/68] (3.65ns)   --->   "%empty_22 = writeresp i1 @_ssdm_op_WriteResp.m_axi.p1i512, i512 %gmem_addr" [edge_detect_tasks_V0.c:177]   --->   Operation 143 'writeresp' 'empty_22' <Predicate = true> <Delay = 3.65> <CoreInst = "m_axi">   --->   Core 125 'm_axi' <Latency = 0> <II = 1> <Delay = 1.00> <Adapter> <Opcode : 'read' 'write' 'readreq' 'writereq' 'writeresp'>

State 67 <SV = 66> <Delay = 3.65>
ST_67 : Operation 144 [6/68] (3.65ns)   --->   "%empty_22 = writeresp i1 @_ssdm_op_WriteResp.m_axi.p1i512, i512 %gmem_addr" [edge_detect_tasks_V0.c:177]   --->   Operation 144 'writeresp' 'empty_22' <Predicate = true> <Delay = 3.65> <CoreInst = "m_axi">   --->   Core 125 'm_axi' <Latency = 0> <II = 1> <Delay = 1.00> <Adapter> <Opcode : 'read' 'write' 'readreq' 'writereq' 'writeresp'>

State 68 <SV = 67> <Delay = 3.65>
ST_68 : Operation 145 [5/68] (3.65ns)   --->   "%empty_22 = writeresp i1 @_ssdm_op_WriteResp.m_axi.p1i512, i512 %gmem_addr" [edge_detect_tasks_V0.c:177]   --->   Operation 145 'writeresp' 'empty_22' <Predicate = true> <Delay = 3.65> <CoreInst = "m_axi">   --->   Core 125 'm_axi' <Latency = 0> <II = 1> <Delay = 1.00> <Adapter> <Opcode : 'read' 'write' 'readreq' 'writereq' 'writeresp'>

State 69 <SV = 68> <Delay = 3.65>
ST_69 : Operation 146 [4/68] (3.65ns)   --->   "%empty_22 = writeresp i1 @_ssdm_op_WriteResp.m_axi.p1i512, i512 %gmem_addr" [edge_detect_tasks_V0.c:177]   --->   Operation 146 'writeresp' 'empty_22' <Predicate = true> <Delay = 3.65> <CoreInst = "m_axi">   --->   Core 125 'm_axi' <Latency = 0> <II = 1> <Delay = 1.00> <Adapter> <Opcode : 'read' 'write' 'readreq' 'writereq' 'writeresp'>

State 70 <SV = 69> <Delay = 3.65>
ST_70 : Operation 147 [3/68] (3.65ns)   --->   "%empty_22 = writeresp i1 @_ssdm_op_WriteResp.m_axi.p1i512, i512 %gmem_addr" [edge_detect_tasks_V0.c:177]   --->   Operation 147 'writeresp' 'empty_22' <Predicate = true> <Delay = 3.65> <CoreInst = "m_axi">   --->   Core 125 'm_axi' <Latency = 0> <II = 1> <Delay = 1.00> <Adapter> <Opcode : 'read' 'write' 'readreq' 'writereq' 'writeresp'>

State 71 <SV = 70> <Delay = 3.65>
ST_71 : Operation 148 [2/68] (3.65ns)   --->   "%empty_22 = writeresp i1 @_ssdm_op_WriteResp.m_axi.p1i512, i512 %gmem_addr" [edge_detect_tasks_V0.c:177]   --->   Operation 148 'writeresp' 'empty_22' <Predicate = true> <Delay = 3.65> <CoreInst = "m_axi">   --->   Core 125 'm_axi' <Latency = 0> <II = 1> <Delay = 1.00> <Adapter> <Opcode : 'read' 'write' 'readreq' 'writereq' 'writeresp'>

State 72 <SV = 71> <Delay = 3.65>
ST_72 : Operation 149 [1/1] (0.00ns)   --->   "%spectopmodule_ln161 = spectopmodule void @_ssdm_op_SpecTopModule, void @empty_9" [edge_detect_tasks_V0.c:161]   --->   Operation 149 'spectopmodule' 'spectopmodule_ln161' <Predicate = true> <Delay = 0.00>
ST_72 : Operation 150 [1/1] (0.00ns)   --->   "%specinterface_ln161 = specinterface void @_ssdm_op_SpecInterface, i32 0, void @empty_10, i32 0, i32 0, void @empty_0, i32 0, i32 0, void @empty_0, void @empty_0, void @empty_0, i32 0, i32 0, i32 0, i32 0, void @empty_0, void @empty_0, i32 4294967295, i32 0" [edge_detect_tasks_V0.c:161]   --->   Operation 150 'specinterface' 'specinterface_ln161' <Predicate = true> <Delay = 0.00>
ST_72 : Operation 151 [1/1] (0.00ns)   --->   "%specinterface_ln0 = specinterface void @_ssdm_op_SpecInterface, i512 %gmem, void @empty, i32 0, i32 0, void @empty_0, i32 64, i32 0, void @empty_1, void @empty_2, void @empty_0, i32 16, i32 16, i32 16, i32 16, void @empty_0, void @empty_0, i32 4294967295, i32 0"   --->   Operation 151 'specinterface' 'specinterface_ln0' <Predicate = true> <Delay = 0.00>
ST_72 : Operation 152 [1/1] (0.00ns)   --->   "%specbitsmap_ln0 = specbitsmap void @_ssdm_op_SpecBitsMap, i512 %gmem"   --->   Operation 152 'specbitsmap' 'specbitsmap_ln0' <Predicate = true> <Delay = 0.00>
ST_72 : Operation 153 [1/1] (0.00ns)   --->   "%specinterface_ln0 = specinterface void @_ssdm_op_SpecInterface, i64 %input_image, void @empty_3, i32 0, i32 0, void @empty_0, i32 0, i32 0, void @empty_4, void @empty_5, void @empty_0, i32 0, i32 0, i32 0, i32 0, void @empty_0, void @empty_6, i32 4294967295, i32 0"   --->   Operation 153 'specinterface' 'specinterface_ln0' <Predicate = true> <Delay = 0.00>
ST_72 : Operation 154 [1/1] (0.00ns)   --->   "%specinterface_ln0 = specinterface void @_ssdm_op_SpecInterface, i64 %input_image, void @empty_7, i32 0, i32 0, void @empty_0, i32 0, i32 0, void @empty_0, void @empty_0, void @empty_0, i32 0, i32 0, i32 0, i32 0, void @empty_0, void @empty_6, i32 4294967295, i32 0"   --->   Operation 154 'specinterface' 'specinterface_ln0' <Predicate = true> <Delay = 0.00>
ST_72 : Operation 155 [1/1] (0.00ns)   --->   "%specinterface_ln0 = specinterface void @_ssdm_op_SpecInterface, i64 %output_image, void @empty_3, i32 0, i32 0, void @empty_0, i32 0, i32 0, void @empty_4, void @empty_8, void @empty_0, i32 0, i32 0, i32 0, i32 0, void @empty_0, void @empty_6, i32 4294967295, i32 0"   --->   Operation 155 'specinterface' 'specinterface_ln0' <Predicate = true> <Delay = 0.00>
ST_72 : Operation 156 [1/1] (0.00ns)   --->   "%specinterface_ln0 = specinterface void @_ssdm_op_SpecInterface, i64 %output_image, void @empty_7, i32 0, i32 0, void @empty_0, i32 0, i32 0, void @empty_0, void @empty_0, void @empty_0, i32 0, i32 0, i32 0, i32 0, void @empty_0, void @empty_6, i32 4294967295, i32 0"   --->   Operation 156 'specinterface' 'specinterface_ln0' <Predicate = true> <Delay = 0.00>
ST_72 : Operation 157 [1/1] (0.00ns)   --->   "%specinterface_ln0 = specinterface void @_ssdm_op_SpecInterface, i32 0, void @empty_3, i32 0, i32 0, void @empty_0, i32 0, i32 0, void @empty_4, void @empty_0, void @empty_0, i32 0, i32 0, i32 0, i32 0, void @empty_0, void @empty_0, i32 4294967295, i32 0"   --->   Operation 157 'specinterface' 'specinterface_ln0' <Predicate = true> <Delay = 0.00>
ST_72 : Operation 158 [1/68] (3.65ns)   --->   "%empty_22 = writeresp i1 @_ssdm_op_WriteResp.m_axi.p1i512, i512 %gmem_addr" [edge_detect_tasks_V0.c:177]   --->   Operation 158 'writeresp' 'empty_22' <Predicate = true> <Delay = 3.65> <CoreInst = "m_axi">   --->   Core 125 'm_axi' <Latency = 0> <II = 1> <Delay = 1.00> <Adapter> <Opcode : 'read' 'write' 'readreq' 'writereq' 'writeresp'>
ST_72 : Operation 159 [1/1] (0.00ns)   --->   "%ret_ln177 = ret" [edge_detect_tasks_V0.c:177]   --->   Operation 159 'ret' 'ret_ln177' <Predicate = true> <Delay = 0.00>


============================================================
+ Verbose Summary: Timing violations
============================================================
Target clock period: 5ns, clock uncertainty: 1.35ns.

 <State 1>: 1ns
The critical path consists of the following:
	wire read operation ('output_image', edge_detect_tasks_V0.c:161) on port 'output_image' (edge_detect_tasks_V0.c:161) [14]  (1 ns)

 <State 2>: 3.65ns
The critical path consists of the following:
	'getelementptr' operation ('gmem_addr', edge_detect_tasks_V0.c:165) [18]  (0 ns)
	bus request operation ('empty', edge_detect_tasks_V0.c:165) on port 'gmem' (edge_detect_tasks_V0.c:165) [19]  (3.65 ns)

 <State 3>: 1ns
The critical path consists of the following:
	wire read operation ('input_image', edge_detect_tasks_V0.c:161) on port 'input_image' (edge_detect_tasks_V0.c:161) [15]  (1 ns)

 <State 4>: 0ns
The critical path consists of the following:

 <State 5>: 3.65ns
The critical path consists of the following:
	bus response operation ('empty_22', edge_detect_tasks_V0.c:177) on port 'gmem' (edge_detect_tasks_V0.c:177) [22]  (3.65 ns)

 <State 6>: 3.65ns
The critical path consists of the following:
	bus response operation ('empty_22', edge_detect_tasks_V0.c:177) on port 'gmem' (edge_detect_tasks_V0.c:177) [22]  (3.65 ns)

 <State 7>: 3.65ns
The critical path consists of the following:
	bus response operation ('empty_22', edge_detect_tasks_V0.c:177) on port 'gmem' (edge_detect_tasks_V0.c:177) [22]  (3.65 ns)

 <State 8>: 3.65ns
The critical path consists of the following:
	bus response operation ('empty_22', edge_detect_tasks_V0.c:177) on port 'gmem' (edge_detect_tasks_V0.c:177) [22]  (3.65 ns)

 <State 9>: 3.65ns
The critical path consists of the following:
	bus response operation ('empty_22', edge_detect_tasks_V0.c:177) on port 'gmem' (edge_detect_tasks_V0.c:177) [22]  (3.65 ns)

 <State 10>: 3.65ns
The critical path consists of the following:
	bus response operation ('empty_22', edge_detect_tasks_V0.c:177) on port 'gmem' (edge_detect_tasks_V0.c:177) [22]  (3.65 ns)

 <State 11>: 3.65ns
The critical path consists of the following:
	bus response operation ('empty_22', edge_detect_tasks_V0.c:177) on port 'gmem' (edge_detect_tasks_V0.c:177) [22]  (3.65 ns)

 <State 12>: 3.65ns
The critical path consists of the following:
	bus response operation ('empty_22', edge_detect_tasks_V0.c:177) on port 'gmem' (edge_detect_tasks_V0.c:177) [22]  (3.65 ns)

 <State 13>: 3.65ns
The critical path consists of the following:
	bus response operation ('empty_22', edge_detect_tasks_V0.c:177) on port 'gmem' (edge_detect_tasks_V0.c:177) [22]  (3.65 ns)

 <State 14>: 3.65ns
The critical path consists of the following:
	bus response operation ('empty_22', edge_detect_tasks_V0.c:177) on port 'gmem' (edge_detect_tasks_V0.c:177) [22]  (3.65 ns)

 <State 15>: 3.65ns
The critical path consists of the following:
	bus response operation ('empty_22', edge_detect_tasks_V0.c:177) on port 'gmem' (edge_detect_tasks_V0.c:177) [22]  (3.65 ns)

 <State 16>: 3.65ns
The critical path consists of the following:
	bus response operation ('empty_22', edge_detect_tasks_V0.c:177) on port 'gmem' (edge_detect_tasks_V0.c:177) [22]  (3.65 ns)

 <State 17>: 3.65ns
The critical path consists of the following:
	bus response operation ('empty_22', edge_detect_tasks_V0.c:177) on port 'gmem' (edge_detect_tasks_V0.c:177) [22]  (3.65 ns)

 <State 18>: 3.65ns
The critical path consists of the following:
	bus response operation ('empty_22', edge_detect_tasks_V0.c:177) on port 'gmem' (edge_detect_tasks_V0.c:177) [22]  (3.65 ns)

 <State 19>: 3.65ns
The critical path consists of the following:
	bus response operation ('empty_22', edge_detect_tasks_V0.c:177) on port 'gmem' (edge_detect_tasks_V0.c:177) [22]  (3.65 ns)

 <State 20>: 3.65ns
The critical path consists of the following:
	bus response operation ('empty_22', edge_detect_tasks_V0.c:177) on port 'gmem' (edge_detect_tasks_V0.c:177) [22]  (3.65 ns)

 <State 21>: 3.65ns
The critical path consists of the following:
	bus response operation ('empty_22', edge_detect_tasks_V0.c:177) on port 'gmem' (edge_detect_tasks_V0.c:177) [22]  (3.65 ns)

 <State 22>: 3.65ns
The critical path consists of the following:
	bus response operation ('empty_22', edge_detect_tasks_V0.c:177) on port 'gmem' (edge_detect_tasks_V0.c:177) [22]  (3.65 ns)

 <State 23>: 3.65ns
The critical path consists of the following:
	bus response operation ('empty_22', edge_detect_tasks_V0.c:177) on port 'gmem' (edge_detect_tasks_V0.c:177) [22]  (3.65 ns)

 <State 24>: 3.65ns
The critical path consists of the following:
	bus response operation ('empty_22', edge_detect_tasks_V0.c:177) on port 'gmem' (edge_detect_tasks_V0.c:177) [22]  (3.65 ns)

 <State 25>: 3.65ns
The critical path consists of the following:
	bus response operation ('empty_22', edge_detect_tasks_V0.c:177) on port 'gmem' (edge_detect_tasks_V0.c:177) [22]  (3.65 ns)

 <State 26>: 3.65ns
The critical path consists of the following:
	bus response operation ('empty_22', edge_detect_tasks_V0.c:177) on port 'gmem' (edge_detect_tasks_V0.c:177) [22]  (3.65 ns)

 <State 27>: 3.65ns
The critical path consists of the following:
	bus response operation ('empty_22', edge_detect_tasks_V0.c:177) on port 'gmem' (edge_detect_tasks_V0.c:177) [22]  (3.65 ns)

 <State 28>: 3.65ns
The critical path consists of the following:
	bus response operation ('empty_22', edge_detect_tasks_V0.c:177) on port 'gmem' (edge_detect_tasks_V0.c:177) [22]  (3.65 ns)

 <State 29>: 3.65ns
The critical path consists of the following:
	bus response operation ('empty_22', edge_detect_tasks_V0.c:177) on port 'gmem' (edge_detect_tasks_V0.c:177) [22]  (3.65 ns)

 <State 30>: 3.65ns
The critical path consists of the following:
	bus response operation ('empty_22', edge_detect_tasks_V0.c:177) on port 'gmem' (edge_detect_tasks_V0.c:177) [22]  (3.65 ns)

 <State 31>: 3.65ns
The critical path consists of the following:
	bus response operation ('empty_22', edge_detect_tasks_V0.c:177) on port 'gmem' (edge_detect_tasks_V0.c:177) [22]  (3.65 ns)

 <State 32>: 3.65ns
The critical path consists of the following:
	bus response operation ('empty_22', edge_detect_tasks_V0.c:177) on port 'gmem' (edge_detect_tasks_V0.c:177) [22]  (3.65 ns)

 <State 33>: 3.65ns
The critical path consists of the following:
	bus response operation ('empty_22', edge_detect_tasks_V0.c:177) on port 'gmem' (edge_detect_tasks_V0.c:177) [22]  (3.65 ns)

 <State 34>: 3.65ns
The critical path consists of the following:
	bus response operation ('empty_22', edge_detect_tasks_V0.c:177) on port 'gmem' (edge_detect_tasks_V0.c:177) [22]  (3.65 ns)

 <State 35>: 3.65ns
The critical path consists of the following:
	bus response operation ('empty_22', edge_detect_tasks_V0.c:177) on port 'gmem' (edge_detect_tasks_V0.c:177) [22]  (3.65 ns)

 <State 36>: 3.65ns
The critical path consists of the following:
	bus response operation ('empty_22', edge_detect_tasks_V0.c:177) on port 'gmem' (edge_detect_tasks_V0.c:177) [22]  (3.65 ns)

 <State 37>: 3.65ns
The critical path consists of the following:
	bus response operation ('empty_22', edge_detect_tasks_V0.c:177) on port 'gmem' (edge_detect_tasks_V0.c:177) [22]  (3.65 ns)

 <State 38>: 3.65ns
The critical path consists of the following:
	bus response operation ('empty_22', edge_detect_tasks_V0.c:177) on port 'gmem' (edge_detect_tasks_V0.c:177) [22]  (3.65 ns)

 <State 39>: 3.65ns
The critical path consists of the following:
	bus response operation ('empty_22', edge_detect_tasks_V0.c:177) on port 'gmem' (edge_detect_tasks_V0.c:177) [22]  (3.65 ns)

 <State 40>: 3.65ns
The critical path consists of the following:
	bus response operation ('empty_22', edge_detect_tasks_V0.c:177) on port 'gmem' (edge_detect_tasks_V0.c:177) [22]  (3.65 ns)

 <State 41>: 3.65ns
The critical path consists of the following:
	bus response operation ('empty_22', edge_detect_tasks_V0.c:177) on port 'gmem' (edge_detect_tasks_V0.c:177) [22]  (3.65 ns)

 <State 42>: 3.65ns
The critical path consists of the following:
	bus response operation ('empty_22', edge_detect_tasks_V0.c:177) on port 'gmem' (edge_detect_tasks_V0.c:177) [22]  (3.65 ns)

 <State 43>: 3.65ns
The critical path consists of the following:
	bus response operation ('empty_22', edge_detect_tasks_V0.c:177) on port 'gmem' (edge_detect_tasks_V0.c:177) [22]  (3.65 ns)

 <State 44>: 3.65ns
The critical path consists of the following:
	bus response operation ('empty_22', edge_detect_tasks_V0.c:177) on port 'gmem' (edge_detect_tasks_V0.c:177) [22]  (3.65 ns)

 <State 45>: 3.65ns
The critical path consists of the following:
	bus response operation ('empty_22', edge_detect_tasks_V0.c:177) on port 'gmem' (edge_detect_tasks_V0.c:177) [22]  (3.65 ns)

 <State 46>: 3.65ns
The critical path consists of the following:
	bus response operation ('empty_22', edge_detect_tasks_V0.c:177) on port 'gmem' (edge_detect_tasks_V0.c:177) [22]  (3.65 ns)

 <State 47>: 3.65ns
The critical path consists of the following:
	bus response operation ('empty_22', edge_detect_tasks_V0.c:177) on port 'gmem' (edge_detect_tasks_V0.c:177) [22]  (3.65 ns)

 <State 48>: 3.65ns
The critical path consists of the following:
	bus response operation ('empty_22', edge_detect_tasks_V0.c:177) on port 'gmem' (edge_detect_tasks_V0.c:177) [22]  (3.65 ns)

 <State 49>: 3.65ns
The critical path consists of the following:
	bus response operation ('empty_22', edge_detect_tasks_V0.c:177) on port 'gmem' (edge_detect_tasks_V0.c:177) [22]  (3.65 ns)

 <State 50>: 3.65ns
The critical path consists of the following:
	bus response operation ('empty_22', edge_detect_tasks_V0.c:177) on port 'gmem' (edge_detect_tasks_V0.c:177) [22]  (3.65 ns)

 <State 51>: 3.65ns
The critical path consists of the following:
	bus response operation ('empty_22', edge_detect_tasks_V0.c:177) on port 'gmem' (edge_detect_tasks_V0.c:177) [22]  (3.65 ns)

 <State 52>: 3.65ns
The critical path consists of the following:
	bus response operation ('empty_22', edge_detect_tasks_V0.c:177) on port 'gmem' (edge_detect_tasks_V0.c:177) [22]  (3.65 ns)

 <State 53>: 3.65ns
The critical path consists of the following:
	bus response operation ('empty_22', edge_detect_tasks_V0.c:177) on port 'gmem' (edge_detect_tasks_V0.c:177) [22]  (3.65 ns)

 <State 54>: 3.65ns
The critical path consists of the following:
	bus response operation ('empty_22', edge_detect_tasks_V0.c:177) on port 'gmem' (edge_detect_tasks_V0.c:177) [22]  (3.65 ns)

 <State 55>: 3.65ns
The critical path consists of the following:
	bus response operation ('empty_22', edge_detect_tasks_V0.c:177) on port 'gmem' (edge_detect_tasks_V0.c:177) [22]  (3.65 ns)

 <State 56>: 3.65ns
The critical path consists of the following:
	bus response operation ('empty_22', edge_detect_tasks_V0.c:177) on port 'gmem' (edge_detect_tasks_V0.c:177) [22]  (3.65 ns)

 <State 57>: 3.65ns
The critical path consists of the following:
	bus response operation ('empty_22', edge_detect_tasks_V0.c:177) on port 'gmem' (edge_detect_tasks_V0.c:177) [22]  (3.65 ns)

 <State 58>: 3.65ns
The critical path consists of the following:
	bus response operation ('empty_22', edge_detect_tasks_V0.c:177) on port 'gmem' (edge_detect_tasks_V0.c:177) [22]  (3.65 ns)

 <State 59>: 3.65ns
The critical path consists of the following:
	bus response operation ('empty_22', edge_detect_tasks_V0.c:177) on port 'gmem' (edge_detect_tasks_V0.c:177) [22]  (3.65 ns)

 <State 60>: 3.65ns
The critical path consists of the following:
	bus response operation ('empty_22', edge_detect_tasks_V0.c:177) on port 'gmem' (edge_detect_tasks_V0.c:177) [22]  (3.65 ns)

 <State 61>: 3.65ns
The critical path consists of the following:
	bus response operation ('empty_22', edge_detect_tasks_V0.c:177) on port 'gmem' (edge_detect_tasks_V0.c:177) [22]  (3.65 ns)

 <State 62>: 3.65ns
The critical path consists of the following:
	bus response operation ('empty_22', edge_detect_tasks_V0.c:177) on port 'gmem' (edge_detect_tasks_V0.c:177) [22]  (3.65 ns)

 <State 63>: 3.65ns
The critical path consists of the following:
	bus response operation ('empty_22', edge_detect_tasks_V0.c:177) on port 'gmem' (edge_detect_tasks_V0.c:177) [22]  (3.65 ns)

 <State 64>: 3.65ns
The critical path consists of the following:
	bus response operation ('empty_22', edge_detect_tasks_V0.c:177) on port 'gmem' (edge_detect_tasks_V0.c:177) [22]  (3.65 ns)

 <State 65>: 3.65ns
The critical path consists of the following:
	bus response operation ('empty_22', edge_detect_tasks_V0.c:177) on port 'gmem' (edge_detect_tasks_V0.c:177) [22]  (3.65 ns)

 <State 66>: 3.65ns
The critical path consists of the following:
	bus response operation ('empty_22', edge_detect_tasks_V0.c:177) on port 'gmem' (edge_detect_tasks_V0.c:177) [22]  (3.65 ns)

 <State 67>: 3.65ns
The critical path consists of the following:
	bus response operation ('empty_22', edge_detect_tasks_V0.c:177) on port 'gmem' (edge_detect_tasks_V0.c:177) [22]  (3.65 ns)

 <State 68>: 3.65ns
The critical path consists of the following:
	bus response operation ('empty_22', edge_detect_tasks_V0.c:177) on port 'gmem' (edge_detect_tasks_V0.c:177) [22]  (3.65 ns)

 <State 69>: 3.65ns
The critical path consists of the following:
	bus response operation ('empty_22', edge_detect_tasks_V0.c:177) on port 'gmem' (edge_detect_tasks_V0.c:177) [22]  (3.65 ns)

 <State 70>: 3.65ns
The critical path consists of the following:
	bus response operation ('empty_22', edge_detect_tasks_V0.c:177) on port 'gmem' (edge_detect_tasks_V0.c:177) [22]  (3.65 ns)

 <State 71>: 3.65ns
The critical path consists of the following:
	bus response operation ('empty_22', edge_detect_tasks_V0.c:177) on port 'gmem' (edge_detect_tasks_V0.c:177) [22]  (3.65 ns)

 <State 72>: 3.65ns
The critical path consists of the following:
	bus response operation ('empty_22', edge_detect_tasks_V0.c:177) on port 'gmem' (edge_detect_tasks_V0.c:177) [22]  (3.65 ns)


============================================================
+ Verbose Summary: Binding
============================================================
N/A
* FSMD analyzer results:
  - Output states:
 - Input state : 
  - Chain level:
	State 1
	State 2
	State 3
	State 4
	State 5
	State 6
	State 7
	State 8
	State 9
	State 10
	State 11
	State 12
	State 13
	State 14
	State 15
	State 16
	State 17
	State 18
	State 19
	State 20
	State 21
	State 22
	State 23
	State 24
	State 25
	State 26
	State 27
	State 28
	State 29
	State 30
	State 31
	State 32
	State 33
	State 34
	State 35
	State 36
	State 37
	State 38
	State 39
	State 40
	State 41
	State 42
	State 43
	State 44
	State 45
	State 46
	State 47
	State 48
	State 49
	State 50
	State 51
	State 52
	State 53
	State 54
	State 55
	State 56
	State 57
	State 58
	State 59
	State 60
	State 61
	State 62
	State 63
	State 64
	State 65
	State 66
	State 67
	State 68
	State 69
	State 70
	State 71
	State 72


============================================================
+ Verbose Summary: Datapath Resource usage 
============================================================
N/A
