# 
# Steps log generated by v++
# This log file contains a collection of steps that describe the kernel compilation flow
# Note: Some steps are tagged as internal, these steps are for debugging purposes and 
#       are not expected to be able to run independently.
# 

# The following environment variables are set when running v++
Environment variables :
------------------------------------------
SHELL=/bin/bash
SESSION_MANAGER=local/tls-Legion-5-15ACH6H:@/tmp/.ICE-unix/1452,unix/tls-Legion-5-15ACH6H:/tmp/.ICE-unix/1452
QT_ACCESSIBILITY=1
XDG_CONFIG_DIRS=/etc/xdg/xdg-ubuntu:/etc/xdg
SSH_AGENT_LAUNCHER=gnome-keyring
XDG_MENU_PREFIX=gnome-
GTK_IM_MODULE=ibus
RDI_APPROOT=/tools/Xilinx/Vitis/2023.2
RDI_JAVA_PLATFORM=
SHARED_DATA_HOME=/tools/Xilinx/SharedData/2023.2
TK_LIBRARY=/tools/Xilinx/Vitis/2023.2/tps/tk/tk8.5
LANGUAGE=en_US:en
FREETYPE_PROPERTIES=truetype:interpreter-version=35
XIL_SUPPRESS_OVERRIDE_WARNINGS=1
RDI_BINROOT=/tools/Xilinx/Vitis/2023.2/bin
LC_ADDRESS=pt_PT.UTF-8
XILINX_VIVADO=/tools/Xilinx/Vivado/2023.2
JAVA_HOME=/tools/Xilinx/Vitis/2023.2/tps/lnx64/jre11.0.16_1/
GNOME_SHELL_SESSION_MODE=ubuntu
LC_NAME=pt_PT.UTF-8
SSH_AUTH_SOCK=/run/user/1000/keyring/ssh
RDI_OPT_EXT=.o
RDI_INSTALLVER=2023.2
RDI_INSTALLROOT=/tools/Xilinx
THEIA_DEFAULT_PLUGINS=local-dir:/tools/Xilinx/Vitis/2023.2/ide/electron-app/lnx64/resources/app/plugins
RDI_PATCHROOT=
XMODIFIERS=@im=ibus
DESKTOP_SESSION=ubuntu
LC_MONETARY=pt_PT.UTF-8
GTK_MODULES=gail:atk-bridge
XIL_NO_OVERRIDE=0
RDI_LIBDIR=/tools/Xilinx/Vitis/2023.2/lib/lnx64.o/Ubuntu/22:/tools/Xilinx/Vitis/2023.2/lib/lnx64.o/Ubuntu:/tools/Xilinx/Vitis/2023.2/lib/lnx64.o
PWD=/home/tls/Dev/Experiments/VitisDataflowDirective
LOGNAME=tls
XDG_SESSION_DESKTOP=ubuntu
THEIA_ELECTRON_VERSION=15.5.7
XDG_SESSION_TYPE=x11
_RDI_DONT_SET_XILINX_AS_PATH=True
GPG_AGENT_INFO=/run/user/1000/gnupg/S.gpg-agent:0:1
SYSTEMD_EXEC_PID=1471
XAUTHORITY=/run/user/1000/gdm/Xauthority
RDI_PREPEND_PATH=/tools/Xilinx/Vitis/2023.2/bin
XILINX_DSP=
GJS_DEBUG_TOPICS=JS ERROR;JS LOG
WINDOWPATH=2
THEIA_PLUGINS=local-dir:/home/tls/.theia/plugins
HOME=/home/tls
USERNAME=tls
SYNTH_COMMON=/tools/Xilinx/Vitis/2023.2/scripts/rt/data
LANG=en_US.UTF-8
LC_PAPER=pt_PT.UTF-8
XDG_CURRENT_DESKTOP=Unity
XILINX_HLS=/tools/Xilinx/Vitis_HLS/2023.2
HDI_PROCESSOR=x86_64
RDI_BUILD=yes
RDI_PROG=/tools/Xilinx/Vitis/2023.2/bin/unwrapped/lnx64.o/v++
INVOCATION_ID=94ace34c6c714a2a82ba12e9ca036431
MANAGERPID=1086
RDI_SESSION_INFO=/home/tls:tls-Legion-5-15ACH6H_1704366622_7084
CHROME_DESKTOP=Vitis Unified IDE.desktop
RT_TCL_PATH=/tools/Xilinx/Vitis/2023.2/scripts/rt/base_tcl/tcl
GJS_DEBUG_OUTPUT=stderr
XILINX_SDK=/tools/Xilinx/Vitis/2023.2
RDI_SHARED_DATA=/tools/Xilinx/SharedData/2023.2/data
VSCODE_API_VERSION=1.53.2
XDG_SESSION_CLASS=user
PYTHONPATH=/tools/Xilinx/Vitis/2023.2/cli/:/tools/Xilinx/Vitis/2023.2/cli/python-packages/site-packages:/tools/Xilinx/Vitis/2023.2/cli/proto:/tools/Xilinx/Vitis/2023.2/tps/lnx64/python-3.8.3/lib/python3.8/lib-dynload/:/tools/Xilinx/Vitis/2023.2/tps/lnx64/python-3.8.3/lib/python3.8/:/tools/Xilinx/Vitis/2023.2/tps/lnx64/python-3.8.3/lib/python3.8/lib-dynload/:/tools/Xilinx/Vitis/2023.2/tps/lnx64/python-3.8.3/lib/python3.8:/tools/Xilinx/Vitis/2023.2/cli/:/tools/Xilinx/Vitis/2023.2/cli/python-packages/site-packages:/tools/Xilinx/Vitis/2023.2/cli/python-packages/lnx64:/tools/Xilinx/Vitis/2023.2/cli/proto:/tools/Xilinx/Vitis/2023.2/scripts/python_pkg
LC_IDENTIFICATION=pt_PT.UTF-8
PYTHONHOME=/tools/Xilinx/Vitis/2023.2/tps/lnx64/python-3.8.3/
USER=tls
XILINX_PLANAHEAD=/tools/Xilinx/Vitis/2023.2
RDI_BASEROOT=/tools/Xilinx/Vitis
LOPPER_DTC_FLAGS=-b 0 -@
RDI_TPS_ROOT=/tools/Xilinx/Vivado/2023.2/tps/lnx64
RDI_JAVA_VERSION=11.0.16_1
IDE_SKIP_SERVER_LICENSE=1
RDI_DATADIR=/tools/Xilinx/SharedData/2023.2/data:/tools/Xilinx/Vitis/2023.2/data
THEIA_ELECTRON_TOKEN={"value":"6523ccd8-0854-41e3-a9ff-286aeebbb21c"}
DISPLAY=:0
SHLVL=3
LC_TELEPHONE=pt_PT.UTF-8
RDI_USE_JDK11=1
QT_IM_MODULE=ibus
LC_MEASUREMENT=pt_PT.UTF-8
XILINX_VIVADO_HLS=/tools/Xilinx/Vivado/2023.2
XIL_CHECK_TCL_DEBUG=False
LD_LIBRARY_PATH=/tools/Xilinx/Vitis/2023.2/tps/lnx64/java-cef-95.0.4638.69/bin/lib/linux64:/tools/Xilinx/Vitis/2023.2/tps/lnx64/javafx-sdk-11.0.2/lib:/tools/Xilinx/Vitis/2023.2/lib/lnx64.o/Ubuntu/22:/tools/Xilinx/Vitis/2023.2/lib/lnx64.o/Ubuntu:/tools/Xilinx/Vitis/2023.2/lib/lnx64.o:/tools/Xilinx/Vitis/2023.2/tps/lnx64/jre11.0.16_1/lib/:/tools/Xilinx/Vitis/2023.2/tps/lnx64/jre11.0.16_1/lib//server:/tools/Xilinx/Vitis/2023.2/lib/lnx64.o/Ubuntu/22:/tools/Xilinx/Vitis/2023.2/lib/lnx64.o/Ubuntu:/tools/Xilinx/Vitis/2023.2/lib/lnx64.o:/tools/Xilinx/Vitis/2023.2/tps/lnx64/cmake-3.24.2/libs/Ubuntu/22:/tools/Xilinx/Vitis/2023.2/tps/lnx64/cmake-3.24.2/libs/Ubuntu:/tools/Xilinx/Vitis/2023.2/tps/lnx64/cmake-3.24.2/libs:/tools/Xilinx/Vitis/2023.2/lib/lnx64.o/Ubuntu/22:/tools/Xilinx/Vitis/2023.2/lib/lnx64.o/Ubuntu:/tools/Xilinx/Vitis/2023.2/lib/lnx64.o:/tools/Xilinx/Vitis/2023.2/tps/lnx64/python-3.8.3/lib:/tools/Xilinx/Vitis/2023.2/tps/lnx64/cmake-3.24.2/libs/Ubuntu/22:/tools/Xilinx/Vitis/2023.2/tps/lnx64/cmake-3.24.2/libs/Ubuntu:/tools/Xilinx/Vitis/2023.2/tps/lnx64/cmake-3.24.2/libs:/tools/Xilinx/Vitis/2023.2/lib/lnx64.o:/tools/Xilinx/Vitis/2023.2/lib/lnx64.o/Ubuntu/22:/tools/Xilinx/Vitis/2023.2/lib/lnx64.o/Ubuntu:/tools/Xilinx/Vitis/2023.2/lib/lnx64.o:/tools/Xilinx/Vitis/2023.2/tps/lnx64/python-3.8.3/lib:/tools/Xilinx/Vitis/2023.2/aietools/lib/lnx64.o:/tools/Xilinx/Vitis/2023.2/bin/../lnx64/tools/dot/lib
HDIPRELDPATH=/tools/Xilinx/Vitis/2023.2/lib/lnx64.o/Ubuntu/22:/tools/Xilinx/Vitis/2023.2/lib/lnx64.o/Ubuntu:/tools/Xilinx/Vitis/2023.2/lib/lnx64.o:/tools/Xilinx/Vitis/2023.2/tps/lnx64/cmake-3.24.2/libs/Ubuntu/22:/tools/Xilinx/Vitis/2023.2/tps/lnx64/cmake-3.24.2/libs/Ubuntu:/tools/Xilinx/Vitis/2023.2/tps/lnx64/cmake-3.24.2/libs:/tools/Xilinx/Vitis/2023.2/lib/lnx64.o/Ubuntu/22:/tools/Xilinx/Vitis/2023.2/lib/lnx64.o/Ubuntu:/tools/Xilinx/Vitis/2023.2/lib/lnx64.o:/tools/Xilinx/Vitis/2023.2/tps/lnx64/python-3.8.3/lib:/tools/Xilinx/Vitis/2023.2/tps/lnx64/cmake-3.24.2/libs/Ubuntu/22:/tools/Xilinx/Vitis/2023.2/tps/lnx64/cmake-3.24.2/libs/Ubuntu:/tools/Xilinx/Vitis/2023.2/tps/lnx64/cmake-3.24.2/libs:/tools/Xilinx/Vitis/2023.2/lib/lnx64.o:/tools/Xilinx/Vitis/2023.2/lib/lnx64.o/Ubuntu/22:/tools/Xilinx/Vitis/2023.2/lib/lnx64.o/Ubuntu:/tools/Xilinx/Vitis/2023.2/lib/lnx64.o:/tools/Xilinx/Vitis/2023.2/tps/lnx64/python-3.8.3/lib:/tools/Xilinx/Vitis/2023.2/aietools/lib/lnx64.o:/tools/Xilinx/Vitis/2023.2/bin/../lnx64/tools/dot/lib
LC_CTYPE=pt_PT.UTF-8
XDG_RUNTIME_DIR=/run/user/1000
TCMALLOC_LARGE_ALLOC_REPORT_THRESHOLD=4294967296
LC_TIME=pt_PT.UTF-8
TCL_LIBRARY=/tools/Xilinx/Vitis/2023.2/tps/tcl/tcl8.5
LC_ALL=en_US.UTF-8
JOURNAL_STREAM=8:18394
XDG_DATA_DIRS=/usr/share/ubuntu:/usr/share/gnome:/usr/local/share/:/usr/share/:/var/lib/snapd/desktop
PATH=/tools/Xilinx/Vivado/2023.2/tps/lnx64/binutils-2.26/bin:/tools/Xilinx/Vitis/2023.2/bin/../gnu/aarch64/lin/aarch64-linux/bin:/tools/Xilinx/Vitis/2023.2/bin/../gnu/ppc64le/4.9.3/lnx64/bin:/tools/Xilinx/Vitis/2023.2/bin/../gnu/aarch32/lin/gcc-arm-linux-gnueabi/bin:/tools/Xilinx/Vivado/2023.2/tps/lnx64/gcc-8.3.0/bin:/tools/Xilinx/Vivado/2023.2/gnu/microblaze/lin/bin:/tools/Xilinx/Vitis/2023.2/bin:/tools/Xilinx/Vitis/2023.2/tps/lnx64/jre11.0.16_1/bin:/tools/Xilinx/Vitis/2023.2/gnu/microblaze/lin/bin:/tools/Xilinx/Vitis/2023.2/gnu/arm/lin/bin:/tools/Xilinx/Vitis/2023.2/gnu/microblaze/linux_toolchain/nt64_be/bin:/tools/Xilinx/Vitis/2023.2/gnu/microblaze/linux_toolchain/nt64_le/bin:/tools/Xilinx/Vitis/2023.2/gnu/aarch32/lin/gcc-arm-linux-gnueabi/bin:/tools/Xilinx/Vitis/2023.2/gnu/aarch32/lin/gcc-arm-none-eabi/bin:/tools/Xilinx/Vitis/2023.2/gnu/aarch64/lin/aarch64-linux/bin:/tools/Xilinx/Vitis/2023.2/gnu/aarch64/lin/aarch64-none/bin:/tools/Xilinx/Vitis/2023.2/gnu/armr5/lin/gcc-arm-none-eabi/bin:/tools/Xilinx/Vitis/2023.2/tps/lnx64/cmake-3.24.2/bin:/tools/Xilinx/Vitis/2023.2/lnx64/tools/clang/bin:/tools/Xilinx/Vitis/2023.2/tps/lnx64/python-3.8.3//bin:/tools/Xilinx/Vitis/2023.2/tps/lnx64/jre11.0.16_1//bin:/bin:/tools/Xilinx/Vivado/2023.2/bin:/tools/Xilinx/Vitis/2023.2/tps/lnx64/git-2.16.2/bin:/tools/Xilinx/Vitis/2023.2/aietools/bin:/tools/Xilinx/Vitis_HLS/2023.2/bin:/usr/local/sbin:/usr/local/bin:/usr/sbin:/usr/bin:/sbin:/usr/games:/usr/local/games:/snap/bin
RT_LIBPATH=/tools/Xilinx/Vitis/2023.2/scripts/rt/data
GDMSESSION=ubuntu
ORIGINAL_XDG_CURRENT_DESKTOP=ubuntu:GNOME
HDI_APPROOT=/tools/Xilinx/Vitis/2023.2
DBUS_SESSION_BUS_ADDRESS=unix:path=/run/user/1000/bus
RDI_PLATFORM=lnx64
THEIA_APP_PROJECT_PATH=/tools/Xilinx/Vitis/2023.2/ide/electron-app/lnx64/resources/app
MYVIVADO=
BUILDINFO=SW Build 4026344 on 2023-10-11-15:42:07
ISL_IOSTREAMS_RSA=/tools/Xilinx/Vitis/2023.2/tps/isl
GIO_LAUNCHED_DESKTOP_FILE_PID=7084
GIO_LAUNCHED_DESKTOP_FILE=/usr/share/applications/Vitis.desktop
LC_NUMERIC=C
XILINX_VITIS=/tools/Xilinx/Vitis/2023.2
OLDPWD=/tools/Xilinx/Vitis/2023.2/bin
_=/tools/Xilinx/Vitis/2023.2/bin/unwrapped/lnx64.o/v++
XILINX_CD_CONNECT_ID=36883
XILINX_CD_SESSION=8f9980cd-3f59-4d82-bcfe-8a47729dc635


V++ command line:
------------------------------------------
/tools/Xilinx/Vitis/2023.2/bin/unwrapped/lnx64.o/v++ -c --mode hls --config /home/tls/Dev/Experiments/VitisDataflowDirective/hls_config.cfg --work_dir VitisDataflowDirective 

FINAL PROGRAM OPTIONS
--compile
--config /home/tls/Dev/Experiments/VitisDataflowDirective/hls_config.cfg
--hls.flow_target vitis
--hls.package.output.format ip_catalog
--hls.package.output.syn false
--hls.syn.file dataflow_scenarios.c
--hls.syn.top top_function
--mode hls
--part xczu9eg-ffvb1156-1-e
--target hw
--work_dir VitisDataflowDirective

PARSED COMMAND LINE OPTIONS
-c 
--mode hls 
--config /home/tls/Dev/Experiments/VitisDataflowDirective/hls_config.cfg 
--work_dir VitisDataflowDirective 

PARSED CONFIG FILE (1) OPTIONS
file: /home/tls/Dev/Experiments/VitisDataflowDirective/hls_config.cfg
part xczu9eg-ffvb1156-1-e 
hls.flow_target vitis 
hls.package.output.format ip_catalog 
hls.package.output.syn false 
hls.syn.file dataflow_scenarios.c 
hls.syn.top top_function 


==========================================
new:  steps log generated by v++ for new launch 
timestamp: 04 Jan 2024 13:24:46
------------------------------------------
V++ internal step: writing a config file for vitis_hls: /home/tls/Dev/Experiments/VitisDataflowDirective/VitisDataflowDirective/hls/config.cmdline
timestamp: 04 Jan 2024 13:24:46
V++ internal step status: success
------------------------------------------
V++ internal step: running vitis_hls
timestamp: 04 Jan 2024 13:24:46
working dir: /home/tls/Dev/Experiments/VitisDataflowDirective
cmd: vitis_hls -nolog -run csynth -work_dir /home/tls/Dev/Experiments/VitisDataflowDirective/VitisDataflowDirective -config /home/tls/Dev/Experiments/VitisDataflowDirective/hls_config.cfg -cmdlineconfig /home/tls/Dev/Experiments/VitisDataflowDirective/VitisDataflowDirective/hls/config.cmdline
V++ internal step status: fail

------------------------------------------
V++ command line :
------------------------------------------
/tools/Xilinx/Vitis/2023.2/bin/unwrapped/lnx64.o/v++ -c --mode hls --config /home/tls/Dev/Experiments/VitisDataflowDirective/hls_config.cfg --work_dir VitisDataflowDirective 
  Options from -O    : 
  Options from *.ini : 
  Options from Hw Platform : 

==========================================
new:  steps log generated by v++ for new launch 
timestamp: 04 Jan 2024 13:25:25
------------------------------------------
V++ internal step: writing a config file for vitis_hls: /home/tls/Dev/Experiments/VitisDataflowDirective/VitisDataflowDirective/hls/config.cmdline
timestamp: 04 Jan 2024 13:25:25
V++ internal step status: success
------------------------------------------
V++ internal step: running vitis_hls
timestamp: 04 Jan 2024 13:25:25
working dir: /home/tls/Dev/Experiments/VitisDataflowDirective
cmd: vitis_hls -nolog -run csynth -work_dir /home/tls/Dev/Experiments/VitisDataflowDirective/VitisDataflowDirective -config /home/tls/Dev/Experiments/VitisDataflowDirective/hls_config.cfg -cmdlineconfig /home/tls/Dev/Experiments/VitisDataflowDirective/VitisDataflowDirective/hls/config.cmdline
V++ internal step status: success

------------------------------------------
V++ command line :
------------------------------------------
/tools/Xilinx/Vitis/2023.2/bin/unwrapped/lnx64.o/v++ -c --mode hls --config /home/tls/Dev/Experiments/VitisDataflowDirective/hls_config.cfg --work_dir VitisDataflowDirective 
  Options from -O    : 
  Options from *.ini : 
  Options from Hw Platform : 

==========================================
new:  steps log generated by v++ for new launch 
timestamp: 04 Jan 2024 13:27:15
------------------------------------------
V++ internal step: writing a config file for vitis_hls: /home/tls/Dev/Experiments/VitisDataflowDirective/VitisDataflowDirective/hls/config.cmdline
timestamp: 04 Jan 2024 13:27:15
V++ internal step status: success
------------------------------------------
V++ internal step: running vitis_hls
timestamp: 04 Jan 2024 13:27:15
working dir: /home/tls/Dev/Experiments/VitisDataflowDirective
cmd: vitis_hls -nolog -run csynth -work_dir /home/tls/Dev/Experiments/VitisDataflowDirective/VitisDataflowDirective -config /home/tls/Dev/Experiments/VitisDataflowDirective/hls_config.cfg -cmdlineconfig /home/tls/Dev/Experiments/VitisDataflowDirective/VitisDataflowDirective/hls/config.cmdline
V++ internal step status: success

------------------------------------------
V++ command line :
------------------------------------------
/tools/Xilinx/Vitis/2023.2/bin/unwrapped/lnx64.o/v++ -c --mode hls --config /home/tls/Dev/Experiments/VitisDataflowDirective/hls_config.cfg --work_dir VitisDataflowDirective 
  Options from -O    : 
  Options from *.ini : 
  Options from Hw Platform : 

==========================================
new:  steps log generated by v++ for new launch 
timestamp: 04 Jan 2024 13:29:21
------------------------------------------
V++ internal step: writing a config file for vitis_hls: /home/tls/Dev/Experiments/VitisDataflowDirective/VitisDataflowDirective/hls/config.cmdline
timestamp: 04 Jan 2024 13:29:21
V++ internal step status: success
------------------------------------------
V++ internal step: running vitis_hls
timestamp: 04 Jan 2024 13:29:21
working dir: /home/tls/Dev/Experiments/VitisDataflowDirective
cmd: vitis_hls -nolog -run csynth -work_dir /home/tls/Dev/Experiments/VitisDataflowDirective/VitisDataflowDirective -config /home/tls/Dev/Experiments/VitisDataflowDirective/hls_config.cfg -cmdlineconfig /home/tls/Dev/Experiments/VitisDataflowDirective/VitisDataflowDirective/hls/config.cmdline
V++ internal step status: fail

------------------------------------------
V++ command line :
------------------------------------------
/tools/Xilinx/Vitis/2023.2/bin/unwrapped/lnx64.o/v++ -c --mode hls --config /home/tls/Dev/Experiments/VitisDataflowDirective/hls_config.cfg --work_dir VitisDataflowDirective 
  Options from -O    : 
  Options from *.ini : 
  Options from Hw Platform : 

==========================================
new:  steps log generated by v++ for new launch 
timestamp: 04 Jan 2024 13:41:09
------------------------------------------
V++ internal step: writing a config file for vitis_hls: /home/tls/Dev/Experiments/VitisDataflowDirective/VitisDataflowDirective/hls/config.cmdline
timestamp: 04 Jan 2024 13:41:09
V++ internal step status: success
------------------------------------------
V++ internal step: running vitis_hls
timestamp: 04 Jan 2024 13:41:09
working dir: /home/tls/Dev/Experiments/VitisDataflowDirective
cmd: vitis_hls -nolog -run csynth -work_dir /home/tls/Dev/Experiments/VitisDataflowDirective/VitisDataflowDirective -config /home/tls/Dev/Experiments/VitisDataflowDirective/hls_config.cfg -cmdlineconfig /home/tls/Dev/Experiments/VitisDataflowDirective/VitisDataflowDirective/hls/config.cmdline
V++ internal step status: fail

------------------------------------------
V++ command line :
------------------------------------------
/tools/Xilinx/Vitis/2023.2/bin/unwrapped/lnx64.o/v++ -c --mode hls --config /home/tls/Dev/Experiments/VitisDataflowDirective/hls_config.cfg --work_dir VitisDataflowDirective 
  Options from -O    : 
  Options from *.ini : 
  Options from Hw Platform : 

==========================================
new:  steps log generated by v++ for new launch 
timestamp: 04 Jan 2024 13:41:51
------------------------------------------
V++ internal step: writing a config file for vitis_hls: /home/tls/Dev/Experiments/VitisDataflowDirective/VitisDataflowDirective/hls/config.cmdline
timestamp: 04 Jan 2024 13:41:51
V++ internal step status: success
------------------------------------------
V++ internal step: running vitis_hls
timestamp: 04 Jan 2024 13:41:51
working dir: /home/tls/Dev/Experiments/VitisDataflowDirective
cmd: vitis_hls -nolog -run csynth -work_dir /home/tls/Dev/Experiments/VitisDataflowDirective/VitisDataflowDirective -config /home/tls/Dev/Experiments/VitisDataflowDirective/hls_config.cfg -cmdlineconfig /home/tls/Dev/Experiments/VitisDataflowDirective/VitisDataflowDirective/hls/config.cmdline
V++ internal step status: success

------------------------------------------
V++ command line :
------------------------------------------
/tools/Xilinx/Vitis/2023.2/bin/unwrapped/lnx64.o/v++ -c --mode hls --config /home/tls/Dev/Experiments/VitisDataflowDirective/hls_config.cfg --work_dir VitisDataflowDirective 
  Options from -O    : 
  Options from *.ini : 
  Options from Hw Platform : 

==========================================
new:  steps log generated by v++ for new launch 
timestamp: 04 Jan 2024 13:43:07
------------------------------------------
V++ internal step: writing a config file for vitis_hls: /home/tls/Dev/Experiments/VitisDataflowDirective/VitisDataflowDirective/hls/config.cmdline
timestamp: 04 Jan 2024 13:43:07
V++ internal step status: success
------------------------------------------
V++ internal step: running vitis_hls
timestamp: 04 Jan 2024 13:43:07
working dir: /home/tls/Dev/Experiments/VitisDataflowDirective
cmd: vitis_hls -nolog -run csynth -work_dir /home/tls/Dev/Experiments/VitisDataflowDirective/VitisDataflowDirective -config /home/tls/Dev/Experiments/VitisDataflowDirective/hls_config.cfg -cmdlineconfig /home/tls/Dev/Experiments/VitisDataflowDirective/VitisDataflowDirective/hls/config.cmdline
V++ internal step status: success

------------------------------------------
V++ command line :
------------------------------------------
/tools/Xilinx/Vitis/2023.2/bin/unwrapped/lnx64.o/v++ -c --mode hls --config /home/tls/Dev/Experiments/VitisDataflowDirective/hls_config.cfg --work_dir VitisDataflowDirective 
  Options from -O    : 
  Options from *.ini : 
  Options from Hw Platform : 

==========================================
new:  steps log generated by v++ for new launch 
timestamp: 04 Jan 2024 13:58:15
------------------------------------------
V++ internal step: writing a config file for vitis_hls: /home/tls/Dev/Experiments/VitisDataflowDirective/VitisDataflowDirective/hls/config.cmdline
timestamp: 04 Jan 2024 13:58:15
V++ internal step status: success
------------------------------------------
V++ internal step: running vitis_hls
timestamp: 04 Jan 2024 13:58:15
working dir: /home/tls/Dev/Experiments/VitisDataflowDirective
cmd: vitis_hls -nolog -run csynth -work_dir /home/tls/Dev/Experiments/VitisDataflowDirective/VitisDataflowDirective -config /home/tls/Dev/Experiments/VitisDataflowDirective/hls_config.cfg -cmdlineconfig /home/tls/Dev/Experiments/VitisDataflowDirective/VitisDataflowDirective/hls/config.cmdline
V++ internal step status: fail

------------------------------------------
V++ command line :
------------------------------------------
/tools/Xilinx/Vitis/2023.2/bin/unwrapped/lnx64.o/v++ -c --mode hls --config /home/tls/Dev/Experiments/VitisDataflowDirective/hls_config.cfg --work_dir VitisDataflowDirective 
  Options from -O    : 
  Options from *.ini : 
  Options from Hw Platform : 

==========================================
new:  steps log generated by v++ for new launch 
timestamp: 04 Jan 2024 13:59:34
------------------------------------------
V++ internal step: writing a config file for vitis_hls: /home/tls/Dev/Experiments/VitisDataflowDirective/VitisDataflowDirective/hls/config.cmdline
timestamp: 04 Jan 2024 13:59:34
V++ internal step status: success
------------------------------------------
V++ internal step: running vitis_hls
timestamp: 04 Jan 2024 13:59:34
working dir: /home/tls/Dev/Experiments/VitisDataflowDirective
cmd: vitis_hls -nolog -run csynth -work_dir /home/tls/Dev/Experiments/VitisDataflowDirective/VitisDataflowDirective -config /home/tls/Dev/Experiments/VitisDataflowDirective/hls_config.cfg -cmdlineconfig /home/tls/Dev/Experiments/VitisDataflowDirective/VitisDataflowDirective/hls/config.cmdline
V++ internal step status: success
