Thu Jan  4 13:24:44 2024: Running xcd server. This server was built by gradle.
Thu Jan  4 13:24:44 2024: Server was asked to start on port: '36883'
Thu Jan  4 13:24:44 2024: Server is using token UUID: 'c8043e43-2d71-407f-82bf-1aeea6b93748'
Thu Jan  4 13:24:44 2024: SESSION_MGR: creating session with session uuid: '6d04a3e9-ade5-4ab9-8d63-1f78fcd2ec76' and name 'default'
Thu Jan  4 13:24:44 2024: Attempting to start server on port '36883'
Thu Jan  4 13:24:44 2024: XCD main fifo: created main fifo '/tmp/xcdmainc8043e43-2d71-407f-82bf-1aeea6b93748', fd read = 13
Thu Jan  4 13:24:44 2024: Running Dispatch Server
Thu Jan  4 13:24:44 2024: Version 2.2.0
Thu Jan  4 13:24:45 2024: Dispatch Server: Accepted socket connection from client
Thu Jan  4 13:24:45 2024: Starting Socket connection
Thu Jan  4 13:24:45 2024: EXCHANGE_TOKEN received, server token: c8043e43-2d71-407f-82bf-1aeea6b93748, passed token: c8043e43-2d71-407f-82bf-1aeea6b93748
Thu Jan  4 13:24:46 2024: DISPATCH_HANDLER: Adding handler from function makeHandler in library libxv_system_diagram
Thu Jan  4 13:24:46 2024: SESSION_MGR: creating session with session uuid: '8f9980cd-3f59-4d82-bcfe-8a47729dc635' and name 'v++_compile_VitisDataflowDirective'
Thu Jan  4 13:24:46 2024: KERNEL_SVC: creating session with uuid: '8f9980cd-3f59-4d82-bcfe-8a47729dc635' and name 'v++_compile_VitisDataflowDirective'
Thu Jan  4 13:24:46 2024: GUIDANCE_SMGR: creating guidance session with uuid: '8f9980cd-3f59-4d82-bcfe-8a47729dc635' and name 'v++_compile_VitisDataflowDirective'
Thu Jan  4 13:24:46 2024: SYSTEM_DIAGRAM: creating session with uuid: '8f9980cd-3f59-4d82-bcfe-8a47729dc635' and name 'v++_compile_VitisDataflowDirective'
Thu Jan  4 13:24:48 2024: Dispatch Server: Accepted socket connection from client
Thu Jan  4 13:24:48 2024: Starting Socket connection
Thu Jan  4 13:24:49 2024: SESSION_MGR: closing session for UUID '8f9980cd-3f59-4d82-bcfe-8a47729dc635' with name 'v++_compile_VitisDataflowDirective'
Thu Jan  4 13:24:49 2024: KERNEL_SVC: closing session for UUID '8f9980cd-3f59-4d82-bcfe-8a47729dc635' with name 'v++_compile_VitisDataflowDirective'
Thu Jan  4 13:24:49 2024: GUIDANCE_SMGR: closing session for UUID '8f9980cd-3f59-4d82-bcfe-8a47729dc635' with name 'v++_compile_VitisDataflowDirective'
Thu Jan  4 13:24:49 2024: SYSTEM_DIAGRAM: closing session for UUID '8f9980cd-3f59-4d82-bcfe-8a47729dc635' with name 'v++_compile_VitisDataflowDirective'
Thu Jan  4 13:24:49 2024: STOP_SERVER received, server token: c8043e43-2d71-407f-82bf-1aeea6b93748, passed token: c8043e43-2d71-407f-82bf-1aeea6b93748
Thu Jan  4 13:24:49 2024: Socket received request to stop server.
Thu Jan  4 13:24:49 2024: Dispatch Server: do_await_stop
Thu Jan  4 13:24:49 2024: Dispatch Server: stopping mainFifo_
Thu Jan  4 13:24:49 2024: XCD main fifo: Stopping
Thu Jan  4 13:24:49 2024: XCD main fifo: do_read error code: Operation canceled
Thu Jan  4 13:24:49 2024: XCD main fifo: bytes_transferred: 0
Thu Jan  4 13:24:49 2024: SERVER: destructor for server bound to port 36883
Thu Jan  4 13:24:49 2024: XCD main fifo: Good unlink of /tmp/xcdmainc8043e43-2d71-407f-82bf-1aeea6b93748
Thu Jan  4 13:24:49 2024: Server exiting with status 0.
Thu Jan  4 13:24:49 2024: Closing log file.
Thu Jan  4 13:25:23 2024: Running xcd server. This server was built by gradle.
Thu Jan  4 13:25:23 2024: Server was asked to start on port: '43965'
Thu Jan  4 13:25:23 2024: Server is using token UUID: 'c17b2572-d903-4286-977d-34219819454f'
Thu Jan  4 13:25:23 2024: SESSION_MGR: creating session with session uuid: '6d04a3e9-ade5-4ab9-8d63-1f78fcd2ec76' and name 'default'
Thu Jan  4 13:25:23 2024: Attempting to start server on port '43965'
Thu Jan  4 13:25:23 2024: XCD main fifo: created main fifo '/tmp/xcdmainc17b2572-d903-4286-977d-34219819454f', fd read = 13
Thu Jan  4 13:25:23 2024: Running Dispatch Server
Thu Jan  4 13:25:23 2024: Version 2.2.0
Thu Jan  4 13:25:25 2024: Dispatch Server: Accepted socket connection from client
Thu Jan  4 13:25:25 2024: Starting Socket connection
Thu Jan  4 13:25:25 2024: EXCHANGE_TOKEN received, server token: c17b2572-d903-4286-977d-34219819454f, passed token: c17b2572-d903-4286-977d-34219819454f
Thu Jan  4 13:25:25 2024: DISPATCH_HANDLER: Adding handler from function makeHandler in library libxv_system_diagram
Thu Jan  4 13:25:25 2024: SESSION_MGR: creating session with session uuid: 'e12208dc-305f-441b-8bad-d6f2e618f88d' and name 'v++_compile_VitisDataflowDirective'
Thu Jan  4 13:25:25 2024: KERNEL_SVC: creating session with uuid: 'e12208dc-305f-441b-8bad-d6f2e618f88d' and name 'v++_compile_VitisDataflowDirective'
Thu Jan  4 13:25:25 2024: GUIDANCE_SMGR: creating guidance session with uuid: 'e12208dc-305f-441b-8bad-d6f2e618f88d' and name 'v++_compile_VitisDataflowDirective'
Thu Jan  4 13:25:25 2024: SYSTEM_DIAGRAM: creating session with uuid: 'e12208dc-305f-441b-8bad-d6f2e618f88d' and name 'v++_compile_VitisDataflowDirective'
Thu Jan  4 13:25:27 2024: Dispatch Server: Accepted socket connection from client
Thu Jan  4 13:25:27 2024: Starting Socket connection
Thu Jan  4 13:25:37 2024: SESSION_MGR: closing session for UUID 'e12208dc-305f-441b-8bad-d6f2e618f88d' with name 'v++_compile_VitisDataflowDirective'
Thu Jan  4 13:25:37 2024: KERNEL_SVC: closing session for UUID 'e12208dc-305f-441b-8bad-d6f2e618f88d' with name 'v++_compile_VitisDataflowDirective'
Thu Jan  4 13:25:37 2024: GUIDANCE_SMGR: closing session for UUID 'e12208dc-305f-441b-8bad-d6f2e618f88d' with name 'v++_compile_VitisDataflowDirective'
Thu Jan  4 13:25:37 2024: SYSTEM_DIAGRAM: closing session for UUID 'e12208dc-305f-441b-8bad-d6f2e618f88d' with name 'v++_compile_VitisDataflowDirective'
Thu Jan  4 13:25:37 2024: STOP_SERVER received, server token: c17b2572-d903-4286-977d-34219819454f, passed token: c17b2572-d903-4286-977d-34219819454f
Thu Jan  4 13:25:37 2024: Socket received request to stop server.
Thu Jan  4 13:25:37 2024: Dispatch Server: do_await_stop
Thu Jan  4 13:25:37 2024: Dispatch Server: stopping mainFifo_
Thu Jan  4 13:25:37 2024: XCD main fifo: Stopping
Thu Jan  4 13:25:37 2024: XCD main fifo: do_read error code: Operation canceled
Thu Jan  4 13:25:37 2024: XCD main fifo: bytes_transferred: 0
Thu Jan  4 13:25:37 2024: SERVER: destructor for server bound to port 43965
Thu Jan  4 13:25:37 2024: XCD main fifo: Good unlink of /tmp/xcdmainc17b2572-d903-4286-977d-34219819454f
Thu Jan  4 13:25:37 2024: Server exiting with status 0.
Thu Jan  4 13:25:37 2024: Closing log file.
Thu Jan  4 13:27:12 2024: Running xcd server. This server was built by gradle.
Thu Jan  4 13:27:12 2024: Server was asked to start on port: '40789'
Thu Jan  4 13:27:12 2024: Server is using token UUID: '24a1abd6-b538-4787-94e9-a4de15fbd1a7'
Thu Jan  4 13:27:12 2024: SESSION_MGR: creating session with session uuid: '6d04a3e9-ade5-4ab9-8d63-1f78fcd2ec76' and name 'default'
Thu Jan  4 13:27:12 2024: Attempting to start server on port '40789'
Thu Jan  4 13:27:12 2024: XCD main fifo: created main fifo '/tmp/xcdmain24a1abd6-b538-4787-94e9-a4de15fbd1a7', fd read = 13
Thu Jan  4 13:27:12 2024: Running Dispatch Server
Thu Jan  4 13:27:12 2024: Version 2.2.0
Thu Jan  4 13:27:14 2024: Dispatch Server: Accepted socket connection from client
Thu Jan  4 13:27:14 2024: Starting Socket connection
Thu Jan  4 13:27:14 2024: EXCHANGE_TOKEN received, server token: 24a1abd6-b538-4787-94e9-a4de15fbd1a7, passed token: 24a1abd6-b538-4787-94e9-a4de15fbd1a7
Thu Jan  4 13:27:14 2024: DISPATCH_HANDLER: Adding handler from function makeHandler in library libxv_system_diagram
Thu Jan  4 13:27:14 2024: SESSION_MGR: creating session with session uuid: 'f6e39069-fd24-41e0-af96-6f5c148c39c0' and name 'v++_compile_VitisDataflowDirective'
Thu Jan  4 13:27:14 2024: KERNEL_SVC: creating session with uuid: 'f6e39069-fd24-41e0-af96-6f5c148c39c0' and name 'v++_compile_VitisDataflowDirective'
Thu Jan  4 13:27:14 2024: GUIDANCE_SMGR: creating guidance session with uuid: 'f6e39069-fd24-41e0-af96-6f5c148c39c0' and name 'v++_compile_VitisDataflowDirective'
Thu Jan  4 13:27:14 2024: SYSTEM_DIAGRAM: creating session with uuid: 'f6e39069-fd24-41e0-af96-6f5c148c39c0' and name 'v++_compile_VitisDataflowDirective'
Thu Jan  4 13:27:17 2024: Dispatch Server: Accepted socket connection from client
Thu Jan  4 13:27:17 2024: Starting Socket connection
Thu Jan  4 13:27:26 2024: SESSION_MGR: closing session for UUID 'f6e39069-fd24-41e0-af96-6f5c148c39c0' with name 'v++_compile_VitisDataflowDirective'
Thu Jan  4 13:27:26 2024: KERNEL_SVC: closing session for UUID 'f6e39069-fd24-41e0-af96-6f5c148c39c0' with name 'v++_compile_VitisDataflowDirective'
Thu Jan  4 13:27:26 2024: GUIDANCE_SMGR: closing session for UUID 'f6e39069-fd24-41e0-af96-6f5c148c39c0' with name 'v++_compile_VitisDataflowDirective'
Thu Jan  4 13:27:26 2024: SYSTEM_DIAGRAM: closing session for UUID 'f6e39069-fd24-41e0-af96-6f5c148c39c0' with name 'v++_compile_VitisDataflowDirective'
Thu Jan  4 13:27:26 2024: STOP_SERVER received, server token: 24a1abd6-b538-4787-94e9-a4de15fbd1a7, passed token: 24a1abd6-b538-4787-94e9-a4de15fbd1a7
Thu Jan  4 13:27:26 2024: Socket received request to stop server.
Thu Jan  4 13:27:26 2024: Dispatch Server: do_await_stop
Thu Jan  4 13:27:26 2024: Dispatch Server: stopping mainFifo_
Thu Jan  4 13:27:26 2024: XCD main fifo: Stopping
Thu Jan  4 13:27:26 2024: XCD main fifo: do_read error code: Operation canceled
Thu Jan  4 13:27:26 2024: XCD main fifo: bytes_transferred: 0
Thu Jan  4 13:27:26 2024: SERVER: destructor for server bound to port 40789
Thu Jan  4 13:27:26 2024: XCD main fifo: Good unlink of /tmp/xcdmain24a1abd6-b538-4787-94e9-a4de15fbd1a7
Thu Jan  4 13:27:26 2024: Server exiting with status 0.
Thu Jan  4 13:27:26 2024: Closing log file.
Thu Jan  4 13:29:19 2024: Running xcd server. This server was built by gradle.
Thu Jan  4 13:29:19 2024: Server was asked to start on port: '44161'
Thu Jan  4 13:29:19 2024: Server is using token UUID: 'bb3f9dea-3c2c-4d43-afe6-c9a5f324b315'
Thu Jan  4 13:29:19 2024: SESSION_MGR: creating session with session uuid: '6d04a3e9-ade5-4ab9-8d63-1f78fcd2ec76' and name 'default'
Thu Jan  4 13:29:19 2024: Attempting to start server on port '44161'
Thu Jan  4 13:29:19 2024: XCD main fifo: created main fifo '/tmp/xcdmainbb3f9dea-3c2c-4d43-afe6-c9a5f324b315', fd read = 13
Thu Jan  4 13:29:19 2024: Running Dispatch Server
Thu Jan  4 13:29:19 2024: Version 2.2.0
Thu Jan  4 13:29:20 2024: Dispatch Server: Accepted socket connection from client
Thu Jan  4 13:29:20 2024: Starting Socket connection
Thu Jan  4 13:29:20 2024: EXCHANGE_TOKEN received, server token: bb3f9dea-3c2c-4d43-afe6-c9a5f324b315, passed token: bb3f9dea-3c2c-4d43-afe6-c9a5f324b315
Thu Jan  4 13:29:21 2024: DISPATCH_HANDLER: Adding handler from function makeHandler in library libxv_system_diagram
Thu Jan  4 13:29:21 2024: SESSION_MGR: creating session with session uuid: '9b4ac81e-84ef-4f34-a16d-6181f7afe702' and name 'v++_compile_VitisDataflowDirective'
Thu Jan  4 13:29:21 2024: KERNEL_SVC: creating session with uuid: '9b4ac81e-84ef-4f34-a16d-6181f7afe702' and name 'v++_compile_VitisDataflowDirective'
Thu Jan  4 13:29:21 2024: GUIDANCE_SMGR: creating guidance session with uuid: '9b4ac81e-84ef-4f34-a16d-6181f7afe702' and name 'v++_compile_VitisDataflowDirective'
Thu Jan  4 13:29:21 2024: SYSTEM_DIAGRAM: creating session with uuid: '9b4ac81e-84ef-4f34-a16d-6181f7afe702' and name 'v++_compile_VitisDataflowDirective'
Thu Jan  4 13:29:23 2024: Dispatch Server: Accepted socket connection from client
Thu Jan  4 13:29:23 2024: Starting Socket connection
Thu Jan  4 13:29:31 2024: SESSION_MGR: closing session for UUID '9b4ac81e-84ef-4f34-a16d-6181f7afe702' with name 'v++_compile_VitisDataflowDirective'
Thu Jan  4 13:29:31 2024: KERNEL_SVC: closing session for UUID '9b4ac81e-84ef-4f34-a16d-6181f7afe702' with name 'v++_compile_VitisDataflowDirective'
Thu Jan  4 13:29:31 2024: GUIDANCE_SMGR: closing session for UUID '9b4ac81e-84ef-4f34-a16d-6181f7afe702' with name 'v++_compile_VitisDataflowDirective'
Thu Jan  4 13:29:31 2024: SYSTEM_DIAGRAM: closing session for UUID '9b4ac81e-84ef-4f34-a16d-6181f7afe702' with name 'v++_compile_VitisDataflowDirective'
Thu Jan  4 13:29:31 2024: STOP_SERVER received, server token: bb3f9dea-3c2c-4d43-afe6-c9a5f324b315, passed token: bb3f9dea-3c2c-4d43-afe6-c9a5f324b315
Thu Jan  4 13:29:31 2024: Socket received request to stop server.
Thu Jan  4 13:29:31 2024: Dispatch Server: do_await_stop
Thu Jan  4 13:29:31 2024: Dispatch Server: stopping mainFifo_
Thu Jan  4 13:29:31 2024: XCD main fifo: Stopping
Thu Jan  4 13:29:31 2024: XCD main fifo: do_read error code: Operation canceled
Thu Jan  4 13:29:31 2024: XCD main fifo: bytes_transferred: 0
Thu Jan  4 13:29:31 2024: SERVER: destructor for server bound to port 44161
Thu Jan  4 13:29:31 2024: XCD main fifo: Good unlink of /tmp/xcdmainbb3f9dea-3c2c-4d43-afe6-c9a5f324b315
Thu Jan  4 13:29:31 2024: Server exiting with status 0.
Thu Jan  4 13:29:31 2024: Closing log file.
Thu Jan  4 13:41:07 2024: Running xcd server. This server was built by gradle.
Thu Jan  4 13:41:07 2024: Server was asked to start on port: '33005'
Thu Jan  4 13:41:07 2024: Server is using token UUID: '113306c1-5af0-477b-a23c-5b177311624f'
Thu Jan  4 13:41:07 2024: SESSION_MGR: creating session with session uuid: '6d04a3e9-ade5-4ab9-8d63-1f78fcd2ec76' and name 'default'
Thu Jan  4 13:41:07 2024: Attempting to start server on port '33005'
Thu Jan  4 13:41:07 2024: XCD main fifo: created main fifo '/tmp/xcdmain113306c1-5af0-477b-a23c-5b177311624f', fd read = 13
Thu Jan  4 13:41:07 2024: Running Dispatch Server
Thu Jan  4 13:41:07 2024: Version 2.2.0
Thu Jan  4 13:41:09 2024: Dispatch Server: Accepted socket connection from client
Thu Jan  4 13:41:09 2024: Starting Socket connection
Thu Jan  4 13:41:09 2024: EXCHANGE_TOKEN received, server token: 113306c1-5af0-477b-a23c-5b177311624f, passed token: 113306c1-5af0-477b-a23c-5b177311624f
Thu Jan  4 13:41:09 2024: DISPATCH_HANDLER: Adding handler from function makeHandler in library libxv_system_diagram
Thu Jan  4 13:41:09 2024: SESSION_MGR: creating session with session uuid: 'f6e9d9f4-87fa-43bb-bbb2-c0c9b0e71bcd' and name 'v++_compile_VitisDataflowDirective'
Thu Jan  4 13:41:09 2024: KERNEL_SVC: creating session with uuid: 'f6e9d9f4-87fa-43bb-bbb2-c0c9b0e71bcd' and name 'v++_compile_VitisDataflowDirective'
Thu Jan  4 13:41:09 2024: GUIDANCE_SMGR: creating guidance session with uuid: 'f6e9d9f4-87fa-43bb-bbb2-c0c9b0e71bcd' and name 'v++_compile_VitisDataflowDirective'
Thu Jan  4 13:41:09 2024: SYSTEM_DIAGRAM: creating session with uuid: 'f6e9d9f4-87fa-43bb-bbb2-c0c9b0e71bcd' and name 'v++_compile_VitisDataflowDirective'
Thu Jan  4 13:41:11 2024: Dispatch Server: Accepted socket connection from client
Thu Jan  4 13:41:11 2024: Starting Socket connection
Thu Jan  4 13:41:19 2024: SESSION_MGR: closing session for UUID 'f6e9d9f4-87fa-43bb-bbb2-c0c9b0e71bcd' with name 'v++_compile_VitisDataflowDirective'
Thu Jan  4 13:41:19 2024: KERNEL_SVC: closing session for UUID 'f6e9d9f4-87fa-43bb-bbb2-c0c9b0e71bcd' with name 'v++_compile_VitisDataflowDirective'
Thu Jan  4 13:41:19 2024: GUIDANCE_SMGR: closing session for UUID 'f6e9d9f4-87fa-43bb-bbb2-c0c9b0e71bcd' with name 'v++_compile_VitisDataflowDirective'
Thu Jan  4 13:41:19 2024: SYSTEM_DIAGRAM: closing session for UUID 'f6e9d9f4-87fa-43bb-bbb2-c0c9b0e71bcd' with name 'v++_compile_VitisDataflowDirective'
Thu Jan  4 13:41:19 2024: STOP_SERVER received, server token: 113306c1-5af0-477b-a23c-5b177311624f, passed token: 113306c1-5af0-477b-a23c-5b177311624f
Thu Jan  4 13:41:19 2024: Socket received request to stop server.
Thu Jan  4 13:41:19 2024: Dispatch Server: do_await_stop
Thu Jan  4 13:41:19 2024: Dispatch Server: stopping mainFifo_
Thu Jan  4 13:41:19 2024: XCD main fifo: Stopping
Thu Jan  4 13:41:19 2024: XCD main fifo: do_read error code: Operation canceled
Thu Jan  4 13:41:19 2024: XCD main fifo: bytes_transferred: 0
Thu Jan  4 13:41:19 2024: SERVER: destructor for server bound to port 33005
Thu Jan  4 13:41:19 2024: XCD main fifo: Good unlink of /tmp/xcdmain113306c1-5af0-477b-a23c-5b177311624f
Thu Jan  4 13:41:19 2024: Server exiting with status 0.
Thu Jan  4 13:41:19 2024: Closing log file.
Thu Jan  4 13:41:49 2024: Running xcd server. This server was built by gradle.
Thu Jan  4 13:41:49 2024: Server was asked to start on port: '45831'
Thu Jan  4 13:41:49 2024: Server is using token UUID: '7a73f5bd-9e0d-4b09-9e7a-ca2ee3fbefb8'
Thu Jan  4 13:41:49 2024: SESSION_MGR: creating session with session uuid: '6d04a3e9-ade5-4ab9-8d63-1f78fcd2ec76' and name 'default'
Thu Jan  4 13:41:49 2024: Attempting to start server on port '45831'
Thu Jan  4 13:41:49 2024: XCD main fifo: created main fifo '/tmp/xcdmain7a73f5bd-9e0d-4b09-9e7a-ca2ee3fbefb8', fd read = 13
Thu Jan  4 13:41:49 2024: Running Dispatch Server
Thu Jan  4 13:41:49 2024: Version 2.2.0
Thu Jan  4 13:41:51 2024: Dispatch Server: Accepted socket connection from client
Thu Jan  4 13:41:51 2024: Starting Socket connection
Thu Jan  4 13:41:51 2024: EXCHANGE_TOKEN received, server token: 7a73f5bd-9e0d-4b09-9e7a-ca2ee3fbefb8, passed token: 7a73f5bd-9e0d-4b09-9e7a-ca2ee3fbefb8
Thu Jan  4 13:41:51 2024: DISPATCH_HANDLER: Adding handler from function makeHandler in library libxv_system_diagram
Thu Jan  4 13:41:51 2024: SESSION_MGR: creating session with session uuid: '5360378c-105c-405d-add3-11d99c6f77ff' and name 'v++_compile_VitisDataflowDirective'
Thu Jan  4 13:41:51 2024: KERNEL_SVC: creating session with uuid: '5360378c-105c-405d-add3-11d99c6f77ff' and name 'v++_compile_VitisDataflowDirective'
Thu Jan  4 13:41:51 2024: GUIDANCE_SMGR: creating guidance session with uuid: '5360378c-105c-405d-add3-11d99c6f77ff' and name 'v++_compile_VitisDataflowDirective'
Thu Jan  4 13:41:51 2024: SYSTEM_DIAGRAM: creating session with uuid: '5360378c-105c-405d-add3-11d99c6f77ff' and name 'v++_compile_VitisDataflowDirective'
Thu Jan  4 13:41:53 2024: Dispatch Server: Accepted socket connection from client
Thu Jan  4 13:41:53 2024: Starting Socket connection
Thu Jan  4 13:42:03 2024: SESSION_MGR: closing session for UUID '5360378c-105c-405d-add3-11d99c6f77ff' with name 'v++_compile_VitisDataflowDirective'
Thu Jan  4 13:42:03 2024: KERNEL_SVC: closing session for UUID '5360378c-105c-405d-add3-11d99c6f77ff' with name 'v++_compile_VitisDataflowDirective'
Thu Jan  4 13:42:03 2024: GUIDANCE_SMGR: closing session for UUID '5360378c-105c-405d-add3-11d99c6f77ff' with name 'v++_compile_VitisDataflowDirective'
Thu Jan  4 13:42:03 2024: SYSTEM_DIAGRAM: closing session for UUID '5360378c-105c-405d-add3-11d99c6f77ff' with name 'v++_compile_VitisDataflowDirective'
Thu Jan  4 13:42:03 2024: STOP_SERVER received, server token: 7a73f5bd-9e0d-4b09-9e7a-ca2ee3fbefb8, passed token: 7a73f5bd-9e0d-4b09-9e7a-ca2ee3fbefb8
Thu Jan  4 13:42:03 2024: Socket received request to stop server.
Thu Jan  4 13:42:03 2024: Dispatch Server: do_await_stop
Thu Jan  4 13:42:03 2024: Dispatch Server: stopping mainFifo_
Thu Jan  4 13:42:03 2024: XCD main fifo: Stopping
Thu Jan  4 13:42:03 2024: XCD main fifo: do_read error code: Operation canceled
Thu Jan  4 13:42:03 2024: XCD main fifo: bytes_transferred: 0
Thu Jan  4 13:42:03 2024: SERVER: destructor for server bound to port 45831
Thu Jan  4 13:42:03 2024: XCD main fifo: Good unlink of /tmp/xcdmain7a73f5bd-9e0d-4b09-9e7a-ca2ee3fbefb8
Thu Jan  4 13:42:03 2024: Server exiting with status 0.
Thu Jan  4 13:42:03 2024: Closing log file.
Thu Jan  4 13:43:04 2024: Running xcd server. This server was built by gradle.
Thu Jan  4 13:43:04 2024: Server was asked to start on port: '44191'
Thu Jan  4 13:43:04 2024: Server is using token UUID: 'a03b573b-e4f7-4601-8a32-3e95be9cfd99'
Thu Jan  4 13:43:04 2024: SESSION_MGR: creating session with session uuid: '6d04a3e9-ade5-4ab9-8d63-1f78fcd2ec76' and name 'default'
Thu Jan  4 13:43:04 2024: Attempting to start server on port '44191'
Thu Jan  4 13:43:04 2024: XCD main fifo: created main fifo '/tmp/xcdmaina03b573b-e4f7-4601-8a32-3e95be9cfd99', fd read = 13
Thu Jan  4 13:43:04 2024: Running Dispatch Server
Thu Jan  4 13:43:04 2024: Version 2.2.0
Thu Jan  4 13:43:06 2024: Dispatch Server: Accepted socket connection from client
Thu Jan  4 13:43:06 2024: Starting Socket connection
Thu Jan  4 13:43:06 2024: EXCHANGE_TOKEN received, server token: a03b573b-e4f7-4601-8a32-3e95be9cfd99, passed token: a03b573b-e4f7-4601-8a32-3e95be9cfd99
Thu Jan  4 13:43:06 2024: DISPATCH_HANDLER: Adding handler from function makeHandler in library libxv_system_diagram
Thu Jan  4 13:43:06 2024: SESSION_MGR: creating session with session uuid: 'c386bfc1-0ad8-4154-b61f-654f9883d9bb' and name 'v++_compile_VitisDataflowDirective'
Thu Jan  4 13:43:06 2024: KERNEL_SVC: creating session with uuid: 'c386bfc1-0ad8-4154-b61f-654f9883d9bb' and name 'v++_compile_VitisDataflowDirective'
Thu Jan  4 13:43:06 2024: GUIDANCE_SMGR: creating guidance session with uuid: 'c386bfc1-0ad8-4154-b61f-654f9883d9bb' and name 'v++_compile_VitisDataflowDirective'
Thu Jan  4 13:43:06 2024: SYSTEM_DIAGRAM: creating session with uuid: 'c386bfc1-0ad8-4154-b61f-654f9883d9bb' and name 'v++_compile_VitisDataflowDirective'
Thu Jan  4 13:43:09 2024: Dispatch Server: Accepted socket connection from client
Thu Jan  4 13:43:09 2024: Starting Socket connection
Thu Jan  4 13:43:18 2024: SESSION_MGR: closing session for UUID 'c386bfc1-0ad8-4154-b61f-654f9883d9bb' with name 'v++_compile_VitisDataflowDirective'
Thu Jan  4 13:43:18 2024: KERNEL_SVC: closing session for UUID 'c386bfc1-0ad8-4154-b61f-654f9883d9bb' with name 'v++_compile_VitisDataflowDirective'
Thu Jan  4 13:43:18 2024: GUIDANCE_SMGR: closing session for UUID 'c386bfc1-0ad8-4154-b61f-654f9883d9bb' with name 'v++_compile_VitisDataflowDirective'
Thu Jan  4 13:43:18 2024: SYSTEM_DIAGRAM: closing session for UUID 'c386bfc1-0ad8-4154-b61f-654f9883d9bb' with name 'v++_compile_VitisDataflowDirective'
Thu Jan  4 13:43:18 2024: STOP_SERVER received, server token: a03b573b-e4f7-4601-8a32-3e95be9cfd99, passed token: a03b573b-e4f7-4601-8a32-3e95be9cfd99
Thu Jan  4 13:43:18 2024: Socket received request to stop server.
Thu Jan  4 13:43:18 2024: Dispatch Server: do_await_stop
Thu Jan  4 13:43:18 2024: Dispatch Server: stopping mainFifo_
Thu Jan  4 13:43:18 2024: XCD main fifo: Stopping
Thu Jan  4 13:43:18 2024: XCD main fifo: do_read error code: Operation canceled
Thu Jan  4 13:43:18 2024: XCD main fifo: bytes_transferred: 0
Thu Jan  4 13:43:18 2024: SERVER: destructor for server bound to port 44191
Thu Jan  4 13:43:18 2024: XCD main fifo: Good unlink of /tmp/xcdmaina03b573b-e4f7-4601-8a32-3e95be9cfd99
Thu Jan  4 13:43:18 2024: Server exiting with status 0.
Thu Jan  4 13:43:18 2024: Closing log file.
Thu Jan  4 13:58:13 2024: Running xcd server. This server was built by gradle.
Thu Jan  4 13:58:13 2024: Server was asked to start on port: '41125'
Thu Jan  4 13:58:13 2024: Server is using token UUID: '08e9d661-e650-41fd-aef9-edadc23c2b92'
Thu Jan  4 13:58:13 2024: SESSION_MGR: creating session with session uuid: '6d04a3e9-ade5-4ab9-8d63-1f78fcd2ec76' and name 'default'
Thu Jan  4 13:58:13 2024: Attempting to start server on port '41125'
Thu Jan  4 13:58:13 2024: XCD main fifo: created main fifo '/tmp/xcdmain08e9d661-e650-41fd-aef9-edadc23c2b92', fd read = 13
Thu Jan  4 13:58:13 2024: Running Dispatch Server
Thu Jan  4 13:58:13 2024: Version 2.2.0
Thu Jan  4 13:58:15 2024: Dispatch Server: Accepted socket connection from client
Thu Jan  4 13:58:15 2024: Starting Socket connection
Thu Jan  4 13:58:15 2024: EXCHANGE_TOKEN received, server token: 08e9d661-e650-41fd-aef9-edadc23c2b92, passed token: 08e9d661-e650-41fd-aef9-edadc23c2b92
Thu Jan  4 13:58:15 2024: DISPATCH_HANDLER: Adding handler from function makeHandler in library libxv_system_diagram
Thu Jan  4 13:58:15 2024: SESSION_MGR: creating session with session uuid: '4aa183c8-5371-453e-9652-7df03516af16' and name 'v++_compile_VitisDataflowDirective'
Thu Jan  4 13:58:15 2024: KERNEL_SVC: creating session with uuid: '4aa183c8-5371-453e-9652-7df03516af16' and name 'v++_compile_VitisDataflowDirective'
Thu Jan  4 13:58:15 2024: GUIDANCE_SMGR: creating guidance session with uuid: '4aa183c8-5371-453e-9652-7df03516af16' and name 'v++_compile_VitisDataflowDirective'
Thu Jan  4 13:58:15 2024: SYSTEM_DIAGRAM: creating session with uuid: '4aa183c8-5371-453e-9652-7df03516af16' and name 'v++_compile_VitisDataflowDirective'
Thu Jan  4 13:58:17 2024: Dispatch Server: Accepted socket connection from client
Thu Jan  4 13:58:17 2024: Starting Socket connection
Thu Jan  4 13:58:26 2024: SESSION_MGR: closing session for UUID '4aa183c8-5371-453e-9652-7df03516af16' with name 'v++_compile_VitisDataflowDirective'
Thu Jan  4 13:58:26 2024: KERNEL_SVC: closing session for UUID '4aa183c8-5371-453e-9652-7df03516af16' with name 'v++_compile_VitisDataflowDirective'
Thu Jan  4 13:58:26 2024: GUIDANCE_SMGR: closing session for UUID '4aa183c8-5371-453e-9652-7df03516af16' with name 'v++_compile_VitisDataflowDirective'
Thu Jan  4 13:58:26 2024: SYSTEM_DIAGRAM: closing session for UUID '4aa183c8-5371-453e-9652-7df03516af16' with name 'v++_compile_VitisDataflowDirective'
Thu Jan  4 13:58:26 2024: STOP_SERVER received, server token: 08e9d661-e650-41fd-aef9-edadc23c2b92, passed token: 08e9d661-e650-41fd-aef9-edadc23c2b92
Thu Jan  4 13:58:26 2024: Socket received request to stop server.
Thu Jan  4 13:58:26 2024: Dispatch Server: do_await_stop
Thu Jan  4 13:58:26 2024: Dispatch Server: stopping mainFifo_
Thu Jan  4 13:58:26 2024: XCD main fifo: Stopping
Thu Jan  4 13:58:26 2024: XCD main fifo: do_read error code: Operation canceled
Thu Jan  4 13:58:26 2024: XCD main fifo: bytes_transferred: 0
Thu Jan  4 13:58:26 2024: SERVER: destructor for server bound to port 41125
Thu Jan  4 13:58:26 2024: XCD main fifo: Good unlink of /tmp/xcdmain08e9d661-e650-41fd-aef9-edadc23c2b92
Thu Jan  4 13:58:26 2024: Server exiting with status 0.
Thu Jan  4 13:58:26 2024: Closing log file.
Thu Jan  4 13:59:32 2024: Running xcd server. This server was built by gradle.
Thu Jan  4 13:59:32 2024: Server was asked to start on port: '42559'
Thu Jan  4 13:59:32 2024: Server is using token UUID: '45b19134-02be-4902-827d-65ebd046c53f'
Thu Jan  4 13:59:32 2024: SESSION_MGR: creating session with session uuid: '6d04a3e9-ade5-4ab9-8d63-1f78fcd2ec76' and name 'default'
Thu Jan  4 13:59:32 2024: Attempting to start server on port '42559'
Thu Jan  4 13:59:32 2024: XCD main fifo: created main fifo '/tmp/xcdmain45b19134-02be-4902-827d-65ebd046c53f', fd read = 13
Thu Jan  4 13:59:32 2024: Running Dispatch Server
Thu Jan  4 13:59:32 2024: Version 2.2.0
Thu Jan  4 13:59:34 2024: Dispatch Server: Accepted socket connection from client
Thu Jan  4 13:59:34 2024: Starting Socket connection
Thu Jan  4 13:59:34 2024: EXCHANGE_TOKEN received, server token: 45b19134-02be-4902-827d-65ebd046c53f, passed token: 45b19134-02be-4902-827d-65ebd046c53f
Thu Jan  4 13:59:34 2024: DISPATCH_HANDLER: Adding handler from function makeHandler in library libxv_system_diagram
Thu Jan  4 13:59:34 2024: SESSION_MGR: creating session with session uuid: '4bbfe06d-ac0b-42b9-a20d-0aa28a93548d' and name 'v++_compile_VitisDataflowDirective'
Thu Jan  4 13:59:34 2024: KERNEL_SVC: creating session with uuid: '4bbfe06d-ac0b-42b9-a20d-0aa28a93548d' and name 'v++_compile_VitisDataflowDirective'
Thu Jan  4 13:59:34 2024: GUIDANCE_SMGR: creating guidance session with uuid: '4bbfe06d-ac0b-42b9-a20d-0aa28a93548d' and name 'v++_compile_VitisDataflowDirective'
Thu Jan  4 13:59:34 2024: SYSTEM_DIAGRAM: creating session with uuid: '4bbfe06d-ac0b-42b9-a20d-0aa28a93548d' and name 'v++_compile_VitisDataflowDirective'
Thu Jan  4 13:59:36 2024: Dispatch Server: Accepted socket connection from client
Thu Jan  4 13:59:36 2024: Starting Socket connection
Thu Jan  4 13:59:45 2024: SESSION_MGR: closing session for UUID '4bbfe06d-ac0b-42b9-a20d-0aa28a93548d' with name 'v++_compile_VitisDataflowDirective'
Thu Jan  4 13:59:45 2024: KERNEL_SVC: closing session for UUID '4bbfe06d-ac0b-42b9-a20d-0aa28a93548d' with name 'v++_compile_VitisDataflowDirective'
Thu Jan  4 13:59:45 2024: GUIDANCE_SMGR: closing session for UUID '4bbfe06d-ac0b-42b9-a20d-0aa28a93548d' with name 'v++_compile_VitisDataflowDirective'
Thu Jan  4 13:59:45 2024: SYSTEM_DIAGRAM: closing session for UUID '4bbfe06d-ac0b-42b9-a20d-0aa28a93548d' with name 'v++_compile_VitisDataflowDirective'
Thu Jan  4 13:59:45 2024: STOP_SERVER received, server token: 45b19134-02be-4902-827d-65ebd046c53f, passed token: 45b19134-02be-4902-827d-65ebd046c53f
Thu Jan  4 13:59:45 2024: Socket received request to stop server.
Thu Jan  4 13:59:45 2024: Dispatch Server: do_await_stop
Thu Jan  4 13:59:45 2024: Dispatch Server: stopping mainFifo_
Thu Jan  4 13:59:45 2024: XCD main fifo: Stopping
Thu Jan  4 13:59:45 2024: XCD main fifo: do_read error code: Operation canceled
Thu Jan  4 13:59:45 2024: XCD main fifo: bytes_transferred: 0
Thu Jan  4 13:59:45 2024: SERVER: destructor for server bound to port 42559
Thu Jan  4 13:59:45 2024: XCD main fifo: Good unlink of /tmp/xcdmain45b19134-02be-4902-827d-65ebd046c53f
Thu Jan  4 13:59:45 2024: Server exiting with status 0.
Thu Jan  4 13:59:45 2024: Closing log file.
